[2025-07-29T12:47:16.417Z] [INFO] [Miami2-2.local-miami2] Starting improvement cycle...
[2025-07-29T12:47:16.418Z] [INFO] [Miami2-2.local-miami2] Collecting system data for analysis...
[2025-07-29T12:47:16.614Z] [INFO] [Miami2-2.local-miami2] Analyzing patterns in system data...
[2025-07-29T12:47:16.615Z] [INFO] [Miami2-2.local-miami2] Identifying improvement opportunities...
[2025-07-29T12:47:16.616Z] [INFO] [Miami2-2.local-miami2] Generating 52 improvements...
[2025-07-29T12:47:16.616Z] [INFO] [Miami2-2.local-miami2] Implementing improvement: Improve resource error handling
[2025-07-29T12:47:16.617Z] [INFO] [Miami2-2.local-miami2] Enhancing code: error_handling
[2025-07-29T12:47:16.617Z] [INFO] [Miami2-2.local-miami2] Successfully implemented: Improve resource error handling
[2025-07-29T12:57:16.391Z] [INFO] [Miami2-2.local-miami2] Starting improvement cycle...
[2025-07-29T12:57:16.764Z] [INFO] [Miami2-2.local-miami2] Collecting system data for analysis...
[2025-07-29T12:57:17.538Z] [INFO] [Miami2-2.local-miami2] Analyzing patterns in system data...
[2025-07-29T12:57:17.657Z] [INFO] [Miami2-2.local-miami2] Identifying improvement opportunities...
[2025-07-29T12:57:17.881Z] [INFO] [Miami2-2.local-miami2] Generating 52 improvements...
[2025-07-29T12:57:17.922Z] [INFO] [Miami2-2.local-miami2] Implementing improvement: Improve resource error handling
[2025-07-29T12:57:18.090Z] [INFO] [Miami2-2.local-miami2] Enhancing code: error_handling
[2025-07-29T12:57:18.182Z] [INFO] [Miami2-2.local-miami2] Successfully implemented: Improve resource error handling
[2025-07-29T13:02:16.377Z] [INFO] [Miami2-2.local-miami2] Starting improvement cycle...
[2025-07-29T13:02:16.378Z] [INFO] [Miami2-2.local-miami2] Collecting system data for analysis...
[2025-07-29T13:02:16.607Z] [INFO] [Miami2-2.local-miami2] Analyzing patterns in system data...
[2025-07-29T13:02:16.723Z] [INFO] [Miami2-2.local-miami2] Identifying improvement opportunities...
[2025-07-29T13:02:16.723Z] [INFO] [Miami2-2.local-miami2] Generating 52 improvements...
[2025-07-29T13:02:16.724Z] [INFO] [Miami2-2.local-miami2] Implementing improvement: Improve resource error handling
[2025-07-29T13:02:16.724Z] [INFO] [Miami2-2.local-miami2] Enhancing code: error_handling
[2025-07-29T13:02:16.724Z] [INFO] [Miami2-2.local-miami2] Successfully implemented: Improve resource error handling
[2025-07-29T13:02:26.724Z] [INFO] [Miami2-2.local-miami2] Collecting system data for analysis...
[2025-07-29T13:02:26.840Z] [INFO] [Miami2-2.local-miami2] Evaluating improvement: Improve resource error handling
[2025-07-29T13:02:26.841Z] [INFO] [Miami2-2.local-miami2] Updating learning data...
[2025-07-29T13:02:26.866Z] [INFO] [Miami2-2.local-miami2] Improvement cycle completed: Improve resource error handling - SUCCESS
[2025-07-29T13:02:26.866Z] [INFO] [Miami2-2.local-miami2] Implementing improvement: Fix stale sync issues
[2025-07-29T13:02:26.867Z] [INFO] [Miami2-2.local-miami2] Updating strategy: sync_strategy
[2025-07-29T13:02:26.868Z] [INFO] [Miami2-2.local-miami2] Updated sync strategy to adaptive
[2025-07-29T13:02:26.868Z] [INFO] [Miami2-2.local-miami2] Successfully implemented: Fix stale sync issues
[2025-07-29T13:02:36.868Z] [INFO] [Miami2-2.local-miami2] Collecting system data for analysis...
[2025-07-29T13:02:37.223Z] [INFO] [Miami2-2.local-miami2] Evaluating improvement: Fix stale sync issues
[2025-07-29T13:02:37.223Z] [INFO] [Miami2-2.local-miami2] Updating learning data...
[2025-07-29T13:02:37.326Z] [INFO] [Miami2-2.local-miami2] Improvement cycle completed: Fix stale sync issues - SUCCESS
[2025-07-29T13:02:37.326Z] [INFO] [Miami2-2.local-miami2] Implementing improvement: [object Object]
[2025-07-29T13:02:37.326Z] [INFO] [Miami2-2.local-miami2] Implementing generic improvement: apply_improvement
[2025-07-29T13:02:37.327Z] [INFO] [Miami2-2.local-miami2] Applied improvement: Apply learned improvement
[2025-07-29T13:02:37.327Z] [INFO] [Miami2-2.local-miami2] Successfully implemented: [object Object]
[2025-07-29T13:02:47.327Z] [INFO] [Miami2-2.local-miami2] Collecting system data for analysis...
[2025-07-29T13:02:47.439Z] [INFO] [Miami2-2.local-miami2] Evaluating improvement: [object Object]
[2025-07-29T13:02:47.440Z] [INFO] [Miami2-2.local-miami2] Updating learning data...
[2025-07-29T13:02:47.463Z] [INFO] [Miami2-2.local-miami2] Improvement cycle completed: [object Object] - FAILED
[2025-07-29T13:17:26.493Z] [INFO] [Miami2-2.local-miami2] Collecting system data for analysis...
[2025-07-29T13:17:26.583Z] [INFO] [Miami2-2.local-miami2] Evaluating improvement: Improve resource error handling
[2025-07-29T13:17:26.584Z] [INFO] [Miami2-2.local-miami2] Updating learning data...
[2025-07-29T13:17:26.607Z] [INFO] [Miami2-2.local-miami2] Improvement cycle completed: Improve resource error handling - SUCCESS
[2025-07-29T13:17:26.607Z] [INFO] [Miami2-2.local-miami2] Implementing improvement: Fix stale sync issues
[2025-07-29T13:17:26.607Z] [INFO] [Miami2-2.local-miami2] Updating strategy: sync_strategy
[2025-07-29T13:17:26.608Z] [INFO] [Miami2-2.local-miami2] Updated sync strategy to adaptive
[2025-07-29T13:17:26.608Z] [INFO] [Miami2-2.local-miami2] Successfully implemented: Fix stale sync issues
[2025-07-29T13:22:16.328Z] [INFO] [Miami2-2.local-miami2] Starting improvement cycle...
[2025-07-29T13:22:16.328Z] [INFO] [Miami2-2.local-miami2] Collecting system data for analysis...
[2025-07-29T13:22:16.443Z] [INFO] [Miami2-2.local-miami2] Analyzing patterns in system data...
[2025-07-29T13:22:16.444Z] [INFO] [Miami2-2.local-miami2] Identifying improvement opportunities...
[2025-07-29T13:22:16.444Z] [INFO] [Miami2-2.local-miami2] Generating 52 improvements...
[2025-07-29T13:22:16.444Z] [INFO] [Miami2-2.local-miami2] Implementing improvement: Improve resource error handling
[2025-07-29T13:22:16.444Z] [INFO] [Miami2-2.local-miami2] Enhancing code: error_handling
[2025-07-29T13:22:16.444Z] [INFO] [Miami2-2.local-miami2] Successfully implemented: Improve resource error handling
[2025-07-29T13:22:36.573Z] [INFO] [Miami2-2.local-miami2] Collecting system data for analysis...
[2025-07-29T13:22:36.894Z] [INFO] [Miami2-2.local-miami2] Evaluating improvement: Fix stale sync issues
[2025-07-29T13:22:36.897Z] [INFO] [Miami2-2.local-miami2] Updating learning data...
[2025-07-29T13:22:37.002Z] [INFO] [Miami2-2.local-miami2] Improvement cycle completed: Fix stale sync issues - SUCCESS
[2025-07-29T13:22:37.002Z] [INFO] [Miami2-2.local-miami2] Implementing improvement: [object Object]
[2025-07-29T13:22:37.003Z] [INFO] [Miami2-2.local-miami2] Implementing generic improvement: apply_improvement
[2025-07-29T13:22:37.003Z] [INFO] [Miami2-2.local-miami2] Applied improvement: Apply learned improvement
[2025-07-29T13:22:37.003Z] [INFO] [Miami2-2.local-miami2] Successfully implemented: [object Object]
[2025-07-29T13:32:46.702Z] [INFO] [Miami2-2.local-miami2] Collecting system data for analysis...
[2025-07-29T13:32:46.826Z] [INFO] [Miami2-2.local-miami2] Evaluating improvement: [object Object]
[2025-07-29T13:32:46.826Z] [INFO] [Miami2-2.local-miami2] Updating learning data...
[2025-07-29T13:32:46.858Z] [INFO] [Miami2-2.local-miami2] Improvement cycle completed: [object Object] - SUCCESS
[2025-07-29T13:37:26.488Z] [INFO] [Miami2-2.local-miami2] Collecting system data for analysis...
[2025-07-29T13:37:26.674Z] [INFO] [Miami2-2.local-miami2] Evaluating improvement: Improve resource error handling
[2025-07-29T13:37:26.674Z] [INFO] [Miami2-2.local-miami2] Updating learning data...
[2025-07-29T13:37:26.711Z] [INFO] [Miami2-2.local-miami2] Improvement cycle completed: Improve resource error handling - SUCCESS
[2025-07-29T13:37:26.712Z] [INFO] [Miami2-2.local-miami2] Implementing improvement: Fix stale sync issues
[2025-07-29T13:37:26.712Z] [INFO] [Miami2-2.local-miami2] Updating strategy: sync_strategy
[2025-07-29T13:37:26.713Z] [INFO] [Miami2-2.local-miami2] Updated sync strategy to adaptive
[2025-07-29T13:37:26.714Z] [INFO] [Miami2-2.local-miami2] Successfully implemented: Fix stale sync issues
[2025-07-29T13:47:16.269Z] [INFO] [Miami2-2.local-miami2] Starting improvement cycle...
[2025-07-29T13:47:16.269Z] [INFO] [Miami2-2.local-miami2] Collecting system data for analysis...
[2025-07-29T13:47:16.445Z] [INFO] [Miami2-2.local-miami2] Analyzing patterns in system data...
[2025-07-29T13:47:16.446Z] [INFO] [Miami2-2.local-miami2] Identifying improvement opportunities...
[2025-07-29T13:47:16.446Z] [INFO] [Miami2-2.local-miami2] Generating 52 improvements...
[2025-07-29T13:47:16.447Z] [INFO] [Miami2-2.local-miami2] Implementing improvement: Improve resource error handling
[2025-07-29T13:47:16.447Z] [INFO] [Miami2-2.local-miami2] Enhancing code: error_handling
[2025-07-29T13:47:16.448Z] [INFO] [Miami2-2.local-miami2] Successfully implemented: Improve resource error handling
[2025-07-29T13:58:52.095Z] [INFO] [Miami2-2.local-miami2] Collecting system data for analysis...
[2025-07-29T13:58:52.291Z] [INFO] [Miami2-2.local-miami2] Evaluating improvement: Fix stale sync issues
[2025-07-29T13:58:52.292Z] [INFO] [Miami2-2.local-miami2] Updating learning data...
[2025-07-29T13:58:52.336Z] [INFO] [Miami2-2.local-miami2] Improvement cycle completed: Fix stale sync issues - SUCCESS
[2025-07-29T13:58:52.336Z] [INFO] [Miami2-2.local-miami2] Implementing improvement: [object Object]
[2025-07-29T13:58:52.337Z] [INFO] [Miami2-2.local-miami2] Implementing generic improvement: apply_improvement
[2025-07-29T13:58:52.338Z] [INFO] [Miami2-2.local-miami2] Applied improvement: Apply learned improvement
[2025-07-29T13:58:52.338Z] [INFO] [Miami2-2.local-miami2] Successfully implemented: [object Object]
[2025-07-29T13:59:02.381Z] [INFO] [Miami2-2.local-miami2] Collecting system data for analysis...
[2025-07-29T13:59:02.697Z] [INFO] [Miami2-2.local-miami2] Evaluating improvement: [object Object]
[2025-07-29T13:59:02.698Z] [INFO] [Miami2-2.local-miami2] Updating learning data...
[2025-07-29T13:59:02.724Z] [INFO] [Miami2-2.local-miami2] Improvement cycle completed: [object Object] - SUCCESS
[2025-07-29T14:03:31.437Z] [INFO] [Miami2-2.local-miami2] Starting improvement cycle...
[2025-07-29T14:03:31.438Z] [INFO] [Miami2-2.local-miami2] Collecting system data for analysis...
[2025-07-29T14:03:32.497Z] [INFO] [Miami2-2.local-miami2] Analyzing patterns in system data...
[2025-07-29T14:03:32.498Z] [INFO] [Miami2-2.local-miami2] Identifying improvement opportunities...
[2025-07-29T14:03:32.499Z] [INFO] [Miami2-2.local-miami2] Generating 52 improvements...
[2025-07-29T14:03:32.499Z] [INFO] [Miami2-2.local-miami2] Implementing improvement: Improve resource error handling
[2025-07-29T14:03:32.500Z] [INFO] [Miami2-2.local-miami2] Enhancing code: error_handling
[2025-07-29T14:03:32.500Z] [INFO] [Miami2-2.local-miami2] Successfully implemented: Improve resource error handling
[2025-07-29T14:03:42.500Z] [INFO] [Miami2-2.local-miami2] Collecting system data for analysis...
[2025-07-29T14:03:43.601Z] [INFO] [Miami2-2.local-miami2] Evaluating improvement: Improve resource error handling
[2025-07-29T14:03:43.602Z] [INFO] [Miami2-2.local-miami2] Updating learning data...
[2025-07-29T14:03:43.630Z] [INFO] [Miami2-2.local-miami2] Improvement cycle completed: Improve resource error handling - SUCCESS
[2025-07-29T14:03:43.631Z] [INFO] [Miami2-2.local-miami2] Implementing improvement: Fix stale sync issues
[2025-07-29T14:03:43.631Z] [INFO] [Miami2-2.local-miami2] Updating strategy: sync_strategy
[2025-07-29T14:03:43.632Z] [INFO] [Miami2-2.local-miami2] Updated sync strategy to adaptive
[2025-07-29T14:03:43.632Z] [INFO] [Miami2-2.local-miami2] Successfully implemented: Fix stale sync issues
[2025-07-29T14:03:53.632Z] [INFO] [Miami2-2.local-miami2] Collecting system data for analysis...
[2025-07-29T14:03:54.250Z] [INFO] [Miami2-2.local-miami2] Evaluating improvement: Fix stale sync issues
[2025-07-29T14:03:54.250Z] [INFO] [Miami2-2.local-miami2] Updating learning data...
[2025-07-29T14:03:54.281Z] [INFO] [Miami2-2.local-miami2] Improvement cycle completed: Fix stale sync issues - SUCCESS
[2025-07-29T14:03:54.281Z] [INFO] [Miami2-2.local-miami2] Implementing improvement: [object Object]
[2025-07-29T14:03:54.282Z] [INFO] [Miami2-2.local-miami2] Implementing generic improvement: apply_improvement
[2025-07-29T14:03:54.282Z] [INFO] [Miami2-2.local-miami2] Applied improvement: Apply learned improvement
[2025-07-29T14:03:54.282Z] [INFO] [Miami2-2.local-miami2] Successfully implemented: [object Object]
[2025-07-29T14:04:04.284Z] [INFO] [Miami2-2.local-miami2] Collecting system data for analysis...
[2025-07-29T14:04:04.960Z] [INFO] [Miami2-2.local-miami2] Evaluating improvement: [object Object]
[2025-07-29T14:04:04.961Z] [INFO] [Miami2-2.local-miami2] Updating learning data...
[2025-07-29T14:04:04.992Z] [INFO] [Miami2-2.local-miami2] Improvement cycle completed: [object Object] - SUCCESS
[2025-07-29T14:08:31.425Z] [INFO] [Miami2-2.local-miami2] Starting improvement cycle...
[2025-07-29T14:08:31.425Z] [INFO] [Miami2-2.local-miami2] Collecting system data for analysis...
[2025-07-29T14:08:33.456Z] [INFO] [Miami2-2.local-miami2] Analyzing patterns in system data...
[2025-07-29T14:08:33.471Z] [INFO] [Miami2-2.local-miami2] Identifying improvement opportunities...
[2025-07-29T14:08:33.472Z] [INFO] [Miami2-2.local-miami2] Generating 52 improvements...
[2025-07-29T14:08:33.472Z] [INFO] [Miami2-2.local-miami2] Implementing improvement: Improve resource error handling
[2025-07-29T14:08:33.472Z] [INFO] [Miami2-2.local-miami2] Enhancing code: error_handling
[2025-07-29T14:08:33.473Z] [INFO] [Miami2-2.local-miami2] Successfully implemented: Improve resource error handling
[2025-07-29T14:08:43.540Z] [INFO] [Miami2-2.local-miami2] Collecting system data for analysis...
[2025-07-29T14:08:46.685Z] [INFO] [Miami2-2.local-miami2] Evaluating improvement: Improve resource error handling
[2025-07-29T14:08:46.685Z] [INFO] [Miami2-2.local-miami2] Updating learning data...
[2025-07-29T14:08:46.750Z] [INFO] [Miami2-2.local-miami2] Improvement cycle completed: Improve resource error handling - FAILED
[2025-07-29T14:08:46.752Z] [INFO] [Miami2-2.local-miami2] Implementing improvement: Fix stale sync issues
[2025-07-29T14:08:46.753Z] [INFO] [Miami2-2.local-miami2] Updating strategy: sync_strategy
[2025-07-29T14:08:46.753Z] [INFO] [Miami2-2.local-miami2] Updated sync strategy to adaptive
[2025-07-29T14:08:46.754Z] [INFO] [Miami2-2.local-miami2] Successfully implemented: Fix stale sync issues
[2025-07-29T14:08:56.757Z] [INFO] [Miami2-2.local-miami2] Collecting system data for analysis...
[2025-07-29T14:08:59.272Z] [INFO] [Miami2-2.local-miami2] Evaluating improvement: Fix stale sync issues
[2025-07-29T14:08:59.272Z] [INFO] [Miami2-2.local-miami2] Updating learning data...
[2025-07-29T14:08:59.371Z] [INFO] [Miami2-2.local-miami2] Improvement cycle completed: Fix stale sync issues - SUCCESS
[2025-07-29T14:08:59.371Z] [INFO] [Miami2-2.local-miami2] Implementing improvement: [object Object]
[2025-07-29T14:08:59.374Z] [INFO] [Miami2-2.local-miami2] Implementing generic improvement: apply_improvement
[2025-07-29T14:08:59.375Z] [INFO] [Miami2-2.local-miami2] Applied improvement: Apply learned improvement
[2025-07-29T14:08:59.375Z] [INFO] [Miami2-2.local-miami2] Successfully implemented: [object Object]
[2025-07-29T14:09:09.467Z] [INFO] [Miami2-2.local-miami2] Collecting system data for analysis...
[2025-07-29T14:09:12.538Z] [INFO] [Miami2-2.local-miami2] Evaluating improvement: [object Object]
[2025-07-29T14:09:12.539Z] [INFO] [Miami2-2.local-miami2] Updating learning data...
[2025-07-29T14:09:12.672Z] [INFO] [Miami2-2.local-miami2] Improvement cycle completed: [object Object] - FAILED
[2025-07-29T14:09:48.131Z] [INFO] [Miami2-2.local-miami2] Received SIGTERM, stopping improvement loop...
[2025-07-29T14:09:49.222Z] [INFO] [Miami2-2.local-miami2] Starting infinite improvement loop...
[2025-07-29T14:11:20.601Z] [INFO] [Miami2-2.local-miami2] Received SIGTERM, stopping improvement loop...
[2025-07-29T14:11:20.965Z] [INFO] [Miami2-2.local-miami2] Starting infinite improvement loop...
[2025-07-29T14:16:20.998Z] [INFO] [Miami2-2.local-miami2] Starting improvement cycle...
[2025-07-29T14:16:20.999Z] [INFO] [Miami2-2.local-miami2] Collecting system data for analysis...
[2025-07-29T14:16:21.152Z] [INFO] [Miami2-2.local-miami2] Analyzing patterns in system data...
[2025-07-29T14:16:21.153Z] [INFO] [Miami2-2.local-miami2] Identifying improvement opportunities...
[2025-07-29T14:16:21.154Z] [INFO] [Miami2-2.local-miami2] Generating 53 improvements...
[2025-07-29T14:16:21.155Z] [INFO] [Miami2-2.local-miami2] Implementing improvement: Optimize CPU usage
[2025-07-29T14:16:21.155Z] [INFO] [Miami2-2.local-miami2] Updating configuration: sync_interval
[2025-07-29T14:16:21.157Z] [INFO] [Miami2-2.local-miami2] Updated sync interval configuration
[2025-07-29T14:16:21.158Z] [INFO] [Miami2-2.local-miami2] Successfully implemented: Optimize CPU usage
[2025-07-29T14:16:31.159Z] [INFO] [Miami2-2.local-miami2] Collecting system data for analysis...
[2025-07-29T14:16:31.582Z] [INFO] [Miami2-2.local-miami2] Evaluating improvement: Optimize CPU usage
[2025-07-29T14:16:31.679Z] [INFO] [Miami2-2.local-miami2] Updating learning data...
[2025-07-29T14:16:31.807Z] [INFO] [Miami2-2.local-miami2] Improvement cycle completed: Optimize CPU usage - SUCCESS
[2025-07-29T14:16:31.968Z] [INFO] [Miami2-2.local-miami2] Implementing improvement: Improve resource error handling
[2025-07-29T14:16:32.049Z] [INFO] [Miami2-2.local-miami2] Enhancing code: error_handling
[2025-07-29T14:16:32.211Z] [INFO] [Miami2-2.local-miami2] Successfully implemented: Improve resource error handling
[2025-07-29T14:16:42.211Z] [INFO] [Miami2-2.local-miami2] Collecting system data for analysis...
[2025-07-29T14:16:42.397Z] [INFO] [Miami2-2.local-miami2] Evaluating improvement: Improve resource error handling
[2025-07-29T14:16:42.398Z] [INFO] [Miami2-2.local-miami2] Updating learning data...
[2025-07-29T14:16:42.436Z] [INFO] [Miami2-2.local-miami2] Improvement cycle completed: Improve resource error handling - SUCCESS
[2025-07-29T14:16:42.436Z] [INFO] [Miami2-2.local-miami2] Implementing improvement: Fix stale sync issues
[2025-07-29T14:16:42.437Z] [INFO] [Miami2-2.local-miami2] Updating strategy: sync_strategy
[2025-07-29T14:16:42.438Z] [INFO] [Miami2-2.local-miami2] Updated sync strategy to adaptive
[2025-07-29T14:16:42.438Z] [INFO] [Miami2-2.local-miami2] Successfully implemented: Fix stale sync issues
[2025-07-29T14:16:52.439Z] [INFO] [Miami2-2.local-miami2] Collecting system data for analysis...
[2025-07-29T14:16:52.603Z] [INFO] [Miami2-2.local-miami2] Evaluating improvement: Fix stale sync issues
[2025-07-29T14:16:52.603Z] [INFO] [Miami2-2.local-miami2] Updating learning data...
[2025-07-29T14:16:52.648Z] [INFO] [Miami2-2.local-miami2] Improvement cycle completed: Fix stale sync issues - SUCCESS
[2025-07-29T15:00:26.764Z] [INFO] [Miami2-2.local-miami2] Collecting system data for analysis...
[2025-07-29T15:00:26.900Z] [INFO] [Miami2-2.local-miami2] Evaluating improvement: [object Object]
[2025-07-29T15:00:26.902Z] [INFO] [Miami2-2.local-miami2] Updating learning data...
[2025-07-29T15:00:26.927Z] [INFO] [Miami2-2.local-miami2] Improvement cycle completed: [object Object] - SUCCESS
[2025-07-29T15:35:26.768Z] [INFO] [Miami2-2.local-miami2] Collecting system data for analysis...
[2025-07-29T15:35:27.015Z] [INFO] [Miami2-2.local-miami2] Evaluating improvement: [object Object]
[2025-07-29T15:35:27.016Z] [INFO] [Miami2-2.local-miami2] Updating learning data...
[2025-07-29T15:35:27.040Z] [INFO] [Miami2-2.local-miami2] Improvement cycle completed: [object Object] - SUCCESS
[2025-07-29T17:35:25.442Z] [INFO] [Miami2-2.local-miami2] Collecting system data for analysis...
[2025-07-29T17:35:25.500Z] [INFO] [Miami2-2.local-miami2] Evaluating improvement: [object Object]
[2025-07-29T17:35:25.500Z] [INFO] [Miami2-2.local-miami2] Updating learning data...
[2025-07-29T17:35:25.520Z] [INFO] [Miami2-2.local-miami2] Improvement cycle completed: [object Object] - SUCCESS
[2025-07-29T19:10:05.068Z] [INFO] [Miami2-2.local-miami2] Collecting system data for analysis...
[2025-07-29T19:10:05.130Z] [INFO] [Miami2-2.local-miami2] Evaluating improvement: Improve resource error handling
[2025-07-29T19:10:05.130Z] [INFO] [Miami2-2.local-miami2] Updating learning data...
[2025-07-29T19:10:05.150Z] [INFO] [Miami2-2.local-miami2] Improvement cycle completed: Improve resource error handling - SUCCESS
[2025-07-29T19:10:05.150Z] [INFO] [Miami2-2.local-miami2] Implementing improvement: Fix stale sync issues
[2025-07-29T19:10:05.151Z] [INFO] [Miami2-2.local-miami2] Updating strategy: sync_strategy
[2025-07-29T19:10:05.152Z] [INFO] [Miami2-2.local-miami2] Updated sync strategy to adaptive
[2025-07-29T19:10:05.152Z] [INFO] [Miami2-2.local-miami2] Successfully implemented: Fix stale sync issues
[2025-07-29T19:35:15.151Z] [INFO] [Miami2-2.local-miami2] Collecting system data for analysis...
[2025-07-29T19:35:15.217Z] [INFO] [Miami2-2.local-miami2] Evaluating improvement: Fix stale sync issues
[2025-07-29T19:35:15.218Z] [INFO] [Miami2-2.local-miami2] Updating learning data...
[2025-07-29T19:35:15.237Z] [INFO] [Miami2-2.local-miami2] Improvement cycle completed: Fix stale sync issues - SUCCESS
[2025-07-29T19:35:15.237Z] [INFO] [Miami2-2.local-miami2] Implementing improvement: [object Object]
[2025-07-29T19:35:15.238Z] [INFO] [Miami2-2.local-miami2] Implementing generic improvement: apply_improvement
[2025-07-29T19:35:15.238Z] [INFO] [Miami2-2.local-miami2] Applied improvement: Apply learned improvement
[2025-07-29T19:35:15.239Z] [INFO] [Miami2-2.local-miami2] Successfully implemented: [object Object]
[2025-07-29T19:50:05.135Z] [INFO] [Miami2-2.local-miami2] Collecting system data for analysis...
[2025-07-29T19:50:05.578Z] [INFO] [Miami2-2.local-miami2] Evaluating improvement: Improve resource error handling
[2025-07-29T19:50:05.578Z] [INFO] [Miami2-2.local-miami2] Updating learning data...
[2025-07-29T19:50:05.604Z] [INFO] [Miami2-2.local-miami2] Improvement cycle completed: Improve resource error handling - FAILED
[2025-07-29T19:50:05.605Z] [INFO] [Miami2-2.local-miami2] Implementing improvement: Fix stale sync issues
[2025-07-29T19:50:05.605Z] [INFO] [Miami2-2.local-miami2] Updating strategy: sync_strategy
[2025-07-29T19:50:05.606Z] [INFO] [Miami2-2.local-miami2] Updated sync strategy to adaptive
[2025-07-29T19:50:05.606Z] [INFO] [Miami2-2.local-miami2] Successfully implemented: Fix stale sync issues
[2025-07-29T19:50:15.606Z] [INFO] [Miami2-2.local-miami2] Collecting system data for analysis...
[2025-07-29T19:50:15.744Z] [INFO] [Miami2-2.local-miami2] Evaluating improvement: Fix stale sync issues
[2025-07-29T19:50:15.796Z] [INFO] [Miami2-2.local-miami2] Updating learning data...
[2025-07-29T19:50:15.875Z] [INFO] [Miami2-2.local-miami2] Improvement cycle completed: Fix stale sync issues - FAILED
[2025-07-29T19:50:15.878Z] [INFO] [Miami2-2.local-miami2] Implementing improvement: [object Object]
[2025-07-29T19:50:15.878Z] [INFO] [Miami2-2.local-miami2] Implementing generic improvement: apply_improvement
[2025-07-29T19:50:15.879Z] [INFO] [Miami2-2.local-miami2] Applied improvement: Apply learned improvement
[2025-07-29T19:50:15.880Z] [INFO] [Miami2-2.local-miami2] Successfully implemented: [object Object]
[2025-07-29T19:50:25.886Z] [INFO] [Miami2-2.local-miami2] Collecting system data for analysis...
[2025-07-29T19:50:26.148Z] [INFO] [Miami2-2.local-miami2] Evaluating improvement: [object Object]
[2025-07-29T19:50:26.150Z] [INFO] [Miami2-2.local-miami2] Updating learning data...
[2025-07-29T19:50:26.239Z] [INFO] [Miami2-2.local-miami2] Improvement cycle completed: [object Object] - FAILED
[2025-07-29T19:55:05.003Z] [INFO] [Miami2-2.local-miami2] Collecting system data for analysis...
[2025-07-29T19:55:05.057Z] [INFO] [Miami2-2.local-miami2] Evaluating improvement: Improve resource error handling
[2025-07-29T19:55:05.057Z] [INFO] [Miami2-2.local-miami2] Updating learning data...
[2025-07-29T19:55:05.079Z] [INFO] [Miami2-2.local-miami2] Improvement cycle completed: Improve resource error handling - SUCCESS
[2025-07-29T19:55:05.079Z] [INFO] [Miami2-2.local-miami2] Implementing improvement: Fix stale sync issues
[2025-07-29T19:55:05.080Z] [INFO] [Miami2-2.local-miami2] Updating strategy: sync_strategy
[2025-07-29T19:55:05.080Z] [INFO] [Miami2-2.local-miami2] Updated sync strategy to adaptive
[2025-07-29T19:55:05.080Z] [INFO] [Miami2-2.local-miami2] Successfully implemented: Fix stale sync issues
[2025-07-29T19:55:15.080Z] [INFO] [Miami2-2.local-miami2] Collecting system data for analysis...
[2025-07-29T19:55:15.134Z] [INFO] [Miami2-2.local-miami2] Evaluating improvement: Fix stale sync issues
[2025-07-29T19:55:15.135Z] [INFO] [Miami2-2.local-miami2] Updating learning data...
[2025-07-29T19:55:15.156Z] [INFO] [Miami2-2.local-miami2] Improvement cycle completed: Fix stale sync issues - SUCCESS
[2025-07-29T19:55:15.157Z] [INFO] [Miami2-2.local-miami2] Implementing improvement: [object Object]
[2025-07-29T19:55:15.157Z] [INFO] [Miami2-2.local-miami2] Implementing generic improvement: apply_improvement
[2025-07-29T19:55:15.157Z] [INFO] [Miami2-2.local-miami2] Applied improvement: Apply learned improvement
[2025-07-29T19:55:15.158Z] [INFO] [Miami2-2.local-miami2] Successfully implemented: [object Object]
[2025-07-29T19:55:25.158Z] [INFO] [Miami2-2.local-miami2] Collecting system data for analysis...
[2025-07-29T19:55:25.215Z] [INFO] [Miami2-2.local-miami2] Evaluating improvement: [object Object]
[2025-07-29T19:55:25.215Z] [INFO] [Miami2-2.local-miami2] Updating learning data...
[2025-07-29T19:55:25.280Z] [INFO] [Miami2-2.local-miami2] Improvement cycle completed: [object Object] - SUCCESS
[2025-07-29T19:59:54.926Z] [INFO] [Miami2-2.local-miami2] Starting improvement cycle...
[2025-07-29T19:59:54.927Z] [INFO] [Miami2-2.local-miami2] Collecting system data for analysis...
[2025-07-29T19:59:54.995Z] [INFO] [Miami2-2.local-miami2] Analyzing patterns in system data...
[2025-07-29T19:59:54.996Z] [INFO] [Miami2-2.local-miami2] Identifying improvement opportunities...
[2025-07-29T19:59:54.996Z] [INFO] [Miami2-2.local-miami2] Generating 52 improvements...
[2025-07-29T19:59:54.996Z] [INFO] [Miami2-2.local-miami2] Implementing improvement: Improve resource error handling
[2025-07-29T19:59:54.996Z] [INFO] [Miami2-2.local-miami2] Enhancing code: error_handling
[2025-07-29T19:59:54.997Z] [INFO] [Miami2-2.local-miami2] Successfully implemented: Improve resource error handling
[2025-07-29T20:00:04.996Z] [INFO] [Miami2-2.local-miami2] Collecting system data for analysis...
[2025-07-29T20:00:05.140Z] [INFO] [Miami2-2.local-miami2] Evaluating improvement: Improve resource error handling
[2025-07-29T20:00:05.221Z] [INFO] [Miami2-2.local-miami2] Updating learning data...
[2025-07-29T20:00:05.301Z] [INFO] [Miami2-2.local-miami2] Improvement cycle completed: Improve resource error handling - SUCCESS
[2025-07-29T20:00:05.301Z] [INFO] [Miami2-2.local-miami2] Implementing improvement: Fix stale sync issues
[2025-07-29T20:00:05.301Z] [INFO] [Miami2-2.local-miami2] Updating strategy: sync_strategy
[2025-07-29T20:00:05.302Z] [INFO] [Miami2-2.local-miami2] Updated sync strategy to adaptive
[2025-07-29T20:00:05.302Z] [INFO] [Miami2-2.local-miami2] Successfully implemented: Fix stale sync issues
[2025-07-29T20:00:15.302Z] [INFO] [Miami2-2.local-miami2] Collecting system data for analysis...
[2025-07-29T20:00:15.355Z] [INFO] [Miami2-2.local-miami2] Evaluating improvement: Fix stale sync issues
[2025-07-29T20:00:15.356Z] [INFO] [Miami2-2.local-miami2] Updating learning data...
[2025-07-29T20:00:15.378Z] [INFO] [Miami2-2.local-miami2] Improvement cycle completed: Fix stale sync issues - SUCCESS
[2025-07-29T20:00:15.378Z] [INFO] [Miami2-2.local-miami2] Implementing improvement: [object Object]
[2025-07-29T20:00:15.379Z] [INFO] [Miami2-2.local-miami2] Implementing generic improvement: apply_improvement
[2025-07-29T20:00:15.379Z] [INFO] [Miami2-2.local-miami2] Applied improvement: Apply learned improvement
[2025-07-29T20:00:15.379Z] [INFO] [Miami2-2.local-miami2] Successfully implemented: [object Object]
[2025-07-29T20:00:25.379Z] [INFO] [Miami2-2.local-miami2] Collecting system data for analysis...
[2025-07-29T20:00:25.483Z] [INFO] [Miami2-2.local-miami2] Evaluating improvement: [object Object]
[2025-07-29T20:00:25.524Z] [INFO] [Miami2-2.local-miami2] Updating learning data...
[2025-07-29T20:00:25.627Z] [INFO] [Miami2-2.local-miami2] Improvement cycle completed: [object Object] - SUCCESS
[2025-07-29T20:05:15.115Z] [INFO] [Miami2-2.local-miami2] Collecting system data for analysis...
[2025-07-29T20:05:15.189Z] [INFO] [Miami2-2.local-miami2] Evaluating improvement: Fix stale sync issues
[2025-07-29T20:05:15.189Z] [INFO] [Miami2-2.local-miami2] Updating learning data...
[2025-07-29T20:05:15.210Z] [INFO] [Miami2-2.local-miami2] Improvement cycle completed: Fix stale sync issues - SUCCESS
[2025-07-29T20:05:15.210Z] [INFO] [Miami2-2.local-miami2] Implementing improvement: [object Object]
[2025-07-29T20:05:15.211Z] [INFO] [Miami2-2.local-miami2] Implementing generic improvement: apply_improvement
[2025-07-29T20:05:15.211Z] [INFO] [Miami2-2.local-miami2] Applied improvement: Apply learned improvement
[2025-07-29T20:05:15.212Z] [INFO] [Miami2-2.local-miami2] Successfully implemented: [object Object]
[2025-07-29T20:05:25.212Z] [INFO] [Miami2-2.local-miami2] Collecting system data for analysis...
[2025-07-29T20:05:25.268Z] [INFO] [Miami2-2.local-miami2] Evaluating improvement: [object Object]
[2025-07-29T20:05:25.268Z] [INFO] [Miami2-2.local-miami2] Updating learning data...
[2025-07-29T20:05:25.289Z] [INFO] [Miami2-2.local-miami2] Improvement cycle completed: [object Object] - FAILED
[2025-07-29T20:10:15.132Z] [INFO] [Miami2-2.local-miami2] Collecting system data for analysis...
[2025-07-29T20:10:15.252Z] [INFO] [Miami2-2.local-miami2] Evaluating improvement: Fix stale sync issues
[2025-07-29T20:10:15.253Z] [INFO] [Miami2-2.local-miami2] Updating learning data...
[2025-07-29T20:10:15.273Z] [INFO] [Miami2-2.local-miami2] Improvement cycle completed: Fix stale sync issues - SUCCESS
[2025-07-29T20:10:15.274Z] [INFO] [Miami2-2.local-miami2] Implementing improvement: [object Object]
[2025-07-29T20:10:15.274Z] [INFO] [Miami2-2.local-miami2] Implementing generic improvement: apply_improvement
[2025-07-29T20:10:15.275Z] [INFO] [Miami2-2.local-miami2] Applied improvement: Apply learned improvement
[2025-07-29T20:10:15.275Z] [INFO] [Miami2-2.local-miami2] Successfully implemented: [object Object]
[2025-07-29T20:10:25.223Z] [INFO] [Miami2-2.local-miami2] Collecting system data for analysis...
[2025-07-29T20:10:25.319Z] [INFO] [Miami2-2.local-miami2] Evaluating improvement: [object Object]
[2025-07-29T20:10:25.319Z] [INFO] [Miami2-2.local-miami2] Updating learning data...
[2025-07-29T20:10:25.341Z] [INFO] [Miami2-2.local-miami2] Improvement cycle completed: [object Object] - SUCCESS
[2025-07-29T20:15:15.083Z] [INFO] [Miami2-2.local-miami2] Collecting system data for analysis...
[2025-07-29T20:15:15.139Z] [INFO] [Miami2-2.local-miami2] Evaluating improvement: Fix stale sync issues
[2025-07-29T20:15:15.139Z] [INFO] [Miami2-2.local-miami2] Updating learning data...
[2025-07-29T20:15:15.161Z] [INFO] [Miami2-2.local-miami2] Improvement cycle completed: Fix stale sync issues - SUCCESS
[2025-07-29T20:15:15.161Z] [INFO] [Miami2-2.local-miami2] Implementing improvement: [object Object]
[2025-07-29T20:15:15.162Z] [INFO] [Miami2-2.local-miami2] Implementing generic improvement: apply_improvement
[2025-07-29T20:15:15.162Z] [INFO] [Miami2-2.local-miami2] Applied improvement: Apply learned improvement
[2025-07-29T20:15:15.163Z] [INFO] [Miami2-2.local-miami2] Successfully implemented: [object Object]
[2025-07-29T20:15:25.164Z] [INFO] [Miami2-2.local-miami2] Collecting system data for analysis...
[2025-07-29T20:15:25.304Z] [INFO] [Miami2-2.local-miami2] Evaluating improvement: [object Object]
[2025-07-29T20:15:25.344Z] [INFO] [Miami2-2.local-miami2] Updating learning data...
[2025-07-29T20:15:25.406Z] [INFO] [Miami2-2.local-miami2] Improvement cycle completed: [object Object] - SUCCESS
[2025-07-29T20:19:54.832Z] [INFO] [Miami2-2.local-miami2] Starting improvement cycle...
[2025-07-29T20:19:54.832Z] [INFO] [Miami2-2.local-miami2] Collecting system data for analysis...
[2025-07-29T20:19:54.902Z] [INFO] [Miami2-2.local-miami2] Analyzing patterns in system data...
[2025-07-29T20:19:54.902Z] [INFO] [Miami2-2.local-miami2] Identifying improvement opportunities...
[2025-07-29T20:19:54.903Z] [INFO] [Miami2-2.local-miami2] Generating 52 improvements...
[2025-07-29T20:19:54.903Z] [INFO] [Miami2-2.local-miami2] Implementing improvement: Improve resource error handling
[2025-07-29T20:19:54.903Z] [INFO] [Miami2-2.local-miami2] Enhancing code: error_handling
[2025-07-29T20:19:54.903Z] [INFO] [Miami2-2.local-miami2] Successfully implemented: Improve resource error handling
[2025-07-29T20:20:04.903Z] [INFO] [Miami2-2.local-miami2] Collecting system data for analysis...
[2025-07-29T20:20:05.043Z] [INFO] [Miami2-2.local-miami2] Evaluating improvement: Improve resource error handling
[2025-07-29T20:20:05.084Z] [INFO] [Miami2-2.local-miami2] Updating learning data...
[2025-07-29T20:20:05.188Z] [INFO] [Miami2-2.local-miami2] Improvement cycle completed: Improve resource error handling - SUCCESS
[2025-07-29T20:20:05.228Z] [INFO] [Miami2-2.local-miami2] Implementing improvement: Fix stale sync issues
[2025-07-29T20:20:05.269Z] [INFO] [Miami2-2.local-miami2] Updating strategy: sync_strategy
[2025-07-29T20:20:05.309Z] [INFO] [Miami2-2.local-miami2] Updated sync strategy to adaptive
[2025-07-29T20:20:05.309Z] [INFO] [Miami2-2.local-miami2] Successfully implemented: Fix stale sync issues
[2025-07-29T20:20:15.310Z] [INFO] [Miami2-2.local-miami2] Collecting system data for analysis...
[2025-07-29T20:20:15.410Z] [INFO] [Miami2-2.local-miami2] Evaluating improvement: Fix stale sync issues
[2025-07-29T20:20:15.411Z] [INFO] [Miami2-2.local-miami2] Updating learning data...
[2025-07-29T20:20:15.433Z] [INFO] [Miami2-2.local-miami2] Improvement cycle completed: Fix stale sync issues - SUCCESS
[2025-07-29T20:20:15.433Z] [INFO] [Miami2-2.local-miami2] Implementing improvement: [object Object]
[2025-07-29T20:20:15.434Z] [INFO] [Miami2-2.local-miami2] Implementing generic improvement: apply_improvement
[2025-07-29T20:20:15.434Z] [INFO] [Miami2-2.local-miami2] Applied improvement: Apply learned improvement
[2025-07-29T20:20:15.434Z] [INFO] [Miami2-2.local-miami2] Successfully implemented: [object Object]
[2025-07-29T20:20:25.435Z] [INFO] [Miami2-2.local-miami2] Collecting system data for analysis...
[2025-07-29T20:20:25.493Z] [INFO] [Miami2-2.local-miami2] Evaluating improvement: [object Object]
[2025-07-29T20:20:25.533Z] [INFO] [Miami2-2.local-miami2] Updating learning data...
[2025-07-29T20:20:25.595Z] [INFO] [Miami2-2.local-miami2] Improvement cycle completed: [object Object] - SUCCESS
[2025-07-29T20:29:54.805Z] [INFO] [Miami2-2.local-miami2] Starting improvement cycle...
[2025-07-29T20:29:54.805Z] [INFO] [Miami2-2.local-miami2] Collecting system data for analysis...
[2025-07-29T20:29:54.877Z] [INFO] [Miami2-2.local-miami2] Analyzing patterns in system data...
[2025-07-29T20:29:54.877Z] [INFO] [Miami2-2.local-miami2] Identifying improvement opportunities...
[2025-07-29T20:29:54.877Z] [INFO] [Miami2-2.local-miami2] Generating 52 improvements...
[2025-07-29T20:29:54.877Z] [INFO] [Miami2-2.local-miami2] Implementing improvement: Improve resource error handling
[2025-07-29T20:29:54.878Z] [INFO] [Miami2-2.local-miami2] Enhancing code: error_handling
[2025-07-29T20:29:54.878Z] [INFO] [Miami2-2.local-miami2] Successfully implemented: Improve resource error handling
[2025-07-29T20:30:04.878Z] [INFO] [Miami2-2.local-miami2] Collecting system data for analysis...
[2025-07-29T20:30:04.935Z] [INFO] [Miami2-2.local-miami2] Evaluating improvement: Improve resource error handling
[2025-07-29T20:30:04.935Z] [INFO] [Miami2-2.local-miami2] Updating learning data...
[2025-07-29T20:30:04.958Z] [INFO] [Miami2-2.local-miami2] Improvement cycle completed: Improve resource error handling - FAILED
[2025-07-29T20:30:04.959Z] [INFO] [Miami2-2.local-miami2] Implementing improvement: Fix stale sync issues
[2025-07-29T20:30:04.959Z] [INFO] [Miami2-2.local-miami2] Updating strategy: sync_strategy
[2025-07-29T20:30:04.960Z] [INFO] [Miami2-2.local-miami2] Updated sync strategy to adaptive
[2025-07-29T20:30:04.960Z] [INFO] [Miami2-2.local-miami2] Successfully implemented: Fix stale sync issues
[2025-07-29T20:30:14.961Z] [INFO] [Miami2-2.local-miami2] Collecting system data for analysis...
[2025-07-29T20:30:15.024Z] [INFO] [Miami2-2.local-miami2] Evaluating improvement: Fix stale sync issues
[2025-07-29T20:30:15.064Z] [INFO] [Miami2-2.local-miami2] Updating learning data...
[2025-07-29T20:30:15.085Z] [INFO] [Miami2-2.local-miami2] Improvement cycle completed: Fix stale sync issues - FAILED
[2025-07-29T20:30:15.085Z] [INFO] [Miami2-2.local-miami2] Implementing improvement: [object Object]
[2025-07-29T20:30:15.086Z] [INFO] [Miami2-2.local-miami2] Implementing generic improvement: apply_improvement
[2025-07-29T20:30:15.086Z] [INFO] [Miami2-2.local-miami2] Applied improvement: Apply learned improvement
[2025-07-29T20:30:15.087Z] [INFO] [Miami2-2.local-miami2] Successfully implemented: [object Object]
[2025-07-29T20:30:25.087Z] [INFO] [Miami2-2.local-miami2] Collecting system data for analysis...
[2025-07-29T20:30:25.145Z] [INFO] [Miami2-2.local-miami2] Evaluating improvement: [object Object]
[2025-07-29T20:30:25.145Z] [INFO] [Miami2-2.local-miami2] Updating learning data...
[2025-07-29T20:30:25.209Z] [INFO] [Miami2-2.local-miami2] Improvement cycle completed: [object Object] - FAILED
[2025-07-29T20:39:54.776Z] [INFO] [Miami2-2.local-miami2] Starting improvement cycle...
[2025-07-29T20:39:54.777Z] [INFO] [Miami2-2.local-miami2] Collecting system data for analysis...
[2025-07-29T20:39:54.844Z] [INFO] [Miami2-2.local-miami2] Analyzing patterns in system data...
[2025-07-29T20:39:54.845Z] [INFO] [Miami2-2.local-miami2] Identifying improvement opportunities...
[2025-07-29T20:39:54.846Z] [INFO] [Miami2-2.local-miami2] Generating 52 improvements...
[2025-07-29T20:39:54.846Z] [INFO] [Miami2-2.local-miami2] Implementing improvement: Improve resource error handling
[2025-07-29T20:39:54.846Z] [INFO] [Miami2-2.local-miami2] Enhancing code: error_handling
[2025-07-29T20:39:54.846Z] [INFO] [Miami2-2.local-miami2] Successfully implemented: Improve resource error handling
[2025-07-29T20:40:04.846Z] [INFO] [Miami2-2.local-miami2] Collecting system data for analysis...
[2025-07-29T20:40:04.908Z] [INFO] [Miami2-2.local-miami2] Evaluating improvement: Improve resource error handling
[2025-07-29T20:40:04.909Z] [INFO] [Miami2-2.local-miami2] Updating learning data...
[2025-07-29T20:40:04.931Z] [INFO] [Miami2-2.local-miami2] Improvement cycle completed: Improve resource error handling - SUCCESS
[2025-07-29T20:40:04.931Z] [INFO] [Miami2-2.local-miami2] Implementing improvement: Fix stale sync issues
[2025-07-29T20:40:04.932Z] [INFO] [Miami2-2.local-miami2] Updating strategy: sync_strategy
[2025-07-29T20:40:04.933Z] [INFO] [Miami2-2.local-miami2] Updated sync strategy to adaptive
[2025-07-29T20:40:04.933Z] [INFO] [Miami2-2.local-miami2] Successfully implemented: Fix stale sync issues
[2025-07-29T20:40:14.933Z] [INFO] [Miami2-2.local-miami2] Collecting system data for analysis...
[2025-07-29T20:40:14.990Z] [INFO] [Miami2-2.local-miami2] Evaluating improvement: Fix stale sync issues
[2025-07-29T20:40:14.991Z] [INFO] [Miami2-2.local-miami2] Updating learning data...
[2025-07-29T20:40:15.013Z] [INFO] [Miami2-2.local-miami2] Improvement cycle completed: Fix stale sync issues - SUCCESS
[2025-07-29T20:40:15.014Z] [INFO] [Miami2-2.local-miami2] Implementing improvement: [object Object]
[2025-07-29T20:40:15.014Z] [INFO] [Miami2-2.local-miami2] Implementing generic improvement: apply_improvement
[2025-07-29T20:40:15.015Z] [INFO] [Miami2-2.local-miami2] Applied improvement: Apply learned improvement
[2025-07-29T20:40:15.015Z] [INFO] [Miami2-2.local-miami2] Successfully implemented: [object Object]
[2025-07-29T20:40:25.016Z] [INFO] [Miami2-2.local-miami2] Collecting system data for analysis...
[2025-07-29T20:40:25.072Z] [INFO] [Miami2-2.local-miami2] Evaluating improvement: [object Object]
[2025-07-29T20:40:25.073Z] [INFO] [Miami2-2.local-miami2] Updating learning data...
[2025-07-29T20:40:25.136Z] [INFO] [Miami2-2.local-miami2] Improvement cycle completed: [object Object] - SUCCESS
[2025-07-29T20:44:54.762Z] [INFO] [Miami2-2.local-miami2] Starting improvement cycle...
[2025-07-29T20:44:54.762Z] [INFO] [Miami2-2.local-miami2] Collecting system data for analysis...
[2025-07-29T20:44:54.832Z] [INFO] [Miami2-2.local-miami2] Analyzing patterns in system data...
[2025-07-29T20:44:54.833Z] [INFO] [Miami2-2.local-miami2] Identifying improvement opportunities...
[2025-07-29T20:44:54.833Z] [INFO] [Miami2-2.local-miami2] Generating 52 improvements...
[2025-07-29T20:44:54.833Z] [INFO] [Miami2-2.local-miami2] Implementing improvement: Improve resource error handling
[2025-07-29T20:44:54.833Z] [INFO] [Miami2-2.local-miami2] Enhancing code: error_handling
[2025-07-29T20:44:54.834Z] [INFO] [Miami2-2.local-miami2] Successfully implemented: Improve resource error handling
[2025-07-29T20:45:25.552Z] [INFO] [Miami2-2.local-miami2] Collecting system data for analysis...
[2025-07-29T20:45:25.629Z] [INFO] [Miami2-2.local-miami2] Evaluating improvement: [object Object]
[2025-07-29T20:45:25.629Z] [INFO] [Miami2-2.local-miami2] Updating learning data...
[2025-07-29T20:45:25.693Z] [INFO] [Miami2-2.local-miami2] Improvement cycle completed: [object Object] - FAILED
[2025-07-29T20:50:15.366Z] [INFO] [Miami2-2.local-miami2] Collecting system data for analysis...
[2025-07-29T20:50:15.430Z] [INFO] [Miami2-2.local-miami2] Evaluating improvement: Fix stale sync issues
[2025-07-29T20:50:15.469Z] [INFO] [Miami2-2.local-miami2] Updating learning data...
[2025-07-29T20:50:15.491Z] [INFO] [Miami2-2.local-miami2] Improvement cycle completed: Fix stale sync issues - SUCCESS
[2025-07-29T20:50:15.492Z] [INFO] [Miami2-2.local-miami2] Implementing improvement: [object Object]
[2025-07-29T20:50:15.492Z] [INFO] [Miami2-2.local-miami2] Implementing generic improvement: apply_improvement
[2025-07-29T20:50:15.492Z] [INFO] [Miami2-2.local-miami2] Applied improvement: Apply learned improvement
[2025-07-29T20:50:15.493Z] [INFO] [Miami2-2.local-miami2] Successfully implemented: [object Object]
[2025-07-29T20:50:25.493Z] [INFO] [Miami2-2.local-miami2] Collecting system data for analysis...
[2025-07-29T20:50:25.644Z] [INFO] [Miami2-2.local-miami2] Evaluating improvement: [object Object]
[2025-07-29T20:50:25.645Z] [INFO] [Miami2-2.local-miami2] Updating learning data...
[2025-07-29T20:50:25.676Z] [INFO] [Miami2-2.local-miami2] Improvement cycle completed: [object Object] - FAILED
[2025-07-29T20:59:54.737Z] [INFO] [Miami2-2.local-miami2] Starting improvement cycle...
[2025-07-29T20:59:54.778Z] [INFO] [Miami2-2.local-miami2] Collecting system data for analysis...
[2025-07-29T20:59:55.060Z] [INFO] [Miami2-2.local-miami2] Analyzing patterns in system data...
[2025-07-29T20:59:55.061Z] [INFO] [Miami2-2.local-miami2] Identifying improvement opportunities...
[2025-07-29T20:59:55.062Z] [INFO] [Miami2-2.local-miami2] Generating 52 improvements...
[2025-07-29T20:59:55.063Z] [INFO] [Miami2-2.local-miami2] Implementing improvement: Improve resource error handling
[2025-07-29T20:59:55.066Z] [INFO] [Miami2-2.local-miami2] Enhancing code: error_handling
[2025-07-29T20:59:55.067Z] [INFO] [Miami2-2.local-miami2] Successfully implemented: Improve resource error handling
[2025-07-29T21:00:25.875Z] [INFO] [Miami2-2.local-miami2] Collecting system data for analysis...
[2025-07-29T21:00:26.191Z] [INFO] [Miami2-2.local-miami2] Evaluating improvement: [object Object]
[2025-07-29T21:00:26.274Z] [INFO] [Miami2-2.local-miami2] Updating learning data...
[2025-07-29T21:00:26.351Z] [INFO] [Miami2-2.local-miami2] Improvement cycle completed: [object Object] - FAILED
[2025-07-29T21:04:54.724Z] [INFO] [Miami2-2.local-miami2] Starting improvement cycle...
[2025-07-29T21:04:54.725Z] [INFO] [Miami2-2.local-miami2] Collecting system data for analysis...
[2025-07-29T21:04:55.141Z] [INFO] [Miami2-2.local-miami2] Analyzing patterns in system data...
[2025-07-29T21:04:55.141Z] [INFO] [Miami2-2.local-miami2] Identifying improvement opportunities...
[2025-07-29T21:04:55.141Z] [INFO] [Miami2-2.local-miami2] Generating 53 improvements...
[2025-07-29T21:04:55.142Z] [INFO] [Miami2-2.local-miami2] Implementing improvement: Optimize CPU usage
[2025-07-29T21:04:55.144Z] [INFO] [Miami2-2.local-miami2] Updating configuration: sync_interval
[2025-07-29T21:04:55.145Z] [INFO] [Miami2-2.local-miami2] Updated sync interval configuration
[2025-07-29T21:04:55.145Z] [INFO] [Miami2-2.local-miami2] Successfully implemented: Optimize CPU usage
[2025-07-29T21:05:05.165Z] [INFO] [Miami2-2.local-miami2] Collecting system data for analysis...
[2025-07-29T21:05:05.569Z] [INFO] [Miami2-2.local-miami2] Evaluating improvement: Optimize CPU usage
[2025-07-29T21:09:56.075Z] [INFO] [Miami2-2.local-miami2] Analyzing patterns in system data...
[2025-07-29T21:09:56.115Z] [INFO] [Miami2-2.local-miami2] Identifying improvement opportunities...
[2025-07-29T21:09:56.115Z] [INFO] [Miami2-2.local-miami2] Generating 53 improvements...
[2025-07-29T21:09:56.115Z] [INFO] [Miami2-2.local-miami2] Implementing improvement: Improve general error handling
[2025-07-29T21:09:56.116Z] [INFO] [Miami2-2.local-miami2] Enhancing code: error_handling
[2025-07-29T21:09:56.116Z] [INFO] [Miami2-2.local-miami2] Successfully implemented: Improve general error handling
[2025-07-29T21:13:40.914Z] [INFO] [Miami2-2.local-miami2] Collecting system data for analysis...
[2025-07-29T21:13:41.164Z] [INFO] [Miami2-2.local-miami2] Evaluating improvement: Improve resource error handling
[2025-07-29T21:13:41.164Z] [INFO] [Miami2-2.local-miami2] Updating learning data...
[2025-07-29T21:13:41.196Z] [INFO] [Miami2-2.local-miami2] Improvement cycle completed: Improve resource error handling - SUCCESS
[2025-07-29T21:13:41.197Z] [INFO] [Miami2-2.local-miami2] Implementing improvement: Fix stale sync issues
[2025-07-29T21:13:41.197Z] [INFO] [Miami2-2.local-miami2] Updating strategy: sync_strategy
[2025-07-29T21:13:41.198Z] [INFO] [Miami2-2.local-miami2] Updated sync strategy to adaptive
[2025-07-29T21:13:41.198Z] [INFO] [Miami2-2.local-miami2] Successfully implemented: Fix stale sync issues
[2025-07-29T21:19:54.773Z] [INFO] [Miami2-2.local-miami2] Starting improvement cycle...
[2025-07-29T21:19:54.864Z] [INFO] [Miami2-2.local-miami2] Collecting system data for analysis...
[2025-07-29T21:19:55.328Z] [ERROR] [Miami2-2.local-miami2] Error collecting system data: Command failed: git status --porcelain
shell-init: error retrieving current directory: getcwd: cannot access parent directories: Operation not permitted
fatal: Unable to read current working directory: Operation not permitted

[2025-07-29T21:19:55.654Z] [INFO] [Miami2-2.local-miami2] Analyzing patterns in system data...
[2025-07-29T21:19:55.654Z] [INFO] [Miami2-2.local-miami2] Identifying improvement opportunities...
[2025-07-29T21:19:55.655Z] [INFO] [Miami2-2.local-miami2] Generating 50 improvements...
[2025-07-29T21:19:55.656Z] [INFO] [Miami2-2.local-miami2] Implementing improvement: [object Object]
[2025-07-29T21:19:55.656Z] [INFO] [Miami2-2.local-miami2] Implementing generic improvement: apply_improvement
[2025-07-29T21:19:55.657Z] [INFO] [Miami2-2.local-miami2] Applied improvement: Apply learned improvement
[2025-07-29T21:19:55.658Z] [INFO] [Miami2-2.local-miami2] Successfully implemented: [object Object]
[2025-07-29T21:20:16.008Z] [INFO] [Miami2-2.local-miami2] Collecting system data for analysis...
[2025-07-29T21:20:16.111Z] [ERROR] [Miami2-2.local-miami2] Error collecting system data: Command failed: git status --porcelain
shell-init: error retrieving current directory: getcwd: cannot access parent directories: Operation not permitted
fatal: Unable to read current working directory: Operation not permitted

[2025-07-29T21:20:16.112Z] [INFO] [Miami2-2.local-miami2] Evaluating improvement: [object Object]
[2025-07-29T21:20:16.113Z] [INFO] [Miami2-2.local-miami2] Updating learning data...
[2025-07-29T21:20:16.158Z] [INFO] [Miami2-2.local-miami2] Improvement cycle completed: [object Object] - SUCCESS
[2025-07-29T21:20:16.159Z] [INFO] [Miami2-2.local-miami2] Implementing improvement: [object Object]
[2025-07-29T21:20:16.159Z] [INFO] [Miami2-2.local-miami2] Implementing generic improvement: apply_improvement
[2025-07-29T21:20:16.159Z] [INFO] [Miami2-2.local-miami2] Applied improvement: Apply learned improvement
[2025-07-29T21:20:16.159Z] [INFO] [Miami2-2.local-miami2] Successfully implemented: [object Object]
[2025-07-29T22:30:04.978Z] [INFO] [Miami2-2.local-miami2] Collecting system data for analysis...
[2025-07-29T22:30:05.165Z] [ERROR] [Miami2-2.local-miami2] Error collecting system data: Command failed: git status --porcelain
shell-init: error retrieving current directory: getcwd: cannot access parent directories: Operation not permitted
fatal: Unable to read current working directory: Operation not permitted

[2025-07-29T22:30:05.167Z] [INFO] [Miami2-2.local-miami2] Evaluating improvement: [object Object]
[2025-07-29T22:30:05.167Z] [INFO] [Miami2-2.local-miami2] Updating learning data...
[2025-07-29T22:30:05.252Z] [INFO] [Miami2-2.local-miami2] Improvement cycle completed: [object Object] - SUCCESS
[2025-07-29T22:30:05.253Z] [INFO] [Miami2-2.local-miami2] Implementing improvement: [object Object]
[2025-07-29T22:30:05.256Z] [INFO] [Miami2-2.local-miami2] Implementing generic improvement: apply_improvement
[2025-07-29T22:30:05.261Z] [INFO] [Miami2-2.local-miami2] Applied improvement: Apply learned improvement
[2025-07-29T22:30:05.262Z] [INFO] [Miami2-2.local-miami2] Successfully implemented: [object Object]
[2025-07-29T22:35:05.620Z] [INFO] [Miami2-2.local-miami2] Collecting system data for analysis...
[2025-07-29T22:35:05.762Z] [ERROR] [Miami2-2.local-miami2] Error collecting system data: Command failed: git status --porcelain
shell-init: error retrieving current directory: getcwd: cannot access parent directories: Operation not permitted
fatal: Unable to read current working directory: Operation not permitted

[2025-07-29T22:35:05.764Z] [INFO] [Miami2-2.local-miami2] Evaluating improvement: [object Object]
[2025-07-29T22:35:05.766Z] [INFO] [Miami2-2.local-miami2] Updating learning data...
[2025-07-29T22:35:05.952Z] [INFO] [Miami2-2.local-miami2] Improvement cycle completed: [object Object] - FAILED
[2025-07-29T22:35:05.952Z] [INFO] [Miami2-2.local-miami2] Implementing improvement: [object Object]
[2025-07-29T22:35:05.953Z] [INFO] [Miami2-2.local-miami2] Implementing generic improvement: apply_improvement
[2025-07-29T22:35:05.954Z] [INFO] [Miami2-2.local-miami2] Applied improvement: Apply learned improvement
[2025-07-29T22:35:05.954Z] [INFO] [Miami2-2.local-miami2] Successfully implemented: [object Object]
[2025-07-29T22:35:15.954Z] [INFO] [Miami2-2.local-miami2] Collecting system data for analysis...
[2025-07-29T22:35:15.989Z] [ERROR] [Miami2-2.local-miami2] Error collecting system data: Command failed: git status --porcelain
shell-init: error retrieving current directory: getcwd: cannot access parent directories: Operation not permitted
fatal: Unable to read current working directory: Operation not permitted

[2025-07-29T22:35:15.989Z] [INFO] [Miami2-2.local-miami2] Evaluating improvement: [object Object]
[2025-07-29T22:35:15.989Z] [INFO] [Miami2-2.local-miami2] Updating learning data...
[2025-07-29T22:35:16.013Z] [INFO] [Miami2-2.local-miami2] Improvement cycle completed: [object Object] - SUCCESS
[2025-07-29T22:35:16.013Z] [INFO] [Miami2-2.local-miami2] Implementing improvement: [object Object]
[2025-07-29T22:35:16.014Z] [INFO] [Miami2-2.local-miami2] Implementing generic improvement: apply_improvement
[2025-07-29T22:35:16.014Z] [INFO] [Miami2-2.local-miami2] Applied improvement: Apply learned improvement
[2025-07-29T22:35:16.014Z] [INFO] [Miami2-2.local-miami2] Successfully implemented: [object Object]
[2025-07-29T22:35:26.013Z] [INFO] [Miami2-2.local-miami2] Collecting system data for analysis...
[2025-07-29T22:35:26.058Z] [ERROR] [Miami2-2.local-miami2] Error collecting system data: Command failed: git status --porcelain
shell-init: error retrieving current directory: getcwd: cannot access parent directories: Operation not permitted
fatal: Unable to read current working directory: Operation not permitted

[2025-07-29T22:35:26.098Z] [INFO] [Miami2-2.local-miami2] Evaluating improvement: [object Object]
[2025-07-29T22:35:26.098Z] [INFO] [Miami2-2.local-miami2] Updating learning data...
[2025-07-29T22:35:26.120Z] [INFO] [Miami2-2.local-miami2] Improvement cycle completed: [object Object] - SUCCESS
