[0;34m[2025-07-29 09:43:47][0m Starting Master Automation System...
[0;34m[2025-07-29 09:43:47][0m Starting git-monitor...
[0;32m[2025-07-29 09:43:48] SUCCESS:[0m git-monitor started with PID: 47612
[0;34m[2025-07-29 09:43:48][0m Starting build-monitor...
[0;32m[2025-07-29 09:43:48] SUCCESS:[0m build-monitor started with PID: 47628
[0;34m[2025-07-29 09:43:48][0m Starting error-fixer...
[0;32m[2025-07-29 09:43:48] SUCCESS:[0m error-fixer started with PID: 47643
[0;34m[2025-07-29 09:43:48][0m Starting health-monitor...
[0;32m[2025-07-29 09:43:48] SUCCESS:[0m health-monitor started with PID: 47661
[0;34m[2025-07-29 09:43:48][0m Starting sync-automation...
[0;32m[2025-07-29 09:43:49] SUCCESS:[0m sync-automation started with PID: 47680
[0;34m[2025-07-29 09:43:49][0m Starting cursor-chat...
[0;32m[2025-07-29 09:43:49] SUCCESS:[0m cursor-chat started with PID: 47696
[0;34m[2025-07-29 09:43:49][0m Starting error-monitor...
[0;32m[2025-07-29 09:43:50] SUCCESS:[0m error-monitor started with PID: 47731
[0;32m[2025-07-29 09:43:50] SUCCESS:[0m All automation services started
[0;34m[2025-07-29 09:52:58][0m Starting Master Automation System...
[0;34m[2025-07-29 09:52:58][0m Starting git-monitor...
[0;32m[2025-07-29 09:52:58] SUCCESS:[0m git-monitor started with PID: 69720
[0;34m[2025-07-29 09:52:58][0m Starting build-monitor...
[0;32m[2025-07-29 09:52:59] SUCCESS:[0m build-monitor started with PID: 69739
[0;34m[2025-07-29 09:52:59][0m Starting error-fixer...
[0;32m[2025-07-29 09:52:59] SUCCESS:[0m error-fixer started with PID: 69761
[0;34m[2025-07-29 09:52:59][0m Starting health-monitor...
[0;32m[2025-07-29 09:53:00] SUCCESS:[0m health-monitor started with PID: 69785
[0;34m[2025-07-29 09:53:00][0m Starting sync-automation...
[0;32m[2025-07-29 09:53:01] SUCCESS:[0m sync-automation started with PID: 69828
[0;34m[2025-07-29 09:53:01][0m Starting cursor-chat...
[0;32m[2025-07-29 09:53:02] SUCCESS:[0m cursor-chat started with PID: 69846
[0;34m[2025-07-29 09:53:02][0m Starting error-monitor...
[0;32m[2025-07-29 09:53:02] SUCCESS:[0m error-monitor started with PID: 69893
[0;32m[2025-07-29 09:53:02] SUCCESS:[0m All automation services started
[0;34m[2025-07-29 10:01:38][0m Starting Master Automation System...
[0;34m[2025-07-29 10:01:38][0m Starting git-monitor...
[0;32m[2025-07-29 10:01:38] SUCCESS:[0m git-monitor started with PID: 10599
[0;34m[2025-07-29 10:01:38][0m Starting build-monitor...
[0;32m[2025-07-29 10:01:39] SUCCESS:[0m build-monitor started with PID: 10614
[0;34m[2025-07-29 10:01:39][0m Starting error-fixer...
[0;32m[2025-07-29 10:01:39] SUCCESS:[0m error-fixer started with PID: 10629
[0;34m[2025-07-29 10:01:39][0m Starting health-monitor...
[0;32m[2025-07-29 10:01:40] SUCCESS:[0m health-monitor started with PID: 10648
[0;34m[2025-07-29 10:01:40][0m Starting sync-automation...
[0;32m[2025-07-29 10:01:41] SUCCESS:[0m sync-automation started with PID: 10675
[0;34m[2025-07-29 10:01:41][0m Starting cursor-chat...
[0;32m[2025-07-29 10:01:42] SUCCESS:[0m cursor-chat started with PID: 10696
[0;34m[2025-07-29 10:01:42][0m Starting error-monitor...
[0;32m[2025-07-29 10:01:42] SUCCESS:[0m error-monitor started with PID: 10732
[0;32m[2025-07-29 10:01:42] SUCCESS:[0m All automation services started
[0;34m[2025-07-29 10:02:09][0m Starting Master Automation System...
[0;34m[2025-07-29 10:02:09][0m Service git-monitor is already running (PID: 10599)
[0;34m[2025-07-29 10:02:09][0m Starting build-monitor...
[0;32m[2025-07-29 10:02:09] SUCCESS:[0m build-monitor started with PID: 11720
[0;34m[2025-07-29 10:02:09][0m Starting error-fixer...
[0;32m[2025-07-29 10:02:09] SUCCESS:[0m error-fixer started with PID: 11734
[0;34m[2025-07-29 10:02:09][0m Starting health-monitor...
[0;32m[2025-07-29 10:02:09] SUCCESS:[0m health-monitor started with PID: 11754
[0;34m[2025-07-29 10:02:09][0m Starting sync-automation...
[0;32m[2025-07-29 10:02:10] SUCCESS:[0m sync-automation started with PID: 11768
[0;34m[2025-07-29 10:02:10][0m Starting cursor-chat...
[0;32m[2025-07-29 10:02:10] SUCCESS:[0m cursor-chat started with PID: 11783
[0;34m[2025-07-29 10:02:10][0m Starting error-monitor...
[0;32m[2025-07-29 10:02:10] SUCCESS:[0m error-monitor started with PID: 11810
[0;32m[2025-07-29 10:02:10] SUCCESS:[0m All automation services started
[0;34m[2025-07-29 10:02:38][0m Starting Master Automation System...
[0;34m[2025-07-29 10:02:38][0m Starting git-monitor...
[0;32m[2025-07-29 10:02:39] SUCCESS:[0m git-monitor started with PID: 13556
[0;34m[2025-07-29 10:02:39][0m Starting build-monitor...
[0;32m[2025-07-29 10:02:39] SUCCESS:[0m build-monitor started with PID: 13573
[0;34m[2025-07-29 10:02:39][0m Starting error-fixer...
[0;32m[2025-07-29 10:02:39] SUCCESS:[0m error-fixer started with PID: 13591
[0;34m[2025-07-29 10:02:39][0m Starting health-monitor...
[0;32m[2025-07-29 10:02:41] SUCCESS:[0m health-monitor started with PID: 13610
[0;34m[2025-07-29 10:02:41][0m Starting sync-automation...
[0;32m[2025-07-29 10:02:42] SUCCESS:[0m sync-automation started with PID: 13746
[0;34m[2025-07-29 10:02:43][0m Starting cursor-chat...
[0;32m[2025-07-29 10:02:43] SUCCESS:[0m cursor-chat started with PID: 13782
[0;34m[2025-07-29 10:02:43][0m Starting error-monitor...
[0;32m[2025-07-29 10:02:44] SUCCESS:[0m error-monitor started with PID: 13818
[0;32m[2025-07-29 10:02:44] SUCCESS:[0m All automation services started
[0;34m[2025-07-29 10:03:09][0m Starting Master Automation System...
[0;34m[2025-07-29 10:03:09][0m Service git-monitor is already running (PID: 13556)
[0;34m[2025-07-29 10:03:09][0m Starting build-monitor...
[0;32m[2025-07-29 10:03:10] SUCCESS:[0m build-monitor started with PID: 15689
[0;34m[2025-07-29 10:03:10][0m Starting error-fixer...
[0;32m[2025-07-29 10:03:11] SUCCESS:[0m error-fixer started with PID: 15710
[0;34m[2025-07-29 10:03:11][0m Starting health-monitor...
[0;32m[2025-07-29 10:03:11] SUCCESS:[0m health-monitor started with PID: 15769
[0;34m[2025-07-29 10:03:11][0m Starting sync-automation...
[0;32m[2025-07-29 10:03:11] SUCCESS:[0m sync-automation started with PID: 15789
[0;34m[2025-07-29 10:03:11][0m Starting cursor-chat...
[0;32m[2025-07-29 10:03:12] SUCCESS:[0m cursor-chat started with PID: 15804
[0;34m[2025-07-29 10:03:12][0m Starting error-monitor...
[0;32m[2025-07-29 10:03:13] SUCCESS:[0m error-monitor started with PID: 16005
[0;32m[2025-07-29 10:03:13] SUCCESS:[0m All automation services started
[0;34m[2025-07-29 10:03:39][0m Starting Master Automation System...
[0;34m[2025-07-29 10:03:39][0m Starting git-monitor...
[0;32m[2025-07-29 10:03:39] SUCCESS:[0m git-monitor started with PID: 17865
[0;34m[2025-07-29 10:03:39][0m Starting build-monitor...
[0;32m[2025-07-29 10:03:40] SUCCESS:[0m build-monitor started with PID: 17881
[0;34m[2025-07-29 10:03:40][0m Starting error-fixer...
[0;32m[2025-07-29 10:03:40] SUCCESS:[0m error-fixer started with PID: 17899
[0;34m[2025-07-29 10:03:40][0m Starting health-monitor...
[0;32m[2025-07-29 10:03:40] SUCCESS:[0m health-monitor started with PID: 17921
[0;34m[2025-07-29 10:03:40][0m Starting sync-automation...
[0;32m[2025-07-29 10:03:41] SUCCESS:[0m sync-automation started with PID: 17944
[0;34m[2025-07-29 10:03:41][0m Starting cursor-chat...
[0;32m[2025-07-29 10:03:42] SUCCESS:[0m cursor-chat started with PID: 17961
[0;34m[2025-07-29 10:03:42][0m Starting error-monitor...
[0;32m[2025-07-29 10:03:42] SUCCESS:[0m error-monitor started with PID: 18010
[0;32m[2025-07-29 10:03:42] SUCCESS:[0m All automation services started
[0;34m[2025-07-29 10:04:09][0m Starting Master Automation System...
[0;34m[2025-07-29 10:04:10][0m Service git-monitor is already running (PID: 17865)
[0;34m[2025-07-29 10:04:10][0m Starting build-monitor...
[0;32m[2025-07-29 10:04:10] SUCCESS:[0m build-monitor started with PID: 20136
[0;34m[2025-07-29 10:04:10][0m Starting error-fixer...
[0;32m[2025-07-29 10:04:10] SUCCESS:[0m error-fixer started with PID: 20150
[0;34m[2025-07-29 10:04:10][0m Starting health-monitor...
[0;32m[2025-07-29 10:04:10] SUCCESS:[0m health-monitor started with PID: 20175
[0;34m[2025-07-29 10:04:10][0m Starting sync-automation...
[0;32m[2025-07-29 10:04:10] SUCCESS:[0m sync-automation started with PID: 20193
[0;34m[2025-07-29 10:04:10][0m Starting cursor-chat...
[0;32m[2025-07-29 10:04:11] SUCCESS:[0m cursor-chat started with PID: 20209
[0;34m[2025-07-29 10:04:11][0m Starting error-monitor...
[0;32m[2025-07-29 10:04:11] SUCCESS:[0m error-monitor started with PID: 20323
[0;32m[2025-07-29 10:04:11] SUCCESS:[0m All automation services started
[0;34m[2025-07-29 10:04:41][0m Starting Master Automation System...
[0;34m[2025-07-29 10:04:42][0m Starting git-monitor...
[0;32m[2025-07-29 10:04:42] SUCCESS:[0m git-monitor started with PID: 21830
[0;34m[2025-07-29 10:04:42][0m Starting build-monitor...
[0;32m[2025-07-29 10:04:43] SUCCESS:[0m build-monitor started with PID: 21930
[0;34m[2025-07-29 10:04:43][0m Starting error-fixer...
[0;32m[2025-07-29 10:04:43] SUCCESS:[0m error-fixer started with PID: 21978
[0;34m[2025-07-29 10:04:43][0m Starting health-monitor...
[0;32m[2025-07-29 10:04:43] SUCCESS:[0m health-monitor started with PID: 21997
[0;34m[2025-07-29 10:04:43][0m Starting sync-automation...
[0;32m[2025-07-29 10:04:44] SUCCESS:[0m sync-automation started with PID: 22019
[0;34m[2025-07-29 10:04:44][0m Starting cursor-chat...
[0;32m[2025-07-29 10:04:44] SUCCESS:[0m cursor-chat started with PID: 22037
[0;34m[2025-07-29 10:04:44][0m Starting error-monitor...
[0;32m[2025-07-29 10:04:44] SUCCESS:[0m error-monitor started with PID: 22068
[0;32m[2025-07-29 10:04:44] SUCCESS:[0m All automation services started
[0;34m[2025-07-29 10:10:15][0m Starting Master Automation System...
[0;34m[2025-07-29 10:10:15][0m Starting git-monitor...
[0;32m[2025-07-29 10:10:15] SUCCESS:[0m git-monitor started with PID: 39530
[0;34m[2025-07-29 10:10:15][0m Starting build-monitor...
[0;32m[2025-07-29 10:10:16] SUCCESS:[0m build-monitor started with PID: 39592
[0;34m[2025-07-29 10:10:16][0m Starting error-fixer...
[0;34m[2025-07-29 10:35:51][0m Starting Master Automation System...
[0;34m[2025-07-29 10:35:53][0m Starting git-monitor...
[0;32m[2025-07-29 10:35:53] SUCCESS:[0m git-monitor started with PID: 33904
[0;34m[2025-07-29 10:35:53][0m Starting build-monitor...
[0;32m[2025-07-29 10:35:54] SUCCESS:[0m build-monitor started with PID: 33923
[0;34m[2025-07-29 10:35:54][0m Starting error-fixer...
[0;32m[2025-07-29 10:35:54] SUCCESS:[0m error-fixer started with PID: 33945
[0;34m[2025-07-29 10:35:54][0m Starting health-monitor...
[0;32m[2025-07-29 10:35:55] SUCCESS:[0m health-monitor started with PID: 33968
[0;34m[2025-07-29 10:35:55][0m Starting sync-automation...
[0;32m[2025-07-29 10:35:55] SUCCESS:[0m sync-automation started with PID: 33992
[0;34m[2025-07-29 10:35:55][0m Starting cursor-chat...
[0;32m[2025-07-29 10:35:55] SUCCESS:[0m cursor-chat started with PID: 34017
[0;34m[2025-07-29 10:35:55][0m Starting error-monitor...
[0;32m[2025-07-29 10:35:56] SUCCESS:[0m error-monitor started with PID: 34057
[0;32m[2025-07-29 10:35:56] SUCCESS:[0m All automation services started
[0;34m[2025-07-29 10:36:12][0m Starting Master Automation System...
[0;34m[2025-07-29 10:36:12][0m Service git-monitor is already running (PID: 33904)
[0;34m[2025-07-29 10:36:12][0m Starting build-monitor...
[0;32m[2025-07-29 10:36:12] SUCCESS:[0m build-monitor started with PID: 34937
[0;34m[2025-07-29 10:36:12][0m Starting error-fixer...
[0;32m[2025-07-29 10:36:13] SUCCESS:[0m error-fixer started with PID: 34990
[0;34m[2025-07-29 10:36:13][0m Starting health-monitor...
[0;32m[2025-07-29 10:36:13] SUCCESS:[0m health-monitor started with PID: 35037
[0;34m[2025-07-29 10:36:13][0m Starting sync-automation...
[0;32m[2025-07-29 10:36:13] SUCCESS:[0m sync-automation started with PID: 35084
[0;34m[2025-07-29 10:36:14][0m Starting cursor-chat...
[0;32m[2025-07-29 10:36:14] SUCCESS:[0m cursor-chat started with PID: 35117
[0;34m[2025-07-29 10:36:14][0m Starting error-monitor...
[0;32m[2025-07-29 10:36:14] SUCCESS:[0m error-monitor started with PID: 35193
[0;32m[2025-07-29 10:36:15] SUCCESS:[0m All automation services started
[0;34m[2025-07-29 10:38:13][0m Starting Master Automation System...
[0;34m[2025-07-29 10:38:13][0m Starting git-monitor...
[0;32m[2025-07-29 10:38:13] SUCCESS:[0m git-monitor started with PID: 43350
[0;34m[2025-07-29 10:38:13][0m Starting build-monitor...
[0;32m[2025-07-29 10:38:14] SUCCESS:[0m build-monitor started with PID: 43421
[0;34m[2025-07-29 10:38:14][0m Starting error-fixer...
[0;32m[2025-07-29 10:38:14] SUCCESS:[0m error-fixer started with PID: 43447
[0;34m[2025-07-29 10:38:14][0m Starting health-monitor...
[0;32m[2025-07-29 10:38:15] SUCCESS:[0m health-monitor started with PID: 43509
[0;34m[2025-07-29 10:38:15][0m Starting sync-automation...
[0;32m[2025-07-29 10:38:16] SUCCESS:[0m sync-automation started with PID: 43543
[0;34m[2025-07-29 10:38:16][0m Starting cursor-chat...
[0;32m[2025-07-29 10:38:16] SUCCESS:[0m cursor-chat started with PID: 43582
[0;34m[2025-07-29 10:38:16][0m Starting error-monitor...
[0;32m[2025-07-29 10:38:17] SUCCESS:[0m error-monitor started with PID: 43646
[0;32m[2025-07-29 10:38:17] SUCCESS:[0m All automation services started
[0;34m[2025-07-29 10:38:43][0m Starting Master Automation System...
[0;34m[2025-07-29 10:38:43][0m Service git-monitor is already running (PID: 43350)
[0;34m[2025-07-29 10:38:43][0m Starting build-monitor...
[0;32m[2025-07-29 10:38:44] SUCCESS:[0m build-monitor started with PID: 49433
[0;34m[2025-07-29 10:38:45][0m Starting error-fixer...
[0;32m[2025-07-29 10:38:45] SUCCESS:[0m error-fixer started with PID: 50269
[0;34m[2025-07-29 10:38:46][0m Starting health-monitor...
[0;32m[2025-07-29 10:38:46] SUCCESS:[0m health-monitor started with PID: 50550
[0;34m[2025-07-29 10:38:46][0m Starting sync-automation...
[0;32m[2025-07-29 10:38:47] SUCCESS:[0m sync-automation started with PID: 50703
[0;34m[2025-07-29 10:38:47][0m Starting cursor-chat...
[0;32m[2025-07-29 10:38:47] SUCCESS:[0m cursor-chat started with PID: 50909
[0;34m[2025-07-29 10:38:47][0m Starting error-monitor...
[0;32m[2025-07-29 10:38:48] SUCCESS:[0m error-monitor started with PID: 51191
[0;32m[2025-07-29 10:38:48] SUCCESS:[0m All automation services started
[0;34m[2025-07-29 10:39:13][0m Starting Master Automation System...
[0;34m[2025-07-29 10:39:13][0m Service git-monitor is already running (PID: 43350)
[0;34m[2025-07-29 10:39:13][0m Starting build-monitor...
[0;32m[2025-07-29 10:39:13] SUCCESS:[0m build-monitor started with PID: 54779
[0;34m[2025-07-29 10:39:13][0m Starting error-fixer...
[0;32m[2025-07-29 10:39:14] SUCCESS:[0m error-fixer started with PID: 54879
[0;34m[2025-07-29 10:39:14][0m Starting health-monitor...
[0;32m[2025-07-29 10:39:14] SUCCESS:[0m health-monitor started with PID: 54922
[0;34m[2025-07-29 10:39:14][0m Starting sync-automation...
[0;32m[2025-07-29 10:39:14] SUCCESS:[0m sync-automation started with PID: 54963
[0;34m[2025-07-29 10:39:14][0m Starting cursor-chat...
[0;32m[2025-07-29 10:39:14] SUCCESS:[0m cursor-chat started with PID: 54984
[0;34m[2025-07-29 10:39:14][0m Starting error-monitor...
[0;32m[2025-07-29 10:39:15] SUCCESS:[0m error-monitor started with PID: 55012
[0;32m[2025-07-29 10:39:15] SUCCESS:[0m All automation services started
[0;34m[2025-07-29 10:39:43][0m Starting Master Automation System...
[0;34m[2025-07-29 10:39:43][0m Service git-monitor is already running (PID: 43350)
[0;34m[2025-07-29 10:39:44][0m Starting build-monitor...
[0;32m[2025-07-29 10:39:44] SUCCESS:[0m build-monitor started with PID: 56798
[0;34m[2025-07-29 10:39:44][0m Starting error-fixer...
[0;32m[2025-07-29 10:39:44] SUCCESS:[0m error-fixer started with PID: 56993
[0;34m[2025-07-29 10:39:45][0m Starting health-monitor...
[0;32m[2025-07-29 10:39:45] SUCCESS:[0m health-monitor started with PID: 57121
[0;34m[2025-07-29 10:39:45][0m Starting sync-automation...
[0;32m[2025-07-29 10:39:46] SUCCESS:[0m sync-automation started with PID: 57180
[0;34m[2025-07-29 10:39:46][0m Starting cursor-chat...
[0;32m[2025-07-29 10:39:46] SUCCESS:[0m cursor-chat started with PID: 57207
[0;34m[2025-07-29 10:39:46][0m Starting error-monitor...
[0;32m[2025-07-29 10:39:47] SUCCESS:[0m error-monitor started with PID: 57297
[0;32m[2025-07-29 10:39:47] SUCCESS:[0m All automation services started
[0;34m[2025-07-29 10:46:50][0m Starting Master Automation System...
[0;34m[2025-07-29 10:46:51][0m Starting git-monitor...
[0;32m[2025-07-29 10:46:51] SUCCESS:[0m git-monitor started with PID: 98442
[0;34m[2025-07-29 10:46:51][0m Starting build-monitor...
[0;32m[2025-07-29 10:46:51] SUCCESS:[0m build-monitor started with PID: 98536
[0;34m[2025-07-29 10:46:51][0m Starting error-fixer...
[0;32m[2025-07-29 10:46:51] SUCCESS:[0m error-fixer started with PID: 98617
[0;34m[2025-07-29 10:46:51][0m Starting health-monitor...
[0;32m[2025-07-29 10:46:51] SUCCESS:[0m health-monitor started with PID: 98702
[0;34m[2025-07-29 10:46:51][0m Starting sync-automation...
[0;32m[2025-07-29 10:46:52] SUCCESS:[0m sync-automation started with PID: 98721
[0;34m[2025-07-29 10:46:52][0m Starting cursor-chat...
[0;32m[2025-07-29 10:46:52] SUCCESS:[0m cursor-chat started with PID: 98749
[0;34m[2025-07-29 10:46:52][0m Starting error-monitor...
[0;32m[2025-07-29 10:46:53] SUCCESS:[0m error-monitor started with PID: 98782
[0;32m[2025-07-29 10:46:53] SUCCESS:[0m All automation services started
[0;34m[2025-07-29 10:51:55][0m Starting Master Automation System...
[0;34m[2025-07-29 10:51:55][0m Starting git-monitor...
[0;32m[2025-07-29 10:51:56] SUCCESS:[0m git-monitor started with PID: 22132
[0;34m[2025-07-29 10:51:56][0m Starting build-monitor...
[0;32m[2025-07-29 10:51:56] SUCCESS:[0m build-monitor started with PID: 22150
[0;34m[2025-07-29 10:51:56][0m Starting error-fixer...
[0;32m[2025-07-29 10:51:56] SUCCESS:[0m error-fixer started with PID: 22179
[0;34m[2025-07-29 10:51:56][0m Starting health-monitor...
[0;32m[2025-07-29 10:51:56] SUCCESS:[0m health-monitor started with PID: 22218
[0;34m[2025-07-29 10:51:57][0m Starting sync-automation...
[0;32m[2025-07-29 10:51:57] SUCCESS:[0m sync-automation started with PID: 22249
[0;34m[2025-07-29 10:51:57][0m Starting cursor-chat...
[0;32m[2025-07-29 10:51:58] SUCCESS:[0m cursor-chat started with PID: 22285
[0;34m[2025-07-29 10:51:59][0m Starting error-monitor...
[0;32m[2025-07-29 10:51:59] SUCCESS:[0m error-monitor started with PID: 22343
[0;32m[2025-07-29 10:51:59] SUCCESS:[0m All automation services started
[0;34m[2025-07-29 10:52:56][0m Starting Master Automation System...
[0;34m[2025-07-29 10:52:56][0m Starting git-monitor...
[0;32m[2025-07-29 10:52:56] SUCCESS:[0m git-monitor started with PID: 26556
[0;34m[2025-07-29 10:52:56][0m Starting build-monitor...
[0;32m[2025-07-29 10:52:57] SUCCESS:[0m build-monitor started with PID: 26572
[0;34m[2025-07-29 10:52:57][0m Starting error-fixer...
[0;32m[2025-07-29 10:52:58] SUCCESS:[0m error-fixer started with PID: 26617
[0;34m[2025-07-29 10:52:58][0m Starting health-monitor...
[0;32m[2025-07-29 10:52:58] SUCCESS:[0m health-monitor started with PID: 26772
[0;34m[2025-07-29 10:52:58][0m Starting sync-automation...
[0;32m[2025-07-29 10:52:59] SUCCESS:[0m sync-automation started with PID: 26802
[0;34m[2025-07-29 10:52:59][0m Starting cursor-chat...
[0;32m[2025-07-29 10:52:59] SUCCESS:[0m cursor-chat started with PID: 26829
[0;34m[2025-07-29 10:52:59][0m Starting error-monitor...
[0;32m[2025-07-29 10:53:00] SUCCESS:[0m error-monitor started with PID: 26862
[0;32m[2025-07-29 10:53:01] SUCCESS:[0m All automation services started
[0;34m[2025-07-29 10:55:59][0m Starting Master Automation System...
[0;34m[2025-07-29 10:55:59][0m Starting git-monitor...
[0;32m[2025-07-29 10:55:59] SUCCESS:[0m git-monitor started with PID: 40948
[0;34m[2025-07-29 10:55:59][0m Starting build-monitor...
[0;32m[2025-07-29 10:56:00] SUCCESS:[0m build-monitor started with PID: 40984
[0;34m[2025-07-29 10:56:00][0m Starting error-fixer...
[0;32m[2025-07-29 10:56:01] SUCCESS:[0m error-fixer started with PID: 41053
[0;34m[2025-07-29 10:56:01][0m Starting health-monitor...
[0;32m[2025-07-29 10:56:01] SUCCESS:[0m health-monitor started with PID: 41115
[0;34m[2025-07-29 10:56:01][0m Starting sync-automation...
[0;32m[2025-07-29 10:56:02] SUCCESS:[0m sync-automation started with PID: 41156
[0;34m[2025-07-29 10:56:03][0m Starting cursor-chat...
[0;32m[2025-07-29 10:56:03] SUCCESS:[0m cursor-chat started with PID: 41267
[0;34m[2025-07-29 10:56:03][0m Starting error-monitor...
[0;32m[2025-07-29 10:56:03] SUCCESS:[0m error-monitor started with PID: 41306
[0;32m[2025-07-29 10:56:03] SUCCESS:[0m All automation services started
[0;34m[2025-07-29 10:59:03][0m Starting Master Automation System...
[0;34m[2025-07-29 10:59:03][0m Starting git-monitor...
[0;32m[2025-07-29 10:59:03] SUCCESS:[0m git-monitor started with PID: 54650
[0;34m[2025-07-29 10:59:03][0m Starting build-monitor...
[0;32m[2025-07-29 10:59:03] SUCCESS:[0m build-monitor started with PID: 54669
[0;34m[2025-07-29 10:59:03][0m Starting error-fixer...
[0;32m[2025-07-29 10:59:03] SUCCESS:[0m error-fixer started with PID: 54683
[0;34m[2025-07-29 10:59:03][0m Starting health-monitor...
[0;32m[2025-07-29 10:59:04] SUCCESS:[0m health-monitor started with PID: 54705
[0;34m[2025-07-29 10:59:04][0m Starting sync-automation...
[0;32m[2025-07-29 10:59:04] SUCCESS:[0m sync-automation started with PID: 54744
[0;34m[2025-07-29 10:59:04][0m Starting cursor-chat...
[0;32m[2025-07-29 10:59:05] SUCCESS:[0m cursor-chat started with PID: 54767
[0;34m[2025-07-29 10:59:05][0m Starting error-monitor...
[0;32m[2025-07-29 10:59:05] SUCCESS:[0m error-monitor started with PID: 54790
[0;32m[2025-07-29 10:59:05] SUCCESS:[0m All automation services started
[0;34m[2025-07-29 11:00:05][0m Starting Master Automation System...
[0;34m[2025-07-29 11:00:05][0m Starting git-monitor...
[0;32m[2025-07-29 11:00:06] SUCCESS:[0m git-monitor started with PID: 59267
[0;34m[2025-07-29 11:00:06][0m Starting build-monitor...
[0;32m[2025-07-29 11:00:07] SUCCESS:[0m build-monitor started with PID: 59294
[0;34m[2025-07-29 11:00:07][0m Starting error-fixer...
[0;32m[2025-07-29 11:00:07] SUCCESS:[0m error-fixer started with PID: 59318
[0;34m[2025-07-29 11:00:07][0m Starting health-monitor...
[0;32m[2025-07-29 11:00:08] SUCCESS:[0m health-monitor started with PID: 59335
[0;34m[2025-07-29 11:00:08][0m Starting sync-automation...
[0;32m[2025-07-29 11:00:08] SUCCESS:[0m sync-automation started with PID: 59350
[0;34m[2025-07-29 11:00:08][0m Starting cursor-chat...
[0;32m[2025-07-29 11:00:08] SUCCESS:[0m cursor-chat started with PID: 59366
[0;34m[2025-07-29 11:00:09][0m Starting error-monitor...
[0;32m[2025-07-29 11:00:09] SUCCESS:[0m error-monitor started with PID: 59402
[0;32m[2025-07-29 11:00:09] SUCCESS:[0m All automation services started
[0;34m[2025-07-29 11:00:39][0m Starting Master Automation System...
[0;34m[2025-07-29 11:00:39][0m Service git-monitor is already running (PID: 59267)
[0;34m[2025-07-29 11:00:40][0m Starting build-monitor...
[0;32m[2025-07-29 11:00:40] SUCCESS:[0m build-monitor started with PID: 61193
[0;34m[2025-07-29 11:00:41][0m Starting error-fixer...
[0;32m[2025-07-29 11:00:42] SUCCESS:[0m error-fixer started with PID: 61475
[0;34m[2025-07-29 11:00:42][0m Starting health-monitor...
[0;32m[2025-07-29 11:00:42] SUCCESS:[0m health-monitor started with PID: 61496
[0;34m[2025-07-29 11:00:43][0m Starting sync-automation...
[0;32m[2025-07-29 11:00:43] SUCCESS:[0m sync-automation started with PID: 61578
[0;34m[2025-07-29 11:00:44][0m Starting cursor-chat...
[0;32m[2025-07-29 11:00:44] SUCCESS:[0m cursor-chat started with PID: 61727
[0;34m[2025-07-29 11:00:44][0m Starting error-monitor...
[0;32m[2025-07-29 11:00:45] SUCCESS:[0m error-monitor started with PID: 61753
[0;32m[2025-07-29 11:00:45] SUCCESS:[0m All automation services started
[0;34m[2025-07-29 11:01:06][0m Starting Master Automation System...
[0;34m[2025-07-29 11:01:06][0m Service git-monitor is already running (PID: 59267)
[0;34m[2025-07-29 11:01:06][0m Starting build-monitor...
[0;32m[2025-07-29 11:01:06] SUCCESS:[0m build-monitor started with PID: 62717
[0;34m[2025-07-29 11:01:06][0m Starting error-fixer...
[0;32m[2025-07-29 11:01:06] SUCCESS:[0m error-fixer started with PID: 62731
[0;34m[2025-07-29 11:01:06][0m Starting health-monitor...
[0;32m[2025-07-29 11:01:07] SUCCESS:[0m health-monitor started with PID: 62748
[0;34m[2025-07-29 11:01:07][0m Starting sync-automation...
[0;32m[2025-07-29 11:01:07] SUCCESS:[0m sync-automation started with PID: 62765
[0;34m[2025-07-29 11:01:07][0m Starting cursor-chat...
[0;32m[2025-07-29 11:01:08] SUCCESS:[0m cursor-chat started with PID: 62841
[0;34m[2025-07-29 11:01:08][0m Starting error-monitor...
[0;32m[2025-07-29 11:01:10] SUCCESS:[0m error-monitor started with PID: 62866
[0;32m[2025-07-29 11:01:10] SUCCESS:[0m All automation services started
[0;34m[2025-07-29 11:01:39][0m Starting Master Automation System...
[0;34m[2025-07-29 11:01:40][0m Service git-monitor is already running (PID: 59267)
[0;34m[2025-07-29 11:01:40][0m Starting build-monitor...
[0;32m[2025-07-29 11:01:40] SUCCESS:[0m build-monitor started with PID: 65529
[0;34m[2025-07-29 11:01:40][0m Starting error-fixer...
[0;32m[2025-07-29 11:01:40] SUCCESS:[0m error-fixer started with PID: 65547
[0;34m[2025-07-29 11:01:41][0m Starting health-monitor...
[0;32m[2025-07-29 11:01:41] SUCCESS:[0m health-monitor started with PID: 65566
[0;34m[2025-07-29 11:01:41][0m Starting sync-automation...
[0;32m[2025-07-29 11:01:43] SUCCESS:[0m sync-automation started with PID: 65707
[0;34m[2025-07-29 11:01:44][0m Starting cursor-chat...
[0;32m[2025-07-29 11:01:44] SUCCESS:[0m cursor-chat started with PID: 65823
[0;34m[2025-07-29 11:01:46][0m Starting error-monitor...
[0;32m[2025-07-29 11:01:46] SUCCESS:[0m error-monitor started with PID: 65924
[0;32m[2025-07-29 11:01:46] SUCCESS:[0m All automation services started
[0;34m[2025-07-29 11:02:06][0m Starting Master Automation System...
[0;34m[2025-07-29 11:02:06][0m Starting git-monitor...
[0;32m[2025-07-29 11:02:06] SUCCESS:[0m git-monitor started with PID: 67084
[0;34m[2025-07-29 11:02:06][0m Starting build-monitor...
[0;32m[2025-07-29 11:02:06] SUCCESS:[0m build-monitor started with PID: 67099
[0;34m[2025-07-29 11:02:06][0m Starting error-fixer...
[0;32m[2025-07-29 11:02:07] SUCCESS:[0m error-fixer started with PID: 67119
[0;34m[2025-07-29 11:02:07][0m Starting health-monitor...
[0;32m[2025-07-29 11:02:07] SUCCESS:[0m health-monitor started with PID: 67136
[0;34m[2025-07-29 11:02:07][0m Starting sync-automation...
[0;32m[2025-07-29 11:02:07] SUCCESS:[0m sync-automation started with PID: 67164
[0;34m[2025-07-29 11:02:07][0m Starting cursor-chat...
[0;32m[2025-07-29 11:02:08] SUCCESS:[0m cursor-chat started with PID: 67193
[0;34m[2025-07-29 11:02:08][0m Starting error-monitor...
[0;32m[2025-07-29 11:02:08] SUCCESS:[0m error-monitor started with PID: 67222
[0;32m[2025-07-29 11:02:08] SUCCESS:[0m All automation services started
[0;34m[2025-07-29 11:02:37][0m Starting Master Automation System...
[0;34m[2025-07-29 11:02:37][0m Service git-monitor is already running (PID: 67084)
[0;34m[2025-07-29 11:02:38][0m Starting build-monitor...
[0;32m[2025-07-29 11:02:38] SUCCESS:[0m build-monitor started with PID: 68251
[0;34m[2025-07-29 11:02:38][0m Starting error-fixer...
[0;32m[2025-07-29 11:02:38] SUCCESS:[0m error-fixer started with PID: 68267
[0;34m[2025-07-29 11:02:38][0m Starting health-monitor...
[0;32m[2025-07-29 11:02:39] SUCCESS:[0m health-monitor started with PID: 68285
[0;34m[2025-07-29 11:02:39][0m Starting sync-automation...
[0;32m[2025-07-29 11:02:39] SUCCESS:[0m sync-automation started with PID: 68304
[0;34m[2025-07-29 11:02:39][0m Starting cursor-chat...
[0;32m[2025-07-29 11:02:39] SUCCESS:[0m cursor-chat started with PID: 68320
[0;34m[2025-07-29 11:02:41][0m Starting error-monitor...
[0;32m[2025-07-29 11:02:41] SUCCESS:[0m error-monitor started with PID: 68361
[0;32m[2025-07-29 11:02:41] SUCCESS:[0m All automation services started
[0;34m[2025-07-29 11:03:07][0m Starting Master Automation System...
[0;34m[2025-07-29 11:03:07][0m Starting git-monitor...
[0;32m[2025-07-29 11:03:08] SUCCESS:[0m git-monitor started with PID: 69680
[0;34m[2025-07-29 11:03:08][0m Starting build-monitor...
[0;32m[2025-07-29 11:03:08] SUCCESS:[0m build-monitor started with PID: 69693
[0;34m[2025-07-29 11:03:08][0m Starting error-fixer...
[0;32m[2025-07-29 11:03:09] SUCCESS:[0m error-fixer started with PID: 69773
[0;34m[2025-07-29 11:03:09][0m Starting health-monitor...
[0;32m[2025-07-29 11:03:09] SUCCESS:[0m health-monitor started with PID: 69807
[0;34m[2025-07-29 11:03:09][0m Starting sync-automation...
[0;32m[2025-07-29 11:03:10] SUCCESS:[0m sync-automation started with PID: 69898
[0;34m[2025-07-29 11:03:10][0m Starting cursor-chat...
[0;32m[2025-07-29 11:03:10] SUCCESS:[0m cursor-chat started with PID: 69924
[0;34m[2025-07-29 11:03:10][0m Starting error-monitor...
[0;32m[2025-07-29 11:03:11] SUCCESS:[0m error-monitor started with PID: 69984
[0;32m[2025-07-29 11:03:11] SUCCESS:[0m All automation services started
[0;34m[2025-07-29 11:03:41][0m Starting Master Automation System...
[0;34m[2025-07-29 11:03:41][0m Service git-monitor is already running (PID: 69680)
[0;34m[2025-07-29 11:03:42][0m Starting build-monitor...
[0;32m[2025-07-29 11:03:43] SUCCESS:[0m build-monitor started with PID: 71350
[0;34m[2025-07-29 11:03:43][0m Starting error-fixer...
[0;32m[2025-07-29 11:03:44] SUCCESS:[0m error-fixer started with PID: 71386
[0;34m[2025-07-29 11:03:44][0m Starting health-monitor...
[0;32m[2025-07-29 11:03:45] SUCCESS:[0m health-monitor started with PID: 71425
[0;34m[2025-07-29 11:03:45][0m Starting sync-automation...
[0;32m[2025-07-29 11:03:46] SUCCESS:[0m sync-automation started with PID: 71473
[0;34m[2025-07-29 11:03:46][0m Starting cursor-chat...
[0;32m[2025-07-29 11:03:46] SUCCESS:[0m cursor-chat started with PID: 71493
[0;34m[2025-07-29 11:03:46][0m Starting error-monitor...
[0;32m[2025-07-29 11:03:47] SUCCESS:[0m error-monitor started with PID: 71561
[0;32m[2025-07-29 11:03:47] SUCCESS:[0m All automation services started
[0;34m[2025-07-29 11:04:08][0m Starting Master Automation System...
[0;34m[2025-07-29 11:04:08][0m Starting git-monitor...
[0;32m[2025-07-29 11:04:08] SUCCESS:[0m git-monitor started with PID: 72325
[0;34m[2025-07-29 11:04:08][0m Starting build-monitor...
[0;32m[2025-07-29 11:04:08] SUCCESS:[0m build-monitor started with PID: 72341
[0;34m[2025-07-29 11:04:08][0m Starting error-fixer...
[0;32m[2025-07-29 11:04:08] SUCCESS:[0m error-fixer started with PID: 72360
[0;34m[2025-07-29 11:04:08][0m Starting health-monitor...
[0;32m[2025-07-29 11:04:09] SUCCESS:[0m health-monitor started with PID: 72386
[0;34m[2025-07-29 11:04:09][0m Starting sync-automation...
[0;32m[2025-07-29 11:04:09] SUCCESS:[0m sync-automation started with PID: 72413
[0;34m[2025-07-29 11:04:09][0m Starting cursor-chat...
[0;32m[2025-07-29 11:04:10] SUCCESS:[0m cursor-chat started with PID: 72447
[0;34m[2025-07-29 11:04:10][0m Starting error-monitor...
[0;32m[2025-07-29 11:04:10] SUCCESS:[0m error-monitor started with PID: 72478
[0;32m[2025-07-29 11:04:10] SUCCESS:[0m All automation services started
[0;34m[2025-07-29 11:04:40][0m Starting Master Automation System...
[0;34m[2025-07-29 11:04:40][0m Service git-monitor is already running (PID: 72325)
[0;34m[2025-07-29 11:04:40][0m Starting build-monitor...
[0;32m[2025-07-29 11:04:40] SUCCESS:[0m build-monitor started with PID: 73282
[0;34m[2025-07-29 11:04:40][0m Starting error-fixer...
[0;32m[2025-07-29 11:04:41] SUCCESS:[0m error-fixer started with PID: 73302
[0;34m[2025-07-29 11:04:42][0m Starting health-monitor...
[0;32m[2025-07-29 11:04:43] SUCCESS:[0m health-monitor started with PID: 73348
[0;34m[2025-07-29 11:04:43][0m Starting sync-automation...
[0;32m[2025-07-29 11:04:44] SUCCESS:[0m sync-automation started with PID: 73453
[0;34m[2025-07-29 11:04:44][0m Starting cursor-chat...
[0;32m[2025-07-29 11:04:44] SUCCESS:[0m cursor-chat started with PID: 73481
[0;34m[2025-07-29 11:04:44][0m Starting error-monitor...
[0;32m[2025-07-29 11:04:45] SUCCESS:[0m error-monitor started with PID: 73529
[0;32m[2025-07-29 11:04:45] SUCCESS:[0m All automation services started
[0;34m[2025-07-29 11:06:10][0m Starting Master Automation System...
[0;34m[2025-07-29 11:06:11][0m Starting git-monitor...
[0;32m[2025-07-29 11:06:11] SUCCESS:[0m git-monitor started with PID: 78243
[0;34m[2025-07-29 11:06:11][0m Starting build-monitor...
[0;32m[2025-07-29 11:06:12] SUCCESS:[0m build-monitor started with PID: 78261
[0;34m[2025-07-29 11:06:12][0m Starting error-fixer...
[0;32m[2025-07-29 11:06:12] SUCCESS:[0m error-fixer started with PID: 78326
[0;34m[2025-07-29 11:06:12][0m Starting health-monitor...
[0;32m[2025-07-29 11:06:13] SUCCESS:[0m health-monitor started with PID: 78350
[0;34m[2025-07-29 11:06:13][0m Starting sync-automation...
[0;32m[2025-07-29 11:06:14] SUCCESS:[0m sync-automation started with PID: 78434
[0;34m[2025-07-29 11:06:14][0m Starting cursor-chat...
[0;32m[2025-07-29 11:06:14] SUCCESS:[0m cursor-chat started with PID: 78482
[0;34m[2025-07-29 11:06:14][0m Starting error-monitor...
[0;32m[2025-07-29 11:06:16] SUCCESS:[0m error-monitor started with PID: 78511
[0;32m[2025-07-29 11:06:16] SUCCESS:[0m All automation services started
[0;34m[2025-07-29 11:06:42][0m Starting Master Automation System...
[0;34m[2025-07-29 11:06:43][0m Service git-monitor is already running (PID: 78243)
[0;34m[2025-07-29 11:06:43][0m Starting build-monitor...
[0;32m[2025-07-29 11:06:43] SUCCESS:[0m build-monitor started with PID: 79916
[0;34m[2025-07-29 11:06:44][0m Starting error-fixer...
[0;32m[2025-07-29 11:06:44] SUCCESS:[0m error-fixer started with PID: 80099
[0;34m[2025-07-29 11:06:44][0m Starting health-monitor...
[0;32m[2025-07-29 11:06:45] SUCCESS:[0m health-monitor started with PID: 80122
[0;34m[2025-07-29 11:06:45][0m Starting sync-automation...
[0;32m[2025-07-29 11:06:45] SUCCESS:[0m sync-automation started with PID: 80212
[0;34m[2025-07-29 11:06:46][0m Starting cursor-chat...
[0;32m[2025-07-29 11:06:48] SUCCESS:[0m cursor-chat started with PID: 80279
[0;34m[2025-07-29 11:06:48][0m Starting error-monitor...
[0;32m[2025-07-29 11:06:48] SUCCESS:[0m error-monitor started with PID: 80440
[0;32m[2025-07-29 11:06:48] SUCCESS:[0m All automation services started
[0;34m[2025-07-29 11:07:13][0m Starting Master Automation System...
[0;34m[2025-07-29 11:07:14][0m Service git-monitor is already running (PID: 78243)
[0;34m[2025-07-29 11:07:14][0m Starting build-monitor...
[0;32m[2025-07-29 11:07:14] SUCCESS:[0m build-monitor started with PID: 81784
[0;34m[2025-07-29 11:07:14][0m Starting error-fixer...
[0;32m[2025-07-29 11:07:15] SUCCESS:[0m error-fixer started with PID: 81807
[0;34m[2025-07-29 11:07:15][0m Starting health-monitor...
[0;32m[2025-07-29 11:07:15] SUCCESS:[0m health-monitor started with PID: 81872
[0;34m[2025-07-29 11:07:15][0m Starting sync-automation...
[0;32m[2025-07-29 11:07:15] SUCCESS:[0m sync-automation started with PID: 81903
[0;34m[2025-07-29 11:07:16][0m Starting cursor-chat...
[0;32m[2025-07-29 11:07:16] SUCCESS:[0m cursor-chat started with PID: 81962
[0;34m[2025-07-29 11:07:16][0m Starting error-monitor...
[0;32m[2025-07-29 11:07:16] SUCCESS:[0m error-monitor started with PID: 82012
[0;32m[2025-07-29 11:07:17] SUCCESS:[0m All automation services started
[0;34m[2025-07-29 11:07:50][0m Starting Master Automation System...
[0;34m[2025-07-29 11:07:51][0m Starting git-monitor...
[0;32m[2025-07-29 11:07:58] SUCCESS:[0m git-monitor started with PID: 83241
[0;34m[2025-07-29 11:08:00][0m Starting build-monitor...
[0;32m[2025-07-29 11:08:01] SUCCESS:[0m build-monitor started with PID: 83319
[0;34m[2025-07-29 11:08:01][0m Starting error-fixer...
[0;32m[2025-07-29 11:08:02] SUCCESS:[0m error-fixer started with PID: 83357
[0;34m[2025-07-29 11:08:02][0m Starting health-monitor...
[0;32m[2025-07-29 11:08:03] SUCCESS:[0m health-monitor started with PID: 83466
[0;34m[2025-07-29 11:08:03][0m Starting sync-automation...
[0;32m[2025-07-29 11:08:03] SUCCESS:[0m sync-automation started with PID: 83502
[0;34m[2025-07-29 11:08:04][0m Starting cursor-chat...
[0;32m[2025-07-29 11:08:07] SUCCESS:[0m cursor-chat started with PID: 83580
[0;34m[2025-07-29 11:08:08][0m Starting error-monitor...
[0;32m[2025-07-29 11:08:10] SUCCESS:[0m error-monitor started with PID: 83816
[0;32m[2025-07-29 11:08:10] SUCCESS:[0m All automation services started
[0;34m[2025-07-29 11:08:11][0m Starting Master Automation System...
[0;34m[2025-07-29 11:08:11][0m Service git-monitor is already running (PID: 83241)
[0;34m[2025-07-29 11:08:11][0m Starting build-monitor...
[0;32m[2025-07-29 11:08:11] SUCCESS:[0m build-monitor started with PID: 83895
[0;34m[2025-07-29 11:08:11][0m Starting error-fixer...
[0;32m[2025-07-29 11:08:12] SUCCESS:[0m error-fixer started with PID: 83916
[0;34m[2025-07-29 11:08:12][0m Starting health-monitor...
[0;32m[2025-07-29 11:08:12] SUCCESS:[0m health-monitor started with PID: 83946
[0;34m[2025-07-29 11:08:12][0m Starting sync-automation...
[0;32m[2025-07-29 11:08:12] SUCCESS:[0m sync-automation started with PID: 84093
[0;34m[2025-07-29 11:08:12][0m Starting cursor-chat...
[0;32m[2025-07-29 11:08:14] SUCCESS:[0m cursor-chat started with PID: 84109
[0;34m[2025-07-29 11:08:15][0m Starting error-monitor...
[0;32m[2025-07-29 11:08:16] SUCCESS:[0m error-monitor started with PID: 84237
[0;32m[2025-07-29 11:08:16] SUCCESS:[0m All automation services started
[0;34m[2025-07-29 11:08:54][0m Starting Master Automation System...
[0;34m[2025-07-29 11:08:57][0m Service git-monitor is already running (PID: 83241)
[0;34m[2025-07-29 11:09:00][0m Starting build-monitor...
[0;32m[2025-07-29 11:09:00] SUCCESS:[0m build-monitor started with PID: 86790
[0;34m[2025-07-29 11:09:00][0m Starting error-fixer...
[0;32m[2025-07-29 11:09:01] SUCCESS:[0m error-fixer started with PID: 86823
[0;34m[2025-07-29 11:09:01][0m Starting health-monitor...
[0;32m[2025-07-29 11:09:03] SUCCESS:[0m health-monitor started with PID: 86856
[0;34m[2025-07-29 11:09:03][0m Starting sync-automation...
[0;32m[2025-07-29 11:09:04] SUCCESS:[0m sync-automation started with PID: 86944
[0;34m[2025-07-29 11:09:04][0m Starting cursor-chat...
[0;32m[2025-07-29 11:09:08] SUCCESS:[0m cursor-chat started with PID: 86967
[0;34m[2025-07-29 11:09:08][0m Starting error-monitor...
[0;32m[2025-07-29 11:09:09] SUCCESS:[0m error-monitor started with PID: 87123
[0;32m[2025-07-29 11:09:13] SUCCESS:[0m All automation services started
[0;34m[2025-07-29 11:09:13][0m Starting Master Automation System...
[0;34m[2025-07-29 11:09:13][0m Service git-monitor is already running (PID: 83241)
[0;34m[2025-07-29 11:09:13][0m Starting build-monitor...
[0;32m[2025-07-29 11:09:14] SUCCESS:[0m build-monitor started with PID: 87307
[0;34m[2025-07-29 11:09:14][0m Starting error-fixer...
[0;32m[2025-07-29 11:09:14] SUCCESS:[0m error-fixer started with PID: 87348
[0;34m[2025-07-29 11:09:14][0m Starting health-monitor...
[0;32m[2025-07-29 11:09:15] SUCCESS:[0m health-monitor started with PID: 87375
[0;34m[2025-07-29 11:09:15][0m Starting sync-automation...
[0;32m[2025-07-29 11:09:15] SUCCESS:[0m sync-automation started with PID: 87400
[0;34m[2025-07-29 11:09:15][0m Starting cursor-chat...
[0;32m[2025-07-29 11:09:16] SUCCESS:[0m cursor-chat started with PID: 87413
[0;34m[2025-07-29 11:09:16][0m Starting error-monitor...
[0;32m[2025-07-29 11:09:17] SUCCESS:[0m error-monitor started with PID: 87725
[0;32m[2025-07-29 11:09:17] SUCCESS:[0m All automation services started
[0;34m[2025-07-29 11:09:43][0m Starting Master Automation System...
[0;34m[2025-07-29 11:09:44][0m Starting git-monitor...
[0;32m[2025-07-29 11:09:45] SUCCESS:[0m git-monitor started with PID: 89013
[0;34m[2025-07-29 11:09:45][0m Starting build-monitor...
[0;32m[2025-07-29 11:09:46] SUCCESS:[0m build-monitor started with PID: 89065
[0;34m[2025-07-29 11:09:46][0m Starting error-fixer...
[0;32m[2025-07-29 11:09:47] SUCCESS:[0m error-fixer started with PID: 89101
[0;34m[2025-07-29 11:09:47][0m Starting health-monitor...
[0;32m[2025-07-29 11:09:47] SUCCESS:[0m health-monitor started with PID: 89118
[0;34m[2025-07-29 11:10:16][0m Starting Master Automation System...
[0;34m[2025-07-29 11:10:16][0m Service git-monitor is already running (PID: 89013)
[0;34m[2025-07-29 11:10:16][0m Starting build-monitor...
[0;32m[2025-07-29 11:10:16] SUCCESS:[0m build-monitor started with PID: 90263
[0;34m[2025-07-29 11:10:16][0m Starting error-fixer...
[0;32m[2025-07-29 11:10:16] SUCCESS:[0m error-fixer started with PID: 90289
[0;34m[2025-07-29 11:10:16][0m Starting health-monitor...
[0;32m[2025-07-29 11:10:17] SUCCESS:[0m health-monitor started with PID: 90343
[0;34m[2025-07-29 11:10:17][0m Starting sync-automation...
[0;32m[2025-07-29 11:10:17] SUCCESS:[0m sync-automation started with PID: 90493
[0;34m[2025-07-29 11:10:17][0m Starting cursor-chat...
[0;32m[2025-07-29 11:10:17] SUCCESS:[0m cursor-chat started with PID: 90507
[0;34m[2025-07-29 11:10:18][0m Starting error-monitor...
[0;32m[2025-07-29 11:10:18] SUCCESS:[0m error-monitor started with PID: 90591
[0;32m[2025-07-29 11:10:18] SUCCESS:[0m All automation services started
[0;34m[2025-07-29 11:10:48][0m Starting Master Automation System...
[0;34m[2025-07-29 11:10:49][0m Service git-monitor is already running (PID: 89013)
[0;34m[2025-07-29 11:10:50][0m Starting build-monitor...
[0;32m[2025-07-29 11:10:50] SUCCESS:[0m build-monitor started with PID: 92182
[0;34m[2025-07-29 11:10:50][0m Starting error-fixer...
[0;32m[2025-07-29 11:10:50] SUCCESS:[0m error-fixer started with PID: 92203
[0;34m[2025-07-29 11:10:50][0m Starting health-monitor...
[0;32m[2025-07-29 11:10:50] SUCCESS:[0m health-monitor started with PID: 92220
[0;34m[2025-07-29 11:10:50][0m Starting sync-automation...
[0;32m[2025-07-29 11:10:50] SUCCESS:[0m sync-automation started with PID: 92236
[0;34m[2025-07-29 11:10:50][0m Starting cursor-chat...
[0;32m[2025-07-29 11:10:51] SUCCESS:[0m cursor-chat started with PID: 92249
[0;34m[2025-07-29 11:10:51][0m Starting error-monitor...
[0;32m[2025-07-29 11:10:51] SUCCESS:[0m error-monitor started with PID: 92271
[0;32m[2025-07-29 11:10:51] SUCCESS:[0m All automation services started
[0;34m[2025-07-29 11:11:48][0m Starting Master Automation System...
[0;34m[2025-07-29 11:11:48][0m Starting git-monitor...
[0;32m[2025-07-29 11:11:48] SUCCESS:[0m git-monitor started with PID: 94600
[0;34m[2025-07-29 11:11:48][0m Starting build-monitor...
[0;32m[2025-07-29 11:11:49] SUCCESS:[0m build-monitor started with PID: 94615
[0;34m[2025-07-29 11:11:49][0m Starting error-fixer...
[0;32m[2025-07-29 11:11:49] SUCCESS:[0m error-fixer started with PID: 94665
[0;34m[2025-07-29 11:11:49][0m Starting health-monitor...
[0;32m[2025-07-29 11:11:49] SUCCESS:[0m health-monitor started with PID: 94746
[0;34m[2025-07-29 11:11:49][0m Starting sync-automation...
[0;32m[2025-07-29 11:11:50] SUCCESS:[0m sync-automation started with PID: 94765
[0;34m[2025-07-29 11:11:50][0m Starting cursor-chat...
[0;32m[2025-07-29 11:11:50] SUCCESS:[0m cursor-chat started with PID: 94969
[0;34m[2025-07-29 11:11:51][0m Starting error-monitor...
[0;32m[2025-07-29 11:11:51] SUCCESS:[0m error-monitor started with PID: 94993
[0;32m[2025-07-29 11:11:51] SUCCESS:[0m All automation services started
[0;34m[2025-07-29 11:12:19][0m Starting Master Automation System...
[0;34m[2025-07-29 11:12:20][0m Service git-monitor is already running (PID: 94600)
[0;34m[2025-07-29 11:12:20][0m Starting build-monitor...
[0;32m[2025-07-29 11:12:23] SUCCESS:[0m build-monitor started with PID: 96228
[0;34m[2025-07-29 11:12:23][0m Starting error-fixer...
[0;32m[2025-07-29 11:12:24] SUCCESS:[0m error-fixer started with PID: 96330
[0;34m[2025-07-29 11:12:24][0m Starting health-monitor...
[0;32m[2025-07-29 11:12:24] SUCCESS:[0m health-monitor started with PID: 96389
[0;34m[2025-07-29 11:12:24][0m Starting sync-automation...
[0;32m[2025-07-29 11:12:24] SUCCESS:[0m sync-automation started with PID: 96420
[0;34m[2025-07-29 11:12:24][0m Starting cursor-chat...
[0;32m[2025-07-29 11:12:26] SUCCESS:[0m cursor-chat started with PID: 96474
[0;34m[2025-07-29 11:12:26][0m Starting error-monitor...
[0;32m[2025-07-29 11:12:26] SUCCESS:[0m error-monitor started with PID: 96492
[0;32m[2025-07-29 11:12:26] SUCCESS:[0m All automation services started
[0;34m[2025-07-29 11:12:49][0m Starting Master Automation System...
[0;34m[2025-07-29 11:12:49][0m Service git-monitor is already running (PID: 94600)
[0;34m[2025-07-29 11:12:49][0m Starting build-monitor...
[0;32m[2025-07-29 11:12:50] SUCCESS:[0m build-monitor started with PID: 97214
[0;34m[2025-07-29 11:12:50][0m Starting error-fixer...
[0;32m[2025-07-29 11:12:50] SUCCESS:[0m error-fixer started with PID: 97330
[0;34m[2025-07-29 11:12:51][0m Starting health-monitor...
[0;32m[2025-07-29 11:12:51] SUCCESS:[0m health-monitor started with PID: 97352
[0;34m[2025-07-29 11:12:51][0m Starting sync-automation...
[0;32m[2025-07-29 11:12:52] SUCCESS:[0m sync-automation started with PID: 97369
[0;34m[2025-07-29 11:12:53][0m Starting cursor-chat...
[0;32m[2025-07-29 11:12:53] SUCCESS:[0m cursor-chat started with PID: 97476
[0;34m[2025-07-29 11:12:54][0m Starting error-monitor...
[0;32m[2025-07-29 11:12:55] SUCCESS:[0m error-monitor started with PID: 97558
[0;32m[2025-07-29 11:12:56] SUCCESS:[0m All automation services started
[0;34m[2025-07-29 11:13:18][0m Starting Master Automation System...
[0;34m[2025-07-29 11:13:19][0m Starting git-monitor...
[0;32m[2025-07-29 11:13:20] SUCCESS:[0m git-monitor started with PID: 98973
[0;34m[2025-07-29 11:13:20][0m Starting build-monitor...
[0;32m[2025-07-29 11:13:20] SUCCESS:[0m build-monitor started with PID: 98990
[0;34m[2025-07-29 11:13:20][0m Starting error-fixer...
[0;32m[2025-07-29 11:13:20] SUCCESS:[0m error-fixer started with PID: 99052
[0;34m[2025-07-29 11:13:20][0m Starting health-monitor...
[0;32m[2025-07-29 11:13:22] SUCCESS:[0m health-monitor started with PID: 99117
[0;34m[2025-07-29 11:13:22][0m Starting sync-automation...
[0;32m[2025-07-29 11:13:22] SUCCESS:[0m sync-automation started with PID: 99174
[0;34m[2025-07-29 11:13:22][0m Starting cursor-chat...
[0;32m[2025-07-29 11:13:23] SUCCESS:[0m cursor-chat started with PID: 99186
[0;34m[2025-07-29 11:13:23][0m Starting error-monitor...
[0;32m[2025-07-29 11:13:23] SUCCESS:[0m error-monitor started with PID: 99213
[0;32m[2025-07-29 11:13:23] SUCCESS:[0m All automation services started
[0;34m[2025-07-29 11:13:48][0m Starting Master Automation System...
[0;34m[2025-07-29 11:13:48][0m Service git-monitor is already running (PID: 98973)
[0;34m[2025-07-29 11:13:48][0m Starting build-monitor...
[0;32m[2025-07-29 11:13:48] SUCCESS:[0m build-monitor started with PID: 1044
[0;34m[2025-07-29 11:13:48][0m Starting error-fixer...
[0;32m[2025-07-29 11:13:49] SUCCESS:[0m error-fixer started with PID: 1058
[0;34m[2025-07-29 11:13:49][0m Starting health-monitor...
[0;32m[2025-07-29 11:13:49] SUCCESS:[0m health-monitor started with PID: 1082
[0;34m[2025-07-29 11:13:49][0m Starting sync-automation...
[0;32m[2025-07-29 11:13:51] SUCCESS:[0m sync-automation started with PID: 1098
[0;34m[2025-07-29 11:13:51][0m Starting cursor-chat...
[0;32m[2025-07-29 11:13:51] SUCCESS:[0m cursor-chat started with PID: 1170
[0;34m[2025-07-29 11:13:53][0m Starting error-monitor...
[0;32m[2025-07-29 11:13:54] SUCCESS:[0m error-monitor started with PID: 1245
[0;32m[2025-07-29 11:13:54] SUCCESS:[0m All automation services started
[0;34m[2025-07-29 11:14:19][0m Starting Master Automation System...
[0;34m[2025-07-29 11:14:20][0m Service git-monitor is already running (PID: 98973)
[0;34m[2025-07-29 11:14:20][0m Starting build-monitor...
[0;32m[2025-07-29 11:14:20] SUCCESS:[0m build-monitor started with PID: 2435
[0;34m[2025-07-29 11:14:20][0m Starting error-fixer...
[0;32m[2025-07-29 11:14:21] SUCCESS:[0m error-fixer started with PID: 2569
[0;34m[2025-07-29 11:16:20][0m Starting Master Automation System...
[0;34m[2025-07-29 11:16:20][0m Starting git-monitor...
[0;32m[2025-07-29 11:16:21] SUCCESS:[0m git-monitor started with PID: 7637
[0;34m[2025-07-29 11:16:21][0m Starting build-monitor...
[0;32m[2025-07-29 11:16:21] SUCCESS:[0m build-monitor started with PID: 7652
[0;34m[2025-07-29 11:16:21][0m Starting error-fixer...
[0;32m[2025-07-29 11:16:21] SUCCESS:[0m error-fixer started with PID: 7670
[0;34m[2025-07-29 11:16:21][0m Starting health-monitor...
[0;32m[2025-07-29 11:16:22] SUCCESS:[0m health-monitor started with PID: 7690
[0;34m[2025-07-29 11:16:22][0m Starting sync-automation...
[0;32m[2025-07-29 11:16:22] SUCCESS:[0m sync-automation started with PID: 7710
[0;34m[2025-07-29 11:16:22][0m Starting cursor-chat...
[0;32m[2025-07-29 11:16:22] SUCCESS:[0m cursor-chat started with PID: 7727
[0;34m[2025-07-29 11:16:22][0m Starting error-monitor...
[0;32m[2025-07-29 11:16:23] SUCCESS:[0m error-monitor started with PID: 7759
[0;32m[2025-07-29 11:16:23] SUCCESS:[0m All automation services started
[0;34m[2025-07-29 11:16:50][0m Starting Master Automation System...
[0;34m[2025-07-29 11:16:50][0m Service git-monitor is already running (PID: 7637)
[0;34m[2025-07-29 11:16:50][0m Starting build-monitor...
[0;32m[2025-07-29 11:16:50] SUCCESS:[0m build-monitor started with PID: 9488
[0;34m[2025-07-29 11:16:50][0m Starting error-fixer...
[0;32m[2025-07-29 11:16:51] SUCCESS:[0m error-fixer started with PID: 9512
[0;34m[2025-07-29 11:16:51][0m Starting health-monitor...
[0;32m[2025-07-29 11:16:52] SUCCESS:[0m health-monitor started with PID: 9554
[0;34m[2025-07-29 11:16:52][0m Starting sync-automation...
[0;32m[2025-07-29 11:16:53] SUCCESS:[0m sync-automation started with PID: 9572
[0;34m[2025-07-29 11:16:54][0m Starting cursor-chat...
[0;32m[2025-07-29 11:16:55] SUCCESS:[0m cursor-chat started with PID: 9739
[0;34m[2025-07-29 11:16:57][0m Starting error-monitor...
[0;34m[2025-07-29 11:18:23][0m Starting Master Automation System...
[0;34m[2025-07-29 11:18:25][0m Starting git-monitor...
[0;32m[2025-07-29 11:18:26] SUCCESS:[0m git-monitor started with PID: 15046
[0;34m[2025-07-29 11:18:27][0m Starting build-monitor...
[0;32m[2025-07-29 11:18:27] SUCCESS:[0m build-monitor started with PID: 15068
[0;34m[2025-07-29 11:18:27][0m Starting error-fixer...
[0;32m[2025-07-29 11:18:27] SUCCESS:[0m error-fixer started with PID: 15084
[0;34m[2025-07-29 11:18:27][0m Starting health-monitor...
[0;32m[2025-07-29 11:18:27] SUCCESS:[0m health-monitor started with PID: 15099
[0;34m[2025-07-29 11:18:27][0m Starting sync-automation...
[0;32m[2025-07-29 11:18:29] SUCCESS:[0m sync-automation started with PID: 15125
[0;34m[2025-07-29 11:18:29][0m Starting cursor-chat...
[0;32m[2025-07-29 11:18:29] SUCCESS:[0m cursor-chat started with PID: 15228
[0;34m[2025-07-29 11:18:29][0m Starting error-monitor...
[0;32m[2025-07-29 11:18:29] SUCCESS:[0m error-monitor started with PID: 15271
[0;32m[2025-07-29 11:18:30] SUCCESS:[0m All automation services started
[0;34m[2025-07-29 11:18:52][0m Starting Master Automation System...
[0;34m[2025-07-29 11:18:52][0m Service git-monitor is already running (PID: 15046)
[0;34m[2025-07-29 11:18:52][0m Starting build-monitor...
[0;32m[2025-07-29 11:18:52] SUCCESS:[0m build-monitor started with PID: 17146
[0;34m[2025-07-29 11:18:53][0m Starting error-fixer...
[0;32m[2025-07-29 11:18:53] SUCCESS:[0m error-fixer started with PID: 17254
[0;34m[2025-07-29 11:18:53][0m Starting health-monitor...
[0;34m[2025-07-29 11:25:56][0m Starting Master Automation System...
[0;34m[2025-07-29 11:25:56][0m Starting git-monitor...
[0;32m[2025-07-29 11:25:56] SUCCESS:[0m git-monitor started with PID: 73379
[0;34m[2025-07-29 11:25:57][0m Starting build-monitor...
[0;32m[2025-07-29 11:25:57] SUCCESS:[0m build-monitor started with PID: 73420
[0;34m[2025-07-29 11:25:57][0m Starting error-fixer...
[0;32m[2025-07-29 11:25:58] SUCCESS:[0m error-fixer started with PID: 73468
[0;34m[2025-07-29 11:25:58][0m Starting health-monitor...
[0;32m[2025-07-29 11:25:58] SUCCESS:[0m health-monitor started with PID: 73485
[0;34m[2025-07-29 11:25:58][0m Starting sync-automation...
[0;32m[2025-07-29 11:25:58] SUCCESS:[0m sync-automation started with PID: 73503
[0;34m[2025-07-29 11:25:58][0m Starting cursor-chat...
[0;32m[2025-07-29 11:25:59] SUCCESS:[0m cursor-chat started with PID: 73586
[0;34m[2025-07-29 11:25:59][0m Starting error-monitor...
[0;32m[2025-07-29 11:26:00] SUCCESS:[0m error-monitor started with PID: 73729
[0;32m[2025-07-29 11:26:00] SUCCESS:[0m All automation services started
[0;34m[2025-07-29 12:00:50][0m Starting Master Automation System...
[0;34m[2025-07-29 12:00:50][0m Starting git-monitor...
[0;32m[2025-07-29 12:00:50] SUCCESS:[0m git-monitor started with PID: 13475
[0;34m[2025-07-29 12:00:50][0m Starting build-monitor...
[0;32m[2025-07-29 12:00:50] SUCCESS:[0m build-monitor started with PID: 13488
[0;34m[2025-07-29 12:00:50][0m Starting error-fixer...
[0;32m[2025-07-29 12:00:50] SUCCESS:[0m error-fixer started with PID: 13503
[0;34m[2025-07-29 12:00:50][0m Starting health-monitor...
[0;32m[2025-07-29 12:00:51] SUCCESS:[0m health-monitor started with PID: 13516
[0;34m[2025-07-29 12:00:51][0m Starting sync-automation...
[0;32m[2025-07-29 12:00:51] SUCCESS:[0m sync-automation started with PID: 13534
[0;34m[2025-07-29 12:00:51][0m Starting cursor-chat...
[0;32m[2025-07-29 12:00:51] SUCCESS:[0m cursor-chat started with PID: 13556
[0;34m[2025-07-29 12:00:51][0m Starting error-monitor...
[0;32m[2025-07-29 12:00:51] SUCCESS:[0m error-monitor started with PID: 13677
[0;32m[2025-07-29 12:00:51] SUCCESS:[0m All automation services started
[0;34m[2025-07-29 16:50:25][0m Starting Master Automation System...
[0;34m[2025-07-29 16:50:25][0m Starting git-monitor...
[0;32m[2025-07-29 16:50:25] SUCCESS:[0m git-monitor started with PID: 26824
[0;34m[2025-07-29 16:50:25][0m Starting build-monitor...
[0;32m[2025-07-29 16:50:25] SUCCESS:[0m build-monitor started with PID: 26938
[0;34m[2025-07-29 16:50:25][0m Starting error-fixer...
[0;32m[2025-07-29 16:50:25] SUCCESS:[0m error-fixer started with PID: 26994
[0;34m[2025-07-29 16:50:25][0m Starting health-monitor...
[0;32m[2025-07-29 16:50:26] SUCCESS:[0m health-monitor started with PID: 27057
[0;34m[2025-07-29 16:50:26][0m Starting sync-automation...
[0;32m[2025-07-29 16:50:26] SUCCESS:[0m sync-automation started with PID: 27142
[0;34m[2025-07-29 16:50:26][0m Starting cursor-chat...
[0;32m[2025-07-29 16:50:26] SUCCESS:[0m cursor-chat started with PID: 27230
[0;34m[2025-07-29 16:50:26][0m Starting error-monitor...
[0;32m[2025-07-29 16:50:26] SUCCESS:[0m error-monitor started with PID: 27338
[0;32m[2025-07-29 16:50:26] SUCCESS:[0m All automation services started
[0;34m[2025-07-29 16:52:58][0m Starting Master Automation System...
[0;34m[2025-07-29 16:52:58][0m Starting git-monitor...
[0;32m[2025-07-29 16:52:58] SUCCESS:[0m git-monitor started with PID: 48746
[0;34m[2025-07-29 16:52:58][0m Starting build-monitor...
[0;32m[2025-07-29 16:52:58] SUCCESS:[0m build-monitor started with PID: 48815
[0;34m[2025-07-29 16:52:58][0m Starting error-fixer...
[0;32m[2025-07-29 16:52:59] SUCCESS:[0m error-fixer started with PID: 48921
[0;34m[2025-07-29 16:52:59][0m Starting health-monitor...
[0;32m[2025-07-29 16:52:59] SUCCESS:[0m health-monitor started with PID: 49091
[0;34m[2025-07-29 16:52:59][0m Starting sync-automation...
[0;32m[2025-07-29 16:53:00] SUCCESS:[0m sync-automation started with PID: 49151
[0;34m[2025-07-29 16:53:00][0m Starting cursor-chat...
[0;32m[2025-07-29 16:53:00] SUCCESS:[0m cursor-chat started with PID: 49260
[0;34m[2025-07-29 16:53:00][0m Starting error-monitor...
[0;32m[2025-07-29 16:53:00] SUCCESS:[0m error-monitor started with PID: 49444
[0;32m[2025-07-29 16:53:00] SUCCESS:[0m All automation services started
[0;34m[2025-07-29 16:56:31][0m Starting Master Automation System...
[0;34m[2025-07-29 16:56:31][0m Starting git-monitor...
[0;32m[2025-07-29 16:56:31] SUCCESS:[0m git-monitor started with PID: 74513
[0;34m[2025-07-29 16:56:31][0m Starting build-monitor...
[0;32m[2025-07-29 16:56:31] SUCCESS:[0m build-monitor started with PID: 74526
[0;34m[2025-07-29 16:56:31][0m Starting error-fixer...
[0;32m[2025-07-29 16:56:31] SUCCESS:[0m error-fixer started with PID: 74541
[0;34m[2025-07-29 16:56:31][0m Starting health-monitor...
[0;32m[2025-07-29 16:56:31] SUCCESS:[0m health-monitor started with PID: 74554
[0;34m[2025-07-29 16:56:31][0m Starting sync-automation...
[0;32m[2025-07-29 16:56:31] SUCCESS:[0m sync-automation started with PID: 74593
[0;34m[2025-07-29 16:56:31][0m Starting cursor-chat...
[0;34m[2025-07-29 16:57:01][0m Starting Master Automation System...
[0;34m[2025-07-29 16:57:01][0m Starting git-monitor...
[0;32m[2025-07-29 16:57:01] SUCCESS:[0m git-monitor started with PID: 75795
[0;34m[2025-07-29 16:57:01][0m Starting build-monitor...
[0;32m[2025-07-29 16:57:01] SUCCESS:[0m build-monitor started with PID: 75824
[0;34m[2025-07-29 16:57:01][0m Starting error-fixer...
[0;32m[2025-07-29 16:57:01] SUCCESS:[0m error-fixer started with PID: 75851
[0;34m[2025-07-29 16:57:01][0m Starting health-monitor...
[0;32m[2025-07-29 16:57:01] SUCCESS:[0m health-monitor started with PID: 75867
[0;34m[2025-07-29 16:57:02][0m Starting sync-automation...
[0;32m[2025-07-29 16:57:02] SUCCESS:[0m sync-automation started with PID: 75902
[0;34m[2025-07-29 16:57:02][0m Starting cursor-chat...
[0;32m[2025-07-29 16:57:02] SUCCESS:[0m cursor-chat started with PID: 75914
[0;34m[2025-07-29 16:57:02][0m Starting error-monitor...
[0;32m[2025-07-29 16:57:02] SUCCESS:[0m error-monitor started with PID: 75966
[0;32m[2025-07-29 16:57:02] SUCCESS:[0m All automation services started
[0;34m[2025-07-29 16:58:01][0m Starting Master Automation System...
[0;34m[2025-07-29 16:58:01][0m Starting git-monitor...
[0;32m[2025-07-29 16:58:01] SUCCESS:[0m git-monitor started with PID: 77949
[0;34m[2025-07-29 16:58:01][0m Starting build-monitor...
[0;32m[2025-07-29 16:58:02] SUCCESS:[0m build-monitor started with PID: 77962
[0;34m[2025-07-29 16:58:02][0m Starting error-fixer...
[0;32m[2025-07-29 16:58:02] SUCCESS:[0m error-fixer started with PID: 78038
[0;34m[2025-07-29 16:58:02][0m Starting health-monitor...
[0;32m[2025-07-29 16:58:02] SUCCESS:[0m health-monitor started with PID: 78076
[0;34m[2025-07-29 16:58:02][0m Starting sync-automation...
[0;32m[2025-07-29 16:58:02] SUCCESS:[0m sync-automation started with PID: 78102
[0;34m[2025-07-29 16:58:02][0m Starting cursor-chat...
[0;32m[2025-07-29 16:58:02] SUCCESS:[0m cursor-chat started with PID: 78114
[0;34m[2025-07-29 16:58:02][0m Starting error-monitor...
[0;32m[2025-07-29 16:58:03] SUCCESS:[0m error-monitor started with PID: 78142
[0;32m[2025-07-29 16:58:03] SUCCESS:[0m All automation services started
[0;34m[2025-07-29 17:00:02][0m Starting Master Automation System...
[0;34m[2025-07-29 17:00:02][0m Starting git-monitor...
[0;32m[2025-07-29 17:00:02] SUCCESS:[0m git-monitor started with PID: 81823
[0;34m[2025-07-29 17:00:02][0m Starting build-monitor...
[0;32m[2025-07-29 17:00:03] SUCCESS:[0m build-monitor started with PID: 81836
[0;34m[2025-07-29 17:00:03][0m Starting error-fixer...
[0;32m[2025-07-29 17:00:03] SUCCESS:[0m error-fixer started with PID: 81850
[0;34m[2025-07-29 17:00:03][0m Starting health-monitor...
[0;32m[2025-07-29 17:00:03] SUCCESS:[0m health-monitor started with PID: 81863
[0;34m[2025-07-29 17:00:03][0m Starting sync-automation...
[0;32m[2025-07-29 17:00:03] SUCCESS:[0m sync-automation started with PID: 81886
[0;34m[2025-07-29 17:00:03][0m Starting cursor-chat...
[0;32m[2025-07-29 17:00:04] SUCCESS:[0m cursor-chat started with PID: 81897
[0;34m[2025-07-29 17:00:04][0m Starting error-monitor...
[0;32m[2025-07-29 17:00:04] SUCCESS:[0m error-monitor started with PID: 81921
[0;32m[2025-07-29 17:00:04] SUCCESS:[0m All automation services started
[0;34m[2025-07-29 17:19:44][0m Starting Master Automation System...
[0;34m[2025-07-29 17:19:44][0m Starting git-monitor...
[0;32m[2025-07-29 17:19:44] SUCCESS:[0m git-monitor started with PID: 25837
[0;34m[2025-07-29 17:19:44][0m Starting build-monitor...
[0;32m[2025-07-29 17:19:44] SUCCESS:[0m build-monitor started with PID: 25850
[0;34m[2025-07-29 17:19:44][0m Starting error-fixer...
[0;32m[2025-07-29 17:19:44] SUCCESS:[0m error-fixer started with PID: 25864
[0;34m[2025-07-29 17:19:44][0m Starting health-monitor...
[0;32m[2025-07-29 17:19:44] SUCCESS:[0m health-monitor started with PID: 25878
[0;34m[2025-07-29 17:19:44][0m Starting sync-automation...
[0;32m[2025-07-29 17:19:44] SUCCESS:[0m sync-automation started with PID: 25901
[0;34m[2025-07-29 17:19:44][0m Starting cursor-chat...
[0;32m[2025-07-29 17:19:45] SUCCESS:[0m cursor-chat started with PID: 25914
[0;34m[2025-07-29 17:19:45][0m Starting error-monitor...
[0;32m[2025-07-29 17:19:45] SUCCESS:[0m error-monitor started with PID: 25936
[0;32m[2025-07-29 17:19:45] SUCCESS:[0m All automation services started
[0;34m[2025-07-29 17:20:14][0m Starting Master Automation System...
[0;34m[2025-07-29 17:20:14][0m Starting git-monitor...
[0;32m[2025-07-29 17:20:14] SUCCESS:[0m git-monitor started with PID: 27305
[0;34m[2025-07-29 17:20:14][0m Starting build-monitor...
[0;32m[2025-07-29 17:20:14] SUCCESS:[0m build-monitor started with PID: 27318
[0;34m[2025-07-29 17:20:14][0m Starting error-fixer...
[0;32m[2025-07-29 17:20:14] SUCCESS:[0m error-fixer started with PID: 27333
[0;34m[2025-07-29 17:20:14][0m Starting health-monitor...
[0;32m[2025-07-29 17:20:15] SUCCESS:[0m health-monitor started with PID: 27346
[0;34m[2025-07-29 17:20:15][0m Starting sync-automation...
[0;32m[2025-07-29 17:20:15] SUCCESS:[0m sync-automation started with PID: 27376
[0;34m[2025-07-29 17:20:15][0m Starting cursor-chat...
[0;32m[2025-07-29 17:20:15] SUCCESS:[0m cursor-chat started with PID: 27385
[0;34m[2025-07-29 17:20:15][0m Starting error-monitor...
[0;34m[2025-07-29 17:21:14][0m Starting Master Automation System...
[0;34m[2025-07-29 17:21:15][0m Starting git-monitor...
[0;32m[2025-07-29 17:21:15] SUCCESS:[0m git-monitor started with PID: 30624
[0;34m[2025-07-29 17:21:15][0m Starting build-monitor...
[0;32m[2025-07-29 17:21:15] SUCCESS:[0m build-monitor started with PID: 30654
[0;34m[2025-07-29 17:21:15][0m Starting error-fixer...
[0;32m[2025-07-29 17:21:15] SUCCESS:[0m error-fixer started with PID: 30681
[0;34m[2025-07-29 17:21:15][0m Starting health-monitor...
[0;32m[2025-07-29 17:21:15] SUCCESS:[0m health-monitor started with PID: 30702
[0;34m[2025-07-29 17:21:15][0m Starting sync-automation...
[0;34m[2025-07-29 17:22:45][0m Starting Master Automation System...
[0;34m[2025-07-29 17:22:45][0m Starting git-monitor...
[0;32m[2025-07-29 17:22:45] SUCCESS:[0m git-monitor started with PID: 34695
[0;34m[2025-07-29 17:22:45][0m Starting build-monitor...
[0;32m[2025-07-29 17:22:45] SUCCESS:[0m build-monitor started with PID: 34708
[0;34m[2025-07-29 17:22:45][0m Starting error-fixer...
[0;32m[2025-07-29 17:22:46] SUCCESS:[0m error-fixer started with PID: 34723
[0;34m[2025-07-29 17:22:46][0m Starting health-monitor...
[0;32m[2025-07-29 17:22:46] SUCCESS:[0m health-monitor started with PID: 34736
[0;34m[2025-07-29 17:22:46][0m Starting sync-automation...
[0;32m[2025-07-29 17:22:46] SUCCESS:[0m sync-automation started with PID: 34764
[0;34m[2025-07-29 17:22:46][0m Starting cursor-chat...
[0;32m[2025-07-29 17:22:46] SUCCESS:[0m cursor-chat started with PID: 34774
[0;34m[2025-07-29 17:22:46][0m Starting error-monitor...
[0;32m[2025-07-29 17:22:46] SUCCESS:[0m error-monitor started with PID: 34794
[0;32m[2025-07-29 17:22:46] SUCCESS:[0m All automation services started
[0;34m[2025-07-29 17:26:18][0m Starting Master Automation System...
[0;34m[2025-07-29 17:26:18][0m Starting git-monitor...
[0;32m[2025-07-29 17:26:18] SUCCESS:[0m git-monitor started with PID: 39130
[0;34m[2025-07-29 17:26:18][0m Starting build-monitor...
[0;32m[2025-07-29 17:26:18] SUCCESS:[0m build-monitor started with PID: 39143
[0;34m[2025-07-29 17:26:18][0m Starting error-fixer...
[0;32m[2025-07-29 17:26:18] SUCCESS:[0m error-fixer started with PID: 39158
[0;34m[2025-07-29 17:26:18][0m Starting health-monitor...
[0;32m[2025-07-29 17:26:18] SUCCESS:[0m health-monitor started with PID: 39171
[0;34m[2025-07-29 17:26:18][0m Starting sync-automation...
[0;32m[2025-07-29 17:26:19] SUCCESS:[0m sync-automation started with PID: 39199
[0;34m[2025-07-29 17:26:19][0m Starting cursor-chat...
[0;32m[2025-07-29 17:26:19] SUCCESS:[0m cursor-chat started with PID: 39209
[0;34m[2025-07-29 17:26:19][0m Starting error-monitor...
[0;32m[2025-07-29 17:26:19] SUCCESS:[0m error-monitor started with PID: 39229
[0;32m[2025-07-29 17:26:19] SUCCESS:[0m All automation services started
[0;34m[2025-07-29 17:27:18][0m Starting Master Automation System...
[0;34m[2025-07-29 17:27:18][0m Starting git-monitor...
[0;32m[2025-07-29 17:27:18] SUCCESS:[0m git-monitor started with PID: 40428
[0;34m[2025-07-29 17:27:18][0m Starting build-monitor...
[0;32m[2025-07-29 17:27:18] SUCCESS:[0m build-monitor started with PID: 40441
[0;34m[2025-07-29 17:27:18][0m Starting error-fixer...
[0;32m[2025-07-29 17:27:19] SUCCESS:[0m error-fixer started with PID: 40456
[0;34m[2025-07-29 17:27:19][0m Starting health-monitor...
[0;32m[2025-07-29 17:27:19] SUCCESS:[0m health-monitor started with PID: 40469
[0;34m[2025-07-29 17:27:19][0m Starting sync-automation...
[0;32m[2025-07-29 17:27:19] SUCCESS:[0m sync-automation started with PID: 40506
[0;34m[2025-07-29 17:27:19][0m Starting cursor-chat...
[0;32m[2025-07-29 17:27:19] SUCCESS:[0m cursor-chat started with PID: 40517
[0;34m[2025-07-29 17:27:19][0m Starting error-monitor...
[0;32m[2025-07-29 17:27:19] SUCCESS:[0m error-monitor started with PID: 40552
[0;32m[2025-07-29 17:27:19] SUCCESS:[0m All automation services started
[0;34m[2025-07-29 17:28:19][0m Starting Master Automation System...
[0;34m[2025-07-29 17:28:19][0m Starting git-monitor...
[0;32m[2025-07-29 17:28:19] SUCCESS:[0m git-monitor started with PID: 42045
[0;34m[2025-07-29 17:28:19][0m Starting build-monitor...
[0;32m[2025-07-29 17:28:19] SUCCESS:[0m build-monitor started with PID: 42058
[0;34m[2025-07-29 17:28:19][0m Starting error-fixer...
[0;32m[2025-07-29 17:28:19] SUCCESS:[0m error-fixer started with PID: 42073
[0;34m[2025-07-29 17:28:19][0m Starting health-monitor...
[0;32m[2025-07-29 17:28:19] SUCCESS:[0m health-monitor started with PID: 42086
[0;34m[2025-07-29 17:28:19][0m Starting sync-automation...
[0;32m[2025-07-29 17:28:19] SUCCESS:[0m sync-automation started with PID: 42114
[0;34m[2025-07-29 17:28:19][0m Starting cursor-chat...
[0;32m[2025-07-29 17:28:20] SUCCESS:[0m cursor-chat started with PID: 42124
[0;34m[2025-07-29 17:28:20][0m Starting error-monitor...
[0;32m[2025-07-29 17:28:20] SUCCESS:[0m error-monitor started with PID: 42144
[0;32m[2025-07-29 17:28:20] SUCCESS:[0m All automation services started
[0;34m[2025-07-29 17:32:21][0m Starting Master Automation System...
[0;34m[2025-07-29 17:32:21][0m Starting git-monitor...
[0;32m[2025-07-29 17:32:21] SUCCESS:[0m git-monitor started with PID: 51924
[0;34m[2025-07-29 17:32:21][0m Starting build-monitor...
[0;32m[2025-07-29 17:32:21] SUCCESS:[0m build-monitor started with PID: 51939
[0;34m[2025-07-29 17:32:21][0m Starting error-fixer...
[0;32m[2025-07-29 17:32:21] SUCCESS:[0m error-fixer started with PID: 51963
[0;34m[2025-07-29 17:32:21][0m Starting health-monitor...
[0;32m[2025-07-29 17:32:22] SUCCESS:[0m health-monitor started with PID: 51978
[0;34m[2025-07-29 17:32:22][0m Starting sync-automation...
[0;32m[2025-07-29 17:32:22] SUCCESS:[0m sync-automation started with PID: 52016
[0;34m[2025-07-29 17:32:22][0m Starting cursor-chat...
[0;32m[2025-07-29 17:32:22] SUCCESS:[0m cursor-chat started with PID: 52041
[0;34m[2025-07-29 17:32:22][0m Starting error-monitor...
[0;32m[2025-07-29 17:32:23] SUCCESS:[0m error-monitor started with PID: 52063
[0;32m[2025-07-29 17:32:23] SUCCESS:[0m All automation services started
[0;34m[2025-07-29 17:37:25][0m Starting Master Automation System...
[0;34m[2025-07-29 17:37:25][0m Starting git-monitor...
[0;32m[2025-07-29 17:37:25] SUCCESS:[0m git-monitor started with PID: 60080
[0;34m[2025-07-29 17:37:25][0m Starting build-monitor...
[0;32m[2025-07-29 17:37:25] SUCCESS:[0m build-monitor started with PID: 60095
[0;34m[2025-07-29 17:37:25][0m Starting error-fixer...
[0;32m[2025-07-29 17:37:25] SUCCESS:[0m error-fixer started with PID: 60108
[0;34m[2025-07-29 17:37:25][0m Starting health-monitor...
[0;32m[2025-07-29 17:37:26] SUCCESS:[0m health-monitor started with PID: 60123
[0;34m[2025-07-29 17:37:26][0m Starting sync-automation...
[0;32m[2025-07-29 17:37:26] SUCCESS:[0m sync-automation started with PID: 60155
[0;34m[2025-07-29 17:37:26][0m Starting cursor-chat...
[0;32m[2025-07-29 17:37:26] SUCCESS:[0m cursor-chat started with PID: 60176
[0;34m[2025-07-29 17:37:26][0m Starting error-monitor...
[0;32m[2025-07-29 17:37:27] SUCCESS:[0m error-monitor started with PID: 60235
[0;32m[2025-07-29 17:37:27] SUCCESS:[0m All automation services started
[0;34m[2025-07-29 17:38:26][0m Starting Master Automation System...
[0;34m[2025-07-29 17:38:26][0m Starting git-monitor...
[0;32m[2025-07-29 17:38:26] SUCCESS:[0m git-monitor started with PID: 61135
[0;34m[2025-07-29 17:38:26][0m Starting build-monitor...
[0;32m[2025-07-29 17:38:26] SUCCESS:[0m build-monitor started with PID: 61148
[0;34m[2025-07-29 17:38:26][0m Starting error-fixer...
[0;32m[2025-07-29 17:38:26] SUCCESS:[0m error-fixer started with PID: 61184
[0;34m[2025-07-29 17:38:26][0m Starting health-monitor...
[0;32m[2025-07-29 17:38:27] SUCCESS:[0m health-monitor started with PID: 61235
[0;34m[2025-07-29 17:38:27][0m Starting sync-automation...
[0;32m[2025-07-29 17:38:27] SUCCESS:[0m sync-automation started with PID: 61273
[0;34m[2025-07-29 17:38:27][0m Starting cursor-chat...
[0;32m[2025-07-29 17:38:27] SUCCESS:[0m cursor-chat started with PID: 61283
[0;34m[2025-07-29 17:38:27][0m Starting error-monitor...
[0;32m[2025-07-29 17:38:27] SUCCESS:[0m error-monitor started with PID: 61310
[0;32m[2025-07-29 17:38:27] SUCCESS:[0m All automation services started
[0;34m[2025-07-29 17:39:26][0m Starting Master Automation System...
[0;34m[2025-07-29 17:39:26][0m Starting git-monitor...
[0;32m[2025-07-29 17:39:26] SUCCESS:[0m git-monitor started with PID: 64633
[0;34m[2025-07-29 17:39:26][0m Starting build-monitor...
[0;32m[2025-07-29 17:39:27] SUCCESS:[0m build-monitor started with PID: 64652
[0;34m[2025-07-29 17:39:27][0m Starting error-fixer...
[0;32m[2025-07-29 17:39:27] SUCCESS:[0m error-fixer started with PID: 64668
[0;34m[2025-07-29 17:39:27][0m Starting health-monitor...
[0;32m[2025-07-29 17:39:27] SUCCESS:[0m health-monitor started with PID: 64762
[0;34m[2025-07-29 17:39:27][0m Starting sync-automation...
[0;32m[2025-07-29 17:39:27] SUCCESS:[0m sync-automation started with PID: 64793
[0;34m[2025-07-29 17:39:27][0m Starting cursor-chat...
[0;34m[2025-07-29 17:39:57][0m Starting Master Automation System...
[0;34m[2025-07-29 17:39:57][0m Starting git-monitor...
[0;32m[2025-07-29 17:39:57] SUCCESS:[0m git-monitor started with PID: 66384
[0;34m[2025-07-29 17:39:57][0m Starting build-monitor...
[0;32m[2025-07-29 17:39:57] SUCCESS:[0m build-monitor started with PID: 66397
[0;34m[2025-07-29 17:39:57][0m Starting error-fixer...
[0;32m[2025-07-29 17:39:57] SUCCESS:[0m error-fixer started with PID: 66414
[0;34m[2025-07-29 17:39:57][0m Starting health-monitor...
[0;32m[2025-07-29 17:39:58] SUCCESS:[0m health-monitor started with PID: 66430
[0;34m[2025-07-29 17:39:58][0m Starting sync-automation...
[0;32m[2025-07-29 17:39:58] SUCCESS:[0m sync-automation started with PID: 66454
[0;34m[2025-07-29 17:39:58][0m Starting cursor-chat...
[0;32m[2025-07-29 17:39:58] SUCCESS:[0m cursor-chat started with PID: 66465
[0;34m[2025-07-29 17:39:58][0m Starting error-monitor...
[0;32m[2025-07-29 17:39:58] SUCCESS:[0m error-monitor started with PID: 66489
[0;32m[2025-07-29 17:39:58] SUCCESS:[0m All automation services started
[0;34m[2025-07-29 17:40:27][0m Starting Master Automation System...
[0;34m[2025-07-29 17:40:27][0m Service git-monitor is already running (PID: 66384)
[0;34m[2025-07-29 17:40:27][0m Starting build-monitor...
[0;32m[2025-07-29 17:40:27] SUCCESS:[0m build-monitor started with PID: 66915
[0;34m[2025-07-29 17:40:27][0m Starting error-fixer...
[0;32m[2025-07-29 17:40:27] SUCCESS:[0m error-fixer started with PID: 66930
[0;34m[2025-07-29 17:40:27][0m Starting health-monitor...
[0;32m[2025-07-29 17:40:28] SUCCESS:[0m health-monitor started with PID: 66946
[0;34m[2025-07-29 17:40:28][0m Starting sync-automation...
[0;34m[2025-07-29 17:40:57][0m Starting Master Automation System...
[0;34m[2025-07-29 17:40:57][0m Starting git-monitor...
[0;32m[2025-07-29 17:40:57] SUCCESS:[0m git-monitor started with PID: 67501
[0;34m[2025-07-29 17:40:58][0m Starting build-monitor...
[0;32m[2025-07-29 17:40:58] SUCCESS:[0m build-monitor started with PID: 67514
[0;34m[2025-07-29 17:40:58][0m Starting error-fixer...
[0;32m[2025-07-29 17:40:58] SUCCESS:[0m error-fixer started with PID: 67528
[0;34m[2025-07-29 17:40:58][0m Starting health-monitor...
[0;32m[2025-07-29 17:40:58] SUCCESS:[0m health-monitor started with PID: 67541
[0;34m[2025-07-29 17:40:58][0m Starting sync-automation...
[0;32m[2025-07-29 17:40:58] SUCCESS:[0m sync-automation started with PID: 67564
[0;34m[2025-07-29 17:40:58][0m Starting cursor-chat...
[0;32m[2025-07-29 17:40:59] SUCCESS:[0m cursor-chat started with PID: 67575
[0;34m[2025-07-29 17:40:59][0m Starting error-monitor...
[0;32m[2025-07-29 17:40:59] SUCCESS:[0m error-monitor started with PID: 67596
[0;32m[2025-07-29 17:40:59] SUCCESS:[0m All automation services started
[0;34m[2025-07-29 17:41:28][0m Starting Master Automation System...
[0;34m[2025-07-29 17:41:28][0m Service git-monitor is already running (PID: 67501)
[0;34m[2025-07-29 17:41:28][0m Starting build-monitor...
[0;32m[2025-07-29 17:41:28] SUCCESS:[0m build-monitor started with PID: 67923
[0;34m[2025-07-29 17:41:28][0m Starting error-fixer...
[0;32m[2025-07-29 17:41:29] SUCCESS:[0m error-fixer started with PID: 67938
[0;34m[2025-07-29 17:41:29][0m Starting health-monitor...
[0;32m[2025-07-29 17:41:29] SUCCESS:[0m health-monitor started with PID: 67955
[0;34m[2025-07-29 17:41:29][0m Starting sync-automation...
[0;32m[2025-07-29 17:41:29] SUCCESS:[0m sync-automation started with PID: 67972
[0;34m[2025-07-29 17:41:29][0m Starting cursor-chat...
[0;32m[2025-07-29 17:41:29] SUCCESS:[0m cursor-chat started with PID: 67991
[0;34m[2025-07-29 17:41:29][0m Starting error-monitor...
[0;32m[2025-07-29 17:41:29] SUCCESS:[0m error-monitor started with PID: 68012
[0;32m[2025-07-29 17:41:29] SUCCESS:[0m All automation services started
[0;34m[2025-07-29 17:41:58][0m Starting Master Automation System...
[0;34m[2025-07-29 17:41:59][0m Starting git-monitor...
[0;32m[2025-07-29 17:41:59] SUCCESS:[0m git-monitor started with PID: 68357
[0;34m[2025-07-29 17:41:59][0m Starting build-monitor...
[0;32m[2025-07-29 17:41:59] SUCCESS:[0m build-monitor started with PID: 68370
[0;34m[2025-07-29 17:41:59][0m Starting error-fixer...
[0;32m[2025-07-29 17:41:59] SUCCESS:[0m error-fixer started with PID: 68385
[0;34m[2025-07-29 17:41:59][0m Starting health-monitor...
[0;32m[2025-07-29 17:41:59] SUCCESS:[0m health-monitor started with PID: 68398
[0;34m[2025-07-29 17:41:59][0m Starting sync-automation...
[0;32m[2025-07-29 17:41:59] SUCCESS:[0m sync-automation started with PID: 68422
[0;34m[2025-07-29 17:41:59][0m Starting cursor-chat...
[0;32m[2025-07-29 17:42:00] SUCCESS:[0m cursor-chat started with PID: 68432
[0;34m[2025-07-29 17:42:00][0m Starting error-monitor...
[0;32m[2025-07-29 17:42:00] SUCCESS:[0m error-monitor started with PID: 68458
[0;32m[2025-07-29 17:42:00] SUCCESS:[0m All automation services started
[0;34m[2025-07-29 17:45:31][0m Starting Master Automation System...
[0;34m[2025-07-29 17:45:31][0m Starting git-monitor...
[0;32m[2025-07-29 17:45:31] SUCCESS:[0m git-monitor started with PID: 74509
[0;34m[2025-07-29 17:45:31][0m Starting build-monitor...
[0;32m[2025-07-29 17:45:31] SUCCESS:[0m build-monitor started with PID: 74522
[0;34m[2025-07-29 17:45:31][0m Starting error-fixer...
[0;32m[2025-07-29 17:45:31] SUCCESS:[0m error-fixer started with PID: 74538
[0;34m[2025-07-29 17:45:31][0m Starting health-monitor...
[0;32m[2025-07-29 17:45:32] SUCCESS:[0m health-monitor started with PID: 74551
[0;34m[2025-07-29 17:45:32][0m Starting sync-automation...
[0;32m[2025-07-29 17:45:32] SUCCESS:[0m sync-automation started with PID: 74578
[0;34m[2025-07-29 17:45:32][0m Starting cursor-chat...
[0;32m[2025-07-29 17:45:32] SUCCESS:[0m cursor-chat started with PID: 74590
[0;34m[2025-07-29 17:45:32][0m Starting error-monitor...
[0;32m[2025-07-29 17:45:32] SUCCESS:[0m error-monitor started with PID: 74610
[0;32m[2025-07-29 17:45:32] SUCCESS:[0m All automation services started
[0;34m[2025-07-29 17:51:36][0m Starting Master Automation System...
[0;34m[2025-07-29 17:51:36][0m Starting git-monitor...
[0;32m[2025-07-29 17:51:36] SUCCESS:[0m git-monitor started with PID: 95900
[0;34m[2025-07-29 17:51:36][0m Starting build-monitor...
[0;32m[2025-07-29 17:51:36] SUCCESS:[0m build-monitor started with PID: 95913
[0;34m[2025-07-29 17:51:36][0m Starting error-fixer...
[0;32m[2025-07-29 17:51:36] SUCCESS:[0m error-fixer started with PID: 95928
[0;34m[2025-07-29 17:51:36][0m Starting health-monitor...
[0;32m[2025-07-29 17:51:36] SUCCESS:[0m health-monitor started with PID: 95941
[0;34m[2025-07-29 17:51:36][0m Starting sync-automation...
[0;32m[2025-07-29 17:51:36] SUCCESS:[0m sync-automation started with PID: 95969
[0;34m[2025-07-29 17:51:36][0m Starting cursor-chat...
[0;32m[2025-07-29 17:51:37] SUCCESS:[0m cursor-chat started with PID: 95979
[0;34m[2025-07-29 17:51:37][0m Starting error-monitor...
[0;32m[2025-07-29 17:51:37] SUCCESS:[0m error-monitor started with PID: 96000
[0;32m[2025-07-29 17:51:37] SUCCESS:[0m All automation services started
[0;34m[2025-07-29 17:54:37][0m Starting Master Automation System...
[0;34m[2025-07-29 17:54:37][0m Starting git-monitor...
[0;32m[2025-07-29 17:54:37] SUCCESS:[0m git-monitor started with PID: 5852
[0;34m[2025-07-29 17:54:37][0m Starting build-monitor...
[0;32m[2025-07-29 17:54:38] SUCCESS:[0m build-monitor started with PID: 5869
[0;34m[2025-07-29 17:54:38][0m Starting error-fixer...
[0;32m[2025-07-29 17:54:38] SUCCESS:[0m error-fixer started with PID: 5920
[0;34m[2025-07-29 17:54:38][0m Starting health-monitor...
[0;32m[2025-07-29 17:54:38] SUCCESS:[0m health-monitor started with PID: 5949
[0;34m[2025-07-29 17:54:38][0m Starting sync-automation...
[0;32m[2025-07-29 17:54:38] SUCCESS:[0m sync-automation started with PID: 5976
[0;34m[2025-07-29 17:54:38][0m Starting cursor-chat...
[0;32m[2025-07-29 17:54:38] SUCCESS:[0m cursor-chat started with PID: 5989
[0;34m[2025-07-29 17:54:38][0m Starting error-monitor...
[0;32m[2025-07-29 17:54:39] SUCCESS:[0m error-monitor started with PID: 6065
[0;32m[2025-07-29 17:54:39] SUCCESS:[0m All automation services started
[0;34m[2025-07-29 18:01:44][0m Starting Master Automation System...
[0;34m[2025-07-29 18:01:45][0m Starting git-monitor...
[0;32m[2025-07-29 18:01:45] SUCCESS:[0m git-monitor started with PID: 62482
[0;34m[2025-07-29 18:01:45][0m Starting build-monitor...
[0;32m[2025-07-29 18:01:46] SUCCESS:[0m build-monitor started with PID: 62563
[0;34m[2025-07-29 18:01:46][0m Starting error-fixer...
[0;32m[2025-07-29 18:01:47] SUCCESS:[0m error-fixer started with PID: 62670
[0;34m[2025-07-29 18:01:47][0m Starting health-monitor...
[0;32m[2025-07-29 18:01:47] SUCCESS:[0m health-monitor started with PID: 62815
[0;34m[2025-07-29 18:01:47][0m Starting sync-automation...
[0;32m[2025-07-29 18:01:48] SUCCESS:[0m sync-automation started with PID: 62920
[0;34m[2025-07-29 18:01:48][0m Starting cursor-chat...
[0;34m[2025-07-29 18:03:20][0m Starting Master Automation System...
[0;34m[2025-07-29 18:03:20][0m Starting git-monitor...
[0;32m[2025-07-29 18:03:20] SUCCESS:[0m git-monitor started with PID: 75473
[0;34m[2025-07-29 18:03:20][0m Starting build-monitor...
[0;32m[2025-07-29 18:03:20] SUCCESS:[0m build-monitor started with PID: 75593
[0;34m[2025-07-29 18:03:20][0m Starting error-fixer...
[0;32m[2025-07-29 18:03:21] SUCCESS:[0m error-fixer started with PID: 75666
[0;34m[2025-07-29 18:03:21][0m Starting health-monitor...
[0;32m[2025-07-29 18:03:21] SUCCESS:[0m health-monitor started with PID: 75850
[0;34m[2025-07-29 18:03:21][0m Starting sync-automation...
[0;32m[2025-07-29 18:03:27] SUCCESS:[0m sync-automation started with PID: 76361
[0;34m[2025-07-29 18:05:24][0m Starting Master Automation System...
[0;34m[2025-07-29 18:05:24][0m Starting git-monitor...
[0;32m[2025-07-29 18:05:24] SUCCESS:[0m git-monitor started with PID: 90376
[0;34m[2025-07-29 18:09:58][0m Starting Master Automation System...
[0;34m[2025-07-29 18:09:58][0m Starting git-monitor...
[0;32m[2025-07-29 18:09:58] SUCCESS:[0m git-monitor started with PID: 27671
[0;34m[2025-07-29 18:09:58][0m Starting build-monitor...
[0;32m[2025-07-29 18:09:58] SUCCESS:[0m build-monitor started with PID: 27684
[0;34m[2025-07-29 18:09:58][0m Starting error-fixer...
[0;32m[2025-07-29 18:09:59] SUCCESS:[0m error-fixer started with PID: 27699
[0;34m[2025-07-29 18:09:59][0m Starting health-monitor...
[0;32m[2025-07-29 18:09:59] SUCCESS:[0m health-monitor started with PID: 27713
[0;34m[2025-07-29 18:09:59][0m Starting sync-automation...
[0;32m[2025-07-29 18:09:59] SUCCESS:[0m sync-automation started with PID: 27779
[0;34m[2025-07-29 18:09:59][0m Starting cursor-chat...
[0;32m[2025-07-29 18:10:00] SUCCESS:[0m cursor-chat started with PID: 27872
[0;34m[2025-07-29 18:10:00][0m Starting error-monitor...
[0;32m[2025-07-29 18:10:00] SUCCESS:[0m error-monitor started with PID: 28029
[0;32m[2025-07-29 18:10:00] SUCCESS:[0m All automation services started
[0;34m[2025-07-29 18:17:36][0m Starting Master Automation System...
[0;34m[2025-07-29 18:17:36][0m Starting git-monitor...
[0;32m[2025-07-29 18:17:36] SUCCESS:[0m git-monitor started with PID: 10398
[0;34m[2025-07-29 18:17:37][0m Starting build-monitor...
[0;32m[2025-07-29 18:17:38] SUCCESS:[0m build-monitor started with PID: 10974
[0;34m[2025-07-29 18:17:39][0m Starting error-fixer...
[0;32m[2025-07-29 18:17:39] SUCCESS:[0m error-fixer started with PID: 11288
[0;34m[2025-07-29 18:17:40][0m Starting health-monitor...
[0;32m[2025-07-29 18:17:40] SUCCESS:[0m health-monitor started with PID: 11412
[0;34m[2025-07-29 18:17:40][0m Starting sync-automation...
[0;32m[2025-07-29 18:17:40] SUCCESS:[0m sync-automation started with PID: 11548
[0;34m[2025-07-29 18:17:40][0m Starting cursor-chat...
[0;32m[2025-07-29 18:17:40] SUCCESS:[0m cursor-chat started with PID: 11755
[0;34m[2025-07-29 18:17:40][0m Starting error-monitor...
[0;32m[2025-07-29 18:17:40] SUCCESS:[0m error-monitor started with PID: 11947
[0;32m[2025-07-29 18:17:40] SUCCESS:[0m All automation services started
[0;34m[2025-07-29 18:19:37][0m Starting Master Automation System...
[0;34m[2025-07-29 18:19:37][0m Starting git-monitor...
[0;32m[2025-07-29 18:19:38] SUCCESS:[0m git-monitor started with PID: 27361
[0;34m[2025-07-29 18:19:38][0m Starting build-monitor...
[0;32m[2025-07-29 18:19:38] SUCCESS:[0m build-monitor started with PID: 27375
[0;34m[2025-07-29 18:19:38][0m Starting error-fixer...
[0;32m[2025-07-29 18:19:38] SUCCESS:[0m error-fixer started with PID: 27390
[0;34m[2025-07-29 18:19:38][0m Starting health-monitor...
[0;32m[2025-07-29 18:19:39] SUCCESS:[0m health-monitor started with PID: 27507
[0;34m[2025-07-29 18:19:39][0m Starting sync-automation...
[0;32m[2025-07-29 18:19:39] SUCCESS:[0m sync-automation started with PID: 27543
[0;34m[2025-07-29 18:19:39][0m Starting cursor-chat...
[0;32m[2025-07-29 18:19:39] SUCCESS:[0m cursor-chat started with PID: 27600
[0;34m[2025-07-29 18:19:41][0m Starting error-monitor...
[0;34m[2025-07-29 18:20:40][0m Starting Master Automation System...
[0;34m[2025-07-29 18:20:41][0m Service git-monitor is already running (PID: 27361)
[0;34m[2025-07-29 18:21:08][0m Starting Master Automation System...
[0;34m[2025-07-29 18:21:08][0m Starting git-monitor...
[0;32m[2025-07-29 18:21:08] SUCCESS:[0m git-monitor started with PID: 45773
[0;34m[2025-07-29 18:21:08][0m Starting build-monitor...
[0;32m[2025-07-29 18:21:08] SUCCESS:[0m build-monitor started with PID: 45809
[0;34m[2025-07-29 18:21:08][0m Starting error-fixer...
[0;32m[2025-07-29 18:21:08] SUCCESS:[0m error-fixer started with PID: 45841
[0;34m[2025-07-29 18:21:08][0m Starting health-monitor...
[0;32m[2025-07-29 18:21:09] SUCCESS:[0m health-monitor started with PID: 46033
[0;34m[2025-07-29 18:21:09][0m Starting sync-automation...
[0;32m[2025-07-29 18:21:09] SUCCESS:[0m sync-automation started with PID: 46279
[0;34m[2025-07-29 18:21:09][0m Starting cursor-chat...
[0;32m[2025-07-29 18:21:10] SUCCESS:[0m cursor-chat started with PID: 46351
[0;34m[2025-07-29 18:21:10][0m Starting error-monitor...
[0;32m[2025-07-29 18:21:11] SUCCESS:[0m error-monitor started with PID: 46441
[0;32m[2025-07-29 18:21:11] SUCCESS:[0m All automation services started
[0;34m[2025-07-29 18:26:42][0m Starting Master Automation System...
[0;34m[2025-07-29 18:26:42][0m Starting git-monitor...
[0;34m[2025-07-29 18:27:12][0m Starting Master Automation System...
[0;34m[2025-07-29 18:27:12][0m Service git-monitor is already running (PID: 25773)
[0;34m[2025-07-29 18:42:52][0m Starting Master Automation System...
[0;34m[2025-07-29 18:42:52][0m Starting git-monitor...
[0;32m[2025-07-29 18:42:52] SUCCESS:[0m git-monitor started with PID: 93798
[0;34m[2025-07-29 18:42:52][0m Starting build-monitor...
[0;32m[2025-07-29 18:42:53] SUCCESS:[0m build-monitor started with PID: 93811
[0;34m[2025-07-29 18:42:53][0m Starting error-fixer...
[0;32m[2025-07-29 18:42:53] SUCCESS:[0m error-fixer started with PID: 93826
[0;34m[2025-07-29 18:42:53][0m Starting health-monitor...
[0;32m[2025-07-29 18:42:53] SUCCESS:[0m health-monitor started with PID: 93841
[0;34m[2025-07-29 18:42:53][0m Starting sync-automation...
[0;32m[2025-07-29 18:42:53] SUCCESS:[0m sync-automation started with PID: 93865
[0;34m[2025-07-29 18:42:53][0m Starting cursor-chat...
[0;32m[2025-07-29 18:42:53] SUCCESS:[0m cursor-chat started with PID: 93879
[0;34m[2025-07-29 18:42:53][0m Starting error-monitor...
[0;32m[2025-07-29 18:42:53] SUCCESS:[0m error-monitor started with PID: 93950
[0;32m[2025-07-29 18:42:54] SUCCESS:[0m All automation services started
[0;34m[2025-07-29 18:55:03][0m Starting Master Automation System...
[0;34m[2025-07-29 18:55:03][0m Starting git-monitor...
[0;32m[2025-07-29 18:55:03] SUCCESS:[0m git-monitor started with PID: 30294
[0;34m[2025-07-29 18:55:03][0m Starting build-monitor...
[0;32m[2025-07-29 18:55:03] SUCCESS:[0m build-monitor started with PID: 30310
[0;34m[2025-07-29 18:55:03][0m Starting error-fixer...
[0;32m[2025-07-29 18:55:03] SUCCESS:[0m error-fixer started with PID: 30326
[0;34m[2025-07-29 18:55:03][0m Starting health-monitor...
[0;32m[2025-07-29 18:55:04] SUCCESS:[0m health-monitor started with PID: 30344
[0;34m[2025-07-29 18:55:04][0m Starting sync-automation...
[0;34m[2025-07-29 19:02:39][0m Starting Master Automation System...
[0;34m[2025-07-29 19:02:39][0m Starting git-monitor...
[0;32m[2025-07-29 19:02:39] SUCCESS:[0m git-monitor started with PID: 55873
[0;34m[2025-07-29 19:02:39][0m Starting build-monitor...
[0;32m[2025-07-29 19:02:39] SUCCESS:[0m build-monitor started with PID: 55886
[0;34m[2025-07-29 19:02:39][0m Starting error-fixer...
[0;32m[2025-07-29 19:02:40] SUCCESS:[0m error-fixer started with PID: 55900
[0;34m[2025-07-29 19:02:40][0m Starting health-monitor...
[0;32m[2025-07-29 19:02:40] SUCCESS:[0m health-monitor started with PID: 56013
[0;34m[2025-07-29 19:02:40][0m Starting sync-automation...
[0;32m[2025-07-29 19:02:41] SUCCESS:[0m sync-automation started with PID: 56028
[0;34m[2025-07-29 19:03:10][0m Starting Master Automation System...
[0;34m[2025-07-29 19:03:10][0m Service git-monitor is already running (PID: 55873)
[0;34m[2025-07-29 19:03:10][0m Starting build-monitor...
[0;32m[2025-07-29 19:03:10] SUCCESS:[0m build-monitor started with PID: 61097
[0;34m[2025-07-29 19:03:10][0m Starting error-fixer...
[0;32m[2025-07-29 19:03:11] SUCCESS:[0m error-fixer started with PID: 61155
[0;34m[2025-07-29 19:03:11][0m Starting health-monitor...
[0;32m[2025-07-29 19:03:11] SUCCESS:[0m health-monitor started with PID: 61209
[0;34m[2025-07-29 19:03:11][0m Starting sync-automation...
[0;32m[2025-07-29 19:03:11] SUCCESS:[0m sync-automation started with PID: 61312
[0;34m[2025-07-29 19:03:11][0m Starting cursor-chat...
[0;32m[2025-07-29 19:03:12] SUCCESS:[0m cursor-chat started with PID: 61385
[0;34m[2025-07-29 19:03:12][0m Starting error-monitor...
[0;34m[2025-07-29 19:03:40][0m Starting Master Automation System...
[0;34m[2025-07-29 19:03:40][0m Starting git-monitor...
[0;32m[2025-07-29 19:03:40] SUCCESS:[0m git-monitor started with PID: 64090
[0;34m[2025-07-29 19:03:40][0m Starting build-monitor...
[0;32m[2025-07-29 19:03:40] SUCCESS:[0m build-monitor started with PID: 64103
[0;34m[2025-07-29 19:03:40][0m Starting error-fixer...
[0;34m[2025-07-29 19:33:06][0m Starting Master Automation System...
[0;34m[2025-07-29 19:33:07][0m Starting git-monitor...
[0;32m[2025-07-29 19:33:07] SUCCESS:[0m git-monitor started with PID: 31302
[0;34m[2025-07-29 19:33:07][0m Starting build-monitor...
[0;32m[2025-07-29 19:33:07] SUCCESS:[0m build-monitor started with PID: 31317
[0;34m[2025-07-29 19:33:07][0m Starting error-fixer...
[0;32m[2025-07-29 19:33:07] SUCCESS:[0m error-fixer started with PID: 31353
[0;34m[2025-07-29 19:33:07][0m Starting health-monitor...
[0;32m[2025-07-29 19:33:07] SUCCESS:[0m health-monitor started with PID: 31367
[0;34m[2025-07-29 19:33:07][0m Starting sync-automation...
[0;32m[2025-07-29 19:33:07] SUCCESS:[0m sync-automation started with PID: 31387
[0;34m[2025-07-29 19:33:07][0m Starting cursor-chat...
[0;32m[2025-07-29 19:33:08] SUCCESS:[0m cursor-chat started with PID: 31435
[0;34m[2025-07-29 19:33:08][0m Starting error-monitor...
[0;32m[2025-07-29 19:33:08] SUCCESS:[0m error-monitor started with PID: 31621
[0;32m[2025-07-29 19:33:08] SUCCESS:[0m All automation services started
[0;34m[2025-07-29 19:33:37][0m Starting Master Automation System...
[0;34m[2025-07-29 19:33:37][0m Service git-monitor is already running (PID: 31302)
[0;34m[2025-07-29 19:33:37][0m Starting build-monitor...
[0;32m[2025-07-29 19:33:37] SUCCESS:[0m build-monitor started with PID: 37127
[0;34m[2025-07-29 19:33:37][0m Starting error-fixer...
[0;32m[2025-07-29 19:33:37] SUCCESS:[0m error-fixer started with PID: 37144
[0;34m[2025-07-29 19:33:38][0m Starting health-monitor...
[0;32m[2025-07-29 19:33:38] SUCCESS:[0m health-monitor started with PID: 37168
[0;34m[2025-07-29 19:33:38][0m Starting sync-automation...
[0;32m[2025-07-29 19:33:38] SUCCESS:[0m sync-automation started with PID: 37199
[0;34m[2025-07-29 19:33:38][0m Starting cursor-chat...
[0;32m[2025-07-29 19:33:38] SUCCESS:[0m cursor-chat started with PID: 37356
[0;34m[2025-07-29 19:33:38][0m Starting error-monitor...
[0;32m[2025-07-29 19:33:39] SUCCESS:[0m error-monitor started with PID: 37456
[0;32m[2025-07-29 19:33:39] SUCCESS:[0m All automation services started
[0;34m[2025-07-29 19:34:08][0m Starting Master Automation System...
[0;34m[2025-07-29 19:34:08][0m Starting git-monitor...
[0;32m[2025-07-29 19:34:08] SUCCESS:[0m git-monitor started with PID: 44046
[0;34m[2025-07-29 19:34:08][0m Starting build-monitor...
[0;32m[2025-07-29 19:34:08] SUCCESS:[0m build-monitor started with PID: 44062
[0;34m[2025-07-29 19:34:08][0m Starting error-fixer...
[0;32m[2025-07-29 19:34:08] SUCCESS:[0m error-fixer started with PID: 44078
[0;34m[2025-07-29 19:34:08][0m Starting health-monitor...
[0;32m[2025-07-29 19:34:09] SUCCESS:[0m health-monitor started with PID: 44093
[0;34m[2025-07-29 19:34:09][0m Starting sync-automation...
[0;32m[2025-07-29 19:34:09] SUCCESS:[0m sync-automation started with PID: 44134
[0;34m[2025-07-29 19:34:09][0m Starting cursor-chat...
[0;32m[2025-07-29 19:34:09] SUCCESS:[0m cursor-chat started with PID: 44206
[0;34m[2025-07-29 19:34:09][0m Starting error-monitor...
[0;32m[2025-07-29 19:34:09] SUCCESS:[0m error-monitor started with PID: 44236
[0;32m[2025-07-29 19:34:09] SUCCESS:[0m All automation services started
[0;34m[2025-07-29 19:34:38][0m Starting Master Automation System...
[0;34m[2025-07-29 19:34:39][0m Service git-monitor is already running (PID: 44046)
[0;34m[2025-07-29 19:34:39][0m Starting build-monitor...
[0;32m[2025-07-29 19:34:39] SUCCESS:[0m build-monitor started with PID: 49895
[0;34m[2025-07-29 19:34:39][0m Starting error-fixer...
[0;32m[2025-07-29 19:34:39] SUCCESS:[0m error-fixer started with PID: 49949
[0;34m[2025-07-29 19:34:39][0m Starting health-monitor...
[0;32m[2025-07-29 19:34:40] SUCCESS:[0m health-monitor started with PID: 50196
[0;34m[2025-07-29 19:34:40][0m Starting sync-automation...
[0;32m[2025-07-29 19:34:40] SUCCESS:[0m sync-automation started with PID: 50221
[0;34m[2025-07-29 19:34:40][0m Starting cursor-chat...
[0;32m[2025-07-29 19:34:40] SUCCESS:[0m cursor-chat started with PID: 50317
[0;34m[2025-07-29 19:34:40][0m Starting error-monitor...
[0;32m[2025-07-29 19:34:40] SUCCESS:[0m error-monitor started with PID: 50395
[0;32m[2025-07-29 19:34:41] SUCCESS:[0m All automation services started
[0;34m[2025-07-29 19:35:09][0m Starting Master Automation System...
[0;34m[2025-07-29 19:35:09][0m Starting git-monitor...
[0;32m[2025-07-29 19:35:09] SUCCESS:[0m git-monitor started with PID: 57054
[0;34m[2025-07-29 19:35:09][0m Starting build-monitor...
[0;32m[2025-07-29 19:35:09] SUCCESS:[0m build-monitor started with PID: 57128
[0;34m[2025-07-29 19:35:09][0m Starting error-fixer...
[0;32m[2025-07-29 19:35:10] SUCCESS:[0m error-fixer started with PID: 57205
[0;34m[2025-07-29 19:35:10][0m Starting health-monitor...
[0;32m[2025-07-29 19:35:10] SUCCESS:[0m health-monitor started with PID: 57345
[0;34m[2025-07-29 19:35:10][0m Starting sync-automation...
[0;32m[2025-07-29 19:35:10] SUCCESS:[0m sync-automation started with PID: 57380
[0;34m[2025-07-29 19:35:10][0m Starting cursor-chat...
[0;32m[2025-07-29 19:35:10] SUCCESS:[0m cursor-chat started with PID: 57394
[0;34m[2025-07-29 19:35:10][0m Starting error-monitor...
[0;32m[2025-07-29 19:35:10] SUCCESS:[0m error-monitor started with PID: 57477
[0;32m[2025-07-29 19:35:10] SUCCESS:[0m All automation services started
[0;34m[2025-07-29 19:35:40][0m Starting Master Automation System...
[0;34m[2025-07-29 19:35:40][0m Service git-monitor is already running (PID: 57054)
[0;34m[2025-07-29 19:35:40][0m Starting build-monitor...
[0;32m[2025-07-29 19:35:40] SUCCESS:[0m build-monitor started with PID: 63235
[0;34m[2025-07-29 19:35:40][0m Starting error-fixer...
[0;32m[2025-07-29 19:35:40] SUCCESS:[0m error-fixer started with PID: 63262
[0;34m[2025-07-29 19:35:40][0m Starting health-monitor...
[0;32m[2025-07-29 19:35:40] SUCCESS:[0m health-monitor started with PID: 63281
[0;34m[2025-07-29 19:35:40][0m Starting sync-automation...
[0;32m[2025-07-29 19:35:40] SUCCESS:[0m sync-automation started with PID: 63325
[0;34m[2025-07-29 19:35:40][0m Starting cursor-chat...
[0;32m[2025-07-29 19:35:41] SUCCESS:[0m cursor-chat started with PID: 63455
[0;34m[2025-07-29 19:36:09][0m Starting Master Automation System...
[0;34m[2025-07-29 19:36:09][0m Starting git-monitor...
[0;32m[2025-07-29 19:36:10] SUCCESS:[0m git-monitor started with PID: 69374
[0;34m[2025-07-29 19:36:10][0m Starting build-monitor...
[0;32m[2025-07-29 19:36:10] SUCCESS:[0m build-monitor started with PID: 69389
[0;34m[2025-07-29 19:36:10][0m Starting error-fixer...
[0;32m[2025-07-29 19:36:10] SUCCESS:[0m error-fixer started with PID: 69563
[0;34m[2025-07-29 19:36:10][0m Starting health-monitor...
[0;32m[2025-07-29 19:36:11] SUCCESS:[0m health-monitor started with PID: 69612
[0;34m[2025-07-29 19:36:11][0m Starting sync-automation...
[0;32m[2025-07-29 19:36:11] SUCCESS:[0m sync-automation started with PID: 69762
[0;34m[2025-07-29 19:36:11][0m Starting cursor-chat...
[0;32m[2025-07-29 19:36:11] SUCCESS:[0m cursor-chat started with PID: 69839
[0;34m[2025-07-29 19:36:11][0m Starting error-monitor...
[0;32m[2025-07-29 19:36:11] SUCCESS:[0m error-monitor started with PID: 69904
[0;32m[2025-07-29 19:36:11] SUCCESS:[0m All automation services started
