[2025-07-30T03:07:00.102Z] Starting error detection and fixing...
[2025-07-30T03:07:03.324Z] TypeScript errors found: Command failed: npx tsc --noEmit
[2025-07-30T03:07:06.472Z] Could not auto-fix TypeScript errors, manual review needed
[2025-07-30T03:07:07.661Z] ESLint errors found: Command failed: npx eslint . --ext .ts,.tsx,.js,.jsx

Oops! Something went wrong! :(

ESLint: 8.57.1

ESLint couldn't find a configuration file. To set up a configuration file for this project, please run:

    npm init @eslint/config

ESLint looked for configuration files in /Users/miami2/Documents/GitHub/bolt.new.zion.app/automation and its ancestors. If it found none, it then looked in your home directory.

If you think you already have a configuration file or if you need more help, please stop by the ESLint Discord server: https://eslint.org/chat


[2025-07-30T03:07:08.751Z] Could not auto-fix ESLint errors, manual review needed
[2025-07-30T03:07:14.532Z] Build errors found: Command failed: npm run build
Failed to compile.

./pages/_app.tsx:3:20
Type error: Cannot find module '@/components/layout/layout' or its corresponding type declarations.

[0m [90m 1 |[39m [36mimport[39m type { [33mAppProps[39m } [36mfrom[39m [32m'next/app'[39m[33m;[39m
 [90m 2 |[39m [36mimport[39m [32m'@/styles/globals.css'[39m[33m;[39m
[31m[1m>[22m[39m[90m 3 |[39m [36mimport[39m [33mLayout[39m [36mfrom[39m [32m'@/components/layout/layout'[39m[33m;[39m
 [90m   |[39m                    [31m[1m^[22m[39m
 [90m 4 |[39m
 [90m 5 |[39m [36mexport[39m [36mdefault[39m [36mfunction[39m [33mApp[39m({ [33mComponent[39m[33m,[39m pageProps }[33m:[39m [33mAppProps[39m) {
 [90m 6 |[39m   [36mreturn[39m ([0m
Next.js build worker exited with code: 1 and signal: null

[2025-07-30T03:07:23.391Z] Could not auto-fix build errors, manual review needed
[2025-07-30T03:07:24.914Z] Dependency check passed
[2025-07-30T03:09:31.411Z] Syntax error in /Users/miami2/Documents/GitHub/bolt.new.zion.app/automation/automation-launcher.js: Unexpected identifier 'Error'
[2025-07-30T03:09:31.413Z] Syntax error in /Users/miami2/Documents/GitHub/bolt.new.zion.app/automation/automation-launcher.js fixed
[2025-07-30T03:09:33.483Z] Syntax error in /Users/miami2/Documents/GitHub/bolt.new.zion.app/automation/automation_removed/auto-fix-script.js: ComprehensiveLoggingSystem is not a constructor
[2025-07-30T03:09:33.485Z] Syntax error in /Users/miami2/Documents/GitHub/bolt.new.zion.app/automation/automation_removed/auto-fix-script.js fixed
[2025-07-30T03:09:33.492Z] Syntax error in /Users/miami2/Documents/GitHub/bolt.new.zion.app/automation/automation_removed/automation_temp/ai-improvement-agents.jsx: Unexpected token '<'
[2025-07-30T03:09:33.493Z] Syntax error in /Users/miami2/Documents/GitHub/bolt.new.zion.app/automation/automation_removed/automation_temp/ai-improvement-agents.jsx fixed
[2025-07-30T03:09:34.099Z] Syntax error in /Users/miami2/Documents/GitHub/bolt.new.zion.app/automation/automation_removed/automation_temp/automation-integration-system.js: Invalid or unexpected token
[2025-07-30T03:09:34.100Z] Syntax error in /Users/miami2/Documents/GitHub/bolt.new.zion.app/automation/automation_removed/automation_temp/automation-integration-system.js fixed
[2025-07-30T03:09:34.103Z] Syntax error in /Users/miami2/Documents/GitHub/bolt.new.zion.app/automation/automation_removed/automation_temp/automation-manager.js: Invalid or unexpected token
[2025-07-30T03:09:34.104Z] Syntax error in /Users/miami2/Documents/GitHub/bolt.new.zion.app/automation/automation_removed/automation_temp/automation-manager.js fixed
[2025-07-30T03:09:34.107Z] Syntax error in /Users/miami2/Documents/GitHub/bolt.new.zion.app/automation/automation_removed/automation_temp/automation-scheduler.js: Invalid or unexpected token
[2025-07-30T03:09:34.108Z] Syntax error in /Users/miami2/Documents/GitHub/bolt.new.zion.app/automation/automation_removed/automation_temp/automation-scheduler.js fixed
[2025-07-30T03:09:34.611Z] Syntax error in /Users/miami2/Documents/GitHub/bolt.new.zion.app/automation/automation_removed/automation_temp/automation-test-manager.jsx: Unexpected token '<'
[2025-07-30T03:09:34.617Z] Syntax error in /Users/miami2/Documents/GitHub/bolt.new.zion.app/automation/automation_removed/automation_temp/automation-test-manager.jsx fixed
[2025-07-30T03:09:34.619Z] Syntax error in /Users/miami2/Documents/GitHub/bolt.new.zion.app/automation/automation_removed/automation_temp/autonomous-commit-push.js: Invalid or unexpected token
[2025-07-30T03:09:34.620Z] Syntax error in /Users/miami2/Documents/GitHub/bolt.new.zion.app/automation/automation_removed/automation_temp/autonomous-commit-push.js fixed
[2025-07-30T03:09:34.620Z] Syntax error in /Users/miami2/Documents/GitHub/bolt.new.zion.app/automation/automation_removed/automation_temp/autonomous-daemon.js: Invalid or unexpected token
[2025-07-30T03:09:34.622Z] Syntax error in /Users/miami2/Documents/GitHub/bolt.new.zion.app/automation/automation_removed/automation_temp/autonomous-daemon.js fixed
[2025-07-30T03:09:34.623Z] Syntax error in /Users/miami2/Documents/GitHub/bolt.new.zion.app/automation/automation_removed/automation_temp/autonomous-git-manager.js: Cannot find module 'fs-extra'
Require stack:
- /Users/miami2/Documents/GitHub/bolt.new.zion.app/automation/automation_removed/automation_temp/autonomous-git-manager.js
- /Users/miami2/Documents/GitHub/bolt.new.zion.app/automation/tasks/errorFixer.js
[2025-07-30T03:09:34.624Z] Syntax error in /Users/miami2/Documents/GitHub/bolt.new.zion.app/automation/automation_removed/automation_temp/autonomous-git-manager.js fixed
[2025-07-30T03:09:34.624Z] Syntax error in /Users/miami2/Documents/GitHub/bolt.new.zion.app/automation/automation_removed/automation_temp/autonomous-orchestrator.js: Invalid or unexpected token
[2025-07-30T03:09:34.625Z] Syntax error in /Users/miami2/Documents/GitHub/bolt.new.zion.app/automation/automation_removed/automation_temp/autonomous-orchestrator.js fixed
[2025-07-30T03:09:34.630Z] Syntax error in /Users/miami2/Documents/GitHub/bolt.new.zion.app/automation/automation_removed/automation_temp/build-error-fixer.js: Unexpected token '-'
[2025-07-30T03:09:34.630Z] Syntax error in /Users/miami2/Documents/GitHub/bolt.new.zion.app/automation/automation_removed/automation_temp/build-error-fixer.js fixed
[2025-07-30T03:09:34.631Z] Syntax error in /Users/miami2/Documents/GitHub/bolt.new.zion.app/automation/automation_removed/automation_temp/build-error-fixer.jsx: Unexpected token '-'
[2025-07-30T03:09:34.632Z] Syntax error in /Users/miami2/Documents/GitHub/bolt.new.zion.app/automation/automation_removed/automation_temp/build-error-fixer.jsx fixed
[2025-07-30T03:09:34.635Z] Syntax error in /Users/miami2/Documents/GitHub/bolt.new.zion.app/automation/automation_removed/automation_temp/build-monitor.jsx: Unexpected token '-'
[2025-07-30T03:09:34.636Z] Syntax error in /Users/miami2/Documents/GitHub/bolt.new.zion.app/automation/automation_removed/automation_temp/build-monitor.jsx fixed
[2025-07-30T03:09:35.110Z] Syntax error in /Users/miami2/Documents/GitHub/bolt.new.zion.app/automation/automation_removed/automation_temp/comprehensive-automation-dashboard.js: Unexpected token '-'
[2025-07-30T03:09:35.111Z] Syntax error in /Users/miami2/Documents/GitHub/bolt.new.zion.app/automation/automation_removed/automation_temp/comprehensive-automation-dashboard.js fixed
[2025-07-30T03:11:03.298Z] Syntax error in /Users/miami2/Documents/GitHub/bolt.new.zion.app/automation/automation_removed/automation_temp/comprehensive-logging-system.js: Cannot find module '/Users/miami2/Documents/GitHub/bolt.new.zion.app/node_modules/node-cron/dist/cjs/node-cron.js'
[2025-07-30T03:11:03.299Z] Syntax error in /Users/miami2/Documents/GitHub/bolt.new.zion.app/automation/automation_removed/automation_temp/comprehensive-logging-system.js fixed
[2025-07-30T03:11:03.300Z] Syntax error in /Users/miami2/Documents/GitHub/bolt.new.zion.app/automation/automation_removed/automation_temp/comprehensive-syntax-fixer.jsx: Unexpected token '<'
[2025-07-30T03:11:03.301Z] Syntax error in /Users/miami2/Documents/GitHub/bolt.new.zion.app/automation/automation_removed/automation_temp/comprehensive-syntax-fixer.jsx fixed
[2025-07-30T03:13:09.227Z] Syntax error in /Users/miami2/Documents/GitHub/bolt.new.zion.app/automation/automation_removed/automation_temp/continuous-improvement/improve.js: Invalid or unexpected token
[2025-07-30T03:13:09.228Z] Syntax error in /Users/miami2/Documents/GitHub/bolt.new.zion.app/automation/automation_removed/automation_temp/continuous-improvement/improve.js fixed
[2025-07-30T03:13:09.229Z] Syntax error in /Users/miami2/Documents/GitHub/bolt.new.zion.app/automation/automation_removed/automation_temp/continuous-improvement/index.js: Invalid or unexpected token
[2025-07-30T03:13:09.230Z] Syntax error in /Users/miami2/Documents/GitHub/bolt.new.zion.app/automation/automation_removed/automation_temp/continuous-improvement/index.js fixed
[2025-07-30T03:13:09.231Z] Syntax error in /Users/miami2/Documents/GitHub/bolt.new.zion.app/automation/automation_removed/automation_temp/continuous-improvement/monitor.js: Invalid or unexpected token
[2025-07-30T03:13:09.232Z] Syntax error in /Users/miami2/Documents/GitHub/bolt.new.zion.app/automation/automation_removed/automation_temp/continuous-improvement/monitor.js fixed
[2025-07-30T03:13:09.233Z] Syntax error in /Users/miami2/Documents/GitHub/bolt.new.zion.app/automation/automation_removed/automation_temp/continuous-improvement/start.js: Invalid or unexpected token
[2025-07-30T03:13:09.234Z] Syntax error in /Users/miami2/Documents/GitHub/bolt.new.zion.app/automation/automation_removed/automation_temp/continuous-improvement/start.js fixed
[2025-07-30T03:13:13.702Z] Syntax error in /Users/miami2/Documents/GitHub/bolt.new.zion.app/automation/automation_removed/automation_temp/continuous-improvement/test-system.js: Invalid or unexpected token
[2025-07-30T03:13:13.703Z] Syntax error in /Users/miami2/Documents/GitHub/bolt.new.zion.app/automation/automation_removed/automation_temp/continuous-improvement/test-system.js fixed
[2025-07-30T03:13:13.705Z] Syntax error in /Users/miami2/Documents/GitHub/bolt.new.zion.app/automation/automation_removed/automation_temp/continuous-improvement.js: Invalid or unexpected token
[2025-07-30T03:13:13.706Z] Syntax error in /Users/miami2/Documents/GitHub/bolt.new.zion.app/automation/automation_removed/automation_temp/continuous-improvement.js fixed
[2025-07-30T03:13:51.632Z] Syntax error in /Users/miami2/Documents/GitHub/bolt.new.zion.app/automation/automation_removed/automation_temp/corruption-fixer.js: Unexpected token '-'
[2025-07-30T03:13:51.632Z] Syntax error in /Users/miami2/Documents/GitHub/bolt.new.zion.app/automation/automation_removed/automation_temp/corruption-fixer.js fixed
[2025-07-30T12:16:01.582Z] Syntax error in /Users/miami2/Documents/GitHub/bolt.new.zion.app/automation/automation_removed/automation_temp/cursor-auto-save.js: Invalid or unexpected token
[2025-07-30T12:16:01.583Z] Syntax error in /Users/miami2/Documents/GitHub/bolt.new.zion.app/automation/automation_removed/automation_temp/cursor-auto-save.js fixed
[2025-07-30T12:16:01.587Z] Syntax error in /Users/miami2/Documents/GitHub/bolt.new.zion.app/automation/automation_removed/automation_temp/cursor-automated-communication.js: Invalid or unexpected token
[2025-07-30T12:16:01.588Z] Syntax error in /Users/miami2/Documents/GitHub/bolt.new.zion.app/automation/automation_removed/automation_temp/cursor-automated-communication.js fixed
[2025-07-30T12:16:01.589Z] Syntax error in /Users/miami2/Documents/GitHub/bolt.new.zion.app/automation/automation_removed/automation_temp/cursor-automated-extension/background.js: Invalid or unexpected token
[2025-07-30T12:16:01.590Z] Syntax error in /Users/miami2/Documents/GitHub/bolt.new.zion.app/automation/automation_removed/automation_temp/cursor-automated-extension/background.js fixed
[2025-07-30T12:24:46.890Z] Syntax error in /Users/miami2/Documents/GitHub/bolt.new.zion.app/automation/automation_removed/automation_temp/cursor-chat-agents.js: Cannot find module 'winston'
Require stack:
- /Users/miami2/Documents/GitHub/bolt.new.zion.app/automation/automation_removed/automation_temp/cursor-chat-agents.js
- /Users/miami2/Documents/GitHub/bolt.new.zion.app/automation/tasks/errorFixer.js
[2025-07-30T12:24:46.891Z] Syntax error in /Users/miami2/Documents/GitHub/bolt.new.zion.app/automation/automation_removed/automation_temp/cursor-chat-agents.js fixed
[2025-07-30T12:24:46.892Z] Syntax error in /Users/miami2/Documents/GitHub/bolt.new.zion.app/automation/automation_removed/automation_temp/cursor-chat-automation.js: Invalid or unexpected token
[2025-07-30T12:24:46.893Z] Syntax error in /Users/miami2/Documents/GitHub/bolt.new.zion.app/automation/automation_removed/automation_temp/cursor-chat-automation.js fixed
[2025-07-30T12:24:46.895Z] Syntax error in /Users/miami2/Documents/GitHub/bolt.new.zion.app/automation/automation_removed/automation_temp/cursor-chat-communicator.js: Cannot find module 'winston'
Require stack:
- /Users/miami2/Documents/GitHub/bolt.new.zion.app/automation/automation_removed/automation_temp/cursor-chat-communicator.js
- /Users/miami2/Documents/GitHub/bolt.new.zion.app/automation/tasks/errorFixer.js
[2025-07-30T12:24:46.897Z] Syntax error in /Users/miami2/Documents/GitHub/bolt.new.zion.app/automation/automation_removed/automation_temp/cursor-chat-communicator.js fixed
[2025-07-30T12:24:46.898Z] Syntax error in /Users/miami2/Documents/GitHub/bolt.new.zion.app/automation/automation_removed/automation_temp/cursor-chat-master-controller.js: Cannot find module 'winston'
Require stack:
- /Users/miami2/Documents/GitHub/bolt.new.zion.app/automation/automation_removed/automation_temp/cursor-chat-master-controller.js
- /Users/miami2/Documents/GitHub/bolt.new.zion.app/automation/tasks/errorFixer.js
[2025-07-30T12:24:46.900Z] Syntax error in /Users/miami2/Documents/GitHub/bolt.new.zion.app/automation/automation_removed/automation_temp/cursor-chat-master-controller.js fixed
[2025-07-30T12:26:32.661Z] Syntax error in /Users/miami2/Documents/GitHub/bolt.new.zion.app/automation/automation_removed/automation_temp/cursor-chat-monitor.js: Invalid or unexpected token
[2025-07-30T12:26:32.662Z] Syntax error in /Users/miami2/Documents/GitHub/bolt.new.zion.app/automation/automation_removed/automation_temp/cursor-chat-monitor.js fixed
[2025-07-30T12:26:32.664Z] Syntax error in /Users/miami2/Documents/GitHub/bolt.new.zion.app/automation/automation_removed/automation_temp/cursor-chat-orchestrator.js: Cannot find module 'winston'
Require stack:
- /Users/miami2/Documents/GitHub/bolt.new.zion.app/automation/automation_removed/automation_temp/cursor-chat-orchestrator.js
- /Users/miami2/Documents/GitHub/bolt.new.zion.app/automation/tasks/errorFixer.js
[2025-07-30T12:26:32.666Z] Syntax error in /Users/miami2/Documents/GitHub/bolt.new.zion.app/automation/automation_removed/automation_temp/cursor-chat-orchestrator.js fixed
[2025-07-30T12:26:32.667Z] Syntax error in /Users/miami2/Documents/GitHub/bolt.new.zion.app/automation/automation_removed/automation_temp/cursor-integration-system.js: Invalid or unexpected token
[2025-07-30T12:26:32.668Z] Syntax error in /Users/miami2/Documents/GitHub/bolt.new.zion.app/automation/automation_removed/automation_temp/cursor-integration-system.js fixed
[2025-07-30T12:26:32.670Z] Syntax error in /Users/miami2/Documents/GitHub/bolt.new.zion.app/automation/automation_removed/automation_temp/cursor-unlock-automation.js: Invalid or unexpected token
[2025-07-30T12:26:32.671Z] Syntax error in /Users/miami2/Documents/GitHub/bolt.new.zion.app/automation/automation_removed/automation_temp/cursor-unlock-automation.js fixed
[2025-07-30T12:26:32.674Z] Syntax error in /Users/miami2/Documents/GitHub/bolt.new.zion.app/automation/automation_removed/automation_temp/dashboard/DashboardServer.js: Invalid or unexpected token
[2025-07-30T12:26:32.675Z] Syntax error in /Users/miami2/Documents/GitHub/bolt.new.zion.app/automation/automation_removed/automation_temp/dashboard/DashboardServer.js fixed
[2025-07-30T12:26:32.678Z] Syntax error in /Users/miami2/Documents/GitHub/bolt.new.zion.app/automation/automation_removed/automation_temp/efficient-improvement-system.js: Invalid or unexpected token
[2025-07-30T12:26:32.679Z] Syntax error in /Users/miami2/Documents/GitHub/bolt.new.zion.app/automation/automation_removed/automation_temp/efficient-improvement-system.js fixed
[2025-07-30T12:26:32.686Z] Syntax error in /Users/miami2/Documents/GitHub/bolt.new.zion.app/automation/automation_removed/automation_temp/enhanced-automation-system.js: Cannot find module 'winston'
Require stack:
- /Users/miami2/Documents/GitHub/bolt.new.zion.app/automation/automation_removed/automation_temp/enhanced-automation-system.js
- /Users/miami2/Documents/GitHub/bolt.new.zion.app/automation/tasks/errorFixer.js
[2025-07-30T12:26:32.687Z] Syntax error in /Users/miami2/Documents/GitHub/bolt.new.zion.app/automation/automation_removed/automation_temp/enhanced-automation-system.js fixed
[2025-07-30T12:26:32.688Z] Syntax error in /Users/miami2/Documents/GitHub/bolt.new.zion.app/automation/automation_removed/automation_temp/enhanced-autonomous-commit.js: Invalid or unexpected token
[2025-07-30T12:26:32.689Z] Syntax error in /Users/miami2/Documents/GitHub/bolt.new.zion.app/automation/automation_removed/automation_temp/enhanced-autonomous-commit.js fixed
[2025-07-30T12:30:02.190Z] Starting error detection and fixing...
[2025-07-30T12:30:19.258Z] TypeScript errors found: Command failed: npx tsc --noEmit
[2025-07-30T12:30:28.407Z] Could not auto-fix TypeScript errors, manual review needed
[2025-07-30T12:30:37.352Z] ESLint errors found: Command failed: npx eslint . --ext .ts,.tsx,.js,.jsx

Oops! Something went wrong! :(

ESLint: 9.32.0

Error: Cannot find package '/Users/miami2/Documents/GitHub/bolt.new.zion.app/node_modules/@typescript-eslint/eslint-plugin/index.js' imported from /Users/miami2/Documents/GitHub/bolt.new.zion.app/eslint.config.js
    at legacyMainResolve (node:internal/modules/esm/resolve:204:26)
    at packageResolve (node:internal/modules/esm/resolve:778:12)
    at moduleResolve (node:internal/modules/esm/resolve:854:18)
    at defaultResolve (node:internal/modules/esm/resolve:984:11)
    at ModuleLoader.defaultResolve (node:internal/modules/esm/loader:780:12)
    at #cachedDefaultResolve (node:internal/modules/esm/loader:704:25)
    at ModuleLoader.resolve (node:internal/modules/esm/loader:687:38)
    at ModuleLoader.getModuleJobForImport (node:internal/modules/esm/loader:305:38)
    at ModuleJob._link (node:internal/modules/esm/module_job:137:49)
(node:53800) [MODULE_TYPELESS_PACKAGE_JSON] Warning: Module type of file:///Users/miami2/Documents/GitHub/bolt.new.zion.app/eslint.config.js?mtime=1753877945865 is not specified and it doesn't parse as CommonJS.
Reparsing as ES module because module syntax was detected. This incurs a performance overhead.
To eliminate this warning, add "type": "module" to /Users/miami2/Documents/GitHub/bolt.new.zion.app/package.json.
(Use `node --trace-warnings ...` to show where the warning was created)

[2025-07-30T12:30:49.352Z] Could not auto-fix ESLint errors, manual review needed
[2025-07-30T12:30:50.540Z] Build errors found: Command failed: npm run build
sh: next: command not found

[2025-07-30T12:31:36.301Z] Could not auto-fix build errors, manual review needed
