[2025-07-30T03:04:34.358Z] Starting Independent Automation System...
[2025-07-30T03:04:34.367Z] Build monitor started
[2025-07-30T03:04:34.369Z] Error detector started
[2025-07-30T03:04:34.371Z] Git automation started
[2025-07-30T03:04:34.373Z] Code quality enforcer started
[2025-07-30T03:04:34.428Z] Cron jobs scheduled
[2025-07-30T03:04:34.429Z] Independent Automation System started successfully
[2025-07-30T03:05:34.427Z] Automation system heartbeat...
[2025-07-30T03:06:34.411Z] Automation system heartbeat...
[2025-07-30T03:07:34.405Z] Automation system heartbeat...
[2025-07-30T03:08:34.402Z] Automation system heartbeat...
[2025-07-30T03:09:34.398Z] Automation system heartbeat...
[2025-07-30T03:10:34.395Z] Automation system heartbeat...
[2025-07-30T03:11:34.392Z] Automation system heartbeat...
[2025-07-30T03:12:34.388Z] Automation system heartbeat...
[2025-07-30T03:13:34.384Z] Automation system heartbeat...
[2025-07-30T03:14:34.381Z] Automation system heartbeat...
[2025-07-30T03:15:34.378Z] Automation system heartbeat...
[2025-07-30T03:16:34.375Z] Automation system heartbeat...
[2025-07-30T03:17:34.371Z] Automation system heartbeat...
[2025-07-30T03:18:34.368Z] Automation system heartbeat...
[2025-07-30T03:19:34.364Z] Automation system heartbeat...
[2025-07-30T03:20:34.362Z] Automation system heartbeat...
[2025-07-30T03:21:34.371Z] Automation system heartbeat...
[2025-07-30T03:22:34.372Z] Automation system heartbeat...
[2025-07-30T03:23:34.371Z] Automation system heartbeat...
[2025-07-30T03:24:34.369Z] Automation system heartbeat...
[2025-07-30T03:25:34.368Z] Automation system heartbeat...
[2025-07-30T03:26:34.367Z] Automation system heartbeat...
[2025-07-30T03:27:34.365Z] Automation system heartbeat...
[2025-07-30T03:28:34.364Z] Automation system heartbeat...
[2025-07-30T03:29:34.363Z] Automation system heartbeat...
[2025-07-30T03:30:34.361Z] Automation system heartbeat...
[2025-07-30T03:31:34.360Z] Automation system heartbeat...
[2025-07-30T03:32:34.359Z] Automation system heartbeat...
[2025-07-30T03:33:34.357Z] Automation system heartbeat...
[2025-07-30T03:34:34.355Z] Automation system heartbeat...
[2025-07-30T03:35:34.354Z] Automation system heartbeat...
[2025-07-30T03:36:34.351Z] Automation system heartbeat...
[2025-07-30T03:37:34.349Z] Automation system heartbeat...
[2025-07-30T03:38:34.349Z] Automation system heartbeat...
[2025-07-30T03:39:34.346Z] Automation system heartbeat...
[2025-07-30T03:40:34.345Z] Automation system heartbeat...
[2025-07-30T03:41:34.342Z] Automation system heartbeat...
[2025-07-30T03:42:34.340Z] Automation system heartbeat...
[2025-07-30T03:43:34.337Z] Automation system heartbeat...
[2025-07-30T03:44:34.334Z] Automation system heartbeat...
[2025-07-30T03:45:34.331Z] Automation system heartbeat...
[2025-07-30T03:46:34.328Z] Automation system heartbeat...
[2025-07-30T03:47:34.326Z] Automation system heartbeat...
[2025-07-30T03:48:34.323Z] Automation system heartbeat...
[2025-07-30T03:49:34.320Z] Automation system heartbeat...
[2025-07-30T03:50:34.318Z] Automation system heartbeat...
[2025-07-30T03:51:34.316Z] Automation system heartbeat...
[2025-07-30T03:52:34.315Z] Automation system heartbeat...
[2025-07-30T03:53:34.431Z] Automation system heartbeat...
[2025-07-30T03:54:34.431Z] Automation system heartbeat...
[2025-07-30T03:55:34.433Z] Automation system heartbeat...
[2025-07-30T03:56:34.434Z] Automation system heartbeat...
[2025-07-30T03:57:34.434Z] Automation system heartbeat...
[2025-07-30T03:58:34.435Z] Automation system heartbeat...
[2025-07-30T03:59:34.437Z] Automation system heartbeat...
[2025-07-30T04:00:34.437Z] Automation system heartbeat...
[2025-07-30T04:01:34.438Z] Automation system heartbeat...
[2025-07-30T04:02:34.441Z] Automation system heartbeat...
[2025-07-30T04:03:34.443Z] Automation system heartbeat...
[2025-07-30T04:04:34.445Z] Automation system heartbeat...
[2025-07-30T04:05:34.446Z] Automation system heartbeat...
[2025-07-30T04:06:34.448Z] Automation system heartbeat...
[2025-07-30T04:07:34.450Z] Automation system heartbeat...
[2025-07-30T04:08:34.452Z] Automation system heartbeat...
[2025-07-30T04:09:34.454Z] Automation system heartbeat...
[2025-07-30T04:10:34.455Z] Automation system heartbeat...
[2025-07-30T04:11:34.456Z] Automation system heartbeat...
[2025-07-30T04:12:34.457Z] Automation system heartbeat...
[2025-07-30T04:13:34.458Z] Automation system heartbeat...
[2025-07-30T04:14:34.459Z] Automation system heartbeat...
[2025-07-30T04:15:34.459Z] Automation system heartbeat...
[2025-07-30T04:16:34.460Z] Automation system heartbeat...
[2025-07-30T04:17:34.462Z] Automation system heartbeat...
[2025-07-30T04:18:34.463Z] Automation system heartbeat...
[2025-07-30T04:19:34.463Z] Automation system heartbeat...
[2025-07-30T04:20:34.463Z] Automation system heartbeat...
[2025-07-30T04:21:34.464Z] Automation system heartbeat...
[2025-07-30T04:22:34.466Z] Automation system heartbeat...
[2025-07-30T04:23:34.468Z] Automation system heartbeat...
[2025-07-30T04:24:34.469Z] Automation system heartbeat...
[2025-07-30T04:25:34.471Z] Automation system heartbeat...
[2025-07-30T04:26:34.473Z] Automation system heartbeat...
[2025-07-30T04:27:34.475Z] Automation system heartbeat...
[2025-07-30T04:28:34.477Z] Automation system heartbeat...
[2025-07-30T04:29:34.479Z] Automation system heartbeat...
[2025-07-30T04:30:34.480Z] Automation system heartbeat...
[2025-07-30T04:31:34.482Z] Automation system heartbeat...
[2025-07-30T04:32:34.483Z] Automation system heartbeat...
[2025-07-30T04:33:34.486Z] Automation system heartbeat...
[2025-07-30T04:34:34.487Z] Automation system heartbeat...
[2025-07-30T04:35:34.489Z] Automation system heartbeat...
[2025-07-30T04:36:34.490Z] Automation system heartbeat...
[2025-07-30T04:37:34.492Z] Automation system heartbeat...
[2025-07-30T04:38:34.494Z] Automation system heartbeat...
[2025-07-30T04:39:34.495Z] Automation system heartbeat...
[2025-07-30T04:40:34.497Z] Automation system heartbeat...
[2025-07-30T04:41:34.499Z] Automation system heartbeat...
[2025-07-30T04:42:34.401Z] Automation system heartbeat...
[2025-07-30T04:43:34.401Z] Automation system heartbeat...
[2025-07-30T04:44:34.400Z] Automation system heartbeat...
[2025-07-30T04:45:34.400Z] Automation system heartbeat...
[2025-07-30T04:46:34.400Z] Automation system heartbeat...
[2025-07-30T04:47:34.400Z] Automation system heartbeat...
[2025-07-30T04:48:34.400Z] Automation system heartbeat...
[2025-07-30T04:49:34.399Z] Automation system heartbeat...
[2025-07-30T04:50:34.399Z] Automation system heartbeat...
[2025-07-30T04:51:34.399Z] Automation system heartbeat...
[2025-07-30T04:52:34.399Z] Automation system heartbeat...
[2025-07-30T04:53:34.399Z] Automation system heartbeat...
[2025-07-30T04:54:34.399Z] Automation system heartbeat...
[2025-07-30T04:55:34.398Z] Automation system heartbeat...
[2025-07-30T04:56:34.398Z] Automation system heartbeat...
[2025-07-30T04:57:34.397Z] Automation system heartbeat...
[2025-07-30T04:58:34.398Z] Automation system heartbeat...
[2025-07-30T04:59:34.398Z] Automation system heartbeat...
[2025-07-30T05:00:00.013Z] Running daily cleanup...
[2025-07-30T05:00:00.029Z] Daily cleanup completed
[2025-07-30T05:00:34.396Z] Automation system heartbeat...
[2025-07-30T05:01:34.395Z] Automation system heartbeat...
[2025-07-30T05:02:34.394Z] Automation system heartbeat...
[2025-07-30T05:03:34.393Z] Automation system heartbeat...
[2025-07-30T05:04:34.392Z] Automation system heartbeat...
[2025-07-30T05:05:34.390Z] Automation system heartbeat...
[2025-07-30T05:06:34.388Z] Automation system heartbeat...
[2025-07-30T05:07:34.387Z] Automation system heartbeat...
[2025-07-30T05:08:34.385Z] Automation system heartbeat...
[2025-07-30T05:09:34.384Z] Automation system heartbeat...
[2025-07-30T05:10:34.382Z] Automation system heartbeat...
[2025-07-30T05:11:34.381Z] Automation system heartbeat...
[2025-07-30T05:12:34.379Z] Automation system heartbeat...
[2025-07-30T05:13:34.379Z] Automation system heartbeat...
[2025-07-30T05:14:34.379Z] Automation system heartbeat...
[2025-07-30T05:15:34.378Z] Automation system heartbeat...
[2025-07-30T05:16:34.378Z] Automation system heartbeat...
[2025-07-30T05:17:34.378Z] Automation system heartbeat...
[2025-07-30T05:18:34.376Z] Automation system heartbeat...
[2025-07-30T05:19:34.376Z] Automation system heartbeat...
[2025-07-30T05:20:34.375Z] Automation system heartbeat...
[2025-07-30T05:21:34.374Z] Automation system heartbeat...
[2025-07-30T05:22:34.373Z] Automation system heartbeat...
[2025-07-30T05:23:34.372Z] Automation system heartbeat...
[2025-07-30T05:24:34.372Z] Automation system heartbeat...
[2025-07-30T05:25:34.373Z] Automation system heartbeat...
[2025-07-30T05:26:34.371Z] Automation system heartbeat...
[2025-07-30T05:27:34.370Z] Automation system heartbeat...
[2025-07-30T05:28:34.369Z] Automation system heartbeat...
[2025-07-30T05:29:34.369Z] Automation system heartbeat...
[2025-07-30T05:30:34.368Z] Automation system heartbeat...
[2025-07-30T05:31:34.367Z] Automation system heartbeat...
[2025-07-30T05:32:34.366Z] Automation system heartbeat...
[2025-07-30T05:33:34.366Z] Automation system heartbeat...
[2025-07-30T05:34:34.365Z] Automation system heartbeat...
[2025-07-30T05:35:34.364Z] Automation system heartbeat...
[2025-07-30T05:36:34.363Z] Automation system heartbeat...
[2025-07-30T05:37:34.362Z] Automation system heartbeat...
[2025-07-30T05:38:34.361Z] Automation system heartbeat...
[2025-07-30T05:39:34.360Z] Automation system heartbeat...
[2025-07-30T05:40:34.358Z] Automation system heartbeat...
[2025-07-30T05:41:34.357Z] Automation system heartbeat...
[2025-07-30T05:42:34.357Z] Automation system heartbeat...
[2025-07-30T05:43:34.357Z] Automation system heartbeat...
[2025-07-30T05:44:34.258Z] Automation system heartbeat...
[2025-07-30T05:45:34.256Z] Automation system heartbeat...
[2025-07-30T05:46:34.253Z] Automation system heartbeat...
[2025-07-30T05:47:34.250Z] Automation system heartbeat...
[2025-07-30T05:48:34.247Z] Automation system heartbeat...
[2025-07-30T05:49:34.245Z] Automation system heartbeat...
[2025-07-30T05:50:34.243Z] Automation system heartbeat...
[2025-07-30T05:51:34.241Z] Automation system heartbeat...
[2025-07-30T05:52:34.239Z] Automation system heartbeat...
[2025-07-30T05:53:34.237Z] Automation system heartbeat...
[2025-07-30T05:54:34.234Z] Automation system heartbeat...
[2025-07-30T05:55:34.231Z] Automation system heartbeat...
[2025-07-30T05:56:34.228Z] Automation system heartbeat...
[2025-07-30T05:57:34.225Z] Automation system heartbeat...
[2025-07-30T05:58:34.224Z] Automation system heartbeat...
[2025-07-30T05:59:34.221Z] Automation system heartbeat...
[2025-07-30T06:00:34.219Z] Automation system heartbeat...
[2025-07-30T06:01:34.215Z] Automation system heartbeat...
[2025-07-30T06:02:34.212Z] Automation system heartbeat...
[2025-07-30T06:03:34.211Z] Automation system heartbeat...
[2025-07-30T06:04:34.209Z] Automation system heartbeat...
[2025-07-30T06:05:34.205Z] Automation system heartbeat...
[2025-07-30T06:06:34.203Z] Automation system heartbeat...
[2025-07-30T06:07:34.201Z] Automation system heartbeat...
[2025-07-30T06:08:34.198Z] Automation system heartbeat...
[2025-07-30T06:09:34.195Z] Automation system heartbeat...
[2025-07-30T06:10:34.193Z] Automation system heartbeat...
[2025-07-30T06:11:34.190Z] Automation system heartbeat...
[2025-07-30T06:12:34.187Z] Automation system heartbeat...
[2025-07-30T06:13:34.185Z] Automation system heartbeat...
[2025-07-30T06:14:34.182Z] Automation system heartbeat...
[2025-07-30T06:15:34.180Z] Automation system heartbeat...
[2025-07-30T06:16:34.178Z] Automation system heartbeat...
[2025-07-30T06:17:34.175Z] Automation system heartbeat...
[2025-07-30T06:18:34.175Z] Automation system heartbeat...
[2025-07-30T06:19:34.172Z] Automation system heartbeat...
[2025-07-30T06:20:34.198Z] Automation system heartbeat...
[2025-07-30T06:21:34.196Z] Automation system heartbeat...
[2025-07-30T06:22:34.194Z] Automation system heartbeat...
[2025-07-30T06:23:34.192Z] Automation system heartbeat...
[2025-07-30T06:24:34.189Z] Automation system heartbeat...
[2025-07-30T06:25:34.188Z] Automation system heartbeat...
[2025-07-30T06:26:34.187Z] Automation system heartbeat...
[2025-07-30T06:27:34.186Z] Automation system heartbeat...
[2025-07-30T06:28:34.185Z] Automation system heartbeat...
[2025-07-30T06:29:34.184Z] Automation system heartbeat...
[2025-07-30T06:30:34.183Z] Automation system heartbeat...
[2025-07-30T06:31:34.181Z] Automation system heartbeat...
[2025-07-30T06:32:34.181Z] Automation system heartbeat...
[2025-07-30T06:33:34.180Z] Automation system heartbeat...
[2025-07-30T06:34:34.179Z] Automation system heartbeat...
[2025-07-30T06:35:34.178Z] Automation system heartbeat...
[2025-07-30T06:36:34.176Z] Automation system heartbeat...
[2025-07-30T06:37:34.175Z] Automation system heartbeat...
[2025-07-30T06:38:34.174Z] Automation system heartbeat...
[2025-07-30T06:39:34.173Z] Automation system heartbeat...
[2025-07-30T06:40:34.171Z] Automation system heartbeat...
[2025-07-30T06:41:34.169Z] Automation system heartbeat...
[2025-07-30T06:42:34.167Z] Automation system heartbeat...
[2025-07-30T06:43:34.166Z] Automation system heartbeat...
[2025-07-30T06:44:34.164Z] Automation system heartbeat...
[2025-07-30T06:45:34.161Z] Automation system heartbeat...
[2025-07-30T06:46:34.159Z] Automation system heartbeat...
[2025-07-30T06:47:34.159Z] Automation system heartbeat...
[2025-07-30T06:48:34.159Z] Automation system heartbeat...
[2025-07-30T06:49:34.156Z] Automation system heartbeat...
[2025-07-30T06:50:34.154Z] Automation system heartbeat...
[2025-07-30T06:51:34.151Z] Automation system heartbeat...
[2025-07-30T06:52:34.149Z] Automation system heartbeat...
[2025-07-30T06:53:34.149Z] Automation system heartbeat...
[2025-07-30T06:54:34.147Z] Automation system heartbeat...
[2025-07-30T06:55:34.145Z] Automation system heartbeat...
[2025-07-30T06:56:34.143Z] Automation system heartbeat...
[2025-07-30T06:57:34.141Z] Automation system heartbeat...
[2025-07-30T06:58:34.140Z] Automation system heartbeat...
[2025-07-30T06:59:34.138Z] Automation system heartbeat...
[2025-07-30T07:00:34.138Z] Automation system heartbeat...
[2025-07-30T07:01:34.137Z] Automation system heartbeat...
[2025-07-30T07:02:34.135Z] Automation system heartbeat...
[2025-07-30T07:03:34.134Z] Automation system heartbeat...
[2025-07-30T07:04:34.133Z] Automation system heartbeat...
[2025-07-30T07:05:34.132Z] Automation system heartbeat...
[2025-07-30T07:06:34.131Z] Automation system heartbeat...
[2025-07-30T07:07:34.130Z] Automation system heartbeat...
[2025-07-30T07:08:34.130Z] Automation system heartbeat...
[2025-07-30T07:09:34.128Z] Automation system heartbeat...
[2025-07-30T07:10:34.127Z] Automation system heartbeat...
[2025-07-30T07:11:34.126Z] Automation system heartbeat...
[2025-07-30T07:12:34.125Z] Automation system heartbeat...
[2025-07-30T07:13:34.124Z] Automation system heartbeat...
[2025-07-30T07:14:34.122Z] Automation system heartbeat...
[2025-07-30T07:15:34.120Z] Automation system heartbeat...
[2025-07-30T07:16:34.118Z] Automation system heartbeat...
[2025-07-30T07:17:34.118Z] Automation system heartbeat...
[2025-07-30T07:18:34.115Z] Automation system heartbeat...
[2025-07-30T07:19:34.114Z] Automation system heartbeat...
[2025-07-30T07:20:34.113Z] Automation system heartbeat...
[2025-07-30T07:21:34.111Z] Automation system heartbeat...
[2025-07-30T07:22:34.109Z] Automation system heartbeat...
[2025-07-30T07:23:34.108Z] Automation system heartbeat...
[2025-07-30T07:24:34.107Z] Automation system heartbeat...
[2025-07-30T07:25:34.106Z] Automation system heartbeat...
[2025-07-30T07:26:34.091Z] Automation system heartbeat...
[2025-07-30T07:27:34.088Z] Automation system heartbeat...
[2025-07-30T07:28:34.086Z] Automation system heartbeat...
[2025-07-30T07:29:34.083Z] Automation system heartbeat...
[2025-07-30T07:30:34.080Z] Automation system heartbeat...
[2025-07-30T07:31:34.079Z] Automation system heartbeat...
[2025-07-30T07:32:34.077Z] Automation system heartbeat...
[2025-07-30T07:33:34.075Z] Automation system heartbeat...
[2025-07-30T07:34:34.073Z] Automation system heartbeat...
[2025-07-30T07:35:34.073Z] Automation system heartbeat...
[2025-07-30T07:36:34.070Z] Automation system heartbeat...
[2025-07-30T07:37:34.067Z] Automation system heartbeat...
[2025-07-30T07:38:34.065Z] Automation system heartbeat...
[2025-07-30T07:39:34.062Z] Automation system heartbeat...
[2025-07-30T07:40:34.061Z] Automation system heartbeat...
[2025-07-30T07:41:34.060Z] Automation system heartbeat...
[2025-07-30T07:42:34.058Z] Automation system heartbeat...
[2025-07-30T07:43:34.057Z] Automation system heartbeat...
[2025-07-30T07:44:34.056Z] Automation system heartbeat...
[2025-07-30T07:45:34.054Z] Automation system heartbeat...
[2025-07-30T07:46:34.051Z] Automation system heartbeat...
[2025-07-30T07:47:34.049Z] Automation system heartbeat...
[2025-07-30T07:48:34.046Z] Automation system heartbeat...
[2025-07-30T07:49:34.044Z] Automation system heartbeat...
[2025-07-30T07:50:34.043Z] Automation system heartbeat...
[2025-07-30T07:51:34.041Z] Automation system heartbeat...
[2025-07-30T07:52:34.039Z] Automation system heartbeat...
[2025-07-30T07:53:34.036Z] Automation system heartbeat...
[2025-07-30T07:54:34.033Z] Automation system heartbeat...
[2025-07-30T07:55:34.031Z] Automation system heartbeat...
[2025-07-30T07:56:34.029Z] Automation system heartbeat...
[2025-07-30T07:57:34.026Z] Automation system heartbeat...
[2025-07-30T07:58:34.023Z] Automation system heartbeat...
[2025-07-30T07:59:34.021Z] Automation system heartbeat...
[2025-07-30T08:00:34.019Z] Automation system heartbeat...
[2025-07-30T08:01:34.024Z] Automation system heartbeat...
[2025-07-30T08:02:34.025Z] Automation system heartbeat...
[2025-07-30T08:03:34.024Z] Automation system heartbeat...
[2025-07-30T08:04:34.023Z] Automation system heartbeat...
[2025-07-30T08:05:34.022Z] Automation system heartbeat...
[2025-07-30T08:06:34.022Z] Automation system heartbeat...
[2025-07-30T08:07:34.020Z] Automation system heartbeat...
[2025-07-30T08:08:34.019Z] Automation system heartbeat...
[2025-07-30T08:09:34.018Z] Automation system heartbeat...
[2025-07-30T08:10:34.017Z] Automation system heartbeat...
[2025-07-30T08:11:34.016Z] Automation system heartbeat...
[2025-07-30T08:12:34.015Z] Automation system heartbeat...
[2025-07-30T08:13:34.014Z] Automation system heartbeat...
[2025-07-30T08:14:34.013Z] Automation system heartbeat...
[2025-07-30T08:15:34.011Z] Automation system heartbeat...
[2025-07-30T08:16:34.010Z] Automation system heartbeat...
[2025-07-30T08:17:34.009Z] Automation system heartbeat...
[2025-07-30T08:18:34.008Z] Automation system heartbeat...
[2025-07-30T08:19:34.007Z] Automation system heartbeat...
[2025-07-30T08:20:34.006Z] Automation system heartbeat...
[2025-07-30T08:21:34.005Z] Automation system heartbeat...
[2025-07-30T08:22:34.004Z] Automation system heartbeat...
[2025-07-30T08:23:34.003Z] Automation system heartbeat...
[2025-07-30T08:24:34.002Z] Automation system heartbeat...
[2025-07-30T08:25:34.001Z] Automation system heartbeat...
[2025-07-30T08:26:34.000Z] Automation system heartbeat...
[2025-07-30T08:27:33.999Z] Automation system heartbeat...
[2025-07-30T08:28:33.997Z] Automation system heartbeat...
[2025-07-30T08:29:33.996Z] Automation system heartbeat...
[2025-07-30T08:30:33.995Z] Automation system heartbeat...
[2025-07-30T08:31:33.994Z] Automation system heartbeat...
[2025-07-30T08:32:33.993Z] Automation system heartbeat...
[2025-07-30T08:33:33.895Z] Automation system heartbeat...
[2025-07-30T08:34:33.892Z] Automation system heartbeat...
[2025-07-30T08:35:33.890Z] Automation system heartbeat...
[2025-07-30T08:36:33.887Z] Automation system heartbeat...
[2025-07-30T08:37:33.884Z] Automation system heartbeat...
[2025-07-30T08:38:33.881Z] Automation system heartbeat...
[2025-07-30T08:39:33.879Z] Automation system heartbeat...
[2025-07-30T08:40:33.876Z] Automation system heartbeat...
[2025-07-30T08:41:33.873Z] Automation system heartbeat...
[2025-07-30T08:42:33.870Z] Automation system heartbeat...
[2025-07-30T08:43:33.866Z] Automation system heartbeat...
[2025-07-30T08:44:33.863Z] Automation system heartbeat...
[2025-07-30T08:45:33.860Z] Automation system heartbeat...
[2025-07-30T08:46:33.857Z] Automation system heartbeat...
[2025-07-30T08:47:33.854Z] Automation system heartbeat...
[2025-07-30T08:48:33.958Z] Automation system heartbeat...
[2025-07-30T08:49:33.960Z] Automation system heartbeat...
[2025-07-30T08:50:33.962Z] Automation system heartbeat...
[2025-07-30T08:51:33.964Z] Automation system heartbeat...
[2025-07-30T08:52:33.966Z] Automation system heartbeat...
[2025-07-30T08:53:33.970Z] Automation system heartbeat...
[2025-07-30T08:54:33.973Z] Automation system heartbeat...
[2025-07-30T08:55:33.976Z] Automation system heartbeat...
[2025-07-30T08:56:33.979Z] Automation system heartbeat...
[2025-07-30T08:57:33.983Z] Automation system heartbeat...
[2025-07-30T08:58:33.986Z] Automation system heartbeat...
[2025-07-30T08:59:33.989Z] Automation system heartbeat...
[2025-07-30T09:00:33.992Z] Automation system heartbeat...
[2025-07-30T09:01:33.994Z] Automation system heartbeat...
[2025-07-30T09:02:33.996Z] Automation system heartbeat...
[2025-07-30T09:03:33.998Z] Automation system heartbeat...
[2025-07-30T09:04:34.000Z] Automation system heartbeat...
[2025-07-30T09:05:34.003Z] Automation system heartbeat...
[2025-07-30T09:06:34.006Z] Automation system heartbeat...
[2025-07-30T09:07:33.909Z] Automation system heartbeat...
[2025-07-30T09:08:33.907Z] Automation system heartbeat...
[2025-07-30T09:09:33.905Z] Automation system heartbeat...
[2025-07-30T09:10:33.904Z] Automation system heartbeat...
[2025-07-30T09:11:33.902Z] Automation system heartbeat...
[2025-07-30T09:12:33.900Z] Automation system heartbeat...
[2025-07-30T09:13:33.897Z] Automation system heartbeat...
[2025-07-30T09:14:33.895Z] Automation system heartbeat...
[2025-07-30T09:15:33.892Z] Automation system heartbeat...
[2025-07-30T09:16:33.889Z] Automation system heartbeat...
[2025-07-30T09:17:33.886Z] Automation system heartbeat...
[2025-07-30T09:18:33.885Z] Automation system heartbeat...
[2025-07-30T09:19:33.883Z] Automation system heartbeat...
[2025-07-30T09:20:33.881Z] Automation system heartbeat...
[2025-07-30T09:21:33.880Z] Automation system heartbeat...
[2025-07-30T09:22:33.878Z] Automation system heartbeat...
[2025-07-30T09:23:33.877Z] Automation system heartbeat...
[2025-07-30T09:24:33.876Z] Automation system heartbeat...
[2025-07-30T09:25:33.874Z] Automation system heartbeat...
[2025-07-30T09:26:33.871Z] Automation system heartbeat...
[2025-07-30T09:27:33.870Z] Automation system heartbeat...
[2025-07-30T09:28:33.868Z] Automation system heartbeat...
[2025-07-30T09:29:33.867Z] Automation system heartbeat...
[2025-07-30T09:30:33.865Z] Automation system heartbeat...
[2025-07-30T09:31:33.864Z] Automation system heartbeat...
[2025-07-30T09:32:33.861Z] Automation system heartbeat...
[2025-07-30T09:33:33.859Z] Automation system heartbeat...
[2025-07-30T09:34:33.856Z] Automation system heartbeat...
[2025-07-30T09:35:33.854Z] Automation system heartbeat...
[2025-07-30T09:36:33.852Z] Automation system heartbeat...
[2025-07-30T09:37:33.848Z] Automation system heartbeat...
[2025-07-30T09:38:33.847Z] Automation system heartbeat...
[2025-07-30T09:39:33.844Z] Automation system heartbeat...
[2025-07-30T09:40:33.843Z] Automation system heartbeat...
[2025-07-30T09:41:33.841Z] Automation system heartbeat...
[2025-07-30T09:42:33.840Z] Automation system heartbeat...
[2025-07-30T09:43:33.839Z] Automation system heartbeat...
[2025-07-30T09:44:33.837Z] Automation system heartbeat...
[2025-07-30T09:45:33.835Z] Automation system heartbeat...
[2025-07-30T09:46:33.834Z] Automation system heartbeat...
[2025-07-30T09:47:33.831Z] Automation system heartbeat...
[2025-07-30T09:48:33.830Z] Automation system heartbeat...
[2025-07-30T09:49:33.827Z] Automation system heartbeat...
[2025-07-30T09:50:33.825Z] Automation system heartbeat...
[2025-07-30T09:51:33.823Z] Automation system heartbeat...
[2025-07-30T09:52:33.821Z] Automation system heartbeat...
[2025-07-30T09:53:33.820Z] Automation system heartbeat...
[2025-07-30T09:54:33.819Z] Automation system heartbeat...
[2025-07-30T09:55:33.818Z] Automation system heartbeat...
[2025-07-30T09:56:33.816Z] Automation system heartbeat...
[2025-07-30T09:57:33.815Z] Automation system heartbeat...
[2025-07-30T09:58:33.812Z] Automation system heartbeat...
[2025-07-30T09:59:33.811Z] Automation system heartbeat...
[2025-07-30T10:00:33.809Z] Automation system heartbeat...
[2025-07-30T10:01:33.807Z] Automation system heartbeat...
[2025-07-30T10:02:33.804Z] Automation system heartbeat...
[2025-07-30T10:03:33.802Z] Automation system heartbeat...
[2025-07-30T10:04:33.801Z] Automation system heartbeat...
[2025-07-30T10:05:33.799Z] Automation system heartbeat...
[2025-07-30T10:06:33.796Z] Automation system heartbeat...
[2025-07-30T10:07:33.793Z] Automation system heartbeat...
[2025-07-30T10:08:33.792Z] Automation system heartbeat...
[2025-07-30T10:09:33.789Z] Automation system heartbeat...
[2025-07-30T10:10:33.786Z] Automation system heartbeat...
[2025-07-30T10:11:33.784Z] Automation system heartbeat...
[2025-07-30T10:12:33.781Z] Automation system heartbeat...
[2025-07-30T10:13:33.779Z] Automation system heartbeat...
[2025-07-30T10:14:33.778Z] Automation system heartbeat...
[2025-07-30T10:15:33.776Z] Automation system heartbeat...
[2025-07-30T10:16:33.774Z] Automation system heartbeat...
[2025-07-30T10:17:33.771Z] Automation system heartbeat...
[2025-07-30T10:18:33.770Z] Automation system heartbeat...
[2025-07-30T10:19:33.767Z] Automation system heartbeat...
[2025-07-30T10:20:33.765Z] Automation system heartbeat...
[2025-07-30T10:21:33.762Z] Automation system heartbeat...
[2025-07-30T10:22:33.761Z] Automation system heartbeat...
[2025-07-30T10:23:33.760Z] Automation system heartbeat...
[2025-07-30T10:24:33.757Z] Automation system heartbeat...
[2025-07-30T10:25:33.755Z] Automation system heartbeat...
[2025-07-30T10:26:33.752Z] Automation system heartbeat...
[2025-07-30T10:27:33.751Z] Automation system heartbeat...
[2025-07-30T10:28:33.750Z] Automation system heartbeat...
[2025-07-30T10:29:33.749Z] Automation system heartbeat...
[2025-07-30T10:30:33.747Z] Automation system heartbeat...
[2025-07-30T10:31:33.746Z] Automation system heartbeat...
[2025-07-30T10:32:33.744Z] Automation system heartbeat...
[2025-07-30T10:33:33.741Z] Automation system heartbeat...
[2025-07-30T10:34:33.740Z] Automation system heartbeat...
[2025-07-30T10:35:33.739Z] Automation system heartbeat...
[2025-07-30T10:36:33.737Z] Automation system heartbeat...
[2025-07-30T10:37:33.736Z] Automation system heartbeat...
[2025-07-30T10:38:33.733Z] Automation system heartbeat...
[2025-07-30T10:39:33.732Z] Automation system heartbeat...
[2025-07-30T10:40:33.729Z] Automation system heartbeat...
[2025-07-30T10:41:33.727Z] Automation system heartbeat...
[2025-07-30T10:42:33.725Z] Automation system heartbeat...
[2025-07-30T10:43:33.723Z] Automation system heartbeat...
[2025-07-30T10:44:33.721Z] Automation system heartbeat...
[2025-07-30T10:45:33.719Z] Automation system heartbeat...
[2025-07-30T10:46:33.732Z] Automation system heartbeat...
[2025-07-30T10:47:33.734Z] Automation system heartbeat...
[2025-07-30T10:48:33.734Z] Automation system heartbeat...
[2025-07-30T10:49:33.733Z] Automation system heartbeat...
[2025-07-30T10:50:33.733Z] Automation system heartbeat...
[2025-07-30T10:51:33.731Z] Automation system heartbeat...
[2025-07-30T10:52:33.730Z] Automation system heartbeat...
[2025-07-30T10:53:33.729Z] Automation system heartbeat...
[2025-07-30T10:54:33.729Z] Automation system heartbeat...
[2025-07-30T10:55:33.728Z] Automation system heartbeat...
[2025-07-30T10:56:33.727Z] Automation system heartbeat...
[2025-07-30T10:57:33.727Z] Automation system heartbeat...
[2025-07-30T10:58:33.726Z] Automation system heartbeat...
[2025-07-30T10:59:33.725Z] Automation system heartbeat...
[2025-07-30T11:00:33.725Z] Automation system heartbeat...
[2025-07-30T11:01:33.724Z] Automation system heartbeat...
[2025-07-30T11:02:33.723Z] Automation system heartbeat...
[2025-07-30T11:03:33.722Z] Automation system heartbeat...
[2025-07-30T11:04:33.720Z] Automation system heartbeat...
[2025-07-30T11:05:33.718Z] Automation system heartbeat...
[2025-07-30T11:06:33.716Z] Automation system heartbeat...
[2025-07-30T11:07:33.714Z] Automation system heartbeat...
[2025-07-30T11:08:33.713Z] Automation system heartbeat...
[2025-07-30T11:09:33.713Z] Automation system heartbeat...
[2025-07-30T11:10:33.712Z] Automation system heartbeat...
[2025-07-30T11:11:33.711Z] Automation system heartbeat...
[2025-07-30T11:12:33.710Z] Automation system heartbeat...
[2025-07-30T11:13:33.709Z] Automation system heartbeat...
[2025-07-30T11:14:33.709Z] Automation system heartbeat...
[2025-07-30T11:15:33.708Z] Automation system heartbeat...
[2025-07-30T11:16:33.707Z] Automation system heartbeat...
[2025-07-30T11:17:33.707Z] Automation system heartbeat...
[2025-07-30T11:18:33.706Z] Automation system heartbeat...
[2025-07-30T11:19:33.705Z] Automation system heartbeat...
[2025-07-30T11:20:33.704Z] Automation system heartbeat...
[2025-07-30T11:21:33.703Z] Automation system heartbeat...
[2025-07-30T11:22:33.703Z] Automation system heartbeat...
[2025-07-30T11:23:33.702Z] Automation system heartbeat...
[2025-07-30T11:24:33.701Z] Automation system heartbeat...
[2025-07-30T11:25:33.700Z] Automation system heartbeat...
[2025-07-30T11:26:33.700Z] Automation system heartbeat...
[2025-07-30T11:27:33.699Z] Automation system heartbeat...
[2025-07-30T11:28:33.699Z] Automation system heartbeat...
[2025-07-30T11:29:33.697Z] Automation system heartbeat...
[2025-07-30T11:30:33.697Z] Automation system heartbeat...
[2025-07-30T11:31:33.696Z] Automation system heartbeat...
[2025-07-30T11:32:33.695Z] Automation system heartbeat...
[2025-07-30T11:33:33.694Z] Automation system heartbeat...
[2025-07-30T11:34:33.694Z] Automation system heartbeat...
[2025-07-30T11:35:33.693Z] Automation system heartbeat...
[2025-07-30T11:36:33.571Z] Automation system heartbeat...
[2025-07-30T11:37:33.569Z] Automation system heartbeat...
[2025-07-30T11:38:33.567Z] Automation system heartbeat...
[2025-07-30T11:39:33.565Z] Automation system heartbeat...
[2025-07-30T11:40:33.562Z] Automation system heartbeat...
[2025-07-30T11:41:33.560Z] Automation system heartbeat...
[2025-07-30T11:42:33.558Z] Automation system heartbeat...
[2025-07-30T11:43:33.556Z] Automation system heartbeat...
[2025-07-30T11:44:33.554Z] Automation system heartbeat...
[2025-07-30T11:45:33.552Z] Automation system heartbeat...
[2025-07-30T11:46:33.549Z] Automation system heartbeat...
[2025-07-30T11:47:33.547Z] Automation system heartbeat...
[2025-07-30T11:48:33.545Z] Automation system heartbeat...
[2025-07-30T11:49:33.543Z] Automation system heartbeat...
[2025-07-30T11:50:33.540Z] Automation system heartbeat...
[2025-07-30T11:51:33.652Z] Automation system heartbeat...
[2025-07-30T11:52:33.654Z] Automation system heartbeat...
[2025-07-30T11:53:33.658Z] Automation system heartbeat...
[2025-07-30T11:54:33.661Z] Automation system heartbeat...
[2025-07-30T11:55:33.662Z] Automation system heartbeat...
[2025-07-30T11:56:33.665Z] Automation system heartbeat...
[2025-07-30T11:57:33.668Z] Automation system heartbeat...
[2025-07-30T11:58:33.670Z] Automation system heartbeat...
[2025-07-30T11:59:33.673Z] Automation system heartbeat...
[2025-07-30T12:00:33.675Z] Automation system heartbeat...
[2025-07-30T12:01:33.678Z] Automation system heartbeat...
[2025-07-30T12:02:33.681Z] Automation system heartbeat...
[2025-07-30T12:03:33.685Z] Automation system heartbeat...
[2025-07-30T12:04:33.687Z] Automation system heartbeat...
[2025-07-30T12:05:33.690Z] Automation system heartbeat...
[2025-07-30T12:06:33.693Z] Automation system heartbeat...
[2025-07-30T12:07:33.695Z] Automation system heartbeat...
[2025-07-30T12:08:33.697Z] Automation system heartbeat...
[2025-07-30T12:09:33.700Z] Automation system heartbeat...
[2025-07-30T12:10:33.702Z] Automation system heartbeat...
[2025-07-30T12:11:33.704Z] Automation system heartbeat...
[2025-07-30T12:12:33.706Z] Automation system heartbeat...
[2025-07-30T12:13:33.710Z] Automation system heartbeat...
[2025-07-30T12:14:33.712Z] Automation system heartbeat...
[2025-07-30T12:15:33.715Z] Automation system heartbeat...
[2025-07-30T12:16:33.718Z] Automation system heartbeat...
[2025-07-30T12:17:33.719Z] Automation system heartbeat...
[2025-07-30T12:18:33.722Z] Automation system heartbeat...
[2025-07-30T12:19:33.724Z] Automation system heartbeat...
[2025-07-30T12:20:33.726Z] Automation system heartbeat...
[2025-07-30T12:21:33.729Z] Automation system heartbeat...
[2025-07-30T12:22:33.731Z] Automation system heartbeat...
[2025-07-30T12:23:33.733Z] Automation system heartbeat...
[2025-07-30T12:24:33.735Z] Automation system heartbeat...
[2025-07-30T12:25:33.737Z] Automation system heartbeat...
[2025-07-30T12:26:33.740Z] Automation system heartbeat...
