[2025-07-30T22:53:21.253Z] [INFO] 🚀 Starting Infinite Improvement Engine...
[2025-07-30T22:53:21.256Z] [SUCCESS] Infinite Improvement Engine started successfully
[2025-07-30T22:56:21.256Z] [INFO] 🔄 Starting improvement cycle #1...
[2025-07-30T22:56:21.659Z] [INFO] 🔧 Build failed, attempting to fix...
[2025-07-30T22:57:07.655Z] [INFO] 🔧 Lint issues found, attempting to fix...
[2025-07-30T22:57:16.097Z] [SUCCESS] ✅ Cycle #1 completed with 0 improvements (Total: 0)
[2025-07-30T22:59:21.257Z] [INFO] 🔄 Starting improvement cycle #2...
[2025-07-30T22:59:22.266Z] [INFO] 🔧 Build failed, attempting to fix...
[2025-07-30T22:59:38.567Z] [INFO] 🔧 Lint issues found, attempting to fix...
[2025-07-30T22:59:44.050Z] [SUCCESS] ✅ Cycle #2 completed with 0 improvements (Total: 0)
[2025-07-30T23:02:21.257Z] [INFO] 🔄 Starting improvement cycle #3...
[2025-07-30T23:02:21.670Z] [INFO] 🔧 Build failed, attempting to fix...
[2025-07-30T23:02:23.499Z] [INFO] 🔧 Lint issues found, attempting to fix...
[2025-07-30T23:02:29.482Z] [SUCCESS] ✅ Cycle #3 completed with 0 improvements (Total: 0)
[2025-07-30T23:05:23.246Z] [INFO] 🔄 Starting improvement cycle #4...
[2025-07-30T23:05:23.547Z] [INFO] 🔧 Build failed, attempting to fix...
[2025-07-30T23:05:24.632Z] [INFO] 🔧 Lint issues found, attempting to fix...
[2025-07-30T23:05:30.045Z] [SUCCESS] ✅ Cycle #4 completed with 0 improvements (Total: 0)
[2025-07-30T23:08:23.246Z] [INFO] 🔄 Starting improvement cycle #5...
[2025-07-30T23:08:23.573Z] [INFO] 🔧 Build failed, attempting to fix...
[2025-07-30T23:09:12.829Z] [INFO] 🔧 Lint issues found, attempting to fix...
[2025-07-30T23:09:17.479Z] [SUCCESS] ✅ Cycle #5 completed with 0 improvements (Total: 0)
[2025-07-30T23:11:23.247Z] [INFO] 🔄 Starting improvement cycle #6...
[2025-07-30T23:11:40.727Z] [INFO] 🔧 Build failed, attempting to fix...
[2025-07-30T23:11:50.084Z] [INFO] 🔧 Lint issues found, attempting to fix...
[2025-07-30T23:11:56.440Z] [SUCCESS] ✅ Cycle #6 completed with 0 improvements (Total: 0)
[2025-07-30T23:14:23.248Z] [INFO] 🔄 Starting improvement cycle #7...
[2025-07-30T23:14:23.656Z] [INFO] 🔧 Build failed, attempting to fix...
[2025-07-30T23:14:30.262Z] [INFO] 🔧 Lint issues found, attempting to fix...
[2025-07-30T23:14:35.038Z] [SUCCESS] ✅ Cycle #7 completed with 0 improvements (Total: 0)
[2025-07-30T23:17:23.249Z] [INFO] 🔄 Starting improvement cycle #8...
[2025-07-30T23:17:23.707Z] [INFO] 🔧 Build failed, attempting to fix...
[2025-07-30T23:17:26.222Z] [INFO] 🔧 Lint issues found, attempting to fix...
[2025-07-30T23:17:32.153Z] [SUCCESS] ✅ Cycle #8 completed with 0 improvements (Total: 0)
[2025-07-30T23:20:23.239Z] [INFO] 🔄 Starting improvement cycle #9...
[2025-07-30T23:20:23.637Z] [INFO] 🔧 Build failed, attempting to fix...
[2025-07-30T23:20:35.973Z] [INFO] 🔧 Lint issues found, attempting to fix...
[2025-07-30T23:20:43.485Z] [SUCCESS] ✅ Cycle #9 completed with 0 improvements (Total: 0)
[2025-07-30T23:23:23.237Z] [INFO] 🔄 Starting improvement cycle #10...
[2025-07-30T23:23:23.617Z] [INFO] 🔧 Build failed, attempting to fix...
[2025-07-30T23:24:06.897Z] [INFO] 🔧 Lint issues found, attempting to fix...
[2025-07-30T23:24:13.510Z] [SUCCESS] ✅ Cycle #10 completed with 0 improvements (Total: 0)
[2025-07-30T23:26:23.236Z] [INFO] 🔄 Starting improvement cycle #11...
[2025-07-30T23:26:23.713Z] [INFO] 🔧 Build failed, attempting to fix...
[2025-07-30T23:27:19.475Z] [INFO] 🔧 Lint issues found, attempting to fix...
[2025-07-30T23:27:33.615Z] [SUCCESS] ✅ Cycle #11 completed with 0 improvements (Total: 0)
[2025-07-30T23:29:23.234Z] [INFO] 🔄 Starting improvement cycle #12...
[2025-07-30T23:29:23.587Z] [INFO] 🔧 Build failed, attempting to fix...
[2025-07-30T23:29:47.717Z] [INFO] 🔧 Lint issues found, attempting to fix...
[2025-07-30T23:29:59.729Z] [SUCCESS] ✅ Cycle #12 completed with 0 improvements (Total: 0)
[2025-07-30T23:32:23.234Z] [INFO] 🔄 Starting improvement cycle #13...
[2025-07-30T23:32:23.625Z] [INFO] 🔧 Build failed, attempting to fix...
[2025-07-30T23:34:03.166Z] [INFO] 🔧 Lint issues found, attempting to fix...
[2025-07-30T23:34:11.897Z] [SUCCESS] ✅ Cycle #13 completed with 0 improvements (Total: 0)
[2025-07-30T23:35:23.232Z] [INFO] 🔄 Starting improvement cycle #14...
[2025-07-30T23:35:23.600Z] [INFO] 🔧 Build failed, attempting to fix...
[2025-07-30T23:36:10.376Z] [INFO] 🔧 Lint issues found, attempting to fix...
[2025-07-30T23:36:15.431Z] [SUCCESS] ✅ Cycle #14 completed with 0 improvements (Total: 0)
[2025-07-30T23:38:23.230Z] [INFO] 🔄 Starting improvement cycle #15...
[2025-07-30T23:38:23.677Z] [INFO] 🔧 Build failed, attempting to fix...
[2025-07-30T23:39:30.803Z] [INFO] 🔧 Lint issues found, attempting to fix...
[2025-07-30T23:39:36.089Z] [SUCCESS] ✅ Cycle #15 completed with 0 improvements (Total: 0)
[2025-07-30T23:41:23.228Z] [INFO] 🔄 Starting improvement cycle #16...
[2025-07-30T23:41:23.698Z] [INFO] 🔧 Build failed, attempting to fix...
[2025-07-30T23:42:07.125Z] [INFO] 🔧 Lint issues found, attempting to fix...
[2025-07-30T23:42:12.154Z] [SUCCESS] ✅ Cycle #16 completed with 0 improvements (Total: 0)
[2025-07-30T23:44:23.227Z] [INFO] 🔄 Starting improvement cycle #17...
[2025-07-30T23:44:23.646Z] [INFO] 🔧 Build failed, attempting to fix...
[2025-07-30T23:45:03.559Z] [INFO] 🔧 Lint issues found, attempting to fix...
[2025-07-30T23:45:12.705Z] [SUCCESS] ✅ Cycle #17 completed with 0 improvements (Total: 0)
[2025-07-30T23:47:23.226Z] [INFO] 🔄 Starting improvement cycle #18...
[2025-07-30T23:47:23.604Z] [INFO] 🔧 Build failed, attempting to fix...
[2025-07-30T23:47:49.653Z] [INFO] 🔧 Lint issues found, attempting to fix...
[2025-07-30T23:47:58.047Z] [SUCCESS] ✅ Cycle #18 completed with 0 improvements (Total: 0)
[2025-07-30T23:50:23.162Z] [INFO] 🔄 Starting improvement cycle #19...
[2025-07-30T23:50:23.834Z] [INFO] 🔧 Build failed, attempting to fix...
[2025-07-30T23:51:05.678Z] [INFO] 🔧 Lint issues found, attempting to fix...
[2025-07-30T23:51:12.802Z] [SUCCESS] ✅ Cycle #19 completed with 0 improvements (Total: 0)
[2025-07-30T23:53:23.156Z] [INFO] 🔄 Starting improvement cycle #20...
[2025-07-30T23:53:23.718Z] [INFO] 🔧 Build failed, attempting to fix...
[2025-07-30T23:54:12.814Z] [INFO] 🔧 Lint issues found, attempting to fix...
[2025-07-30T23:54:39.205Z] [SUCCESS] ✅ Cycle #20 completed with 0 improvements (Total: 0)
[2025-07-30T23:56:23.150Z] [INFO] 🔄 Starting improvement cycle #21...
[2025-07-30T23:56:23.581Z] [INFO] 🔧 Build failed, attempting to fix...
[2025-07-30T23:56:25.943Z] [INFO] 🔧 Lint issues found, attempting to fix...
[2025-07-30T23:56:30.648Z] [SUCCESS] ✅ Cycle #21 completed with 0 improvements (Total: 0)
[2025-07-30T23:59:23.144Z] [INFO] 🔄 Starting improvement cycle #22...
[2025-07-30T23:59:23.597Z] [INFO] 🔧 Build failed, attempting to fix...
[2025-07-31T00:00:17.973Z] [INFO] 🔧 Lint issues found, attempting to fix...
[2025-07-31T00:00:23.638Z] [SUCCESS] ✅ Cycle #22 completed with 0 improvements (Total: 0)
[2025-07-31T00:02:23.137Z] [INFO] 🔄 Starting improvement cycle #23...
[2025-07-31T00:02:23.612Z] [INFO] 🔧 Build failed, attempting to fix...
[2025-07-31T00:02:54.910Z] [INFO] 🔧 Lint issues found, attempting to fix...
[2025-07-31T00:03:03.092Z] [SUCCESS] ✅ Cycle #23 completed with 0 improvements (Total: 0)
[2025-07-31T00:05:23.131Z] [INFO] 🔄 Starting improvement cycle #24...
[2025-07-31T00:05:23.545Z] [INFO] 🔧 Build failed, attempting to fix...
[2025-07-31T00:05:50.139Z] [INFO] 🔧 Lint issues found, attempting to fix...
[2025-07-31T00:05:58.410Z] [SUCCESS] ✅ Cycle #24 completed with 0 improvements (Total: 0)
[2025-07-31T00:08:23.124Z] [INFO] 🔄 Starting improvement cycle #25...
[2025-07-31T00:08:23.619Z] [INFO] 🔧 Build failed, attempting to fix...
[2025-07-31T00:08:32.126Z] [INFO] 🔧 Lint issues found, attempting to fix...
[2025-07-31T00:08:36.208Z] [SUCCESS] ✅ Cycle #25 completed with 0 improvements (Total: 0)
[2025-07-31T00:11:23.119Z] [INFO] 🔄 Starting improvement cycle #26...
[2025-07-31T00:11:23.520Z] [INFO] 🔧 Build failed, attempting to fix...
[2025-07-31T00:12:03.379Z] [INFO] 🔧 Lint issues found, attempting to fix...
[2025-07-31T00:12:08.908Z] [SUCCESS] ✅ Cycle #26 completed with 0 improvements (Total: 0)
[2025-07-31T00:14:23.112Z] [INFO] 🔄 Starting improvement cycle #27...
[2025-07-31T00:14:23.820Z] [INFO] 🔧 Build failed, attempting to fix...
[2025-07-31T00:14:26.557Z] [INFO] 🔧 Lint issues found, attempting to fix...
[2025-07-31T00:14:32.009Z] [SUCCESS] ✅ Cycle #27 completed with 0 improvements (Total: 0)
[2025-07-31T00:17:23.107Z] [INFO] 🔄 Starting improvement cycle #28...
[2025-07-31T00:17:23.476Z] [INFO] 🔧 Build failed, attempting to fix...
[2025-07-31T00:17:54.577Z] [INFO] 🔧 Lint issues found, attempting to fix...
[2025-07-31T00:18:00.836Z] [SUCCESS] ✅ Cycle #28 completed with 0 improvements (Total: 0)
[2025-07-31T00:20:23.101Z] [INFO] 🔄 Starting improvement cycle #29...
[2025-07-31T00:20:23.448Z] [INFO] 🔧 Build failed, attempting to fix...
[2025-07-31T00:20:40.442Z] [INFO] 🔧 Lint issues found, attempting to fix...
[2025-07-31T00:20:44.286Z] [SUCCESS] ✅ Cycle #29 completed with 0 improvements (Total: 0)
[2025-07-31T00:23:23.094Z] [INFO] 🔄 Starting improvement cycle #30...
[2025-07-31T00:23:23.407Z] [INFO] 🔧 Build failed, attempting to fix...
[2025-07-31T00:24:05.671Z] [INFO] 🔧 Lint issues found, attempting to fix...
[2025-07-31T00:24:11.739Z] [SUCCESS] ✅ Cycle #30 completed with 0 improvements (Total: 0)
[2025-07-31T00:24:28.543Z] [INFO] 🛑 Shutting down Infinite Improvement Engine...
