[2025-07-29T12:43:48.482Z] 🔧 Starting advanced error fixing...
[2025-07-29T12:43:48.760Z] 🔧 Fixing TypeScript configuration...
[2025-07-29T12:43:49.063Z] 🔧 Fixing parsing errors...
[2025-07-29T12:43:49.542Z] 🔧 Fixing JSX errors...
[2025-07-29T12:43:50.711Z] ✓ Fixed JSX errors in pages/ProductsList.tsx
[2025-07-29T12:52:59.292Z] 🔧 Starting advanced error fixing...
[2025-07-29T12:52:59.415Z] 🔧 Fixing TypeScript configuration...
[2025-07-29T12:52:59.540Z] 🔧 Fixing parsing errors...
[2025-07-29T12:53:00.782Z] 🔧 Fixing JSX errors...
[2025-07-29T12:53:01.299Z] ✓ Fixed JSX errors in pages/categories.tsx
[2025-07-29T12:53:01.305Z] ✓ Fixed JSX errors in pages/dashboard.tsx
[2025-07-29T12:53:01.308Z] ✓ Fixed JSX errors in pages/equipment.tsx
[2025-07-29T12:53:01.315Z] ✓ Fixed JSX errors in pages/index.tsx
[2025-07-29T12:53:01.317Z] ✓ Fixed JSX errors in pages/logs.tsx
[2025-07-29T12:53:01.509Z] ✓ Fixed JSX errors in pages/messages.tsx
[2025-07-29T13:01:39.166Z] 🔧 Starting advanced error fixing...
[2025-07-29T13:01:39.188Z] 🔧 Fixing TypeScript configuration...
[2025-07-29T13:01:39.609Z] 🔧 Fixing parsing errors...
[2025-07-29T13:01:40.365Z] 🔧 Fixing JSX errors...
[2025-07-29T13:01:41.993Z] ✓ Fixed JSX errors in pages/register.tsx
[2025-07-29T13:01:42.165Z] ✓ Fixed JSX errors in pages/services.tsx
[2025-07-29T13:02:09.629Z] 🔧 Starting advanced error fixing...
[2025-07-29T13:02:09.738Z] 🔧 Fixing TypeScript configuration...
[2025-07-29T13:02:09.864Z] 🔧 Fixing parsing errors...
[2025-07-29T13:02:09.885Z] 🔧 Fixing JSX errors...
[2025-07-29T13:02:10.121Z] ✓ Fixed JSX errors in pages/status.tsx
[2025-07-29T13:02:10.121Z] 🔧 Fixing import/export issues...
[2025-07-29T13:02:10.136Z] ✓ Fixed import/export issues in pages/ProductsList.tsx
[2025-07-29T13:02:10.142Z] ✓ Fixed import/export issues in pages/_app.tsx
[2025-07-29T13:02:10.151Z] ✓ Fixed import/export issues in pages/about.tsx
[2025-07-29T13:02:10.155Z] ✓ Fixed import/export issues in pages/api/auth/[...nextauth].ts
[2025-07-29T13:02:10.156Z] ✓ Fixed import/export issues in pages/api/generic/id/[id].ts
[2025-07-29T13:02:10.157Z] ✓ Fixed import/export issues in pages/api/generic/slug/[slug].ts
[2025-07-29T13:02:10.158Z] ✓ Fixed import/export issues in pages/api/image/[...params].ts
[2025-07-29T13:02:10.160Z] ✓ Fixed import/export issues in pages/api/products/[productId].ts
[2025-07-29T13:02:10.161Z] ✓ Fixed import/export issues in pages/categories/[categoryId].tsx
[2025-07-29T13:02:10.165Z] ✓ Fixed import/export issues in pages/categories.tsx
[2025-07-29T13:02:10.167Z] ✓ Fixed import/export issues in pages/company/[companySlug].tsx
[2025-07-29T13:02:10.168Z] ✓ Fixed import/export issues in pages/countries/[country].tsx
[2025-07-29T13:02:10.170Z] ✓ Fixed import/export issues in pages/dashboard.tsx
[2025-07-29T13:02:10.172Z] ✓ Fixed import/export issues in pages/equipment.tsx
[2025-07-29T13:02:10.174Z] ✓ Fixed import/export issues in pages/generic/id/[id].tsx
[2025-07-29T13:02:10.176Z] ✓ Fixed import/export issues in pages/generic/slug/[slug].tsx
[2025-07-29T13:02:10.177Z] ✓ Fixed import/export issues in pages/index.tsx
[2025-07-29T13:02:10.182Z] ✓ Fixed import/export issues in pages/login.tsx
[2025-07-29T13:02:10.184Z] ✓ Fixed import/export issues in pages/logs.tsx
[2025-07-29T13:02:10.185Z] ✓ Fixed import/export issues in pages/messages.tsx
[2025-07-29T13:02:10.186Z] ✓ Fixed import/export issues in pages/orders/[orderId].tsx
[2025-07-29T13:02:10.187Z] ✓ Fixed import/export issues in pages/products.tsx
[2025-07-29T13:02:10.188Z] ✓ Fixed import/export issues in pages/projects/[projectId].tsx
[2025-07-29T13:02:10.188Z] ✓ Fixed import/export issues in pages/proposals/[proposalId].tsx
[2025-07-29T13:02:10.190Z] ✓ Fixed import/export issues in pages/register.tsx
[2025-07-29T13:02:10.194Z] ✓ Fixed import/export issues in pages/rooms/[roomId].tsx
[2025-07-29T13:02:10.196Z] ✓ Fixed import/export issues in pages/services.tsx
[2025-07-29T13:02:10.197Z] ✓ Fixed import/export issues in pages/status.tsx
[2025-07-29T13:02:10.199Z] 🔧 Fixing empty interface issues...
[2025-07-29T13:02:10.206Z] 🔧 Fixing dependency issues...
[2025-07-29T13:02:39.426Z] 🔧 Starting advanced error fixing...
[2025-07-29T13:02:39.577Z] 🔧 Fixing TypeScript configuration...
[2025-07-29T13:02:39.836Z] 🔧 Fixing parsing errors...
[2025-07-29T13:02:41.710Z] 🔧 Fixing JSX errors...
[2025-07-29T13:02:42.950Z] 🔧 Fixing import/export issues...
[2025-07-29T13:03:11.166Z] 🔧 Starting advanced error fixing...
[2025-07-29T13:03:11.258Z] 🔧 Fixing TypeScript configuration...
[2025-07-29T13:03:11.492Z] 🔧 Fixing parsing errors...
[2025-07-29T13:03:11.545Z] 🔧 Fixing JSX errors...
[2025-07-29T13:03:11.923Z] 🔧 Fixing import/export issues...
[2025-07-29T13:03:40.236Z] 🔧 Starting advanced error fixing...
[2025-07-29T13:03:40.763Z] 🔧 Fixing TypeScript configuration...
[2025-07-29T13:03:41.303Z] 🔧 Fixing parsing errors...
[2025-07-29T13:03:41.431Z] 🔧 Fixing JSX errors...
[2025-07-29T13:03:42.066Z] 🔧 Fixing import/export issues...
[2025-07-29T13:04:10.332Z] 🔧 Starting advanced error fixing...
[2025-07-29T13:04:10.427Z] 🔧 Fixing TypeScript configuration...
[2025-07-29T13:04:10.799Z] 🔧 Fixing parsing errors...
[2025-07-29T13:04:10.844Z] 🔧 Fixing JSX errors...
[2025-07-29T13:04:10.866Z] 🔧 Fixing import/export issues...
[2025-07-29T13:04:11.341Z] ✓ Fixed import/export issues in pages/api/auth/[...nextauth].ts
[2025-07-29T13:04:11.345Z] ✓ Fixed import/export issues in pages/api/generic/id/[id].ts
[2025-07-29T13:04:11.352Z] ✓ Fixed import/export issues in pages/api/generic/slug/[slug].ts
[2025-07-29T13:04:11.353Z] ✓ Fixed import/export issues in pages/api/image/[...params].ts
[2025-07-29T13:04:11.356Z] ✓ Fixed import/export issues in pages/api/products/[productId].ts
[2025-07-29T13:04:11.358Z] ✓ Fixed import/export issues in pages/categories/[categoryId].tsx
[2025-07-29T13:04:11.372Z] ✓ Fixed import/export issues in pages/company/[companySlug].tsx
[2025-07-29T13:04:11.642Z] ✓ Fixed import/export issues in pages/countries/[country].tsx
[2025-07-29T13:04:43.495Z] 🔧 Starting advanced error fixing...
[2025-07-29T13:04:43.734Z] 🔧 Fixing TypeScript configuration...
[2025-07-29T13:04:44.162Z] 🔧 Fixing parsing errors...
[2025-07-29T13:04:44.569Z] 🔧 Fixing JSX errors...
[2025-07-29T13:04:44.751Z] 🔧 Fixing import/export issues...
[2025-07-29T13:04:44.879Z] ✓ Fixed import/export issues in pages/api/auth/[...nextauth].ts
[2025-07-29T13:35:54.700Z] 🔧 Starting advanced error fixing...
[2025-07-29T13:35:54.797Z] 🔧 Fixing TypeScript configuration...
[2025-07-29T13:35:54.885Z] 🔧 Fixing parsing errors...
[2025-07-29T13:35:55.020Z] 🔧 Fixing JSX errors...
[2025-07-29T13:35:55.289Z] ✓ Fixed JSX errors in pages/ProductsList.tsx
[2025-07-29T13:35:55.625Z] ✓ Fixed JSX errors in pages/about.tsx
[2025-07-29T13:35:55.627Z] ✓ Fixed JSX errors in pages/academy/founder-course.tsx
[2025-07-29T13:35:55.637Z] ✓ Fixed JSX errors in pages/academy/futurescape.tsx
[2025-07-29T13:35:55.643Z] ✓ Fixed JSX errors in pages/categories/[categoryId].tsx
[2025-07-29T13:35:55.655Z] ✓ Fixed JSX errors in pages/categories.tsx
[2025-07-29T13:35:55.663Z] ✓ Fixed JSX errors in pages/company/[companySlug].tsx
[2025-07-29T13:35:55.667Z] ✓ Fixed JSX errors in pages/countries/[country].tsx
[2025-07-29T13:35:55.668Z] ✓ Fixed JSX errors in pages/dashboard.tsx
[2025-07-29T13:35:55.671Z] ✓ Fixed JSX errors in pages/equipment.tsx
[2025-07-29T13:35:55.673Z] ✓ Fixed JSX errors in pages/generic/id/[id].tsx
[2025-07-29T13:35:55.673Z] ✓ Fixed JSX errors in pages/generic/slug/[slug].tsx
[2025-07-29T13:35:55.675Z] ✓ Fixed JSX errors in pages/index.tsx
[2025-07-29T13:35:55.679Z] ✓ Fixed JSX errors in pages/logs.tsx
[2025-07-29T13:35:55.681Z] ✓ Fixed JSX errors in pages/messages.tsx
[2025-07-29T13:35:55.948Z] ✓ Fixed JSX errors in pages/orders/[orderId].tsx
[2025-07-29T13:35:55.950Z] ✓ Fixed JSX errors in pages/products.tsx
[2025-07-29T13:35:55.952Z] ✓ Fixed JSX errors in pages/projects/[projectId].tsx
[2025-07-29T13:35:55.953Z] ✓ Fixed JSX errors in pages/proposals/[proposalId].tsx
[2025-07-29T13:35:55.954Z] ✓ Fixed JSX errors in pages/register.tsx
[2025-07-29T13:35:55.958Z] ✓ Fixed JSX errors in pages/rooms/[roomId].tsx
[2025-07-29T13:36:13.367Z] 🔧 Starting advanced error fixing...
[2025-07-29T13:36:13.586Z] 🔧 Fixing TypeScript configuration...
[2025-07-29T13:36:13.588Z] 🔧 Fixing parsing errors...
[2025-07-29T13:36:13.674Z] 🔧 Fixing JSX errors...
[2025-07-29T13:36:14.047Z] ✓ Fixed JSX errors in pages/status.tsx
[2025-07-29T13:36:14.049Z] 🔧 Fixing import/export issues...
[2025-07-29T13:36:14.244Z] ✓ Fixed import/export issues in pages/ProductsList.tsx
[2025-07-29T13:36:14.758Z] ✓ Fixed import/export issues in pages/_app.tsx
[2025-07-29T13:36:14.853Z] ✓ Fixed import/export issues in pages/about.tsx
[2025-07-29T13:36:14.866Z] ✓ Fixed import/export issues in pages/academy/founder-course.tsx
[2025-07-29T13:36:14.872Z] ✓ Fixed import/export issues in pages/academy/futurescape.tsx
[2025-07-29T13:36:14.874Z] ✓ Fixed import/export issues in pages/api/auth/[...nextauth].ts
[2025-07-29T13:36:14.876Z] ✓ Fixed import/export issues in pages/api/generic/id/[id].ts
[2025-07-29T13:36:14.887Z] ✓ Fixed import/export issues in pages/api/generic/slug/[slug].ts
[2025-07-29T13:36:14.894Z] ✓ Fixed import/export issues in pages/api/image/[...params].ts
[2025-07-29T13:36:14.895Z] ✓ Fixed import/export issues in pages/api/products/[productId].ts
[2025-07-29T13:36:14.901Z] ✓ Fixed import/export issues in pages/categories/[categoryId].tsx
[2025-07-29T13:36:14.904Z] ✓ Fixed import/export issues in pages/categories.tsx
[2025-07-29T13:36:14.905Z] ✓ Fixed import/export issues in pages/company/[companySlug].tsx
[2025-07-29T13:36:15.077Z] ✓ Fixed import/export issues in pages/countries/[country].tsx
[2025-07-29T13:46:51.516Z] 🔧 Starting advanced error fixing...
[2025-07-29T13:46:51.690Z] 🔧 Fixing TypeScript configuration...
[2025-07-29T13:46:51.969Z] 🔧 Fixing parsing errors...
[2025-07-29T13:46:52.269Z] 🔧 Fixing JSX errors...
[2025-07-29T13:46:52.705Z] 🔧 Fixing import/export issues...
[2025-07-29T13:51:56.734Z] 🔧 Starting advanced error fixing...
[2025-07-29T13:51:57.027Z] 🔧 Fixing TypeScript configuration...
[2025-07-29T13:51:57.130Z] ✗ Failed to fix TypeScript config: Expected ',' or '}' after property value in JSON at position 52 (line 4 column 5)
[2025-07-29T13:51:57.221Z] 🔧 Fixing parsing errors...
[2025-07-29T13:51:57.686Z] ✓ Fixed parsing errors in pages/about.tsx
[2025-07-29T13:51:58.823Z] ✓ Fixed parsing errors in pages/academy/founder-course.tsx
[2025-07-29T13:51:59.006Z] 🔧 Fixing JSX errors...
[2025-07-29T13:59:03.831Z] 🔧 Starting advanced error fixing...
[2025-07-29T13:59:03.985Z] 🔧 Fixing TypeScript configuration...
[2025-07-29T13:59:04.165Z] ✗ Failed to fix TypeScript config: Expected ',' or '}' after property value in JSON at position 52 (line 4 column 5)
[2025-07-29T13:59:04.214Z] 🔧 Fixing parsing errors...
[2025-07-29T13:59:04.525Z] 🔧 Fixing JSX errors...
[2025-07-29T13:59:04.908Z] ✓ Fixed JSX errors in pages/academy/futurescape.tsx
[2025-07-29T13:59:05.195Z] ✓ Fixed JSX errors in pages/categories/[categoryId].tsx
[2025-07-29T13:59:05.545Z] ✓ Fixed JSX errors in pages/categories.tsx
[2025-07-29T14:00:08.136Z] 🔧 Starting advanced error fixing...
[2025-07-29T14:00:08.365Z] 🔧 Fixing TypeScript configuration...
[2025-07-29T14:00:08.830Z] 🔧 Fixing parsing errors...
[2025-07-29T14:00:09.399Z] 🔧 Fixing JSX errors...
[2025-07-29T14:00:42.380Z] 🔧 Starting advanced error fixing...
[2025-07-29T14:00:42.388Z] 🔧 Fixing TypeScript configuration...
[2025-07-29T14:00:42.390Z] ✗ Failed to fix TypeScript config: Expected ',' or '}' after property value in JSON at position 52 (line 4 column 5)
[2025-07-29T14:00:42.391Z] 🔧 Fixing parsing errors...
[2025-07-29T14:00:42.434Z] 🔧 Fixing JSX errors...
[2025-07-29T14:00:43.209Z] ✓ Fixed JSX errors in pages/countries/[country].tsx
[2025-07-29T14:00:43.408Z] ✓ Fixed JSX errors in pages/dashboard.tsx
[2025-07-29T14:00:43.968Z] ✓ Fixed JSX errors in pages/equipment.tsx
[2025-07-29T14:00:44.160Z] ✓ Fixed JSX errors in pages/generic/id/[id].tsx
[2025-07-29T14:00:44.565Z] ✓ Fixed JSX errors in pages/generic/slug/[slug].tsx
[2025-07-29T14:00:45.235Z] ✓ Fixed JSX errors in pages/index.tsx
[2025-07-29T14:00:45.259Z] ✓ Fixed JSX errors in pages/logs.tsx
[2025-07-29T14:00:45.274Z] ✓ Fixed JSX errors in pages/messages.tsx
[2025-07-29T14:01:06.835Z] 🔧 Starting advanced error fixing...
[2025-07-29T14:01:07.147Z] 🔧 Fixing TypeScript configuration...
[2025-07-29T14:01:07.517Z] ✗ Failed to fix TypeScript config: Expected ',' or '}' after property value in JSON at position 52 (line 4 column 5)
[2025-07-29T14:01:08.100Z] 🔧 Fixing parsing errors...
[2025-07-29T14:01:10.014Z] ✓ Fixed parsing errors in pages/index.tsx
[2025-07-29T14:01:10.457Z] 🔧 Fixing JSX errors...
[2025-07-29T14:01:41.064Z] 🔧 Starting advanced error fixing...
[2025-07-29T14:01:41.473Z] 🔧 Fixing TypeScript configuration...
[2025-07-29T14:01:42.872Z] ✗ Failed to fix TypeScript config: Expected ',' or '}' after property value in JSON at position 52 (line 4 column 5)
[2025-07-29T14:01:43.333Z] 🔧 Fixing parsing errors...
[2025-07-29T14:01:43.607Z] 🔧 Fixing JSX errors...
[2025-07-29T14:01:43.829Z] 🔧 Fixing import/export issues...
[2025-07-29T14:01:44.690Z] ✓ Fixed import/export issues in pages/api/auth/[...nextauth].ts
[2025-07-29T14:01:45.995Z] ✓ Fixed import/export issues in pages/api/generic/id/[id].ts
[2025-07-29T14:01:46.251Z] ✓ Fixed import/export issues in pages/api/generic/slug/[slug].ts
[2025-07-29T14:02:07.067Z] 🔧 Starting advanced error fixing...
[2025-07-29T14:02:07.239Z] 🔧 Fixing TypeScript configuration...
[2025-07-29T14:02:07.517Z] ✗ Failed to fix TypeScript config: Expected ',' or '}' after property value in JSON at position 52 (line 4 column 5)
[2025-07-29T14:02:07.762Z] 🔧 Fixing parsing errors...
[2025-07-29T14:02:08.138Z] 🔧 Fixing JSX errors...
[2025-07-29T14:02:39.023Z] 🔧 Starting advanced error fixing...
[2025-07-29T14:02:39.188Z] 🔧 Fixing TypeScript configuration...
[2025-07-29T14:02:39.432Z] ✗ Failed to fix TypeScript config: Expected ',' or '}' after property value in JSON at position 52 (line 4 column 5)
[2025-07-29T14:02:40.021Z] 🔧 Fixing parsing errors...
[2025-07-29T14:02:41.189Z] ✓ Fixed parsing errors in pages/index.tsx
[2025-07-29T14:03:09.003Z] 🔧 Starting advanced error fixing...
[2025-07-29T14:03:09.669Z] 🔧 Fixing TypeScript configuration...
[2025-07-29T14:03:10.066Z] ✗ Failed to fix TypeScript config: Expected ',' or '}' after property value in JSON at position 52 (line 4 column 5)
[2025-07-29T14:03:10.068Z] 🔧 Fixing parsing errors...
[2025-07-29T14:03:10.104Z] 🔧 Fixing JSX errors...
[2025-07-29T14:03:10.468Z] 🔧 Fixing import/export issues...
[2025-07-29T14:03:11.012Z] ✓ Fixed import/export issues in pages/api/auth/[...nextauth].ts
[2025-07-29T14:03:44.702Z] 🔧 Starting advanced error fixing...
[2025-07-29T14:03:45.077Z] 🔧 Fixing TypeScript configuration...
[2025-07-29T14:03:45.246Z] ✗ Failed to fix TypeScript config: Expected ',' or '}' after property value in JSON at position 52 (line 4 column 5)
[2025-07-29T14:03:45.517Z] 🔧 Fixing parsing errors...
[2025-07-29T14:03:45.841Z] 🔧 Fixing JSX errors...
[2025-07-29T14:03:46.000Z] 🔧 Fixing import/export issues...
[2025-07-29T14:03:46.416Z] 🔧 Fixing empty interface issues...
[2025-07-29T14:03:46.609Z] 🔧 Fixing dependency issues...
[2025-07-29T14:04:08.767Z] 🔧 Starting advanced error fixing...
[2025-07-29T14:04:09.090Z] 🔧 Fixing TypeScript configuration...
[2025-07-29T14:04:09.510Z] ✗ Failed to fix TypeScript config: Expected ',' or '}' after property value in JSON at position 52 (line 4 column 5)
[2025-07-29T14:04:09.979Z] 🔧 Fixing parsing errors...
[2025-07-29T14:04:10.669Z] 🔧 Fixing JSX errors...
[2025-07-29T14:04:41.126Z] 🔧 Starting advanced error fixing...
[2025-07-29T14:04:41.357Z] 🔧 Fixing TypeScript configuration...
[2025-07-29T14:04:42.086Z] ✗ Failed to fix TypeScript config: Expected ',' or '}' after property value in JSON at position 52 (line 4 column 5)
[2025-07-29T14:04:43.395Z] 🔧 Fixing parsing errors...
[2025-07-29T14:04:43.788Z] 🔧 Fixing JSX errors...
[2025-07-29T14:04:44.610Z] 🔧 Fixing import/export issues...
[2025-07-29T14:04:45.281Z] 🔧 Fixing empty interface issues...
[2025-07-29T14:06:12.869Z] 🔧 Starting advanced error fixing...
[2025-07-29T14:06:13.324Z] 🔧 Fixing TypeScript configuration...
[2025-07-29T14:06:14.071Z] ✗ Failed to fix TypeScript config: Expected ',' or '}' after property value in JSON at position 52 (line 4 column 5)
[2025-07-29T14:06:14.441Z] 🔧 Fixing parsing errors...
[2025-07-29T14:06:14.663Z] 🔧 Fixing JSX errors...
[2025-07-29T14:06:14.881Z] 🔧 Fixing import/export issues...
[2025-07-29T14:06:15.414Z] 🔧 Fixing empty interface issues...
[2025-07-29T14:06:16.371Z] 🔧 Fixing dependency issues...
[2025-07-29T14:06:45.290Z] 🔧 Starting advanced error fixing...
[2025-07-29T14:06:45.387Z] 🔧 Fixing TypeScript configuration...
[2025-07-29T14:06:45.390Z] ✗ Failed to fix TypeScript config: Expected ',' or '}' after property value in JSON at position 52 (line 4 column 5)
[2025-07-29T14:06:45.402Z] 🔧 Fixing parsing errors...
[2025-07-29T14:06:45.796Z] 🔧 Fixing JSX errors...
[2025-07-29T14:06:45.829Z] ✓ Fixed JSX errors in pages/index.tsx
[2025-07-29T14:06:45.972Z] 🔧 Fixing import/export issues...
[2025-07-29T14:06:46.264Z] ✓ Fixed import/export issues in pages/index.tsx
[2025-07-29T14:06:46.422Z] 🔧 Fixing empty interface issues...
[2025-07-29T14:06:46.914Z] 🔧 Fixing dependency issues...
[2025-07-29T14:07:15.125Z] 🔧 Starting advanced error fixing...
[2025-07-29T14:07:15.383Z] 🔧 Fixing TypeScript configuration...
[2025-07-29T14:07:15.650Z] ✗ Failed to fix TypeScript config: Expected ',' or '}' after property value in JSON at position 52 (line 4 column 5)
[2025-07-29T14:07:15.979Z] 🔧 Fixing parsing errors...
[2025-07-29T14:07:15.991Z] 🔧 Fixing JSX errors...
[2025-07-29T14:07:15.995Z] 🔧 Fixing import/export issues...
[2025-07-29T14:07:15.998Z] 🔧 Fixing empty interface issues...
[2025-07-29T14:07:16.000Z] 🔧 Fixing dependency issues...
[2025-07-29T14:08:03.019Z] 🔧 Starting advanced error fixing...
[2025-07-29T14:08:03.138Z] 🔧 Fixing TypeScript configuration...
[2025-07-29T14:08:03.518Z] ✗ Failed to fix TypeScript config: Expected ',' or '}' after property value in JSON at position 52 (line 4 column 5)
[2025-07-29T14:08:03.605Z] 🔧 Fixing parsing errors...
[2025-07-29T14:08:03.620Z] 🔧 Fixing JSX errors...
[2025-07-29T14:08:03.625Z] 🔧 Fixing import/export issues...
[2025-07-29T14:08:03.636Z] 🔧 Fixing empty interface issues...
[2025-07-29T14:08:04.101Z] 🔧 Fixing dependency issues...
[2025-07-29T14:08:12.130Z] 🔧 Starting advanced error fixing...
[2025-07-29T14:08:12.199Z] 🔧 Fixing TypeScript configuration...
[2025-07-29T14:08:12.223Z] ✗ Failed to fix TypeScript config: Expected ',' or '}' after property value in JSON at position 52 (line 4 column 5)
[2025-07-29T14:08:12.224Z] 🔧 Fixing parsing errors...
[2025-07-29T14:08:12.229Z] 🔧 Fixing JSX errors...
[2025-07-29T14:08:12.233Z] 🔧 Fixing import/export issues...
[2025-07-29T14:08:12.559Z] 🔧 Fixing empty interface issues...
[2025-07-29T14:08:12.565Z] 🔧 Fixing dependency issues...
[2025-07-29T14:09:01.293Z] 🔧 Starting advanced error fixing...
[2025-07-29T14:09:02.382Z] 🔧 Fixing TypeScript configuration...
[2025-07-29T14:09:03.169Z] ✗ Failed to fix TypeScript config: Expected ',' or '}' after property value in JSON at position 52 (line 4 column 5)
[2025-07-29T14:09:03.283Z] 🔧 Fixing parsing errors...
[2025-07-29T14:09:03.905Z] ✓ Fixed parsing errors in pages/index.tsx
[2025-07-29T14:09:04.084Z] 🔧 Fixing JSX errors...
[2025-07-29T14:09:04.171Z] ✓ Fixed JSX errors in pages/index.tsx
[2025-07-29T14:09:04.174Z] 🔧 Fixing import/export issues...
[2025-07-29T14:09:04.387Z] ✓ Fixed import/export issues in pages/index.tsx
[2025-07-29T14:09:04.575Z] 🔧 Fixing empty interface issues...
[2025-07-29T14:09:04.725Z] 🔧 Fixing dependency issues...
[2025-07-29T14:09:15.092Z] 🔧 Starting advanced error fixing...
[2025-07-29T14:09:15.334Z] 🔧 Fixing TypeScript configuration...
[2025-07-29T14:09:15.590Z] ✗ Failed to fix TypeScript config: Expected ',' or '}' after property value in JSON at position 52 (line 4 column 5)
[2025-07-29T14:09:16.076Z] 🔧 Fixing parsing errors...
[2025-07-29T14:09:16.458Z] 🔧 Fixing JSX errors...
[2025-07-29T14:09:17.376Z] 🔧 Fixing import/export issues...
[2025-07-29T14:09:17.558Z] 🔧 Fixing empty interface issues...
[2025-07-29T14:09:47.207Z] 🔧 Starting advanced error fixing...
[2025-07-29T14:09:47.563Z] 🔧 Fixing TypeScript configuration...
[2025-07-29T14:09:47.669Z] ✗ Failed to fix TypeScript config: Expected ',' or '}' after property value in JSON at position 52 (line 4 column 5)
[2025-07-29T14:09:48.028Z] 🔧 Fixing parsing errors...
[2025-07-29T14:10:16.932Z] 🔧 Starting advanced error fixing...
[2025-07-29T14:10:17.055Z] 🔧 Fixing TypeScript configuration...
[2025-07-29T14:10:17.215Z] ✗ Failed to fix TypeScript config: Expected ',' or '}' after property value in JSON at position 52 (line 4 column 5)
[2025-07-29T14:10:17.224Z] 🔧 Fixing parsing errors...
[2025-07-29T14:10:17.281Z] 🔧 Fixing JSX errors...
[2025-07-29T14:10:17.312Z] 🔧 Fixing import/export issues...
[2025-07-29T14:10:17.448Z] 🔧 Fixing empty interface issues...
[2025-07-29T14:10:17.679Z] 🔧 Fixing dependency issues...
[2025-07-29T14:10:50.594Z] 🔧 Starting advanced error fixing...
[2025-07-29T14:10:50.679Z] 🔧 Fixing TypeScript configuration...
[2025-07-29T14:10:50.807Z] ✗ Failed to fix TypeScript config: Expected ',' or '}' after property value in JSON at position 52 (line 4 column 5)
[2025-07-29T14:10:50.988Z] 🔧 Fixing parsing errors...
[2025-07-29T14:10:51.239Z] 🔧 Fixing JSX errors...
[2025-07-29T14:11:49.985Z] 🔧 Starting advanced error fixing...
[2025-07-29T14:11:50.154Z] 🔧 Fixing TypeScript configuration...
[2025-07-29T14:11:50.312Z] ✗ Failed to fix TypeScript config: Expected ',' or '}' after property value in JSON at position 52 (line 4 column 5)
[2025-07-29T14:11:50.317Z] 🔧 Fixing parsing errors...
[2025-07-29T14:11:50.340Z] 🔧 Fixing JSX errors...
[2025-07-29T14:11:50.664Z] ✓ Fixed JSX errors in pages/index.tsx
[2025-07-29T14:11:50.706Z] 🔧 Fixing import/export issues...
[2025-07-29T14:11:50.740Z] 🔧 Fixing empty interface issues...
[2025-07-29T14:11:50.743Z] 🔧 Fixing dependency issues...
[2025-07-29T14:12:24.296Z] 🔧 Starting advanced error fixing...
[2025-07-29T14:12:24.349Z] 🔧 Fixing TypeScript configuration...
[2025-07-29T14:12:24.351Z] ✗ Failed to fix TypeScript config: Expected ',' or '}' after property value in JSON at position 52 (line 4 column 5)
[2025-07-29T14:12:24.352Z] 🔧 Fixing parsing errors...
[2025-07-29T14:12:24.460Z] 🔧 Fixing JSX errors...
[2025-07-29T14:12:24.613Z] 🔧 Fixing import/export issues...
[2025-07-29T14:12:25.935Z] 🔧 Fixing empty interface issues...
[2025-07-29T14:12:25.957Z] 🔧 Fixing dependency issues...
[2025-07-29T14:12:51.137Z] 🔧 Starting advanced error fixing...
[2025-07-29T14:12:51.242Z] 🔧 Fixing TypeScript configuration...
[2025-07-29T14:12:51.440Z] ✗ Failed to fix TypeScript config: Expected ',' or '}' after property value in JSON at position 52 (line 4 column 5)
[2025-07-29T14:12:51.643Z] 🔧 Fixing parsing errors...
[2025-07-29T14:12:52.253Z] 🔧 Fixing JSX errors...
[2025-07-29T14:12:52.862Z] 🔧 Fixing import/export issues...
[2025-07-29T14:12:53.025Z] 🔧 Fixing empty interface issues...
[2025-07-29T14:12:53.329Z] 🔧 Fixing dependency issues...
[2025-07-29T14:13:20.917Z] 🔧 Starting advanced error fixing...
[2025-07-29T14:13:22.602Z] 🔧 Fixing TypeScript configuration...
[2025-07-29T14:13:22.749Z] ✗ Failed to fix TypeScript config: Expected ',' or '}' after property value in JSON at position 52 (line 4 column 5)
[2025-07-29T14:13:22.929Z] 🔧 Fixing parsing errors...
[2025-07-29T14:13:23.029Z] 🔧 Fixing JSX errors...
[2025-07-29T14:13:23.275Z] 🔧 Fixing import/export issues...
[2025-07-29T14:13:23.616Z] 🔧 Fixing empty interface issues...
[2025-07-29T14:13:49.100Z] 🔧 Starting advanced error fixing...
[2025-07-29T14:13:49.197Z] 🔧 Fixing TypeScript configuration...
[2025-07-29T14:13:49.199Z] ✗ Failed to fix TypeScript config: Expected ',' or '}' after property value in JSON at position 52 (line 4 column 5)
[2025-07-29T14:13:49.200Z] 🔧 Fixing parsing errors...
[2025-07-29T14:13:49.205Z] 🔧 Fixing JSX errors...
[2025-07-29T14:13:49.215Z] ✓ Fixed JSX errors in pages/index.tsx
[2025-07-29T14:13:49.216Z] 🔧 Fixing import/export issues...
[2025-07-29T14:13:49.219Z] 🔧 Fixing empty interface issues...
[2025-07-29T14:13:49.221Z] 🔧 Fixing dependency issues...
[2025-07-29T14:16:21.891Z] 🔧 Starting advanced error fixing...
[2025-07-29T14:16:22.147Z] 🔧 Fixing TypeScript configuration...
[2025-07-29T14:16:22.242Z] ✗ Failed to fix TypeScript config: Expected ',' or '}' after property value in JSON at position 52 (line 4 column 5)
[2025-07-29T14:16:22.508Z] 🔧 Fixing parsing errors...
[2025-07-29T14:16:22.680Z] 🔧 Fixing JSX errors...
[2025-07-29T14:16:22.928Z] 🔧 Fixing import/export issues...
[2025-07-29T14:16:23.109Z] 🔧 Fixing empty interface issues...
[2025-07-29T14:16:52.852Z] 🔧 Starting advanced error fixing...
[2025-07-29T14:16:52.980Z] 🔧 Fixing TypeScript configuration...
[2025-07-29T14:16:53.107Z] ✗ Failed to fix TypeScript config: Expected ',' or '}' after property value in JSON at position 52 (line 4 column 5)
[2025-07-29T14:16:53.165Z] 🔧 Fixing parsing errors...
[2025-07-29T14:16:54.051Z] 🔧 Fixing JSX errors...
[2025-07-29T14:16:54.923Z] 🔧 Fixing import/export issues...
[2025-07-29T14:16:55.302Z] 🔧 Fixing empty interface issues...
[2025-07-29T14:16:55.343Z] 🔧 Fixing dependency issues...
[2025-07-29T14:18:27.569Z] 🔧 Starting advanced error fixing...
[2025-07-29T14:18:27.813Z] 🔧 Fixing TypeScript configuration...
[2025-07-29T14:18:27.981Z] ✗ Failed to fix TypeScript config: Expected ',' or '}' after property value in JSON at position 52 (line 4 column 5)
[2025-07-29T14:18:28.925Z] 🔧 Fixing parsing errors...
[2025-07-29T14:18:29.100Z] 🔧 Fixing JSX errors...
[2025-07-29T14:18:29.273Z] 🔧 Fixing import/export issues...
[2025-07-29T14:18:29.740Z] 🔧 Fixing empty interface issues...
[2025-07-29T14:18:29.996Z] 🔧 Fixing dependency issues...
[2025-07-29T15:00:50.789Z] 🔧 Starting advanced error fixing...
[2025-07-29T15:00:50.985Z] 🔧 Fixing TypeScript configuration...
[2025-07-29T15:00:51.070Z] ✗ Failed to fix TypeScript config: Expected ',' or '}' after property value in JSON at position 52 (line 4 column 5)
[2025-07-29T15:00:51.071Z] 🔧 Fixing parsing errors...
[2025-07-29T15:00:51.073Z] ✓ Fixed parsing errors in pages/index.tsx
[2025-07-29T15:00:51.073Z] 🔧 Fixing JSX errors...
[2025-07-29T15:00:51.075Z] ✓ Fixed JSX errors in pages/index.tsx
[2025-07-29T15:00:51.160Z] 🔧 Fixing import/export issues...
[2025-07-29T15:00:51.250Z] ✓ Fixed import/export issues in pages/index.tsx
[2025-07-29T15:00:51.252Z] 🔧 Fixing empty interface issues...
[2025-07-29T15:00:51.253Z] 🔧 Fixing dependency issues...
[2025-07-29T19:50:26.156Z] 🔧 Starting advanced error fixing...
[2025-07-29T19:50:26.259Z] 🔧 Fixing TypeScript configuration...
[2025-07-29T19:50:26.443Z] ✗ Failed to fix TypeScript config: Expected ',' or '}' after property value in JSON at position 52 (line 4 column 5)
[2025-07-29T19:50:26.657Z] 🔧 Fixing parsing errors...
[2025-07-29T19:50:26.665Z] 🔧 Fixing JSX errors...
[2025-07-29T19:50:26.682Z] 🔧 Fixing import/export issues...
[2025-07-29T19:50:26.684Z] 🔧 Fixing empty interface issues...
[2025-07-29T19:50:26.686Z] 🔧 Fixing dependency issues...
[2025-07-29T19:52:59.584Z] 🔧 Starting advanced error fixing...
[2025-07-29T19:52:59.590Z] 🔧 Fixing TypeScript configuration...
[2025-07-29T19:52:59.591Z] ✗ Failed to fix TypeScript config: Expected ',' or '}' after property value in JSON at position 52 (line 4 column 5)
[2025-07-29T19:52:59.596Z] 🔧 Fixing parsing errors...
[2025-07-29T19:52:59.684Z] 🔧 Fixing JSX errors...
[2025-07-29T19:52:59.854Z] 🔧 Fixing import/export issues...
[2025-07-29T19:53:00.068Z] 🔧 Fixing empty interface issues...
[2025-07-29T19:53:00.073Z] 🔧 Fixing dependency issues...
[2025-07-29T19:56:31.437Z] 🔧 Starting advanced error fixing...
[2025-07-29T19:56:31.612Z] 🔧 Fixing TypeScript configuration...
[2025-07-29T19:56:31.783Z] ✗ Failed to fix TypeScript config: Expected ',' or '}' after property value in JSON at position 52 (line 4 column 5)
[2025-07-29T19:56:31.953Z] 🔧 Fixing parsing errors...
[2025-07-29T19:57:01.711Z] 🔧 Starting advanced error fixing...
[2025-07-29T19:57:01.907Z] 🔧 Fixing TypeScript configuration...
[2025-07-29T19:57:02.076Z] ✗ Failed to fix TypeScript config: Expected ',' or '}' after property value in JSON at position 52 (line 4 column 5)
[2025-07-29T19:57:02.162Z] 🔧 Fixing parsing errors...
[2025-07-29T19:57:02.164Z] 🔧 Fixing JSX errors...
[2025-07-29T19:57:02.165Z] 🔧 Fixing import/export issues...
[2025-07-29T19:57:02.166Z] 🔧 Fixing empty interface issues...
[2025-07-29T19:57:02.167Z] 🔧 Fixing dependency issues...
[2025-07-29T19:58:02.208Z] 🔧 Starting advanced error fixing...
[2025-07-29T19:58:02.465Z] 🔧 Fixing TypeScript configuration...
[2025-07-29T19:58:02.720Z] ✗ Failed to fix TypeScript config: Expected ',' or '}' after property value in JSON at position 52 (line 4 column 5)
[2025-07-29T19:58:02.975Z] 🔧 Fixing parsing errors...
[2025-07-29T19:58:02.977Z] 🔧 Fixing JSX errors...
[2025-07-29T19:58:02.979Z] 🔧 Fixing import/export issues...
[2025-07-29T19:58:02.980Z] 🔧 Fixing empty interface issues...
[2025-07-29T19:58:02.981Z] 🔧 Fixing dependency issues...
[2025-07-29T20:00:03.095Z] 🔧 Starting advanced error fixing...
[2025-07-29T20:00:03.351Z] 🔧 Fixing TypeScript configuration...
[2025-07-29T20:00:03.606Z] ✗ Failed to fix TypeScript config: Expected ',' or '}' after property value in JSON at position 52 (line 4 column 5)
[2025-07-29T20:00:03.953Z] 🔧 Fixing parsing errors...
[2025-07-29T20:00:04.208Z] 🔧 Fixing JSX errors...
[2025-07-29T20:19:44.519Z] 🔧 Starting advanced error fixing...
[2025-07-29T20:19:44.607Z] 🔧 Fixing TypeScript configuration...
[2025-07-29T20:19:44.607Z] ✗ Failed to fix TypeScript config: Expected ',' or '}' after property value in JSON at position 52 (line 4 column 5)
[2025-07-29T20:19:44.608Z] 🔧 Fixing parsing errors...
[2025-07-29T20:19:44.696Z] 🔧 Fixing JSX errors...
[2025-07-29T20:19:44.951Z] ✓ Fixed JSX errors in pages/index.tsx
[2025-07-29T20:19:44.951Z] 🔧 Fixing import/export issues...
[2025-07-29T20:19:44.953Z] ✓ Fixed import/export issues in pages/index.tsx
[2025-07-29T20:19:44.954Z] 🔧 Fixing empty interface issues...
[2025-07-29T20:19:44.955Z] 🔧 Fixing dependency issues...
[2025-07-29T20:20:14.782Z] 🔧 Starting advanced error fixing...
[2025-07-29T20:20:14.978Z] 🔧 Fixing TypeScript configuration...
[2025-07-29T20:20:15.148Z] ✗ Failed to fix TypeScript config: Expected ',' or '}' after property value in JSON at position 52 (line 4 column 5)
[2025-07-29T20:20:15.234Z] 🔧 Fixing parsing errors...
[2025-07-29T20:20:15.236Z] 🔧 Fixing JSX errors...
[2025-07-29T20:20:15.237Z] 🔧 Fixing import/export issues...
[2025-07-29T20:20:15.238Z] 🔧 Fixing empty interface issues...
[2025-07-29T20:20:15.325Z] 🔧 Fixing dependency issues...
[2025-07-29T20:21:15.362Z] 🔧 Starting advanced error fixing...
[2025-07-29T20:21:15.554Z] 🔧 Fixing TypeScript configuration...
[2025-07-29T20:22:46.052Z] 🔧 Starting advanced error fixing...
[2025-07-29T20:22:46.248Z] 🔧 Fixing TypeScript configuration...
[2025-07-29T20:22:46.331Z] ✗ Failed to fix TypeScript config: Expected ',' or '}' after property value in JSON at position 52 (line 4 column 5)
[2025-07-29T20:22:46.332Z] 🔧 Fixing parsing errors...
[2025-07-29T20:22:46.334Z] 🔧 Fixing JSX errors...
[2025-07-29T20:22:46.335Z] 🔧 Fixing import/export issues...
[2025-07-29T20:22:46.336Z] 🔧 Fixing empty interface issues...
[2025-07-29T20:22:46.423Z] 🔧 Fixing dependency issues...
[2025-07-29T20:26:18.621Z] 🔧 Starting advanced error fixing...
[2025-07-29T20:26:18.817Z] 🔧 Fixing TypeScript configuration...
[2025-07-29T20:26:18.901Z] ✗ Failed to fix TypeScript config: Expected ',' or '}' after property value in JSON at position 52 (line 4 column 5)
[2025-07-29T20:26:18.902Z] 🔧 Fixing parsing errors...
[2025-07-29T20:26:18.904Z] 🔧 Fixing JSX errors...
[2025-07-29T20:26:18.905Z] 🔧 Fixing import/export issues...
[2025-07-29T20:26:18.906Z] 🔧 Fixing empty interface issues...
[2025-07-29T20:26:18.992Z] 🔧 Fixing dependency issues...
[2025-07-29T20:27:19.032Z] 🔧 Starting advanced error fixing...
[2025-07-29T20:27:19.228Z] 🔧 Fixing TypeScript configuration...
[2025-07-29T20:27:19.311Z] ✗ Failed to fix TypeScript config: Expected ',' or '}' after property value in JSON at position 52 (line 4 column 5)
[2025-07-29T20:27:19.312Z] 🔧 Fixing parsing errors...
[2025-07-29T20:27:19.314Z] 🔧 Fixing JSX errors...
[2025-07-29T20:27:19.316Z] 🔧 Fixing import/export issues...
[2025-07-29T20:27:19.317Z] 🔧 Fixing empty interface issues...
[2025-07-29T20:27:19.403Z] 🔧 Fixing dependency issues...
[2025-07-29T20:28:19.443Z] 🔧 Starting advanced error fixing...
[2025-07-29T20:28:19.643Z] 🔧 Fixing TypeScript configuration...
[2025-07-29T20:28:19.728Z] ✗ Failed to fix TypeScript config: Expected ',' or '}' after property value in JSON at position 52 (line 4 column 5)
[2025-07-29T20:28:19.728Z] 🔧 Fixing parsing errors...
[2025-07-29T20:28:19.730Z] 🔧 Fixing JSX errors...
[2025-07-29T20:28:19.732Z] 🔧 Fixing import/export issues...
[2025-07-29T20:28:19.733Z] 🔧 Fixing empty interface issues...
[2025-07-29T20:28:19.819Z] 🔧 Fixing dependency issues...
[2025-07-29T20:32:21.897Z] 🔧 Starting advanced error fixing...
[2025-07-29T20:32:22.148Z] 🔧 Fixing TypeScript configuration...
[2025-07-29T20:32:22.399Z] ✗ Failed to fix TypeScript config: Expected ',' or '}' after property value in JSON at position 52 (line 4 column 5)
[2025-07-29T20:32:22.741Z] 🔧 Fixing parsing errors...
[2025-07-29T20:32:23.082Z] 🔧 Fixing JSX errors...
[2025-07-29T20:32:23.168Z] 🔧 Fixing import/export issues...
[2025-07-29T20:32:23.169Z] 🔧 Fixing empty interface issues...
[2025-07-29T20:32:23.170Z] 🔧 Fixing dependency issues...
[2025-07-29T20:37:25.799Z] 🔧 Starting advanced error fixing...
[2025-07-29T20:37:26.040Z] 🔧 Fixing TypeScript configuration...
[2025-07-29T20:37:26.381Z] ✗ Failed to fix TypeScript config: Expected ',' or '}' after property value in JSON at position 52 (line 4 column 5)
[2025-07-29T20:37:26.768Z] 🔧 Fixing parsing errors...
[2025-07-29T20:37:26.981Z] 🔧 Fixing JSX errors...
[2025-07-29T20:38:26.685Z] 🔧 Starting advanced error fixing...
[2025-07-29T20:38:26.917Z] 🔧 Fixing TypeScript configuration...
[2025-07-29T20:38:27.172Z] ✗ Failed to fix TypeScript config: Expected ',' or '}' after property value in JSON at position 52 (line 4 column 5)
[2025-07-29T20:38:27.427Z] 🔧 Fixing parsing errors...
[2025-07-29T20:38:27.430Z] 🔧 Fixing JSX errors...
[2025-07-29T20:38:27.433Z] 🔧 Fixing import/export issues...
[2025-07-29T20:38:27.434Z] 🔧 Fixing empty interface issues...
[2025-07-29T20:38:27.435Z] 🔧 Fixing dependency issues...
[2025-07-29T20:39:27.324Z] 🔧 Starting advanced error fixing...
[2025-07-29T20:39:27.327Z] 🔧 Fixing TypeScript configuration...
[2025-07-29T20:39:27.328Z] ✗ Failed to fix TypeScript config: Expected ',' or '}' after property value in JSON at position 52 (line 4 column 5)
[2025-07-29T20:39:27.329Z] 🔧 Fixing parsing errors...
[2025-07-29T20:39:27.332Z] 🔧 Fixing JSX errors...
[2025-07-29T20:39:27.335Z] 🔧 Fixing import/export issues...
[2025-07-29T20:39:27.337Z] 🔧 Fixing empty interface issues...
[2025-07-29T20:39:27.338Z] 🔧 Fixing dependency issues...
[2025-07-29T20:39:57.735Z] 🔧 Starting advanced error fixing...
[2025-07-29T20:39:57.912Z] 🔧 Fixing TypeScript configuration...
[2025-07-29T20:39:58.166Z] ✗ Failed to fix TypeScript config: Expected ',' or '}' after property value in JSON at position 52 (line 4 column 5)
[2025-07-29T20:39:58.252Z] 🔧 Fixing parsing errors...
[2025-07-29T20:39:58.254Z] 🔧 Fixing JSX errors...
[2025-07-29T20:39:58.256Z] 🔧 Fixing import/export issues...
[2025-07-29T20:39:58.257Z] 🔧 Fixing empty interface issues...
[2025-07-29T20:39:58.258Z] 🔧 Fixing dependency issues...
[2025-07-29T20:40:27.881Z] 🔧 Starting advanced error fixing...
[2025-07-29T20:40:27.988Z] 🔧 Fixing TypeScript configuration...
[2025-07-29T20:40:28.198Z] ✗ Failed to fix TypeScript config: Expected ',' or '}' after property value in JSON at position 52 (line 4 column 5)
[2025-07-29T20:40:58.249Z] 🔧 Starting advanced error fixing...
[2025-07-29T20:40:58.503Z] 🔧 Fixing TypeScript configuration...
[2025-07-29T20:40:58.758Z] ✗ Failed to fix TypeScript config: Expected ',' or '}' after property value in JSON at position 52 (line 4 column 5)
[2025-07-29T20:40:59.099Z] 🔧 Fixing parsing errors...
[2025-07-29T20:40:59.466Z] 🔧 Fixing JSX errors...
[2025-07-29T20:41:29.076Z] 🔧 Starting advanced error fixing...
[2025-07-29T20:41:29.176Z] 🔧 Fixing TypeScript configuration...
[2025-07-29T20:41:29.347Z] ✗ Failed to fix TypeScript config: Expected ',' or '}' after property value in JSON at position 52 (line 4 column 5)
[2025-07-29T20:41:29.518Z] 🔧 Fixing parsing errors...
[2025-07-29T20:41:29.776Z] 🔧 Fixing JSX errors...
[2025-07-29T20:41:59.349Z] 🔧 Starting advanced error fixing...
[2025-07-29T20:41:59.607Z] 🔧 Fixing TypeScript configuration...
[2025-07-29T20:41:59.862Z] ✗ Failed to fix TypeScript config: Expected ',' or '}' after property value in JSON at position 52 (line 4 column 5)
[2025-07-29T20:42:00.203Z] 🔧 Fixing parsing errors...
[2025-07-29T20:42:00.205Z] 🔧 Fixing JSX errors...
[2025-07-29T20:42:00.207Z] 🔧 Fixing import/export issues...
[2025-07-29T20:42:00.208Z] 🔧 Fixing empty interface issues...
[2025-07-29T20:42:00.209Z] 🔧 Fixing dependency issues...
[2025-07-29T20:45:31.867Z] 🔧 Starting advanced error fixing...
[2025-07-29T20:45:32.059Z] 🔧 Fixing TypeScript configuration...
[2025-07-29T20:45:32.142Z] ✗ Failed to fix TypeScript config: Expected ',' or '}' after property value in JSON at position 52 (line 4 column 5)
[2025-07-29T20:45:32.143Z] 🔧 Fixing parsing errors...
[2025-07-29T20:45:32.145Z] 🔧 Fixing JSX errors...
[2025-07-29T20:45:32.146Z] 🔧 Fixing import/export issues...
[2025-07-29T20:45:32.147Z] 🔧 Fixing empty interface issues...
[2025-07-29T20:45:32.149Z] 🔧 Fixing dependency issues...
[2025-07-29T20:51:36.408Z] 🔧 Starting advanced error fixing...
[2025-07-29T20:51:36.518Z] 🔧 Fixing TypeScript configuration...
[2025-07-29T20:51:36.774Z] ✗ Failed to fix TypeScript config: Expected ',' or '}' after property value in JSON at position 52 (line 4 column 5)
[2025-07-29T20:51:36.859Z] 🔧 Fixing parsing errors...
[2025-07-29T20:51:36.861Z] 🔧 Fixing JSX errors...
[2025-07-29T20:51:36.862Z] ✓ Fixed JSX errors in pages/index.tsx
[2025-07-29T20:51:36.863Z] 🔧 Fixing import/export issues...
[2025-07-29T20:51:36.865Z] ✓ Fixed import/export issues in pages/index.tsx
[2025-07-29T20:51:37.036Z] 🔧 Fixing empty interface issues...
[2025-07-29T20:51:37.040Z] 🔧 Fixing dependency issues...
[2025-07-29T20:54:38.271Z] 🔧 Starting advanced error fixing...
[2025-07-29T20:54:38.444Z] 🔧 Fixing TypeScript configuration...
[2025-07-29T20:54:38.610Z] ✗ Failed to fix TypeScript config: Expected ',' or '}' after property value in JSON at position 52 (line 4 column 5)
[2025-07-29T20:54:38.866Z] 🔧 Fixing parsing errors...
[2025-07-29T21:00:21.229Z] ✓ Fixed import/export issues in pages/index.tsx
[2025-07-29T21:00:21.496Z] 🔧 Fixing empty interface issues...
[2025-07-29T21:00:21.555Z] 🔧 Fixing dependency issues...
[2025-07-29T21:03:21.014Z] 🔧 Starting advanced error fixing...
[2025-07-29T21:03:21.678Z] 🔧 Fixing TypeScript configuration...
[2025-07-29T21:03:21.681Z] ✗ Failed to fix TypeScript config: Expected ',' or '}' after property value in JSON at position 52 (line 4 column 5)
[2025-07-29T21:03:21.682Z] 🔧 Fixing parsing errors...
[2025-07-29T21:03:22.054Z] ✓ Fixed parsing errors in pages/index.tsx
[2025-07-29T21:03:22.293Z] 🔧 Fixing JSX errors...
[2025-07-29T21:03:23.553Z] ✓ Fixed JSX errors in pages/index.tsx
[2025-07-29T21:03:25.387Z] 🔧 Fixing import/export issues...
[2025-07-29T21:03:32.352Z] ✓ Fixed import/export issues in pages/index.tsx
[2025-07-29T21:03:32.896Z] 🔧 Fixing empty interface issues...
[2025-07-29T21:03:33.859Z] 🔧 Fixing dependency issues...
[2025-07-29T21:06:29.841Z] 🔧 Fixing JSX errors...
[2025-07-29T21:06:30.820Z] ✓ Fixed JSX errors in pages/index.tsx
[2025-07-29T21:09:59.068Z] 🔧 Starting advanced error fixing...
[2025-07-29T21:09:59.160Z] 🔧 Fixing TypeScript configuration...
[2025-07-29T21:09:59.383Z] ✗ Failed to fix TypeScript config: Expected ',' or '}' after property value in JSON at position 52 (line 4 column 5)
[2025-07-29T21:09:59.390Z] 🔧 Fixing parsing errors...
[2025-07-29T21:09:59.392Z] 🔧 Fixing JSX errors...
[2025-07-29T21:09:59.394Z] 🔧 Fixing import/export issues...
[2025-07-29T21:09:59.396Z] ✓ Fixed import/export issues in pages/index.tsx
[2025-07-29T21:09:59.397Z] 🔧 Fixing empty interface issues...
[2025-07-29T21:09:59.410Z] 🔧 Fixing dependency issues...
[2025-07-29T21:15:40.638Z] 🔧 Starting advanced error fixing...
[2025-07-29T21:15:40.812Z] 🔧 Fixing TypeScript configuration...
[2025-07-29T21:17:40.212Z] 🔧 Starting advanced error fixing...
[2025-07-29T21:17:40.322Z] 🔧 Fixing TypeScript configuration...
[2025-07-29T21:17:40.612Z] ✗ Failed to fix TypeScript config: Expected ',' or '}' after property value in JSON at position 52 (line 4 column 5)
[2025-07-29T21:17:40.615Z] 🔧 Fixing parsing errors...
[2025-07-29T21:17:40.620Z] 🔧 Fixing JSX errors...
[2025-07-29T21:17:40.623Z] 🔧 Fixing import/export issues...
[2025-07-29T21:17:40.626Z] 🔧 Fixing empty interface issues...
[2025-07-29T21:17:40.629Z] 🔧 Fixing dependency issues...
[2025-07-29T21:19:38.889Z] 🔧 Starting advanced error fixing...
[2025-07-29T21:19:39.134Z] 🔧 Fixing TypeScript configuration...
[2025-07-29T21:19:39.139Z] ✗ Failed to fix TypeScript config: Expected ',' or '}' after property value in JSON at position 52 (line 4 column 5)
[2025-07-29T21:19:39.140Z] 🔧 Fixing parsing errors...
[2025-07-29T21:19:39.167Z] 🔧 Fixing JSX errors...
[2025-07-29T21:19:39.170Z] 🔧 Fixing import/export issues...
[2025-07-29T21:19:39.263Z] 🔧 Fixing empty interface issues...
[2025-07-29T21:19:39.453Z] 🔧 Fixing dependency issues...
[2025-07-29T21:21:08.517Z] 🔧 Starting advanced error fixing...
[2025-07-29T21:21:08.833Z] 🔧 Fixing TypeScript configuration...
[2025-07-29T21:21:08.836Z] ✗ Failed to fix TypeScript config: Expected ',' or '}' after property value in JSON at position 52 (line 4 column 5)
[2025-07-29T21:21:08.839Z] 🔧 Fixing parsing errors...
[2025-07-29T21:21:08.851Z] 🔧 Fixing JSX errors...
[2025-07-29T21:21:08.854Z] 🔧 Fixing import/export issues...
[2025-07-29T21:21:08.856Z] 🔧 Fixing empty interface issues...
[2025-07-29T21:21:08.860Z] 🔧 Fixing dependency issues...
[2025-07-29T21:42:53.238Z] 🔧 Starting advanced error fixing...
[2025-07-29T21:42:53.360Z] 🔧 Fixing TypeScript configuration...
[2025-07-29T21:42:53.616Z] ✗ Failed to fix TypeScript config: Expected ',' or '}' after property value in JSON at position 52 (line 4 column 5)
[2025-07-29T21:42:53.617Z] 🔧 Fixing parsing errors...
[2025-07-29T21:42:53.619Z] 🔧 Fixing JSX errors...
[2025-07-29T21:42:53.620Z] 🔧 Fixing import/export issues...
[2025-07-29T21:42:53.621Z] 🔧 Fixing empty interface issues...
[2025-07-29T21:42:53.622Z] 🔧 Fixing dependency issues...
[2025-07-29T21:55:03.876Z] 🔧 Starting advanced error fixing...
[2025-07-29T21:55:03.980Z] 🔧 Fixing TypeScript configuration...
[2025-07-29T21:55:04.238Z] ✗ Failed to fix TypeScript config: Expected ',' or '}' after property value in JSON at position 52 (line 4 column 5)
[2025-07-29T22:02:40.436Z] 🔧 Starting advanced error fixing...
[2025-07-29T22:02:40.780Z] 🔧 Fixing TypeScript configuration...
[2025-07-29T22:02:41.071Z] ✗ Failed to fix TypeScript config: Expected ',' or '}' after property value in JSON at position 52 (line 4 column 5)
[2025-07-29T22:03:11.288Z] 🔧 Starting advanced error fixing...
[2025-07-29T22:03:11.602Z] 🔧 Fixing TypeScript configuration...
[2025-07-29T22:03:11.606Z] ✗ Failed to fix TypeScript config: Expected ',' or '}' after property value in JSON at position 52 (line 4 column 5)
[2025-07-29T22:03:11.607Z] 🔧 Fixing parsing errors...
[2025-07-29T22:03:11.615Z] 🔧 Fixing JSX errors...
[2025-07-29T22:03:11.704Z] ✓ Fixed JSX errors in pages/index.tsx
[2025-07-29T22:03:11.970Z] 🔧 Fixing import/export issues...
[2025-07-29T22:03:12.116Z] 🔧 Fixing empty interface issues...
[2025-07-29T22:03:12.119Z] 🔧 Fixing dependency issues...
[2025-07-29T22:03:40.925Z] 🔧 Starting advanced error fixing...
[2025-07-29T22:04:11.596Z] 🔧 Fixing parsing errors...
[2025-07-29T22:04:11.890Z] 🔧 Fixing JSX errors...
[2025-07-29T22:04:12.384Z] 🔧 Fixing import/export issues...
[2025-07-29T22:04:12.388Z] 🔧 Fixing empty interface issues...
[2025-07-29T22:04:12.392Z] 🔧 Fixing dependency issues...
[2025-07-29T22:30:04.671Z] ✗ Failed to fix TypeScript config: Expected ',' or '}' after property value in JSON at position 52 (line 4 column 5)
[2025-07-29T22:30:04.930Z] 🔧 Fixing parsing errors...
[2025-07-29T22:30:05.425Z] 🔧 Fixing JSX errors...
[2025-07-29T22:30:05.481Z] 🔧 Fixing import/export issues...
[2025-07-29T22:30:05.488Z] 🔧 Fixing empty interface issues...
[2025-07-29T22:30:05.490Z] 🔧 Fixing dependency issues...
[2025-07-29T22:33:07.472Z] 🔧 Starting advanced error fixing...
[2025-07-29T22:33:07.585Z] 🔧 Fixing TypeScript configuration...
[2025-07-29T22:33:07.833Z] ✗ Failed to fix TypeScript config: Expected ',' or '}' after property value in JSON at position 52 (line 4 column 5)
[2025-07-29T22:33:07.834Z] 🔧 Fixing parsing errors...
[2025-07-29T22:33:07.837Z] 🔧 Fixing JSX errors...
[2025-07-29T22:33:07.838Z] 🔧 Fixing import/export issues...
[2025-07-29T22:33:07.839Z] 🔧 Fixing empty interface issues...
[2025-07-29T22:33:07.841Z] 🔧 Fixing dependency issues...
[2025-07-29T22:33:37.962Z] 🔧 Starting advanced error fixing...
[2025-07-29T22:33:38.073Z] 🔧 Fixing TypeScript configuration...
[2025-07-29T22:33:38.397Z] ✗ Failed to fix TypeScript config: Expected ',' or '}' after property value in JSON at position 52 (line 4 column 5)
[2025-07-29T22:33:38.421Z] 🔧 Fixing parsing errors...
[2025-07-29T22:33:38.485Z] 🔧 Fixing JSX errors...
[2025-07-29T22:33:38.491Z] 🔧 Fixing import/export issues...
[2025-07-29T22:33:38.496Z] 🔧 Fixing empty interface issues...
[2025-07-29T22:33:38.591Z] 🔧 Fixing dependency issues...
[2025-07-29T22:34:08.859Z] 🔧 Starting advanced error fixing...
[2025-07-29T22:34:08.953Z] 🔧 Fixing TypeScript configuration...
[2025-07-29T22:34:09.083Z] ✗ Failed to fix TypeScript config: Expected ',' or '}' after property value in JSON at position 52 (line 4 column 5)
[2025-07-29T22:34:09.174Z] 🔧 Fixing parsing errors...
[2025-07-29T22:34:09.411Z] 🔧 Fixing JSX errors...
[2025-07-29T22:34:09.413Z] 🔧 Fixing import/export issues...
[2025-07-29T22:34:09.416Z] 🔧 Fixing empty interface issues...
[2025-07-29T22:34:09.418Z] 🔧 Fixing dependency issues...
[2025-07-29T22:34:40.208Z] 🔧 Starting advanced error fixing...
[2025-07-29T22:34:40.419Z] 🔧 Fixing TypeScript configuration...
[2025-07-29T22:34:40.421Z] ✗ Failed to fix TypeScript config: Expected ',' or '}' after property value in JSON at position 52 (line 4 column 5)
[2025-07-29T22:34:40.422Z] 🔧 Fixing parsing errors...
[2025-07-29T22:34:40.426Z] 🔧 Fixing JSX errors...
[2025-07-29T22:34:40.430Z] 🔧 Fixing import/export issues...
[2025-07-29T22:34:40.433Z] 🔧 Fixing empty interface issues...
[2025-07-29T22:34:40.560Z] 🔧 Fixing dependency issues...
[2025-07-29T22:35:10.237Z] 🔧 Starting advanced error fixing...
[2025-07-29T22:35:10.407Z] 🔧 Fixing TypeScript configuration...
[2025-07-29T22:35:10.491Z] ✗ Failed to fix TypeScript config: Expected ',' or '}' after property value in JSON at position 52 (line 4 column 5)
[2025-07-29T22:35:10.492Z] 🔧 Fixing parsing errors...
[2025-07-29T22:35:10.494Z] 🔧 Fixing JSX errors...
[2025-07-29T22:35:10.495Z] 🔧 Fixing import/export issues...
[2025-07-29T22:35:10.496Z] 🔧 Fixing empty interface issues...
[2025-07-29T22:35:10.583Z] 🔧 Fixing dependency issues...
[2025-07-29T22:35:40.356Z] 🔧 Starting advanced error fixing...
[2025-07-29T22:35:40.508Z] 🔧 Fixing TypeScript configuration...
[2025-07-29T22:35:40.513Z] ✗ Failed to fix TypeScript config: Expected ',' or '}' after property value in JSON at position 52 (line 4 column 5)
[2025-07-29T22:35:40.519Z] 🔧 Fixing parsing errors...
[2025-07-29T22:35:40.530Z] 🔧 Fixing JSX errors...
[2025-07-29T22:35:40.533Z] 🔧 Fixing import/export issues...
[2025-07-29T22:35:40.536Z] 🔧 Fixing empty interface issues...
[2025-07-29T22:35:40.538Z] 🔧 Fixing dependency issues...
[2025-07-29T22:36:11.167Z] 🔧 Starting advanced error fixing...
[2025-07-29T22:36:11.266Z] 🔧 Fixing TypeScript configuration...
[2025-07-29T22:36:11.270Z] ✗ Failed to fix TypeScript config: Expected ',' or '}' after property value in JSON at position 52 (line 4 column 5)
[2025-07-29T22:36:11.273Z] 🔧 Fixing parsing errors...
[2025-07-29T22:36:11.293Z] 🔧 Fixing JSX errors...
[2025-07-29T22:36:11.295Z] 🔧 Fixing import/export issues...
[2025-07-29T22:36:11.297Z] 🔧 Fixing empty interface issues...
[2025-07-29T22:36:11.302Z] 🔧 Fixing dependency issues...
