[2025-07-30T03:09:35.119Z] [INFO] Starting comprehensive error monitoring...
[2025-07-30T03:09:35.120Z] [INFO] Starting comprehensive log scan...
[2025-07-30T03:09:35.137Z] [INFO] Detected MODULE_NOT_FOUND error in ai-communication-error.log
[2025-07-30T03:09:35.137Z] [INFO] Installing missing dependencies...
[2025-07-30T03:13:51.631Z] [INFO] Git state reset successfully
[2025-07-30T03:13:51.633Z] [INFO] Successfully fixed GIT_ERROR error
[2025-07-30T12:16:01.585Z] [INFO] Detected FILE_NOT_FOUND error in dependency-manager.log
[2025-07-30T12:16:01.585Z] [INFO] Fixing file not found errors...
[2025-07-30T12:16:01.588Z] [INFO] Successfully fixed FILE_NOT_FOUND error
[2025-07-30T12:16:01.591Z] [INFO] Detected BUILD_ERROR error in error-monitor.log
[2025-07-30T12:16:01.591Z] [INFO] Fixing build errors...
[2025-07-30T12:16:18.700Z] [INFO] Build fix failed, trying alternative approach...
[2025-07-30T12:24:46.892Z] [INFO] Successfully fixed BUILD_ERROR error
[2025-07-30T12:24:46.894Z] [INFO] Detected FILE_NOT_FOUND error in error-monitor.log
[2025-07-30T12:24:46.894Z] [INFO] Fixing file not found errors...
[2025-07-30T12:24:46.897Z] [INFO] Successfully fixed FILE_NOT_FOUND error
[2025-07-30T12:24:47.545Z] [INFO] Detected MODULE_NOT_FOUND error in file-watcher.log
[2025-07-30T12:24:47.545Z] [INFO] Installing missing dependencies...
[2025-07-30T12:26:32.662Z] [INFO] Successfully fixed MODULE_NOT_FOUND error
[2025-07-30T12:26:32.666Z] [INFO] Detected SYNTAX_ERROR error in file-watcher.log
[2025-07-30T12:26:32.666Z] [INFO] Fixing syntax errors...
[2025-07-30T12:26:32.668Z] [INFO] Successfully fixed SYNTAX_ERROR error
[2025-07-30T12:26:32.672Z] [INFO] Detected SYNTAX_ERROR error in husky-automation.log
[2025-07-30T12:26:32.673Z] [INFO] Fixing syntax errors...
[2025-07-30T12:26:32.675Z] [INFO] Successfully fixed SYNTAX_ERROR error
[2025-07-30T12:26:32.682Z] [INFO] Detected FILE_NOT_FOUND error in infinite-improvement-loop.log
[2025-07-30T12:26:32.682Z] [INFO] Fixing file not found errors...
[2025-07-30T12:26:32.687Z] [INFO] Successfully fixed FILE_NOT_FOUND error
[2025-07-30T12:26:33.197Z] [INFO] Detected MODULE_NOT_FOUND error in launchd-error.log
[2025-07-30T12:26:33.197Z] [INFO] Installing missing dependencies...
[2025-07-30T12:27:41.776Z] [INFO] Successfully fixed MODULE_NOT_FOUND error
[2025-07-30T12:27:42.131Z] [INFO] Detected MODULE_NOT_FOUND error in system-service-error.log
[2025-07-30T12:27:42.131Z] [INFO] Installing missing dependencies...
[2025-07-30T12:28:34.542Z] [INFO] npm install failed, trying yarn...
[2025-07-30T12:28:34.553Z] [ERROR] Failed to fix MODULE_NOT_FOUND error: Command failed: yarn install
/bin/sh: yarn: command not found

