[2025-07-29T22:35:00.582Z] [FIX] Starting automatic fixes...
[2025-07-29T22:35:00.583Z] [FIX] Fixing BuildSystem issues...
[2025-07-29T22:35:00.584Z] [FIX] Fixing CronJobs issues...
[2025-07-29T22:35:00.584Z] [FIX] Restarting cron jobs...
[2025-07-29T22:35:00.627Z] [FIX] Fixing GitStatus issues...
[2025-07-29T22:35:00.628Z] [FIX] Committing changes...
[2025-07-29T22:35:01.086Z] [FIX] Changes committed successfully
[2025-07-29T22:35:01.087Z] [FIX] Automatic fixes completed
[2025-07-29T22:40:00.155Z] [FIX] Starting automatic fixes...
[2025-07-29T22:40:00.155Z] [FIX] Fixing FileSystem issues...
[2025-07-29T22:40:00.158Z] [FIX] Creating missing file: automation/comprehensive-logging-system.js
[2025-07-29T22:40:00.161Z] [FIX] Created file: automation/comprehensive-logging-system.js
[2025-07-29T22:40:00.161Z] [FIX] Fixing BuildSystem issues...
[2025-07-29T22:40:00.162Z] [FIX] Fixing AutomationScripts issues...
[2025-07-29T22:40:00.162Z] [FIX] Creating missing script: comprehensive-logging-system.js
[2025-07-29T22:40:00.163Z] [FIX] Created script: comprehensive-logging-system.js
[2025-07-29T22:40:00.163Z] [FIX] Creating missing script: auto-fix-script.js
[2025-07-29T22:40:00.165Z] [FIX] Created script: auto-fix-script.js
[2025-07-29T22:40:00.165Z] [FIX] Creating missing script: error-detector-fixer.cjs
[2025-07-29T22:40:00.165Z] [FIX] Created script: error-detector-fixer.cjs
[2025-07-29T22:40:00.166Z] [FIX] Fixing CronJobs issues...
[2025-07-29T22:40:00.167Z] [FIX] Restarting cron jobs...
[2025-07-29T22:40:00.269Z] [FIX] Fixing GitStatus issues...
[2025-07-29T22:40:00.269Z] [FIX] Committing changes...
[2025-07-29T22:40:00.818Z] [FIX] Changes committed successfully
[2025-07-29T22:40:00.818Z] [FIX] Automatic fixes completed
[2025-07-29T22:45:00.535Z] [FIX] Starting automatic fixes...
[2025-07-29T22:45:00.535Z] [FIX] Fixing BuildSystem issues...
[2025-07-29T22:45:00.535Z] [FIX] Fixing CronJobs issues...
[2025-07-29T22:45:00.535Z] [FIX] Restarting cron jobs...
[2025-07-29T22:45:00.620Z] [FIX] Fixing GitStatus issues...
[2025-07-29T22:45:00.620Z] [FIX] Committing changes...
[2025-07-29T22:45:00.978Z] [FIX] Changes committed successfully
[2025-07-29T22:45:00.978Z] [FIX] Automatic fixes completed
[2025-07-29T22:50:00.835Z] [FIX] Starting automatic fixes...
[2025-07-29T22:50:00.836Z] [FIX] Fixing BuildSystem issues...
[2025-07-29T22:50:00.837Z] [FIX] Fixing CronJobs issues...
[2025-07-29T22:50:00.837Z] [FIX] Restarting cron jobs...
[2025-07-29T22:50:00.879Z] [FIX] Fixing GitStatus issues...
[2025-07-29T22:50:00.879Z] [FIX] Committing changes...
[2025-07-29T22:50:00.908Z] [FIX] Automatic fixes completed
[2025-07-29T22:55:00.078Z] [FIX] Starting automatic fixes...
[2025-07-29T22:55:00.078Z] [FIX] Fixing BuildSystem issues...
[2025-07-29T22:55:00.078Z] [FIX] Fixing CronJobs issues...
[2025-07-29T22:55:00.078Z] [FIX] Restarting cron jobs...
[2025-07-29T22:55:00.124Z] [FIX] Fixing GitStatus issues...
[2025-07-29T22:55:00.124Z] [FIX] Committing changes...
[2025-07-29T22:55:00.386Z] [FIX] Changes committed successfully
[2025-07-29T22:55:00.387Z] [FIX] Automatic fixes completed
[2025-07-29T23:00:00.338Z] [FIX] Starting automatic fixes...
[2025-07-29T23:00:00.339Z] [FIX] Fixing BuildSystem issues...
[2025-07-29T23:00:00.339Z] [FIX] Fixing CronJobs issues...
[2025-07-29T23:00:00.339Z] [FIX] Restarting cron jobs...
[2025-07-29T23:00:00.379Z] [FIX] Fixing GitStatus issues...
[2025-07-29T23:00:00.380Z] [FIX] Committing changes...
[2025-07-29T23:00:00.633Z] [FIX] Changes committed successfully
[2025-07-29T23:00:00.634Z] [FIX] Automatic fixes completed
[2025-07-29T23:05:00.617Z] [FIX] Starting automatic fixes...
[2025-07-29T23:05:00.617Z] [FIX] Fixing BuildSystem issues...
[2025-07-29T23:05:00.617Z] [FIX] Fixing CronJobs issues...
[2025-07-29T23:05:00.617Z] [FIX] Restarting cron jobs...
[2025-07-29T23:05:00.657Z] [FIX] Fixing GitStatus issues...
[2025-07-29T23:05:00.658Z] [FIX] Committing changes...
[2025-07-29T23:05:00.686Z] [FIX] Automatic fixes completed
[2025-07-29T23:10:00.866Z] [FIX] Starting automatic fixes...
[2025-07-29T23:10:00.866Z] [FIX] Fixing BuildSystem issues...
[2025-07-29T23:10:00.867Z] [FIX] Fixing CronJobs issues...
[2025-07-29T23:10:00.867Z] [FIX] Restarting cron jobs...
[2025-07-29T23:10:00.909Z] [FIX] Automatic fixes completed
[2025-07-29T23:15:00.148Z] [FIX] Starting automatic fixes...
[2025-07-29T23:15:00.149Z] [FIX] Fixing BuildSystem issues...
[2025-07-29T23:15:00.149Z] [FIX] Fixing CronJobs issues...
[2025-07-29T23:15:00.149Z] [FIX] Restarting cron jobs...
[2025-07-29T23:15:00.190Z] [FIX] Fixing GitStatus issues...
[2025-07-29T23:15:00.190Z] [FIX] Committing changes...
[2025-07-29T23:15:00.446Z] [FIX] Changes committed successfully
[2025-07-29T23:15:00.446Z] [FIX] Automatic fixes completed
[2025-07-29T23:20:00.446Z] [FIX] Starting automatic fixes...
[2025-07-29T23:20:00.446Z] [FIX] Fixing BuildSystem issues...
[2025-07-29T23:20:00.446Z] [FIX] Fixing CronJobs issues...
[2025-07-29T23:20:00.447Z] [FIX] Restarting cron jobs...
[2025-07-29T23:20:00.490Z] [FIX] Fixing GitStatus issues...
[2025-07-29T23:20:00.490Z] [FIX] Committing changes...
[2025-07-29T23:20:00.748Z] [FIX] Changes committed successfully
[2025-07-29T23:20:00.749Z] [FIX] Automatic fixes completed
[2025-07-29T23:25:00.717Z] [FIX] Starting automatic fixes...
[2025-07-29T23:25:00.717Z] [FIX] Fixing BuildSystem issues...
[2025-07-29T23:25:00.717Z] [FIX] Fixing CronJobs issues...
[2025-07-29T23:25:00.717Z] [FIX] Restarting cron jobs...
[2025-07-29T23:25:00.759Z] [FIX] Fixing GitStatus issues...
[2025-07-29T23:25:00.760Z] [FIX] Committing changes...
[2025-07-29T23:25:00.865Z] [FIX] Automatic fixes completed
[2025-07-29T23:30:00.987Z] [FIX] Starting automatic fixes...
[2025-07-29T23:30:00.987Z] [FIX] Fixing BuildSystem issues...
[2025-07-29T23:30:00.988Z] [FIX] Fixing CronJobs issues...
[2025-07-29T23:30:00.988Z] [FIX] Restarting cron jobs...
[2025-07-29T23:30:01.063Z] [FIX] Automatic fixes completed
[2025-07-29T23:35:00.288Z] [FIX] Starting automatic fixes...
[2025-07-29T23:35:00.289Z] [FIX] Fixing BuildSystem issues...
[2025-07-29T23:35:00.289Z] [FIX] Fixing CronJobs issues...
[2025-07-29T23:35:00.289Z] [FIX] Restarting cron jobs...
[2025-07-29T23:35:00.330Z] [FIX] Fixing GitStatus issues...
[2025-07-29T23:35:00.330Z] [FIX] Committing changes...
[2025-07-29T23:35:00.595Z] [FIX] Changes committed successfully
[2025-07-29T23:35:00.595Z] [FIX] Automatic fixes completed
[2025-07-29T23:40:00.590Z] [FIX] Starting automatic fixes...
[2025-07-29T23:40:00.591Z] [FIX] Fixing BuildSystem issues...
[2025-07-29T23:40:00.591Z] [FIX] Fixing CronJobs issues...
[2025-07-29T23:40:00.591Z] [FIX] Restarting cron jobs...
[2025-07-29T23:40:00.633Z] [FIX] Fixing GitStatus issues...
[2025-07-29T23:40:00.634Z] [FIX] Committing changes...
[2025-07-29T23:40:00.913Z] [FIX] Changes committed successfully
[2025-07-29T23:40:00.913Z] [FIX] Automatic fixes completed
[2025-07-29T23:45:00.866Z] [FIX] Starting automatic fixes...
[2025-07-29T23:45:00.866Z] [FIX] Fixing BuildSystem issues...
[2025-07-29T23:45:00.867Z] [FIX] Fixing CronJobs issues...
[2025-07-29T23:45:00.867Z] [FIX] Restarting cron jobs...
[2025-07-29T23:45:00.908Z] [FIX] Automatic fixes completed
[2025-07-29T23:50:00.139Z] [FIX] Starting automatic fixes...
[2025-07-29T23:50:00.139Z] [FIX] Fixing BuildSystem issues...
[2025-07-29T23:50:00.140Z] [FIX] Fixing CronJobs issues...
[2025-07-29T23:50:00.140Z] [FIX] Restarting cron jobs...
[2025-07-29T23:50:00.181Z] [FIX] Fixing GitStatus issues...
[2025-07-29T23:50:00.181Z] [FIX] Committing changes...
[2025-07-29T23:50:00.448Z] [FIX] Changes committed successfully
[2025-07-29T23:50:00.449Z] [FIX] Automatic fixes completed
[2025-07-29T23:55:00.363Z] [FIX] Starting automatic fixes...
[2025-07-29T23:55:00.363Z] [FIX] Fixing BuildSystem issues...
[2025-07-29T23:55:00.363Z] [FIX] Fixing CronJobs issues...
[2025-07-29T23:55:00.364Z] [FIX] Restarting cron jobs...
[2025-07-29T23:55:00.405Z] [FIX] Fixing GitStatus issues...
[2025-07-29T23:55:00.405Z] [FIX] Committing changes...
[2025-07-29T23:55:00.433Z] [FIX] Automatic fixes completed
[2025-07-30T00:00:00.622Z] [FIX] Starting automatic fixes...
[2025-07-30T00:00:00.622Z] [FIX] Fixing BuildSystem issues...
[2025-07-30T00:00:00.622Z] [FIX] Fixing CronJobs issues...
[2025-07-30T00:00:00.622Z] [FIX] Restarting cron jobs...
[2025-07-30T00:00:00.665Z] [FIX] Automatic fixes completed
[2025-07-30T00:05:00.860Z] [FIX] Starting automatic fixes...
[2025-07-30T00:05:00.860Z] [FIX] Fixing BuildSystem issues...
[2025-07-30T00:05:00.861Z] [FIX] Fixing CronJobs issues...
[2025-07-30T00:05:00.861Z] [FIX] Restarting cron jobs...
[2025-07-30T00:05:00.903Z] [FIX] Automatic fixes completed
[2025-07-30T00:10:00.147Z] [FIX] Starting automatic fixes...
[2025-07-30T00:10:00.147Z] [FIX] Fixing BuildSystem issues...
[2025-07-30T00:10:00.147Z] [FIX] Fixing CronJobs issues...
[2025-07-30T00:10:00.147Z] [FIX] Restarting cron jobs...
[2025-07-30T00:10:00.187Z] [FIX] Fixing GitStatus issues...
[2025-07-30T00:10:00.187Z] [FIX] Committing changes...
[2025-07-30T00:10:00.458Z] [FIX] Changes committed successfully
[2025-07-30T00:10:00.459Z] [FIX] Automatic fixes completed
[2025-07-30T00:15:00.514Z] [FIX] Starting automatic fixes...
[2025-07-30T00:15:00.515Z] [FIX] Fixing BuildSystem issues...
[2025-07-30T00:15:00.515Z] [FIX] Fixing CronJobs issues...
[2025-07-30T00:15:00.515Z] [FIX] Restarting cron jobs...
[2025-07-30T00:15:00.560Z] [FIX] Fixing GitStatus issues...
[2025-07-30T00:15:00.560Z] [FIX] Committing changes...
[2025-07-30T00:15:00.661Z] [FIX] Automatic fixes completed
[2025-07-30T00:20:00.780Z] [FIX] Starting automatic fixes...
[2025-07-30T00:20:00.781Z] [FIX] Fixing BuildSystem issues...
[2025-07-30T00:20:00.781Z] [FIX] Fixing CronJobs issues...
[2025-07-30T00:20:00.781Z] [FIX] Restarting cron jobs...
[2025-07-30T00:20:00.829Z] [FIX] Fixing GitStatus issues...
[2025-07-30T00:20:00.829Z] [FIX] Committing changes...
[2025-07-30T00:20:00.858Z] [FIX] Automatic fixes completed
[2025-07-30T00:25:01.061Z] [FIX] Starting automatic fixes...
[2025-07-30T00:25:01.061Z] [FIX] Fixing BuildSystem issues...
[2025-07-30T00:25:01.061Z] [FIX] Fixing CronJobs issues...
[2025-07-30T00:25:01.061Z] [FIX] Restarting cron jobs...
[2025-07-30T00:25:01.102Z] [FIX] Automatic fixes completed
[2025-07-30T00:30:00.325Z] [FIX] Starting automatic fixes...
[2025-07-30T00:30:00.325Z] [FIX] Fixing BuildSystem issues...
[2025-07-30T00:30:00.326Z] [FIX] Fixing CronJobs issues...
[2025-07-30T00:30:00.326Z] [FIX] Restarting cron jobs...
[2025-07-30T00:30:00.365Z] [FIX] Fixing GitStatus issues...
[2025-07-30T00:30:00.365Z] [FIX] Committing changes...
[2025-07-30T00:30:00.394Z] [FIX] Automatic fixes completed
[2025-07-30T00:35:00.595Z] [FIX] Starting automatic fixes...
[2025-07-30T00:35:00.595Z] [FIX] Fixing BuildSystem issues...
[2025-07-30T00:35:00.595Z] [FIX] Fixing CronJobs issues...
[2025-07-30T00:35:00.595Z] [FIX] Restarting cron jobs...
[2025-07-30T00:35:00.637Z] [FIX] Automatic fixes completed
[2025-07-30T00:40:00.956Z] [FIX] Starting automatic fixes...
[2025-07-30T00:40:00.956Z] [FIX] Fixing BuildSystem issues...
[2025-07-30T00:40:00.956Z] [FIX] Fixing CronJobs issues...
[2025-07-30T00:40:00.956Z] [FIX] Restarting cron jobs...
[2025-07-30T00:40:00.999Z] [FIX] Automatic fixes completed
[2025-07-30T00:45:00.242Z] [FIX] Starting automatic fixes...
[2025-07-30T00:45:00.242Z] [FIX] Fixing BuildSystem issues...
[2025-07-30T00:45:00.242Z] [FIX] Fixing CronJobs issues...
[2025-07-30T00:45:00.243Z] [FIX] Restarting cron jobs...
[2025-07-30T00:45:00.283Z] [FIX] Fixing GitStatus issues...
[2025-07-30T00:45:00.283Z] [FIX] Committing changes...
[2025-07-30T00:45:00.561Z] [FIX] Changes committed successfully
[2025-07-30T00:45:00.562Z] [FIX] Automatic fixes completed
[2025-07-30T00:50:00.540Z] [FIX] Starting automatic fixes...
[2025-07-30T00:50:00.540Z] [FIX] Fixing BuildSystem issues...
[2025-07-30T00:50:00.540Z] [FIX] Fixing CronJobs issues...
[2025-07-30T00:50:00.541Z] [FIX] Restarting cron jobs...
[2025-07-30T00:50:00.584Z] [FIX] Automatic fixes completed
[2025-07-30T00:55:00.839Z] [FIX] Starting automatic fixes...
[2025-07-30T00:55:00.839Z] [FIX] Fixing BuildSystem issues...
[2025-07-30T00:55:00.839Z] [FIX] Fixing CronJobs issues...
[2025-07-30T00:55:00.839Z] [FIX] Restarting cron jobs...
[2025-07-30T00:55:00.883Z] [FIX] Automatic fixes completed
[2025-07-30T01:00:00.151Z] [FIX] Starting automatic fixes...
[2025-07-30T01:00:00.151Z] [FIX] Fixing BuildSystem issues...
[2025-07-30T01:00:00.152Z] [FIX] Fixing CronJobs issues...
[2025-07-30T01:00:00.152Z] [FIX] Restarting cron jobs...
[2025-07-30T01:00:00.193Z] [FIX] Fixing GitStatus issues...
[2025-07-30T01:00:00.193Z] [FIX] Committing changes...
[2025-07-30T01:00:00.476Z] [FIX] Changes committed successfully
[2025-07-30T01:00:00.476Z] [FIX] Automatic fixes completed
[2025-07-30T01:05:00.446Z] [FIX] Starting automatic fixes...
[2025-07-30T01:05:00.447Z] [FIX] Fixing BuildSystem issues...
[2025-07-30T01:05:00.447Z] [FIX] Fixing CronJobs issues...
[2025-07-30T01:05:00.447Z] [FIX] Restarting cron jobs...
[2025-07-30T01:05:00.489Z] [FIX] Fixing GitStatus issues...
[2025-07-30T01:05:00.489Z] [FIX] Committing changes...
[2025-07-30T01:05:00.592Z] [FIX] Automatic fixes completed
[2025-07-30T01:10:00.766Z] [FIX] Starting automatic fixes...
[2025-07-30T01:10:00.767Z] [FIX] Fixing BuildSystem issues...
[2025-07-30T01:10:00.767Z] [FIX] Fixing CronJobs issues...
[2025-07-30T01:10:00.767Z] [FIX] Restarting cron jobs...
[2025-07-30T01:10:00.831Z] [FIX] Automatic fixes completed
[2025-07-30T01:15:00.149Z] [FIX] Starting automatic fixes...
[2025-07-30T01:15:00.149Z] [FIX] Fixing BuildSystem issues...
[2025-07-30T01:15:00.149Z] [FIX] Fixing CronJobs issues...
[2025-07-30T01:15:00.149Z] [FIX] Restarting cron jobs...
[2025-07-30T01:15:00.190Z] [FIX] Fixing GitStatus issues...
[2025-07-30T01:15:00.190Z] [FIX] Committing changes...
[2025-07-30T01:15:00.477Z] [FIX] Changes committed successfully
[2025-07-30T01:15:00.477Z] [FIX] Automatic fixes completed
[2025-07-30T01:20:00.425Z] [FIX] Starting automatic fixes...
[2025-07-30T01:20:00.426Z] [FIX] Fixing BuildSystem issues...
[2025-07-30T01:20:00.426Z] [FIX] Fixing CronJobs issues...
[2025-07-30T01:20:00.426Z] [FIX] Restarting cron jobs...
[2025-07-30T01:20:00.468Z] [FIX] Fixing GitStatus issues...
[2025-07-30T01:20:00.468Z] [FIX] Committing changes...
[2025-07-30T01:20:00.573Z] [FIX] Automatic fixes completed
[2025-07-30T01:25:00.705Z] [FIX] Starting automatic fixes...
[2025-07-30T01:25:00.706Z] [FIX] Fixing BuildSystem issues...
[2025-07-30T01:25:00.706Z] [FIX] Fixing CronJobs issues...
[2025-07-30T01:25:00.706Z] [FIX] Restarting cron jobs...
[2025-07-30T01:25:00.748Z] [FIX] Automatic fixes completed
[2025-07-30T01:30:01.011Z] [FIX] Starting automatic fixes...
[2025-07-30T01:30:01.011Z] [FIX] Fixing BuildSystem issues...
[2025-07-30T01:30:01.011Z] [FIX] Fixing CronJobs issues...
[2025-07-30T01:30:01.012Z] [FIX] Restarting cron jobs...
[2025-07-30T01:30:01.054Z] [FIX] Automatic fixes completed
[2025-07-30T01:35:00.305Z] [FIX] Starting automatic fixes...
[2025-07-30T01:35:00.305Z] [FIX] Fixing BuildSystem issues...
[2025-07-30T01:35:00.306Z] [FIX] Fixing CronJobs issues...
[2025-07-30T01:35:00.306Z] [FIX] Restarting cron jobs...
[2025-07-30T01:35:00.346Z] [FIX] Fixing GitStatus issues...
[2025-07-30T01:35:00.346Z] [FIX] Committing changes...
[2025-07-30T01:35:00.375Z] [FIX] Automatic fixes completed
[2025-07-30T01:40:00.572Z] [FIX] Starting automatic fixes...
[2025-07-30T01:40:00.572Z] [FIX] Fixing BuildSystem issues...
[2025-07-30T01:40:00.573Z] [FIX] Fixing CronJobs issues...
[2025-07-30T01:40:00.573Z] [FIX] Restarting cron jobs...
[2025-07-30T01:40:00.615Z] [FIX] Automatic fixes completed
[2025-07-30T01:45:00.857Z] [FIX] Starting automatic fixes...
[2025-07-30T01:45:00.857Z] [FIX] Fixing BuildSystem issues...
[2025-07-30T01:45:00.857Z] [FIX] Fixing CronJobs issues...
[2025-07-30T01:45:00.857Z] [FIX] Restarting cron jobs...
[2025-07-30T01:45:00.903Z] [FIX] Automatic fixes completed
[2025-07-30T01:50:00.120Z] [FIX] Starting automatic fixes...
[2025-07-30T01:50:00.120Z] [FIX] Fixing BuildSystem issues...
[2025-07-30T01:50:00.120Z] [FIX] Fixing CronJobs issues...
[2025-07-30T01:50:00.121Z] [FIX] Restarting cron jobs...
[2025-07-30T01:50:00.176Z] [FIX] Fixing GitStatus issues...
[2025-07-30T01:50:00.176Z] [FIX] Committing changes...
[2025-07-30T01:50:00.627Z] [FIX] Changes committed successfully
[2025-07-30T01:50:00.628Z] [FIX] Automatic fixes completed
[2025-07-30T01:55:00.420Z] [FIX] Starting automatic fixes...
[2025-07-30T01:55:00.421Z] [FIX] Fixing BuildSystem issues...
[2025-07-30T01:55:00.421Z] [FIX] Fixing CronJobs issues...
[2025-07-30T01:55:00.421Z] [FIX] Restarting cron jobs...
[2025-07-30T01:55:00.463Z] [FIX] Fixing GitStatus issues...
[2025-07-30T01:55:00.463Z] [FIX] Committing changes...
[2025-07-30T01:55:00.568Z] [FIX] Automatic fixes completed
[2025-07-30T02:00:00.717Z] [FIX] Starting automatic fixes...
[2025-07-30T02:00:00.718Z] [FIX] Fixing BuildSystem issues...
[2025-07-30T02:00:00.718Z] [FIX] Fixing CronJobs issues...
[2025-07-30T02:00:00.719Z] [FIX] Restarting cron jobs...
[2025-07-30T02:00:00.762Z] [FIX] Automatic fixes completed
[2025-07-30T02:05:00.965Z] [FIX] Starting automatic fixes...
[2025-07-30T02:05:00.965Z] [FIX] Fixing BuildSystem issues...
[2025-07-30T02:05:00.966Z] [FIX] Fixing CronJobs issues...
[2025-07-30T02:05:00.966Z] [FIX] Restarting cron jobs...
[2025-07-30T02:05:01.008Z] [FIX] Automatic fixes completed
[2025-07-30T02:10:00.227Z] [FIX] Starting automatic fixes...
[2025-07-30T02:10:00.227Z] [FIX] Fixing BuildSystem issues...
[2025-07-30T02:10:00.228Z] [FIX] Fixing CronJobs issues...
[2025-07-30T02:10:00.228Z] [FIX] Restarting cron jobs...
[2025-07-30T02:10:00.269Z] [FIX] Fixing GitStatus issues...
[2025-07-30T02:10:00.269Z] [FIX] Committing changes...
[2025-07-30T02:10:00.298Z] [FIX] Automatic fixes completed
[2025-07-30T02:15:00.513Z] [FIX] Starting automatic fixes...
[2025-07-30T02:15:00.513Z] [FIX] Fixing BuildSystem issues...
[2025-07-30T02:15:00.513Z] [FIX] Fixing CronJobs issues...
[2025-07-30T02:15:00.514Z] [FIX] Restarting cron jobs...
[2025-07-30T02:15:00.557Z] [FIX] Automatic fixes completed
[2025-07-30T02:20:00.757Z] [FIX] Starting automatic fixes...
[2025-07-30T02:20:00.757Z] [FIX] Fixing FileSystem issues...
[2025-07-30T02:20:00.758Z] [FIX] Creating missing file: automation/comprehensive-logging-system.js
[2025-07-30T02:20:00.758Z] [FIX] Created file: automation/comprehensive-logging-system.js
[2025-07-30T02:20:00.758Z] [FIX] Fixing BuildSystem issues...
[2025-07-30T02:20:00.758Z] [FIX] Fixing AutomationScripts issues...
[2025-07-30T02:20:00.759Z] [FIX] Creating missing script: comprehensive-logging-system.js
[2025-07-30T02:20:00.759Z] [FIX] Created script: comprehensive-logging-system.js
[2025-07-30T02:20:00.759Z] [FIX] Creating missing script: auto-fix-script.js
[2025-07-30T02:20:00.760Z] [FIX] Created script: auto-fix-script.js
[2025-07-30T02:20:00.760Z] [FIX] Creating missing script: error-detector-fixer.cjs
[2025-07-30T02:20:00.760Z] [FIX] Created script: error-detector-fixer.cjs
[2025-07-30T02:20:00.761Z] [FIX] Fixing CronJobs issues...
[2025-07-30T02:20:00.761Z] [FIX] Restarting cron jobs...
[2025-07-30T02:20:00.805Z] [FIX] Fixing GitStatus issues...
[2025-07-30T02:20:00.805Z] [FIX] Committing changes...
[2025-07-30T02:20:00.834Z] [FIX] Automatic fixes completed
[2025-07-30T02:25:00.088Z] [FIX] Starting automatic fixes...
[2025-07-30T02:25:00.088Z] [FIX] Fixing BuildSystem issues...
[2025-07-30T02:25:00.088Z] [FIX] Fixing CronJobs issues...
[2025-07-30T02:25:00.089Z] [FIX] Restarting cron jobs...
[2025-07-30T02:25:00.131Z] [FIX] Fixing GitStatus issues...
[2025-07-30T02:25:00.131Z] [FIX] Committing changes...
[2025-07-30T02:25:00.537Z] [FIX] Automatic fixes completed
[2025-07-30T02:30:00.344Z] [FIX] Starting automatic fixes...
[2025-07-30T02:30:00.344Z] [FIX] Fixing BuildSystem issues...
[2025-07-30T02:30:00.344Z] [FIX] Fixing CronJobs issues...
[2025-07-30T02:30:00.345Z] [FIX] Restarting cron jobs...
[2025-07-30T02:30:00.388Z] [FIX] Fixing GitStatus issues...
[2025-07-30T02:30:00.388Z] [FIX] Committing changes...
[2025-07-30T02:30:00.591Z] [FIX] Changes committed successfully
[2025-07-30T02:30:00.591Z] [FIX] Automatic fixes completed
[2025-07-30T02:35:00.575Z] [FIX] Starting automatic fixes...
[2025-07-30T02:35:00.575Z] [FIX] Fixing BuildSystem issues...
[2025-07-30T02:35:00.575Z] [FIX] Fixing CronJobs issues...
[2025-07-30T02:35:00.576Z] [FIX] Restarting cron jobs...
[2025-07-30T02:35:00.620Z] [FIX] Fixing GitStatus issues...
[2025-07-30T02:35:00.620Z] [FIX] Committing changes...
[2025-07-30T02:35:00.651Z] [FIX] Automatic fixes completed
[2025-07-30T02:40:00.816Z] [FIX] Starting automatic fixes...
[2025-07-30T02:40:00.817Z] [FIX] Fixing BuildSystem issues...
[2025-07-30T02:40:00.817Z] [FIX] Fixing CronJobs issues...
[2025-07-30T02:40:00.817Z] [FIX] Restarting cron jobs...
[2025-07-30T02:40:00.856Z] [FIX] Fixing GitStatus issues...
[2025-07-30T02:40:00.856Z] [FIX] Committing changes...
[2025-07-30T02:40:00.945Z] [FIX] Automatic fixes completed
[2025-07-30T02:45:01.066Z] [FIX] Starting automatic fixes...
[2025-07-30T02:45:01.066Z] [FIX] Fixing BuildSystem issues...
[2025-07-30T02:45:01.067Z] [FIX] Fixing CronJobs issues...
[2025-07-30T02:45:01.067Z] [FIX] Restarting cron jobs...
[2025-07-30T02:45:01.107Z] [FIX] Fixing GitStatus issues...
[2025-07-30T02:45:01.107Z] [FIX] Committing changes...
[2025-07-30T02:45:01.308Z] [FIX] Changes committed successfully
[2025-07-30T02:45:01.309Z] [FIX] Automatic fixes completed
[2025-07-30T02:50:00.351Z] [FIX] Starting automatic fixes...
[2025-07-30T02:50:00.351Z] [FIX] Fixing BuildSystem issues...
[2025-07-30T02:50:00.351Z] [FIX] Fixing CronJobs issues...
[2025-07-30T02:50:00.351Z] [FIX] Restarting cron jobs...
[2025-07-30T02:50:00.395Z] [FIX] Fixing GitStatus issues...
[2025-07-30T02:50:00.395Z] [FIX] Committing changes...
[2025-07-30T02:50:00.437Z] [FIX] Automatic fixes completed
[2025-07-30T02:55:00.531Z] [FIX] Starting automatic fixes...
[2025-07-30T02:55:00.531Z] [FIX] Fixing BuildSystem issues...
[2025-07-30T02:55:00.531Z] [FIX] Fixing CronJobs issues...
[2025-07-30T02:55:00.532Z] [FIX] Restarting cron jobs...
[2025-07-30T02:55:00.570Z] [FIX] Fixing GitStatus issues...
[2025-07-30T02:55:00.571Z] [FIX] Committing changes...
[2025-07-30T02:55:00.600Z] [FIX] Automatic fixes completed
[2025-07-30T03:00:00.833Z] [FIX] Starting automatic fixes...
[2025-07-30T03:00:00.833Z] [FIX] Fixing BuildSystem issues...
[2025-07-30T03:00:00.833Z] [FIX] Fixing CronJobs issues...
[2025-07-30T03:00:00.833Z] [FIX] Restarting cron jobs...
[2025-07-30T03:00:00.878Z] [FIX] Fixing GitStatus issues...
[2025-07-30T03:00:00.879Z] [FIX] Committing changes...
[2025-07-30T03:00:00.986Z] [FIX] Automatic fixes completed
[2025-07-30T03:05:01.095Z] [FIX] Starting automatic fixes...
[2025-07-30T03:05:01.096Z] [FIX] Fixing BuildSystem issues...
[2025-07-30T03:05:01.096Z] [FIX] Fixing CronJobs issues...
[2025-07-30T03:05:01.096Z] [FIX] Restarting cron jobs...
[2025-07-30T03:05:01.136Z] [FIX] Fixing GitStatus issues...
[2025-07-30T03:05:01.136Z] [FIX] Committing changes...
[2025-07-30T03:05:01.239Z] [FIX] Automatic fixes completed
[2025-07-30T03:10:00.423Z] [FIX] Starting automatic fixes...
[2025-07-30T03:10:00.424Z] [FIX] Fixing BuildSystem issues...
[2025-07-30T03:10:00.424Z] [FIX] Fixing CronJobs issues...
[2025-07-30T03:10:00.424Z] [FIX] Restarting cron jobs...
[2025-07-30T03:10:00.684Z] [FIX] Fixing GitStatus issues...
[2025-07-30T03:10:00.684Z] [FIX] Committing changes...
[2025-07-30T03:15:00.110Z] [FIX] Starting automatic fixes...
[2025-07-30T03:15:00.110Z] [FIX] Fixing BuildSystem issues...
[2025-07-30T03:15:00.110Z] [FIX] Fixing CronJobs issues...
[2025-07-30T03:15:00.111Z] [FIX] Restarting cron jobs...
[2025-07-30T03:15:00.152Z] [FIX] Fixing GitStatus issues...
[2025-07-30T03:15:00.152Z] [FIX] Committing changes...
[2025-07-30T03:15:00.290Z] [FIX] Changes committed successfully
[2025-07-30T03:15:00.290Z] [FIX] Automatic fixes completed
[2025-07-30T03:20:00.482Z] [FIX] Starting automatic fixes...
[2025-07-30T03:20:00.483Z] [FIX] Fixing BuildSystem issues...
[2025-07-30T03:20:00.483Z] [FIX] Fixing CronJobs issues...
[2025-07-30T03:20:00.483Z] [FIX] Restarting cron jobs...
[2025-07-30T03:20:00.526Z] [FIX] Fixing GitStatus issues...
[2025-07-30T03:20:00.526Z] [FIX] Committing changes...
[2025-07-30T03:20:00.664Z] [FIX] Changes committed successfully
[2025-07-30T03:20:00.664Z] [FIX] Automatic fixes completed
[2025-07-30T03:25:00.778Z] [FIX] Starting automatic fixes...
[2025-07-30T03:25:00.778Z] [FIX] Fixing BuildSystem issues...
[2025-07-30T03:25:00.779Z] [FIX] Fixing CronJobs issues...
[2025-07-30T03:25:00.779Z] [FIX] Restarting cron jobs...
[2025-07-30T03:25:00.823Z] [FIX] Fixing GitStatus issues...
[2025-07-30T03:25:00.824Z] [FIX] Committing changes...
[2025-07-30T03:25:00.853Z] [FIX] Automatic fixes completed
[2025-07-30T03:30:01.014Z] [FIX] Starting automatic fixes...
[2025-07-30T03:30:01.014Z] [FIX] Fixing BuildSystem issues...
[2025-07-30T03:30:01.014Z] [FIX] Fixing CronJobs issues...
[2025-07-30T03:30:01.014Z] [FIX] Restarting cron jobs...
[2025-07-30T03:30:01.060Z] [FIX] Fixing GitStatus issues...
[2025-07-30T03:30:01.060Z] [FIX] Committing changes...
[2025-07-30T03:30:01.091Z] [FIX] Automatic fixes completed
[2025-07-30T03:35:00.307Z] [FIX] Starting automatic fixes...
[2025-07-30T03:35:00.307Z] [FIX] Fixing BuildSystem issues...
[2025-07-30T03:35:00.307Z] [FIX] Fixing CronJobs issues...
[2025-07-30T03:35:00.307Z] [FIX] Restarting cron jobs...
[2025-07-30T03:35:00.350Z] [FIX] Fixing GitStatus issues...
[2025-07-30T03:35:00.350Z] [FIX] Committing changes...
[2025-07-30T03:35:00.460Z] [FIX] Changes committed successfully
[2025-07-30T03:35:00.461Z] [FIX] Automatic fixes completed
[2025-07-30T03:40:00.620Z] [FIX] Starting automatic fixes...
[2025-07-30T03:40:00.621Z] [FIX] Fixing BuildSystem issues...
[2025-07-30T03:40:00.621Z] [FIX] Fixing CronJobs issues...
[2025-07-30T03:40:00.621Z] [FIX] Restarting cron jobs...
[2025-07-30T03:40:00.664Z] [FIX] Fixing GitStatus issues...
[2025-07-30T03:40:00.664Z] [FIX] Committing changes...
[2025-07-30T03:40:00.693Z] [FIX] Automatic fixes completed
[2025-07-30T03:45:00.917Z] [FIX] Starting automatic fixes...
[2025-07-30T03:45:00.918Z] [FIX] Fixing BuildSystem issues...
[2025-07-30T03:45:00.918Z] [FIX] Fixing CronJobs issues...
[2025-07-30T03:45:00.918Z] [FIX] Restarting cron jobs...
[2025-07-30T03:45:00.958Z] [FIX] Fixing GitStatus issues...
[2025-07-30T03:45:00.958Z] [FIX] Committing changes...
[2025-07-30T03:45:01.067Z] [FIX] Changes committed successfully
[2025-07-30T03:45:01.067Z] [FIX] Automatic fixes completed
[2025-07-30T03:50:00.204Z] [FIX] Starting automatic fixes...
[2025-07-30T03:50:00.204Z] [FIX] Fixing BuildSystem issues...
[2025-07-30T03:50:00.204Z] [FIX] Fixing CronJobs issues...
[2025-07-30T03:50:00.205Z] [FIX] Restarting cron jobs...
[2025-07-30T03:50:00.250Z] [FIX] Fixing GitStatus issues...
[2025-07-30T03:50:00.251Z] [FIX] Committing changes...
[2025-07-30T03:50:00.397Z] [FIX] Changes committed successfully
[2025-07-30T03:50:00.397Z] [FIX] Automatic fixes completed
[2025-07-30T03:55:00.595Z] [FIX] Starting automatic fixes...
[2025-07-30T03:55:00.595Z] [FIX] Fixing BuildSystem issues...
[2025-07-30T03:55:00.595Z] [FIX] Fixing CronJobs issues...
[2025-07-30T03:55:00.595Z] [FIX] Restarting cron jobs...
[2025-07-30T03:55:00.635Z] [FIX] Fixing GitStatus issues...
[2025-07-30T03:55:00.635Z] [FIX] Committing changes...
[2025-07-30T03:55:00.663Z] [FIX] Automatic fixes completed
[2025-07-30T04:00:00.936Z] [FIX] Starting automatic fixes...
[2025-07-30T04:00:00.936Z] [FIX] Fixing BuildSystem issues...
[2025-07-30T04:00:00.936Z] [FIX] Fixing CronJobs issues...
[2025-07-30T04:00:00.936Z] [FIX] Restarting cron jobs...
[2025-07-30T04:00:00.998Z] [FIX] Fixing GitStatus issues...
[2025-07-30T04:00:00.998Z] [FIX] Committing changes...
[2025-07-30T04:00:01.052Z] [FIX] Automatic fixes completed
[2025-07-30T04:05:00.269Z] [FIX] Starting automatic fixes...
[2025-07-30T04:05:00.269Z] [FIX] Fixing BuildSystem issues...
[2025-07-30T04:05:00.270Z] [FIX] Fixing CronJobs issues...
[2025-07-30T04:05:00.271Z] [FIX] Restarting cron jobs...
[2025-07-30T04:05:00.309Z] [FIX] Fixing GitStatus issues...
[2025-07-30T04:05:00.310Z] [FIX] Committing changes...
[2025-07-30T04:05:00.422Z] [FIX] Changes committed successfully
[2025-07-30T04:05:00.423Z] [FIX] Automatic fixes completed
[2025-07-30T04:10:00.549Z] [FIX] Starting automatic fixes...
[2025-07-30T04:10:00.549Z] [FIX] Fixing BuildSystem issues...
[2025-07-30T04:10:00.549Z] [FIX] Fixing CronJobs issues...
[2025-07-30T04:10:00.549Z] [FIX] Restarting cron jobs...
[2025-07-30T04:10:00.591Z] [FIX] Fixing GitStatus issues...
[2025-07-30T04:10:00.591Z] [FIX] Committing changes...
[2025-07-30T04:10:00.732Z] [FIX] Changes committed successfully
[2025-07-30T04:10:00.732Z] [FIX] Automatic fixes completed
[2025-07-30T04:15:00.888Z] [FIX] Starting automatic fixes...
[2025-07-30T04:15:00.888Z] [FIX] Fixing BuildSystem issues...
[2025-07-30T04:15:00.889Z] [FIX] Fixing CronJobs issues...
[2025-07-30T04:15:00.889Z] [FIX] Restarting cron jobs...
[2025-07-30T04:15:00.929Z] [FIX] Fixing GitStatus issues...
[2025-07-30T04:15:00.929Z] [FIX] Committing changes...
[2025-07-30T04:15:01.042Z] [FIX] Changes committed successfully
[2025-07-30T04:15:01.042Z] [FIX] Automatic fixes completed
[2025-07-30T04:20:00.145Z] [FIX] Starting automatic fixes...
[2025-07-30T04:20:00.145Z] [FIX] Fixing BuildSystem issues...
[2025-07-30T04:20:00.145Z] [FIX] Fixing CronJobs issues...
[2025-07-30T04:20:00.145Z] [FIX] Restarting cron jobs...
[2025-07-30T04:20:00.185Z] [FIX] Fixing GitStatus issues...
[2025-07-30T04:20:00.185Z] [FIX] Committing changes...
[2025-07-30T04:20:00.299Z] [FIX] Changes committed successfully
[2025-07-30T04:20:00.299Z] [FIX] Automatic fixes completed
[2025-07-30T04:25:00.439Z] [FIX] Starting automatic fixes...
[2025-07-30T04:25:00.440Z] [FIX] Fixing BuildSystem issues...
[2025-07-30T04:25:00.440Z] [FIX] Fixing CronJobs issues...
[2025-07-30T04:25:00.440Z] [FIX] Restarting cron jobs...
[2025-07-30T04:25:00.480Z] [FIX] Fixing GitStatus issues...
[2025-07-30T04:25:00.480Z] [FIX] Committing changes...
[2025-07-30T04:25:00.594Z] [FIX] Changes committed successfully
[2025-07-30T04:25:00.594Z] [FIX] Automatic fixes completed
[2025-07-30T04:30:00.749Z] [FIX] Starting automatic fixes...
[2025-07-30T04:30:00.749Z] [FIX] Fixing BuildSystem issues...
[2025-07-30T04:30:00.749Z] [FIX] Fixing CronJobs issues...
[2025-07-30T04:30:00.749Z] [FIX] Restarting cron jobs...
[2025-07-30T04:30:00.789Z] [FIX] Fixing GitStatus issues...
[2025-07-30T04:30:00.789Z] [FIX] Committing changes...
[2025-07-30T04:30:00.903Z] [FIX] Automatic fixes completed
[2025-07-30T04:35:01.049Z] [FIX] Starting automatic fixes...
[2025-07-30T04:35:01.049Z] [FIX] Fixing BuildSystem issues...
[2025-07-30T04:35:01.049Z] [FIX] Fixing CronJobs issues...
[2025-07-30T04:35:01.050Z] [FIX] Restarting cron jobs...
[2025-07-30T04:35:01.092Z] [FIX] Fixing GitStatus issues...
[2025-07-30T04:35:01.092Z] [FIX] Committing changes...
[2025-07-30T04:35:01.204Z] [FIX] Changes committed successfully
[2025-07-30T04:35:01.204Z] [FIX] Automatic fixes completed
[2025-07-30T04:40:00.327Z] [FIX] Starting automatic fixes...
[2025-07-30T04:40:00.328Z] [FIX] Fixing BuildSystem issues...
[2025-07-30T04:40:00.328Z] [FIX] Fixing CronJobs issues...
[2025-07-30T04:40:00.328Z] [FIX] Restarting cron jobs...
[2025-07-30T04:40:00.371Z] [FIX] Fixing GitStatus issues...
[2025-07-30T04:40:00.371Z] [FIX] Committing changes...
[2025-07-30T04:40:00.511Z] [FIX] Changes committed successfully
[2025-07-30T04:40:00.512Z] [FIX] Automatic fixes completed
[2025-07-30T04:45:00.504Z] [FIX] Starting automatic fixes...
[2025-07-30T04:45:00.504Z] [FIX] Fixing BuildSystem issues...
[2025-07-30T04:45:00.504Z] [FIX] Fixing CronJobs issues...
[2025-07-30T04:45:00.504Z] [FIX] Restarting cron jobs...
[2025-07-30T04:45:00.544Z] [FIX] Fixing GitStatus issues...
[2025-07-30T04:45:00.545Z] [FIX] Committing changes...
[2025-07-30T04:45:00.574Z] [FIX] Automatic fixes completed
[2025-07-30T04:50:00.776Z] [FIX] Starting automatic fixes...
[2025-07-30T04:50:00.776Z] [FIX] Fixing BuildSystem issues...
[2025-07-30T04:50:00.776Z] [FIX] Fixing CronJobs issues...
[2025-07-30T04:50:00.776Z] [FIX] Restarting cron jobs...
[2025-07-30T04:50:00.815Z] [FIX] Fixing GitStatus issues...
[2025-07-30T04:50:00.815Z] [FIX] Committing changes...
[2025-07-30T04:50:00.845Z] [FIX] Automatic fixes completed
[2025-07-30T04:55:01.045Z] [FIX] Starting automatic fixes...
[2025-07-30T04:55:01.045Z] [FIX] Fixing BuildSystem issues...
[2025-07-30T04:55:01.045Z] [FIX] Fixing CronJobs issues...
[2025-07-30T04:55:01.045Z] [FIX] Restarting cron jobs...
[2025-07-30T04:55:01.088Z] [FIX] Fixing GitStatus issues...
[2025-07-30T04:55:01.088Z] [FIX] Committing changes...
[2025-07-30T04:55:01.218Z] [FIX] Changes committed successfully
[2025-07-30T04:55:01.218Z] [FIX] Automatic fixes completed
[2025-07-30T05:00:00.349Z] [FIX] Starting automatic fixes...
[2025-07-30T05:00:00.349Z] [FIX] Fixing BuildSystem issues...
[2025-07-30T05:00:00.350Z] [FIX] Fixing CronJobs issues...
[2025-07-30T05:00:00.350Z] [FIX] Restarting cron jobs...
[2025-07-30T05:00:00.411Z] [FIX] Fixing GitStatus issues...
[2025-07-30T05:00:00.411Z] [FIX] Committing changes...
[2025-07-30T05:00:00.706Z] [FIX] Changes committed successfully
[2025-07-30T05:00:00.706Z] [FIX] Automatic fixes completed
[2025-07-30T05:00:00.763Z] [FIX] Starting log cleanup...
[2025-07-30T05:00:00.764Z] [FIX] Log cleanup completed
[2025-07-30T05:05:00.692Z] [FIX] Starting automatic fixes...
[2025-07-30T05:05:00.692Z] [FIX] Fixing BuildSystem issues...
[2025-07-30T05:05:00.692Z] [FIX] Fixing CronJobs issues...
[2025-07-30T05:05:00.692Z] [FIX] Restarting cron jobs...
[2025-07-30T05:05:00.732Z] [FIX] Automatic fixes completed
[2025-07-30T05:10:00.985Z] [FIX] Starting automatic fixes...
[2025-07-30T05:10:00.985Z] [FIX] Fixing BuildSystem issues...
[2025-07-30T05:10:00.985Z] [FIX] Fixing CronJobs issues...
[2025-07-30T05:10:00.985Z] [FIX] Restarting cron jobs...
[2025-07-30T05:10:01.026Z] [FIX] Fixing GitStatus issues...
[2025-07-30T05:10:01.026Z] [FIX] Committing changes...
[2025-07-30T05:10:01.209Z] [FIX] Changes committed successfully
[2025-07-30T05:10:01.210Z] [FIX] Automatic fixes completed
[2025-07-30T05:15:00.277Z] [FIX] Starting automatic fixes...
[2025-07-30T05:15:00.277Z] [FIX] Fixing BuildSystem issues...
[2025-07-30T05:15:00.277Z] [FIX] Fixing CronJobs issues...
[2025-07-30T05:15:00.277Z] [FIX] Restarting cron jobs...
[2025-07-30T05:15:00.316Z] [FIX] Fixing GitStatus issues...
[2025-07-30T05:15:00.316Z] [FIX] Committing changes...
[2025-07-30T05:15:00.438Z] [FIX] Changes committed successfully
[2025-07-30T05:15:00.439Z] [FIX] Automatic fixes completed
[2025-07-30T05:20:00.568Z] [FIX] Starting automatic fixes...
[2025-07-30T05:20:00.568Z] [FIX] Fixing BuildSystem issues...
[2025-07-30T05:20:00.568Z] [FIX] Fixing CronJobs issues...
[2025-07-30T05:20:00.568Z] [FIX] Restarting cron jobs...
[2025-07-30T05:20:00.616Z] [FIX] Fixing GitStatus issues...
[2025-07-30T05:20:00.617Z] [FIX] Committing changes...
[2025-07-30T05:20:00.647Z] [FIX] Automatic fixes completed
[2025-07-30T05:25:00.855Z] [FIX] Starting automatic fixes...
[2025-07-30T05:25:00.855Z] [FIX] Fixing BuildSystem issues...
[2025-07-30T05:25:00.856Z] [FIX] Fixing CronJobs issues...
[2025-07-30T05:25:00.856Z] [FIX] Restarting cron jobs...
[2025-07-30T05:25:00.896Z] [FIX] Fixing GitStatus issues...
[2025-07-30T05:25:00.896Z] [FIX] Committing changes...
[2025-07-30T05:25:01.013Z] [FIX] Changes committed successfully
[2025-07-30T05:25:01.014Z] [FIX] Automatic fixes completed
[2025-07-30T05:30:00.109Z] [FIX] Starting automatic fixes...
[2025-07-30T05:30:00.109Z] [FIX] Fixing BuildSystem issues...
[2025-07-30T05:30:00.110Z] [FIX] Fixing CronJobs issues...
[2025-07-30T05:30:00.110Z] [FIX] Restarting cron jobs...
[2025-07-30T05:30:00.149Z] [FIX] Fixing GitStatus issues...
[2025-07-30T05:30:00.149Z] [FIX] Committing changes...
[2025-07-30T05:30:00.379Z] [FIX] Changes committed successfully
[2025-07-30T05:30:00.379Z] [FIX] Automatic fixes completed
[2025-07-30T05:35:00.407Z] [FIX] Starting automatic fixes...
[2025-07-30T05:35:00.408Z] [FIX] Fixing BuildSystem issues...
[2025-07-30T05:35:00.408Z] [FIX] Fixing CronJobs issues...
[2025-07-30T05:35:00.408Z] [FIX] Restarting cron jobs...
[2025-07-30T05:35:00.446Z] [FIX] Fixing GitStatus issues...
[2025-07-30T05:35:00.447Z] [FIX] Committing changes...
[2025-07-30T05:35:00.559Z] [FIX] Changes committed successfully
[2025-07-30T05:35:00.560Z] [FIX] Automatic fixes completed
[2025-07-30T05:40:00.769Z] [FIX] Starting automatic fixes...
[2025-07-30T05:40:00.769Z] [FIX] Fixing BuildSystem issues...
[2025-07-30T05:40:00.769Z] [FIX] Fixing CronJobs issues...
[2025-07-30T05:40:00.770Z] [FIX] Restarting cron jobs...
[2025-07-30T05:40:00.811Z] [FIX] Fixing GitStatus issues...
[2025-07-30T05:40:00.811Z] [FIX] Committing changes...
[2025-07-30T05:40:00.943Z] [FIX] Changes committed successfully
[2025-07-30T05:40:00.944Z] [FIX] Automatic fixes completed
[2025-07-30T05:45:00.940Z] [FIX] Starting automatic fixes...
[2025-07-30T05:45:00.940Z] [FIX] Fixing BuildSystem issues...
[2025-07-30T05:45:00.941Z] [FIX] Fixing CronJobs issues...
[2025-07-30T05:45:00.941Z] [FIX] Restarting cron jobs...
[2025-07-30T05:45:00.979Z] [FIX] Fixing GitStatus issues...
[2025-07-30T05:45:00.980Z] [FIX] Committing changes...
[2025-07-30T05:45:01.094Z] [FIX] Changes committed successfully
[2025-07-30T05:45:01.095Z] [FIX] Automatic fixes completed
[2025-07-30T05:50:00.215Z] [FIX] Starting automatic fixes...
[2025-07-30T05:50:00.215Z] [FIX] Fixing BuildSystem issues...
[2025-07-30T05:50:00.216Z] [FIX] Fixing CronJobs issues...
[2025-07-30T05:50:00.216Z] [FIX] Restarting cron jobs...
[2025-07-30T05:50:00.257Z] [FIX] Fixing GitStatus issues...
[2025-07-30T05:50:00.257Z] [FIX] Committing changes...
[2025-07-30T05:50:00.415Z] [FIX] Changes committed successfully
[2025-07-30T05:50:00.415Z] [FIX] Automatic fixes completed
[2025-07-30T05:55:00.554Z] [FIX] Starting automatic fixes...
[2025-07-30T05:55:00.554Z] [FIX] Fixing BuildSystem issues...
[2025-07-30T05:55:00.554Z] [FIX] Fixing CronJobs issues...
[2025-07-30T05:55:00.554Z] [FIX] Restarting cron jobs...
[2025-07-30T05:55:00.593Z] [FIX] Fixing GitStatus issues...
[2025-07-30T05:55:00.593Z] [FIX] Committing changes...
[2025-07-30T05:55:00.622Z] [FIX] Automatic fixes completed
[2025-07-30T06:00:00.847Z] [FIX] Starting automatic fixes...
[2025-07-30T06:00:00.847Z] [FIX] Fixing BuildSystem issues...
[2025-07-30T06:00:00.847Z] [FIX] Fixing CronJobs issues...
[2025-07-30T06:00:00.847Z] [FIX] Restarting cron jobs...
[2025-07-30T06:00:00.917Z] [FIX] Fixing GitStatus issues...
[2025-07-30T06:00:00.918Z] [FIX] Committing changes...
[2025-07-30T06:00:01.156Z] [FIX] Changes committed successfully
[2025-07-30T06:00:01.157Z] [FIX] Automatic fixes completed
[2025-07-30T06:05:00.111Z] [FIX] Starting automatic fixes...
[2025-07-30T06:05:00.111Z] [FIX] Fixing BuildSystem issues...
[2025-07-30T06:05:00.112Z] [FIX] Fixing CronJobs issues...
[2025-07-30T06:05:00.112Z] [FIX] Restarting cron jobs...
[2025-07-30T06:05:00.152Z] [FIX] Fixing GitStatus issues...
[2025-07-30T06:05:00.152Z] [FIX] Committing changes...
[2025-07-30T06:05:00.395Z] [FIX] Changes committed successfully
[2025-07-30T06:05:00.395Z] [FIX] Automatic fixes completed
[2025-07-30T06:10:00.396Z] [FIX] Starting automatic fixes...
[2025-07-30T06:10:00.396Z] [FIX] Fixing BuildSystem issues...
[2025-07-30T06:10:00.397Z] [FIX] Fixing CronJobs issues...
[2025-07-30T06:10:00.397Z] [FIX] Restarting cron jobs...
[2025-07-30T06:10:00.436Z] [FIX] Fixing GitStatus issues...
[2025-07-30T06:10:00.437Z] [FIX] Committing changes...
[2025-07-30T06:10:00.465Z] [FIX] Automatic fixes completed
[2025-07-30T06:15:00.669Z] [FIX] Starting automatic fixes...
[2025-07-30T06:15:00.669Z] [FIX] Fixing BuildSystem issues...
[2025-07-30T06:15:00.669Z] [FIX] Fixing CronJobs issues...
[2025-07-30T06:15:00.669Z] [FIX] Restarting cron jobs...
[2025-07-30T06:15:00.708Z] [FIX] Fixing GitStatus issues...
[2025-07-30T06:15:00.708Z] [FIX] Committing changes...
[2025-07-30T06:15:00.823Z] [FIX] Changes committed successfully
[2025-07-30T06:15:00.824Z] [FIX] Automatic fixes completed
[2025-07-30T06:20:00.975Z] [FIX] Starting automatic fixes...
[2025-07-30T06:20:00.975Z] [FIX] Fixing BuildSystem issues...
[2025-07-30T06:20:00.975Z] [FIX] Fixing CronJobs issues...
[2025-07-30T06:20:00.976Z] [FIX] Restarting cron jobs...
[2025-07-30T06:20:01.021Z] [FIX] Fixing GitStatus issues...
[2025-07-30T06:20:01.022Z] [FIX] Committing changes...
[2025-07-30T06:20:01.164Z] [FIX] Changes committed successfully
[2025-07-30T06:20:01.165Z] [FIX] Automatic fixes completed
[2025-07-30T06:25:00.330Z] [FIX] Starting automatic fixes...
[2025-07-30T06:25:00.330Z] [FIX] Fixing BuildSystem issues...
[2025-07-30T06:25:00.330Z] [FIX] Fixing CronJobs issues...
[2025-07-30T06:25:00.330Z] [FIX] Restarting cron jobs...
[2025-07-30T06:25:00.368Z] [FIX] Fixing GitStatus issues...
[2025-07-30T06:25:00.368Z] [FIX] Committing changes...
[2025-07-30T06:25:00.398Z] [FIX] Automatic fixes completed
[2025-07-30T06:30:00.636Z] [FIX] Starting automatic fixes...
[2025-07-30T06:30:00.636Z] [FIX] Fixing BuildSystem issues...
[2025-07-30T06:30:00.636Z] [FIX] Fixing CronJobs issues...
[2025-07-30T06:30:00.636Z] [FIX] Restarting cron jobs...
[2025-07-30T06:30:00.678Z] [FIX] Fixing GitStatus issues...
[2025-07-30T06:30:00.679Z] [FIX] Committing changes...
[2025-07-30T06:30:00.821Z] [FIX] Changes committed successfully
[2025-07-30T06:30:00.822Z] [FIX] Automatic fixes completed
[2025-07-30T06:35:00.901Z] [FIX] Starting automatic fixes...
[2025-07-30T06:35:00.901Z] [FIX] Fixing BuildSystem issues...
[2025-07-30T06:35:00.901Z] [FIX] Fixing CronJobs issues...
[2025-07-30T06:35:00.902Z] [FIX] Restarting cron jobs...
[2025-07-30T06:35:00.941Z] [FIX] Fixing GitStatus issues...
[2025-07-30T06:35:00.941Z] [FIX] Committing changes...
[2025-07-30T06:35:01.062Z] [FIX] Changes committed successfully
[2025-07-30T06:35:01.063Z] [FIX] Automatic fixes completed
[2025-07-30T06:40:00.209Z] [FIX] Starting automatic fixes...
[2025-07-30T06:40:00.209Z] [FIX] Fixing BuildSystem issues...
[2025-07-30T06:40:00.209Z] [FIX] Fixing CronJobs issues...
[2025-07-30T06:40:00.210Z] [FIX] Restarting cron jobs...
[2025-07-30T06:40:00.254Z] [FIX] Fixing GitStatus issues...
[2025-07-30T06:40:00.254Z] [FIX] Committing changes...
[2025-07-30T06:40:00.283Z] [FIX] Automatic fixes completed
[2025-07-30T06:45:00.503Z] [FIX] Starting automatic fixes...
[2025-07-30T06:45:00.503Z] [FIX] Fixing BuildSystem issues...
[2025-07-30T06:45:00.503Z] [FIX] Fixing CronJobs issues...
[2025-07-30T06:45:00.503Z] [FIX] Restarting cron jobs...
[2025-07-30T06:45:00.543Z] [FIX] Fixing GitStatus issues...
[2025-07-30T06:45:00.544Z] [FIX] Committing changes...
[2025-07-30T06:45:00.657Z] [FIX] Changes committed successfully
[2025-07-30T06:45:00.658Z] [FIX] Automatic fixes completed
[2025-07-30T06:50:00.753Z] [FIX] Starting automatic fixes...
[2025-07-30T06:50:00.754Z] [FIX] Fixing BuildSystem issues...
[2025-07-30T06:50:00.754Z] [FIX] Fixing CronJobs issues...
[2025-07-30T06:50:00.754Z] [FIX] Restarting cron jobs...
[2025-07-30T06:50:00.794Z] [FIX] Fixing GitStatus issues...
[2025-07-30T06:50:00.794Z] [FIX] Committing changes...
[2025-07-30T06:50:00.947Z] [FIX] Changes committed successfully
[2025-07-30T06:50:00.947Z] [FIX] Automatic fixes completed
[2025-07-30T06:55:01.037Z] [FIX] Starting automatic fixes...
[2025-07-30T06:55:01.037Z] [FIX] Fixing BuildSystem issues...
[2025-07-30T06:55:01.037Z] [FIX] Fixing CronJobs issues...
[2025-07-30T06:55:01.037Z] [FIX] Restarting cron jobs...
[2025-07-30T06:55:01.077Z] [FIX] Fixing GitStatus issues...
[2025-07-30T06:55:01.077Z] [FIX] Committing changes...
[2025-07-30T06:55:01.196Z] [FIX] Changes committed successfully
[2025-07-30T06:55:01.197Z] [FIX] Automatic fixes completed
[2025-07-30T07:00:00.352Z] [FIX] Starting automatic fixes...
[2025-07-30T07:00:00.353Z] [FIX] Fixing BuildSystem issues...
[2025-07-30T07:00:00.353Z] [FIX] Fixing CronJobs issues...
[2025-07-30T07:00:00.353Z] [FIX] Restarting cron jobs...
[2025-07-30T07:00:00.393Z] [FIX] Fixing GitStatus issues...
[2025-07-30T07:00:00.393Z] [FIX] Committing changes...
[2025-07-30T07:00:00.423Z] [FIX] Automatic fixes completed
[2025-07-30T07:05:00.676Z] [FIX] Starting automatic fixes...
[2025-07-30T07:05:00.676Z] [FIX] Fixing BuildSystem issues...
[2025-07-30T07:05:00.676Z] [FIX] Fixing CronJobs issues...
[2025-07-30T07:05:00.677Z] [FIX] Restarting cron jobs...
[2025-07-30T07:05:00.717Z] [FIX] Fixing GitStatus issues...
[2025-07-30T07:05:00.718Z] [FIX] Committing changes...
[2025-07-30T07:05:00.901Z] [FIX] Changes committed successfully
[2025-07-30T07:05:00.902Z] [FIX] Automatic fixes completed
[2025-07-30T07:10:01.034Z] [FIX] Starting automatic fixes...
[2025-07-30T07:10:01.034Z] [FIX] Fixing BuildSystem issues...
[2025-07-30T07:10:01.034Z] [FIX] Fixing CronJobs issues...
[2025-07-30T07:10:01.034Z] [FIX] Restarting cron jobs...
[2025-07-30T07:10:01.076Z] [FIX] Fixing GitStatus issues...
[2025-07-30T07:10:01.076Z] [FIX] Committing changes...
[2025-07-30T07:10:01.274Z] [FIX] Changes committed successfully
[2025-07-30T07:10:01.275Z] [FIX] Automatic fixes completed
[2025-07-30T07:15:00.354Z] [FIX] Starting automatic fixes...
[2025-07-30T07:15:00.354Z] [FIX] Fixing BuildSystem issues...
[2025-07-30T07:15:00.355Z] [FIX] Fixing CronJobs issues...
[2025-07-30T07:15:00.355Z] [FIX] Restarting cron jobs...
[2025-07-30T07:15:00.393Z] [FIX] Fixing GitStatus issues...
[2025-07-30T07:15:00.393Z] [FIX] Committing changes...
[2025-07-30T07:15:00.422Z] [FIX] Automatic fixes completed
[2025-07-30T07:20:00.653Z] [FIX] Starting automatic fixes...
[2025-07-30T07:20:00.653Z] [FIX] Fixing BuildSystem issues...
[2025-07-30T07:20:00.653Z] [FIX] Fixing CronJobs issues...
[2025-07-30T07:20:00.654Z] [FIX] Restarting cron jobs...
[2025-07-30T07:20:00.694Z] [FIX] Fixing GitStatus issues...
[2025-07-30T07:20:00.694Z] [FIX] Committing changes...
[2025-07-30T07:20:00.841Z] [FIX] Changes committed successfully
[2025-07-30T07:20:00.842Z] [FIX] Automatic fixes completed
[2025-07-30T07:25:00.938Z] [FIX] Starting automatic fixes...
[2025-07-30T07:25:00.939Z] [FIX] Fixing BuildSystem issues...
[2025-07-30T07:25:00.939Z] [FIX] Fixing CronJobs issues...
[2025-07-30T07:25:00.939Z] [FIX] Restarting cron jobs...
[2025-07-30T07:25:00.978Z] [FIX] Fixing GitStatus issues...
[2025-07-30T07:25:00.978Z] [FIX] Committing changes...
[2025-07-30T07:25:01.097Z] [FIX] Changes committed successfully
[2025-07-30T07:25:01.097Z] [FIX] Automatic fixes completed
[2025-07-30T07:30:00.241Z] [FIX] Starting automatic fixes...
[2025-07-30T07:30:00.242Z] [FIX] Fixing BuildSystem issues...
[2025-07-30T07:30:00.242Z] [FIX] Fixing CronJobs issues...
[2025-07-30T07:30:00.242Z] [FIX] Restarting cron jobs...
[2025-07-30T07:30:00.283Z] [FIX] Fixing GitStatus issues...
[2025-07-30T07:30:00.283Z] [FIX] Committing changes...
[2025-07-30T07:30:00.313Z] [FIX] Automatic fixes completed
[2025-07-30T07:35:00.527Z] [FIX] Starting automatic fixes...
[2025-07-30T07:35:00.527Z] [FIX] Fixing BuildSystem issues...
[2025-07-30T07:35:00.527Z] [FIX] Fixing CronJobs issues...
[2025-07-30T07:35:00.527Z] [FIX] Restarting cron jobs...
[2025-07-30T07:35:00.568Z] [FIX] Fixing GitStatus issues...
[2025-07-30T07:35:00.568Z] [FIX] Committing changes...
[2025-07-30T07:35:00.688Z] [FIX] Changes committed successfully
[2025-07-30T07:35:00.688Z] [FIX] Automatic fixes completed
[2025-07-30T07:40:00.795Z] [FIX] Starting automatic fixes...
[2025-07-30T07:40:00.796Z] [FIX] Fixing BuildSystem issues...
[2025-07-30T07:40:00.796Z] [FIX] Fixing CronJobs issues...
[2025-07-30T07:40:00.796Z] [FIX] Restarting cron jobs...
[2025-07-30T07:40:00.841Z] [FIX] Fixing GitStatus issues...
[2025-07-30T07:40:00.842Z] [FIX] Committing changes...
[2025-07-30T07:40:00.995Z] [FIX] Changes committed successfully
[2025-07-30T07:40:00.995Z] [FIX] Automatic fixes completed
[2025-07-30T07:45:00.105Z] [FIX] Starting automatic fixes...
[2025-07-30T07:45:00.106Z] [FIX] Fixing BuildSystem issues...
[2025-07-30T07:45:00.106Z] [FIX] Fixing CronJobs issues...
[2025-07-30T07:45:00.106Z] [FIX] Restarting cron jobs...
[2025-07-30T07:45:00.145Z] [FIX] Fixing GitStatus issues...
[2025-07-30T07:45:00.145Z] [FIX] Committing changes...
[2025-07-30T07:45:00.174Z] [FIX] Automatic fixes completed
[2025-07-30T07:50:00.379Z] [FIX] Starting automatic fixes...
[2025-07-30T07:50:00.379Z] [FIX] Fixing BuildSystem issues...
[2025-07-30T07:50:00.379Z] [FIX] Fixing CronJobs issues...
[2025-07-30T07:50:00.380Z] [FIX] Restarting cron jobs...
[2025-07-30T07:50:00.419Z] [FIX] Fixing GitStatus issues...
[2025-07-30T07:50:00.420Z] [FIX] Committing changes...
[2025-07-30T07:50:00.572Z] [FIX] Changes committed successfully
[2025-07-30T07:50:00.572Z] [FIX] Automatic fixes completed
[2025-07-30T07:55:00.691Z] [FIX] Starting automatic fixes...
[2025-07-30T07:55:00.691Z] [FIX] Fixing BuildSystem issues...
[2025-07-30T07:55:00.691Z] [FIX] Fixing CronJobs issues...
[2025-07-30T07:55:00.691Z] [FIX] Restarting cron jobs...
[2025-07-30T07:55:00.731Z] [FIX] Fixing GitStatus issues...
[2025-07-30T07:55:00.731Z] [FIX] Committing changes...
[2025-07-30T07:55:00.859Z] [FIX] Changes committed successfully
[2025-07-30T07:55:00.859Z] [FIX] Automatic fixes completed
[2025-07-30T08:00:00.984Z] [FIX] Starting automatic fixes...
[2025-07-30T08:00:00.985Z] [FIX] Fixing BuildSystem issues...
[2025-07-30T08:00:00.987Z] [FIX] Fixing CronJobs issues...
[2025-07-30T08:00:00.987Z] [FIX] Restarting cron jobs...
[2025-07-30T08:00:01.062Z] [FIX] Fixing GitStatus issues...
[2025-07-30T08:00:01.062Z] [FIX] Committing changes...
[2025-07-30T08:00:01.320Z] [FIX] Changes committed successfully
[2025-07-30T08:00:01.320Z] [FIX] Automatic fixes completed
[2025-07-30T08:05:00.322Z] [FIX] Starting automatic fixes...
[2025-07-30T08:05:00.322Z] [FIX] Fixing BuildSystem issues...
[2025-07-30T08:05:00.322Z] [FIX] Fixing CronJobs issues...
[2025-07-30T08:05:00.322Z] [FIX] Restarting cron jobs...
[2025-07-30T08:05:00.362Z] [FIX] Fixing GitStatus issues...
[2025-07-30T08:05:00.362Z] [FIX] Committing changes...
[2025-07-30T08:05:00.479Z] [FIX] Changes committed successfully
[2025-07-30T08:05:00.479Z] [FIX] Automatic fixes completed
[2025-07-30T08:10:00.693Z] [FIX] Starting automatic fixes...
[2025-07-30T08:10:00.693Z] [FIX] Fixing BuildSystem issues...
[2025-07-30T08:10:00.693Z] [FIX] Fixing CronJobs issues...
[2025-07-30T08:10:00.694Z] [FIX] Restarting cron jobs...
[2025-07-30T08:10:00.734Z] [FIX] Fixing GitStatus issues...
[2025-07-30T08:10:00.734Z] [FIX] Committing changes...
[2025-07-30T08:10:00.905Z] [FIX] Changes committed successfully
[2025-07-30T08:10:00.905Z] [FIX] Automatic fixes completed
[2025-07-30T08:15:00.976Z] [FIX] Starting automatic fixes...
[2025-07-30T08:15:00.976Z] [FIX] Fixing BuildSystem issues...
[2025-07-30T08:15:00.976Z] [FIX] Fixing CronJobs issues...
[2025-07-30T08:15:00.977Z] [FIX] Restarting cron jobs...
[2025-07-30T08:15:01.019Z] [FIX] Fixing GitStatus issues...
[2025-07-30T08:15:01.019Z] [FIX] Committing changes...
[2025-07-30T08:15:01.143Z] [FIX] Changes committed successfully
[2025-07-30T08:15:01.144Z] [FIX] Automatic fixes completed
[2025-07-30T08:20:00.268Z] [FIX] Starting automatic fixes...
[2025-07-30T08:20:00.268Z] [FIX] Fixing BuildSystem issues...
[2025-07-30T08:20:00.269Z] [FIX] Fixing CronJobs issues...
[2025-07-30T08:20:00.269Z] [FIX] Restarting cron jobs...
[2025-07-30T08:20:00.309Z] [FIX] Fixing GitStatus issues...
[2025-07-30T08:20:00.310Z] [FIX] Committing changes...
[2025-07-30T08:20:00.426Z] [FIX] Changes committed successfully
[2025-07-30T08:20:00.426Z] [FIX] Automatic fixes completed
[2025-07-30T08:25:00.570Z] [FIX] Starting automatic fixes...
[2025-07-30T08:25:00.570Z] [FIX] Fixing BuildSystem issues...
[2025-07-30T08:25:00.570Z] [FIX] Fixing CronJobs issues...
[2025-07-30T08:25:00.570Z] [FIX] Restarting cron jobs...
[2025-07-30T08:25:00.610Z] [FIX] Fixing GitStatus issues...
[2025-07-30T08:25:00.611Z] [FIX] Committing changes...
[2025-07-30T08:25:00.796Z] [FIX] Changes committed successfully
[2025-07-30T08:25:00.796Z] [FIX] Automatic fixes completed
[2025-07-30T08:30:00.862Z] [FIX] Starting automatic fixes...
[2025-07-30T08:30:00.863Z] [FIX] Fixing BuildSystem issues...
[2025-07-30T08:30:00.863Z] [FIX] Fixing CronJobs issues...
[2025-07-30T08:30:00.863Z] [FIX] Restarting cron jobs...
[2025-07-30T08:30:00.902Z] [FIX] Fixing GitStatus issues...
[2025-07-30T08:30:00.902Z] [FIX] Committing changes...
[2025-07-30T08:30:01.050Z] [FIX] Changes committed successfully
[2025-07-30T08:30:01.050Z] [FIX] Automatic fixes completed
[2025-07-30T08:35:00.081Z] [FIX] Starting automatic fixes...
[2025-07-30T08:35:00.081Z] [FIX] Fixing BuildSystem issues...
[2025-07-30T08:35:00.081Z] [FIX] Fixing CronJobs issues...
[2025-07-30T08:35:00.081Z] [FIX] Restarting cron jobs...
[2025-07-30T08:35:00.121Z] [FIX] Fixing GitStatus issues...
[2025-07-30T08:35:00.121Z] [FIX] Committing changes...
[2025-07-30T08:35:00.245Z] [FIX] Changes committed successfully
[2025-07-30T08:35:00.245Z] [FIX] Automatic fixes completed
[2025-07-30T08:40:00.349Z] [FIX] Starting automatic fixes...
[2025-07-30T08:40:00.350Z] [FIX] Fixing BuildSystem issues...
[2025-07-30T08:40:00.350Z] [FIX] Fixing CronJobs issues...
[2025-07-30T08:40:00.350Z] [FIX] Restarting cron jobs...
[2025-07-30T08:40:00.390Z] [FIX] Fixing GitStatus issues...
[2025-07-30T08:40:00.390Z] [FIX] Committing changes...
[2025-07-30T08:40:00.558Z] [FIX] Changes committed successfully
[2025-07-30T08:40:00.558Z] [FIX] Automatic fixes completed
[2025-07-30T08:45:00.583Z] [FIX] Starting automatic fixes...
[2025-07-30T08:45:00.584Z] [FIX] Fixing BuildSystem issues...
[2025-07-30T08:45:00.584Z] [FIX] Fixing CronJobs issues...
[2025-07-30T08:45:00.584Z] [FIX] Restarting cron jobs...
[2025-07-30T08:45:00.626Z] [FIX] Fixing GitStatus issues...
[2025-07-30T08:45:00.626Z] [FIX] Committing changes...
[2025-07-30T08:45:00.753Z] [FIX] Changes committed successfully
[2025-07-30T08:45:00.754Z] [FIX] Automatic fixes completed
[2025-07-30T08:50:01.018Z] [FIX] Starting automatic fixes...
[2025-07-30T08:50:01.018Z] [FIX] Fixing BuildSystem issues...
[2025-07-30T08:50:01.019Z] [FIX] Fixing CronJobs issues...
[2025-07-30T08:50:01.019Z] [FIX] Restarting cron jobs...
[2025-07-30T08:50:01.059Z] [FIX] Fixing GitStatus issues...
[2025-07-30T08:50:01.059Z] [FIX] Committing changes...
[2025-07-30T08:50:01.211Z] [FIX] Changes committed successfully
[2025-07-30T08:50:01.212Z] [FIX] Automatic fixes completed
[2025-07-30T08:55:00.319Z] [FIX] Starting automatic fixes...
[2025-07-30T08:55:00.319Z] [FIX] Fixing BuildSystem issues...
[2025-07-30T08:55:00.319Z] [FIX] Fixing CronJobs issues...
[2025-07-30T08:55:00.319Z] [FIX] Restarting cron jobs...
[2025-07-30T08:55:00.358Z] [FIX] Fixing GitStatus issues...
[2025-07-30T08:55:00.359Z] [FIX] Committing changes...
[2025-07-30T08:55:00.487Z] [FIX] Changes committed successfully
[2025-07-30T08:55:00.487Z] [FIX] Automatic fixes completed
[2025-07-30T09:00:00.697Z] [FIX] Starting automatic fixes...
[2025-07-30T09:00:00.697Z] [FIX] Fixing BuildSystem issues...
[2025-07-30T09:00:00.697Z] [FIX] Fixing CronJobs issues...
[2025-07-30T09:00:00.697Z] [FIX] Restarting cron jobs...
[2025-07-30T09:00:00.757Z] [FIX] Fixing GitStatus issues...
[2025-07-30T09:00:00.757Z] [FIX] Committing changes...
[2025-07-30T09:00:01.025Z] [FIX] Changes committed successfully
[2025-07-30T09:00:01.026Z] [FIX] Automatic fixes completed
[2025-07-30T09:05:00.081Z] [FIX] Starting automatic fixes...
[2025-07-30T09:05:00.081Z] [FIX] Fixing BuildSystem issues...
[2025-07-30T09:05:00.081Z] [FIX] Fixing CronJobs issues...
[2025-07-30T09:05:00.081Z] [FIX] Restarting cron jobs...
[2025-07-30T09:05:00.122Z] [FIX] Fixing GitStatus issues...
[2025-07-30T09:05:00.122Z] [FIX] Committing changes...
[2025-07-30T09:05:00.152Z] [FIX] Automatic fixes completed
[2025-07-30T09:10:00.407Z] [FIX] Starting automatic fixes...
[2025-07-30T09:10:00.407Z] [FIX] Fixing BuildSystem issues...
[2025-07-30T09:10:00.408Z] [FIX] Fixing CronJobs issues...
[2025-07-30T09:10:00.408Z] [FIX] Restarting cron jobs...
[2025-07-30T09:10:00.450Z] [FIX] Fixing GitStatus issues...
[2025-07-30T09:10:00.450Z] [FIX] Committing changes...
[2025-07-30T09:10:00.575Z] [FIX] Changes committed successfully
[2025-07-30T09:10:00.575Z] [FIX] Automatic fixes completed
[2025-07-30T09:15:00.704Z] [FIX] Starting automatic fixes...
[2025-07-30T09:15:00.705Z] [FIX] Fixing BuildSystem issues...
[2025-07-30T09:15:00.705Z] [FIX] Fixing CronJobs issues...
[2025-07-30T09:15:00.705Z] [FIX] Restarting cron jobs...
[2025-07-30T09:15:00.745Z] [FIX] Fixing GitStatus issues...
[2025-07-30T09:15:00.745Z] [FIX] Committing changes...
[2025-07-30T09:15:00.875Z] [FIX] Changes committed successfully
[2025-07-30T09:15:00.875Z] [FIX] Automatic fixes completed
[2025-07-30T09:20:01.002Z] [FIX] Starting automatic fixes...
[2025-07-30T09:20:01.003Z] [FIX] Fixing BuildSystem issues...
[2025-07-30T09:20:01.003Z] [FIX] Fixing CronJobs issues...
[2025-07-30T09:20:01.003Z] [FIX] Restarting cron jobs...
[2025-07-30T09:20:01.044Z] [FIX] Fixing GitStatus issues...
[2025-07-30T09:20:01.044Z] [FIX] Committing changes...
[2025-07-30T09:20:01.202Z] [FIX] Changes committed successfully
[2025-07-30T09:20:01.202Z] [FIX] Automatic fixes completed
[2025-07-30T09:25:00.294Z] [FIX] Starting automatic fixes...
[2025-07-30T09:25:00.294Z] [FIX] Fixing BuildSystem issues...
[2025-07-30T09:25:00.295Z] [FIX] Fixing CronJobs issues...
[2025-07-30T09:25:00.295Z] [FIX] Restarting cron jobs...
[2025-07-30T09:25:00.333Z] [FIX] Fixing GitStatus issues...
[2025-07-30T09:25:00.333Z] [FIX] Committing changes...
[2025-07-30T09:25:00.618Z] [FIX] Changes committed successfully
[2025-07-30T09:25:00.619Z] [FIX] Automatic fixes completed
[2025-07-30T09:30:00.596Z] [FIX] Starting automatic fixes...
[2025-07-30T09:30:00.597Z] [FIX] Fixing BuildSystem issues...
[2025-07-30T09:30:00.597Z] [FIX] Fixing CronJobs issues...
[2025-07-30T09:30:00.597Z] [FIX] Restarting cron jobs...
[2025-07-30T09:30:00.636Z] [FIX] Fixing GitStatus issues...
[2025-07-30T09:30:00.636Z] [FIX] Committing changes...
[2025-07-30T09:30:00.798Z] [FIX] Changes committed successfully
[2025-07-30T09:30:00.798Z] [FIX] Automatic fixes completed
[2025-07-30T09:35:00.897Z] [FIX] Starting automatic fixes...
[2025-07-30T09:35:00.897Z] [FIX] Fixing BuildSystem issues...
[2025-07-30T09:35:00.898Z] [FIX] Fixing CronJobs issues...
[2025-07-30T09:35:00.898Z] [FIX] Restarting cron jobs...
[2025-07-30T09:35:00.936Z] [FIX] Fixing GitStatus issues...
[2025-07-30T09:35:00.936Z] [FIX] Committing changes...
[2025-07-30T09:35:01.072Z] [FIX] Changes committed successfully
[2025-07-30T09:35:01.072Z] [FIX] Automatic fixes completed
[2025-07-30T09:40:00.243Z] [FIX] Starting automatic fixes...
[2025-07-30T09:40:00.244Z] [FIX] Fixing BuildSystem issues...
[2025-07-30T09:40:00.244Z] [FIX] Fixing CronJobs issues...
[2025-07-30T09:40:00.244Z] [FIX] Restarting cron jobs...
[2025-07-30T09:40:00.284Z] [FIX] Fixing GitStatus issues...
[2025-07-30T09:40:00.285Z] [FIX] Committing changes...
[2025-07-30T09:40:00.447Z] [FIX] Changes committed successfully
[2025-07-30T09:40:00.448Z] [FIX] Automatic fixes completed
[2025-07-30T09:45:00.571Z] [FIX] Starting automatic fixes...
[2025-07-30T09:45:00.572Z] [FIX] Fixing BuildSystem issues...
[2025-07-30T09:45:00.572Z] [FIX] Fixing CronJobs issues...
[2025-07-30T09:45:00.572Z] [FIX] Restarting cron jobs...
[2025-07-30T09:45:00.615Z] [FIX] Fixing GitStatus issues...
[2025-07-30T09:45:00.616Z] [FIX] Committing changes...
[2025-07-30T09:45:00.743Z] [FIX] Changes committed successfully
[2025-07-30T09:45:00.744Z] [FIX] Automatic fixes completed
[2025-07-30T09:50:00.852Z] [FIX] Starting automatic fixes...
[2025-07-30T09:50:00.852Z] [FIX] Fixing BuildSystem issues...
[2025-07-30T09:50:00.852Z] [FIX] Fixing CronJobs issues...
[2025-07-30T09:50:00.853Z] [FIX] Restarting cron jobs...
[2025-07-30T09:50:00.893Z] [FIX] Fixing GitStatus issues...
[2025-07-30T09:50:00.893Z] [FIX] Committing changes...
[2025-07-30T09:50:01.070Z] [FIX] Changes committed successfully
[2025-07-30T09:50:01.070Z] [FIX] Automatic fixes completed
[2025-07-30T09:55:00.131Z] [FIX] Starting automatic fixes...
[2025-07-30T09:55:00.131Z] [FIX] Fixing BuildSystem issues...
[2025-07-30T09:55:00.131Z] [FIX] Fixing CronJobs issues...
[2025-07-30T09:55:00.132Z] [FIX] Restarting cron jobs...
[2025-07-30T09:55:00.171Z] [FIX] Fixing GitStatus issues...
[2025-07-30T09:55:00.171Z] [FIX] Committing changes...
[2025-07-30T09:55:00.201Z] [FIX] Automatic fixes completed
[2025-07-30T10:00:00.450Z] [FIX] Starting automatic fixes...
[2025-07-30T10:00:00.451Z] [FIX] Fixing BuildSystem issues...
[2025-07-30T10:00:00.451Z] [FIX] Fixing CronJobs issues...
[2025-07-30T10:00:00.451Z] [FIX] Restarting cron jobs...
[2025-07-30T10:00:00.500Z] [FIX] Fixing GitStatus issues...
[2025-07-30T10:00:00.500Z] [FIX] Committing changes...
[2025-07-30T10:00:00.719Z] [FIX] Changes committed successfully
[2025-07-30T10:00:00.720Z] [FIX] Automatic fixes completed
[2025-07-30T10:05:00.793Z] [FIX] Starting automatic fixes...
[2025-07-30T10:05:00.794Z] [FIX] Fixing BuildSystem issues...
[2025-07-30T10:05:00.794Z] [FIX] Fixing CronJobs issues...
[2025-07-30T10:05:00.794Z] [FIX] Restarting cron jobs...
[2025-07-30T10:05:00.832Z] [FIX] Fixing GitStatus issues...
[2025-07-30T10:05:00.832Z] [FIX] Committing changes...
[2025-07-30T10:05:01.137Z] [FIX] Changes committed successfully
[2025-07-30T10:05:01.137Z] [FIX] Automatic fixes completed
[2025-07-30T10:10:00.095Z] [FIX] Starting automatic fixes...
[2025-07-30T10:10:00.096Z] [FIX] Fixing BuildSystem issues...
[2025-07-30T10:10:00.096Z] [FIX] Fixing CronJobs issues...
[2025-07-30T10:10:00.096Z] [FIX] Restarting cron jobs...
[2025-07-30T10:10:00.136Z] [FIX] Fixing GitStatus issues...
[2025-07-30T10:10:00.136Z] [FIX] Committing changes...
[2025-07-30T10:10:00.257Z] [FIX] Changes committed successfully
[2025-07-30T10:10:00.257Z] [FIX] Automatic fixes completed
[2025-07-30T10:15:00.381Z] [FIX] Starting automatic fixes...
[2025-07-30T10:15:00.381Z] [FIX] Fixing BuildSystem issues...
[2025-07-30T10:15:00.381Z] [FIX] Fixing CronJobs issues...
[2025-07-30T10:15:00.381Z] [FIX] Restarting cron jobs...
[2025-07-30T10:15:00.419Z] [FIX] Fixing GitStatus issues...
[2025-07-30T10:15:00.419Z] [FIX] Committing changes...
[2025-07-30T10:15:00.540Z] [FIX] Changes committed successfully
[2025-07-30T10:15:00.541Z] [FIX] Automatic fixes completed
[2025-07-30T10:20:00.649Z] [FIX] Starting automatic fixes...
[2025-07-30T10:20:00.649Z] [FIX] Fixing BuildSystem issues...
[2025-07-30T10:20:00.649Z] [FIX] Fixing CronJobs issues...
[2025-07-30T10:20:00.649Z] [FIX] Restarting cron jobs...
[2025-07-30T10:20:00.691Z] [FIX] Fixing GitStatus issues...
[2025-07-30T10:20:00.691Z] [FIX] Committing changes...
[2025-07-30T10:20:00.856Z] [FIX] Changes committed successfully
[2025-07-30T10:20:00.857Z] [FIX] Automatic fixes completed
[2025-07-30T10:25:00.997Z] [FIX] Starting automatic fixes...
[2025-07-30T10:25:00.998Z] [FIX] Fixing BuildSystem issues...
[2025-07-30T10:25:00.998Z] [FIX] Fixing CronJobs issues...
[2025-07-30T10:25:00.998Z] [FIX] Restarting cron jobs...
[2025-07-30T10:25:01.041Z] [FIX] Fixing GitStatus issues...
[2025-07-30T10:25:01.041Z] [FIX] Committing changes...
[2025-07-30T10:25:01.072Z] [FIX] Automatic fixes completed
[2025-07-30T10:30:00.256Z] [FIX] Starting automatic fixes...
[2025-07-30T10:30:00.257Z] [FIX] Fixing BuildSystem issues...
[2025-07-30T10:30:00.257Z] [FIX] Fixing CronJobs issues...
[2025-07-30T10:30:00.257Z] [FIX] Restarting cron jobs...
[2025-07-30T10:30:00.300Z] [FIX] Fixing GitStatus issues...
[2025-07-30T10:30:00.300Z] [FIX] Committing changes...
[2025-07-30T10:30:00.461Z] [FIX] Changes committed successfully
[2025-07-30T10:30:00.461Z] [FIX] Automatic fixes completed
[2025-07-30T10:35:00.557Z] [FIX] Starting automatic fixes...
[2025-07-30T10:35:00.557Z] [FIX] Fixing BuildSystem issues...
[2025-07-30T10:35:00.557Z] [FIX] Fixing CronJobs issues...
[2025-07-30T10:35:00.558Z] [FIX] Restarting cron jobs...
[2025-07-30T10:35:00.595Z] [FIX] Fixing GitStatus issues...
[2025-07-30T10:35:00.595Z] [FIX] Committing changes...
[2025-07-30T10:35:00.726Z] [FIX] Changes committed successfully
[2025-07-30T10:35:00.726Z] [FIX] Automatic fixes completed
[2025-07-30T10:40:00.834Z] [FIX] Starting automatic fixes...
[2025-07-30T10:40:00.835Z] [FIX] Fixing BuildSystem issues...
[2025-07-30T10:40:00.835Z] [FIX] Fixing CronJobs issues...
[2025-07-30T10:40:00.835Z] [FIX] Restarting cron jobs...
[2025-07-30T10:40:00.875Z] [FIX] Fixing GitStatus issues...
[2025-07-30T10:40:00.875Z] [FIX] Committing changes...
[2025-07-30T10:40:01.051Z] [FIX] Changes committed successfully
[2025-07-30T10:40:01.052Z] [FIX] Automatic fixes completed
[2025-07-30T10:45:00.152Z] [FIX] Starting automatic fixes...
[2025-07-30T10:45:00.152Z] [FIX] Fixing BuildSystem issues...
[2025-07-30T10:45:00.152Z] [FIX] Fixing CronJobs issues...
[2025-07-30T10:45:00.153Z] [FIX] Restarting cron jobs...
[2025-07-30T10:45:00.191Z] [FIX] Fixing GitStatus issues...
[2025-07-30T10:45:00.192Z] [FIX] Committing changes...
[2025-07-30T10:45:00.321Z] [FIX] Changes committed successfully
[2025-07-30T10:45:00.321Z] [FIX] Automatic fixes completed
[2025-07-30T10:50:00.456Z] [FIX] Starting automatic fixes...
[2025-07-30T10:50:00.456Z] [FIX] Fixing BuildSystem issues...
[2025-07-30T10:50:00.456Z] [FIX] Fixing CronJobs issues...
[2025-07-30T10:50:00.457Z] [FIX] Restarting cron jobs...
[2025-07-30T10:50:00.498Z] [FIX] Fixing GitStatus issues...
[2025-07-30T10:50:00.499Z] [FIX] Committing changes...
[2025-07-30T10:50:00.664Z] [FIX] Changes committed successfully
[2025-07-30T10:50:00.665Z] [FIX] Automatic fixes completed
[2025-07-30T10:55:00.783Z] [FIX] Starting automatic fixes...
[2025-07-30T10:55:00.783Z] [FIX] Fixing BuildSystem issues...
[2025-07-30T10:55:00.783Z] [FIX] Fixing CronJobs issues...
[2025-07-30T10:55:00.783Z] [FIX] Restarting cron jobs...
[2025-07-30T10:55:00.821Z] [FIX] Fixing GitStatus issues...
[2025-07-30T10:55:00.822Z] [FIX] Committing changes...
[2025-07-30T10:55:01.041Z] [FIX] Changes committed successfully
[2025-07-30T10:55:01.041Z] [FIX] Automatic fixes completed
[2025-07-30T11:00:00.096Z] [FIX] Starting automatic fixes...
[2025-07-30T11:00:00.096Z] [FIX] Fixing BuildSystem issues...
[2025-07-30T11:00:00.097Z] [FIX] Fixing CronJobs issues...
[2025-07-30T11:00:00.097Z] [FIX] Restarting cron jobs...
[2025-07-30T11:00:00.138Z] [FIX] Fixing GitStatus issues...
[2025-07-30T11:00:00.138Z] [FIX] Committing changes...
[2025-07-30T11:00:00.278Z] [FIX] Changes committed successfully
[2025-07-30T11:00:00.279Z] [FIX] Automatic fixes completed
[2025-07-30T11:05:00.429Z] [FIX] Starting automatic fixes...
[2025-07-30T11:05:00.430Z] [FIX] Fixing BuildSystem issues...
[2025-07-30T11:05:00.430Z] [FIX] Fixing CronJobs issues...
[2025-07-30T11:05:00.430Z] [FIX] Restarting cron jobs...
[2025-07-30T11:05:00.469Z] [FIX] Fixing GitStatus issues...
[2025-07-30T11:05:00.469Z] [FIX] Committing changes...
[2025-07-30T11:05:00.695Z] [FIX] Changes committed successfully
[2025-07-30T11:05:00.696Z] [FIX] Automatic fixes completed
[2025-07-30T11:10:00.715Z] [FIX] Starting automatic fixes...
[2025-07-30T11:10:00.716Z] [FIX] Fixing BuildSystem issues...
[2025-07-30T11:10:00.716Z] [FIX] Fixing CronJobs issues...
[2025-07-30T11:10:00.716Z] [FIX] Restarting cron jobs...
[2025-07-30T11:10:00.757Z] [FIX] Fixing GitStatus issues...
[2025-07-30T11:10:00.757Z] [FIX] Committing changes...
[2025-07-30T11:10:00.934Z] [FIX] Changes committed successfully
[2025-07-30T11:10:00.934Z] [FIX] Automatic fixes completed
[2025-07-30T11:15:00.994Z] [FIX] Starting automatic fixes...
[2025-07-30T11:15:00.994Z] [FIX] Fixing BuildSystem issues...
[2025-07-30T11:15:00.994Z] [FIX] Fixing CronJobs issues...
[2025-07-30T11:15:00.994Z] [FIX] Restarting cron jobs...
[2025-07-30T11:15:01.034Z] [FIX] Fixing GitStatus issues...
[2025-07-30T11:15:01.034Z] [FIX] Committing changes...
[2025-07-30T11:15:01.241Z] [FIX] Changes committed successfully
[2025-07-30T11:15:01.241Z] [FIX] Automatic fixes completed
[2025-07-30T11:20:00.262Z] [FIX] Starting automatic fixes...
[2025-07-30T11:20:00.263Z] [FIX] Fixing BuildSystem issues...
[2025-07-30T11:20:00.263Z] [FIX] Fixing CronJobs issues...
[2025-07-30T11:20:00.263Z] [FIX] Restarting cron jobs...
[2025-07-30T11:20:00.302Z] [FIX] Fixing GitStatus issues...
[2025-07-30T11:20:00.302Z] [FIX] Committing changes...
[2025-07-30T11:20:00.428Z] [FIX] Changes committed successfully
[2025-07-30T11:20:00.428Z] [FIX] Automatic fixes completed
[2025-07-30T11:25:00.552Z] [FIX] Starting automatic fixes...
[2025-07-30T11:25:00.552Z] [FIX] Fixing BuildSystem issues...
[2025-07-30T11:25:00.552Z] [FIX] Fixing CronJobs issues...
[2025-07-30T11:25:00.552Z] [FIX] Restarting cron jobs...
[2025-07-30T11:25:00.594Z] [FIX] Fixing GitStatus issues...
[2025-07-30T11:25:00.594Z] [FIX] Committing changes...
[2025-07-30T11:25:00.797Z] [FIX] Changes committed successfully
[2025-07-30T11:25:00.798Z] [FIX] Automatic fixes completed
[2025-07-30T11:30:00.841Z] [FIX] Starting automatic fixes...
[2025-07-30T11:30:00.841Z] [FIX] Fixing BuildSystem issues...
[2025-07-30T11:30:00.842Z] [FIX] Fixing CronJobs issues...
[2025-07-30T11:30:00.842Z] [FIX] Restarting cron jobs...
[2025-07-30T11:30:00.881Z] [FIX] Fixing GitStatus issues...
[2025-07-30T11:30:00.882Z] [FIX] Committing changes...
[2025-07-30T11:30:01.061Z] [FIX] Changes committed successfully
[2025-07-30T11:30:01.061Z] [FIX] Automatic fixes completed
[2025-07-30T11:35:00.127Z] [FIX] Starting automatic fixes...
[2025-07-30T11:35:00.128Z] [FIX] Fixing BuildSystem issues...
[2025-07-30T11:35:00.128Z] [FIX] Fixing CronJobs issues...
[2025-07-30T11:35:00.128Z] [FIX] Restarting cron jobs...
[2025-07-30T11:35:00.169Z] [FIX] Fixing GitStatus issues...
[2025-07-30T11:35:00.169Z] [FIX] Committing changes...
[2025-07-30T11:35:00.326Z] [FIX] Changes committed successfully
[2025-07-30T11:35:00.326Z] [FIX] Automatic fixes completed
[2025-07-30T11:40:00.273Z] [FIX] Starting automatic fixes...
[2025-07-30T11:40:00.273Z] [FIX] Fixing BuildSystem issues...
[2025-07-30T11:40:00.273Z] [FIX] Fixing CronJobs issues...
[2025-07-30T11:40:00.273Z] [FIX] Restarting cron jobs...
[2025-07-30T11:40:00.318Z] [FIX] Fixing GitStatus issues...
[2025-07-30T11:40:00.318Z] [FIX] Committing changes...
[2025-07-30T11:40:00.456Z] [FIX] Changes committed successfully
[2025-07-30T11:40:00.457Z] [FIX] Automatic fixes completed
[2025-07-30T11:45:00.552Z] [FIX] Starting automatic fixes...
[2025-07-30T11:45:00.553Z] [FIX] Fixing BuildSystem issues...
[2025-07-30T11:45:00.553Z] [FIX] Fixing CronJobs issues...
[2025-07-30T11:45:00.553Z] [FIX] Restarting cron jobs...
[2025-07-30T11:45:00.592Z] [FIX] Fixing GitStatus issues...
[2025-07-30T11:45:00.592Z] [FIX] Committing changes...
[2025-07-30T11:45:00.802Z] [FIX] Changes committed successfully
[2025-07-30T11:45:00.802Z] [FIX] Automatic fixes completed
[2025-07-30T11:50:00.819Z] [FIX] Starting automatic fixes...
[2025-07-30T11:50:00.819Z] [FIX] Fixing BuildSystem issues...
[2025-07-30T11:50:00.820Z] [FIX] Fixing CronJobs issues...
[2025-07-30T11:50:00.820Z] [FIX] Restarting cron jobs...
[2025-07-30T11:50:00.857Z] [FIX] Fixing GitStatus issues...
[2025-07-30T11:50:00.858Z] [FIX] Committing changes...
[2025-07-30T11:50:01.021Z] [FIX] Changes committed successfully
[2025-07-30T11:50:01.022Z] [FIX] Automatic fixes completed
[2025-07-30T11:55:00.226Z] [FIX] Starting automatic fixes...
[2025-07-30T11:55:00.226Z] [FIX] Fixing BuildSystem issues...
[2025-07-30T11:55:00.226Z] [FIX] Fixing CronJobs issues...
[2025-07-30T11:55:00.226Z] [FIX] Restarting cron jobs...
[2025-07-30T11:55:00.266Z] [FIX] Fixing GitStatus issues...
[2025-07-30T11:55:00.266Z] [FIX] Committing changes...
[2025-07-30T11:55:00.392Z] [FIX] Changes committed successfully
[2025-07-30T11:55:00.392Z] [FIX] Automatic fixes completed
[2025-07-30T12:00:00.482Z] [FIX] Starting automatic fixes...
[2025-07-30T12:00:00.482Z] [FIX] Fixing BuildSystem issues...
[2025-07-30T12:00:00.482Z] [FIX] Fixing CronJobs issues...
[2025-07-30T12:00:00.482Z] [FIX] Restarting cron jobs...
[2025-07-30T12:00:00.532Z] [FIX] Fixing GitStatus issues...
[2025-07-30T12:00:00.532Z] [FIX] Committing changes...
[2025-07-30T12:00:00.775Z] [FIX] Changes committed successfully
[2025-07-30T12:00:00.775Z] [FIX] Automatic fixes completed
[2025-07-30T12:05:00.820Z] [FIX] Starting automatic fixes...
[2025-07-30T12:05:00.821Z] [FIX] Fixing BuildSystem issues...
[2025-07-30T12:05:00.821Z] [FIX] Fixing CronJobs issues...
[2025-07-30T12:05:00.821Z] [FIX] Restarting cron jobs...
[2025-07-30T12:05:00.861Z] [FIX] Fixing GitStatus issues...
[2025-07-30T12:05:00.862Z] [FIX] Committing changes...
[2025-07-30T12:05:01.002Z] [FIX] Changes committed successfully
[2025-07-30T12:05:01.002Z] [FIX] Automatic fixes completed
[2025-07-30T12:10:00.080Z] [FIX] Starting automatic fixes...
[2025-07-30T12:10:00.081Z] [FIX] Fixing BuildSystem issues...
[2025-07-30T12:10:00.081Z] [FIX] Fixing CronJobs issues...
[2025-07-30T12:10:00.081Z] [FIX] Restarting cron jobs...
[2025-07-30T12:10:00.122Z] [FIX] Fixing GitStatus issues...
[2025-07-30T12:10:00.122Z] [FIX] Committing changes...
[2025-07-30T12:10:00.291Z] [FIX] Changes committed successfully
[2025-07-30T12:10:00.291Z] [FIX] Automatic fixes completed
[2025-07-30T12:15:00.387Z] [FIX] Starting automatic fixes...
[2025-07-30T12:15:00.387Z] [FIX] Fixing BuildSystem issues...
[2025-07-30T12:15:00.387Z] [FIX] Fixing CronJobs issues...
[2025-07-30T12:15:00.387Z] [FIX] Restarting cron jobs...
[2025-07-30T12:15:00.425Z] [FIX] Fixing GitStatus issues...
[2025-07-30T12:15:00.425Z] [FIX] Committing changes...
[2025-07-30T12:15:00.563Z] [FIX] Changes committed successfully
[2025-07-30T12:15:00.564Z] [FIX] Automatic fixes completed
[2025-07-30T12:20:00.728Z] [FIX] Starting automatic fixes...
[2025-07-30T12:20:00.728Z] [FIX] Fixing BuildSystem issues...
[2025-07-30T12:20:00.729Z] [FIX] Fixing CronJobs issues...
[2025-07-30T12:20:00.729Z] [FIX] Restarting cron jobs...
[2025-07-30T12:20:00.809Z] [FIX] Fixing GitStatus issues...
[2025-07-30T12:20:00.809Z] [FIX] Committing changes...
[2025-07-30T12:20:01.172Z] [FIX] Changes committed successfully
[2025-07-30T12:20:01.172Z] [FIX] Automatic fixes completed
[2025-07-30T12:25:04.601Z] [FIX] Starting automatic fixes...
[2025-07-30T12:25:04.621Z] [FIX] Fixing BuildSystem issues...
[2025-07-30T12:25:04.622Z] [FIX] Fixing CronJobs issues...
[2025-07-30T12:25:04.622Z] [FIX] Restarting cron jobs...
[2025-07-30T12:25:05.600Z] [FIX] Fixing GitStatus issues...
[2025-07-30T12:25:05.601Z] [FIX] Committing changes...
[2025-07-30T12:25:29.113Z] [FIX] Changes committed successfully
[2025-07-30T12:25:29.113Z] [FIX] Automatic fixes completed
[2025-07-30T12:25:29.114Z] [FIX] Starting cron jobs...
[2025-07-30T12:25:29.120Z] [FIX] Started cron manager with PID: 40044
[2025-07-30T12:30:00.607Z] [FIX] Starting automatic fixes...
[2025-07-30T12:30:00.607Z] [FIX] Fixing BuildSystem issues...
[2025-07-30T12:30:00.607Z] [FIX] Fixing CronJobs issues...
[2025-07-30T12:30:00.608Z] [FIX] Restarting cron jobs...
[2025-07-30T12:30:00.676Z] [FIX] Fixing GitStatus issues...
[2025-07-30T12:30:00.677Z] [FIX] Committing changes...
[2025-07-30T12:30:00.730Z] [FIX] Automatic fixes completed
[2025-07-30T12:30:01.677Z] [FIX] Starting cron jobs...
[2025-07-30T12:30:01.680Z] [FIX] Started cron manager with PID: 52540
[2025-07-30T12:35:01.280Z] [FIX] Starting automatic fixes...
[2025-07-30T12:35:01.280Z] [FIX] Fixing FileSystem issues...
[2025-07-30T12:35:01.281Z] [FIX] Creating missing file: automation/comprehensive-logging-system.js
[2025-07-30T12:35:01.281Z] [FIX] Created file: automation/comprehensive-logging-system.js
[2025-07-30T12:35:01.281Z] [FIX] Fixing BuildSystem issues...
[2025-07-30T12:35:01.282Z] [FIX] Fixing AutomationScripts issues...
[2025-07-30T12:35:01.282Z] [FIX] Creating missing script: comprehensive-logging-system.js
[2025-07-30T12:35:01.282Z] [FIX] Created script: comprehensive-logging-system.js
[2025-07-30T12:35:01.282Z] [FIX] Creating missing script: auto-fix-script.js
[2025-07-30T12:35:01.283Z] [FIX] Created script: auto-fix-script.js
[2025-07-30T12:35:01.283Z] [FIX] Creating missing script: error-detector-fixer.cjs
[2025-07-30T12:35:01.284Z] [FIX] Created script: error-detector-fixer.cjs
[2025-07-30T12:35:01.284Z] [FIX] Fixing CronJobs issues...
[2025-07-30T12:35:01.284Z] [FIX] Restarting cron jobs...
[2025-07-30T12:35:01.434Z] [FIX] Fixing GitStatus issues...
[2025-07-30T12:35:01.435Z] [FIX] Committing changes...
[2025-07-30T12:35:12.726Z] [FIX] Changes committed successfully
[2025-07-30T12:35:12.727Z] [FIX] Automatic fixes completed
[2025-07-30T12:35:12.731Z] [FIX] Starting cron jobs...
[2025-07-30T12:35:12.734Z] [FIX] Started cron manager with PID: 73984
[2025-07-30T12:40:01.048Z] [FIX] Starting automatic fixes...
[2025-07-30T12:40:01.049Z] [FIX] Fixing BuildSystem issues...
[2025-07-30T12:40:01.062Z] [FIX] Fixing CronJobs issues...
[2025-07-30T12:40:01.062Z] [FIX] Restarting cron jobs...
[2025-07-30T12:40:01.136Z] [FIX] Fixing GitStatus issues...
[2025-07-30T12:40:01.136Z] [FIX] Committing changes...
[2025-07-30T12:40:02.403Z] [FIX] Changes committed successfully
[2025-07-30T12:40:02.403Z] [FIX] Automatic fixes completed
[2025-07-30T12:40:02.404Z] [FIX] Starting cron jobs...
[2025-07-30T12:40:02.407Z] [FIX] Started cron manager with PID: 87658
[2025-07-30T12:45:00.774Z] [FIX] Starting automatic fixes...
[2025-07-30T12:45:00.774Z] [FIX] Fixing BuildSystem issues...
[2025-07-30T12:45:00.774Z] [FIX] Fixing CronJobs issues...
[2025-07-30T12:45:00.775Z] [FIX] Restarting cron jobs...
[2025-07-30T12:45:00.824Z] [FIX] Fixing GitStatus issues...
[2025-07-30T12:45:00.824Z] [FIX] Committing changes...
[2025-07-30T12:45:01.825Z] [FIX] Changes committed successfully
[2025-07-30T12:45:01.826Z] [FIX] Automatic fixes completed
[2025-07-30T12:50:00.155Z] [FIX] Starting automatic fixes...
[2025-07-30T12:50:00.155Z] [FIX] Fixing BuildSystem issues...
[2025-07-30T12:50:00.156Z] [FIX] Fixing AutomationScripts issues...
[2025-07-30T12:50:00.156Z] [FIX] Creating missing script: auto-fix-script.js
[2025-07-30T12:50:00.157Z] [FIX] Created script: auto-fix-script.js
[2025-07-30T12:50:00.157Z] [FIX] Fixing CronJobs issues...
[2025-07-30T12:50:00.157Z] [FIX] Restarting cron jobs...
[2025-07-30T12:50:00.198Z] [FIX] Fixing GitStatus issues...
[2025-07-30T12:50:00.198Z] [FIX] Committing changes...
[2025-07-30T12:50:01.240Z] [FIX] Changes committed successfully
[2025-07-30T12:50:01.240Z] [FIX] Automatic fixes completed
[2025-07-30T12:55:00.624Z] [FIX] Starting automatic fixes...
[2025-07-30T12:55:00.624Z] [FIX] Fixing BuildSystem issues...
[2025-07-30T12:55:00.625Z] [FIX] Fixing CronJobs issues...
[2025-07-30T12:55:00.625Z] [FIX] Restarting cron jobs...
[2025-07-30T12:55:00.688Z] [FIX] Fixing GitStatus issues...
[2025-07-30T12:55:00.688Z] [FIX] Committing changes...
[2025-07-30T12:55:01.747Z] [FIX] Changes committed successfully
[2025-07-30T12:55:01.748Z] [FIX] Automatic fixes completed
[2025-07-30T13:00:00.190Z] [FIX] Starting automatic fixes...
[2025-07-30T13:00:00.191Z] [FIX] Fixing BuildSystem issues...
[2025-07-30T13:00:00.191Z] [FIX] Fixing CronJobs issues...
[2025-07-30T13:00:00.191Z] [FIX] Restarting cron jobs...
[2025-07-30T13:00:00.263Z] [FIX] Fixing GitStatus issues...
[2025-07-30T13:00:00.263Z] [FIX] Committing changes...
[2025-07-30T13:00:01.314Z] [FIX] Changes committed successfully
[2025-07-30T13:00:01.314Z] [FIX] Automatic fixes completed
[2025-07-30T13:05:00.413Z] [FIX] Starting automatic fixes...
[2025-07-30T13:05:00.414Z] [FIX] Fixing BuildSystem issues...
[2025-07-30T13:05:00.416Z] [FIX] Fixing CronJobs issues...
[2025-07-30T13:05:00.416Z] [FIX] Restarting cron jobs...
[2025-07-30T13:05:00.485Z] [FIX] Fixing GitStatus issues...
[2025-07-30T13:05:00.485Z] [FIX] Committing changes...
[2025-07-30T13:05:01.709Z] [FIX] Changes committed successfully
[2025-07-30T13:05:01.710Z] [FIX] Automatic fixes completed
[2025-07-30T13:10:01.059Z] [FIX] Starting automatic fixes...
[2025-07-30T13:10:01.060Z] [FIX] Fixing BuildSystem issues...
[2025-07-30T13:10:01.060Z] [FIX] Fixing CronJobs issues...
[2025-07-30T13:10:01.061Z] [FIX] Restarting cron jobs...
[2025-07-30T13:10:01.128Z] [FIX] Fixing GitStatus issues...
[2025-07-30T13:10:01.128Z] [FIX] Committing changes...
[2025-07-30T13:10:02.633Z] [FIX] Changes committed successfully
[2025-07-30T13:10:02.634Z] [FIX] Automatic fixes completed
[2025-07-30T13:15:00.941Z] [FIX] Starting automatic fixes...
[2025-07-30T13:15:00.942Z] [FIX] Fixing BuildSystem issues...
[2025-07-30T13:15:00.942Z] [FIX] Fixing CronJobs issues...
[2025-07-30T13:15:00.942Z] [FIX] Restarting cron jobs...
[2025-07-30T13:15:00.981Z] [FIX] Fixing GitStatus issues...
[2025-07-30T13:15:00.982Z] [FIX] Committing changes...
[2025-07-30T13:15:01.351Z] [FIX] Changes committed successfully
[2025-07-30T13:15:01.352Z] [FIX] Automatic fixes completed
[2025-07-30T13:20:00.241Z] [FIX] Starting automatic fixes...
[2025-07-30T13:20:00.241Z] [FIX] Fixing BuildSystem issues...
[2025-07-30T13:20:00.242Z] [FIX] Fixing CronJobs issues...
[2025-07-30T13:20:00.242Z] [FIX] Restarting cron jobs...
[2025-07-30T13:20:00.283Z] [FIX] Fixing GitStatus issues...
[2025-07-30T13:20:00.283Z] [FIX] Committing changes...
[2025-07-30T13:20:01.051Z] [FIX] Changes committed successfully
[2025-07-30T13:20:01.052Z] [FIX] Automatic fixes completed
[2025-07-30T13:25:00.556Z] [FIX] Starting automatic fixes...
[2025-07-30T13:25:00.557Z] [FIX] Fixing BuildSystem issues...
[2025-07-30T13:25:00.557Z] [FIX] Fixing CronJobs issues...
[2025-07-30T13:25:00.557Z] [FIX] Restarting cron jobs...
[2025-07-30T13:25:00.609Z] [FIX] Fixing GitStatus issues...
[2025-07-30T13:25:00.610Z] [FIX] Committing changes...
[2025-07-30T13:25:03.291Z] [FIX] Automatic fixes completed
[2025-07-30T13:30:00.612Z] [FIX] Starting automatic fixes...
[2025-07-30T13:30:00.612Z] [FIX] Fixing BuildSystem issues...
[2025-07-30T13:30:00.612Z] [FIX] Fixing CronJobs issues...
[2025-07-30T13:30:00.612Z] [FIX] Restarting cron jobs...
[2025-07-30T13:30:00.684Z] [FIX] Fixing GitStatus issues...
[2025-07-30T13:30:00.684Z] [FIX] Committing changes...
[2025-07-30T13:30:03.599Z] [FIX] Automatic fixes completed
[2025-07-30T13:35:00.877Z] [FIX] Starting automatic fixes...
[2025-07-30T13:35:00.878Z] [FIX] Fixing BuildSystem issues...
[2025-07-30T13:35:00.878Z] [FIX] Fixing CronJobs issues...
[2025-07-30T13:35:00.878Z] [FIX] Restarting cron jobs...
[2025-07-30T13:35:00.947Z] [FIX] Fixing GitStatus issues...
[2025-07-30T13:35:00.948Z] [FIX] Committing changes...
[2025-07-30T13:35:01.003Z] [FIX] Automatic fixes completed
[2025-07-30T13:40:00.193Z] [FIX] Starting automatic fixes...
[2025-07-30T13:40:00.193Z] [FIX] Fixing BuildSystem issues...
[2025-07-30T13:40:00.194Z] [FIX] Fixing CronJobs issues...
[2025-07-30T13:40:00.194Z] [FIX] Restarting cron jobs...
[2025-07-30T13:40:00.279Z] [FIX] Fixing GitStatus issues...
[2025-07-30T13:40:00.279Z] [FIX] Committing changes...
[2025-07-30T13:40:04.567Z] [FIX] Changes committed successfully
[2025-07-30T13:40:04.567Z] [FIX] Automatic fixes completed
[2025-07-30T13:40:04.569Z] [FIX] Starting cron jobs...
[2025-07-30T13:40:04.571Z] [FIX] Started cron manager with PID: 81244
[2025-07-30T13:45:00.857Z] [FIX] Starting automatic fixes...
[2025-07-30T13:45:00.857Z] [FIX] Fixing BuildSystem issues...
[2025-07-30T13:45:00.857Z] [FIX] Fixing CronJobs issues...
[2025-07-30T13:45:00.858Z] [FIX] Restarting cron jobs...
[2025-07-30T13:45:00.931Z] [FIX] Fixing GitStatus issues...
[2025-07-30T13:45:00.931Z] [FIX] Committing changes...
[2025-07-30T13:45:03.535Z] [FIX] Changes committed successfully
[2025-07-30T13:45:03.536Z] [FIX] Automatic fixes completed
[2025-07-30T13:50:00.899Z] [FIX] Starting automatic fixes...
[2025-07-30T13:50:00.899Z] [FIX] Fixing BuildSystem issues...
[2025-07-30T13:50:00.900Z] [FIX] Fixing CronJobs issues...
[2025-07-30T13:50:00.900Z] [FIX] Restarting cron jobs...
[2025-07-30T13:50:01.158Z] [FIX] Fixing GitStatus issues...
[2025-07-30T13:50:01.159Z] [FIX] Committing changes...
[2025-07-30T13:50:01.384Z] [FIX] Automatic fixes completed
[2025-07-30T13:50:02.160Z] [FIX] Starting cron jobs...
[2025-07-30T13:50:02.163Z] [FIX] Started cron manager with PID: 15867
[2025-07-30T13:55:00.206Z] [FIX] Starting automatic fixes...
[2025-07-30T13:55:00.206Z] [FIX] Fixing BuildSystem issues...
[2025-07-30T13:55:00.206Z] [FIX] Fixing CronJobs issues...
[2025-07-30T13:55:00.207Z] [FIX] Restarting cron jobs...
[2025-07-30T13:55:00.279Z] [FIX] Fixing GitStatus issues...
[2025-07-30T13:55:00.280Z] [FIX] Committing changes...
[2025-07-30T13:55:02.043Z] [FIX] Automatic fixes completed
[2025-07-30T14:00:00.348Z] [FIX] Starting automatic fixes...
[2025-07-30T14:00:00.348Z] [FIX] Fixing BuildSystem issues...
[2025-07-30T14:00:00.348Z] [FIX] Fixing CronJobs issues...
[2025-07-30T14:00:00.348Z] [FIX] Restarting cron jobs...
[2025-07-30T14:00:00.416Z] [FIX] Fixing GitStatus issues...
[2025-07-30T14:00:00.417Z] [FIX] Committing changes...
[2025-07-30T14:00:03.978Z] [FIX] Changes committed successfully
[2025-07-30T14:00:03.978Z] [FIX] Automatic fixes completed
[2025-07-30T14:05:00.279Z] [FIX] Starting automatic fixes...
[2025-07-30T14:05:00.280Z] [FIX] Fixing BuildSystem issues...
[2025-07-30T14:05:00.280Z] [FIX] Fixing CronJobs issues...
[2025-07-30T14:05:00.281Z] [FIX] Restarting cron jobs...
[2025-07-30T14:05:00.348Z] [FIX] Fixing GitStatus issues...
[2025-07-30T14:05:00.348Z] [FIX] Committing changes...
[2025-07-30T14:05:01.138Z] [FIX] Automatic fixes completed
[2025-07-30T14:10:00.529Z] [FIX] Starting automatic fixes...
[2025-07-30T14:10:00.529Z] [FIX] Fixing Dependencies issues...
[2025-07-30T14:10:00.530Z] [FIX] Fixing BuildSystem issues...
[2025-07-30T14:10:00.531Z] [FIX] Fixing CronJobs issues...
[2025-07-30T14:10:00.531Z] [FIX] Restarting cron jobs...
[2025-07-30T14:10:00.576Z] [FIX] Fixing GitStatus issues...
[2025-07-30T14:10:00.577Z] [FIX] Committing changes...
[2025-07-30T14:10:01.181Z] [FIX] Automatic fixes completed
[2025-07-30T14:15:00.809Z] [FIX] Starting automatic fixes...
[2025-07-30T14:15:00.809Z] [FIX] Fixing BuildSystem issues...
[2025-07-30T14:15:00.810Z] [FIX] Fixing CronJobs issues...
[2025-07-30T14:15:00.810Z] [FIX] Restarting cron jobs...
[2025-07-30T14:15:00.875Z] [FIX] Fixing GitStatus issues...
[2025-07-30T14:15:00.875Z] [FIX] Committing changes...
[2025-07-30T14:15:00.991Z] [FIX] Automatic fixes completed
[2025-07-30T14:20:01.008Z] [FIX] Starting automatic fixes...
[2025-07-30T14:20:01.008Z] [FIX] Fixing BuildSystem issues...
[2025-07-30T14:20:01.008Z] [FIX] Fixing CronJobs issues...
[2025-07-30T14:20:01.008Z] [FIX] Restarting cron jobs...
[2025-07-30T14:20:01.061Z] [FIX] Fixing GitStatus issues...
[2025-07-30T14:20:01.061Z] [FIX] Committing changes...
[2025-07-30T14:20:01.096Z] [FIX] Automatic fixes completed
[2025-07-30T14:25:00.299Z] [FIX] Starting automatic fixes...
[2025-07-30T14:25:00.300Z] [FIX] Fixing BuildSystem issues...
[2025-07-30T14:25:00.300Z] [FIX] Fixing CronJobs issues...
[2025-07-30T14:25:00.300Z] [FIX] Restarting cron jobs...
[2025-07-30T14:25:00.361Z] [FIX] Fixing GitStatus issues...
[2025-07-30T14:25:00.361Z] [FIX] Committing changes...
[2025-07-30T14:25:03.086Z] [FIX] Automatic fixes completed
[2025-07-30T14:30:00.993Z] [FIX] Starting automatic fixes...
[2025-07-30T14:30:00.994Z] [FIX] Fixing BuildSystem issues...
[2025-07-30T14:30:00.994Z] [FIX] Fixing CronJobs issues...
[2025-07-30T14:30:00.994Z] [FIX] Restarting cron jobs...
[2025-07-30T14:30:01.319Z] [FIX] Fixing GitStatus issues...
[2025-07-30T14:30:01.320Z] [FIX] Committing changes...
[2025-07-30T14:30:06.774Z] [FIX] Automatic fixes completed
[2025-07-30T14:35:10.043Z] [FIX] Starting automatic fixes...
[2025-07-30T14:35:10.071Z] [FIX] Fixing BuildSystem issues...
[2025-07-30T14:35:10.106Z] [FIX] Fixing CronJobs issues...
[2025-07-30T14:35:10.115Z] [FIX] Restarting cron jobs...
[2025-07-30T14:35:10.414Z] [FIX] Fixing GitStatus issues...
[2025-07-30T14:35:10.415Z] [FIX] Committing changes...
[2025-07-30T14:35:23.885Z] [FIX] Automatic fixes completed
[2025-07-30T14:35:23.909Z] [FIX] Starting cron jobs...
[2025-07-30T14:35:24.334Z] [FIX] Started cron manager with PID: 68158
[2025-07-30T14:40:08.234Z] [FIX] Starting automatic fixes...
[2025-07-30T14:40:08.377Z] [FIX] Fixing BuildSystem issues...
[2025-07-30T14:40:08.559Z] [FIX] Fixing CronJobs issues...
[2025-07-30T14:40:08.664Z] [FIX] Restarting cron jobs...
[2025-07-30T14:40:09.324Z] [FIX] Fixing GitStatus issues...
[2025-07-30T14:40:09.375Z] [FIX] Committing changes...
[2025-07-30T14:40:23.578Z] [FIX] Automatic fixes completed
[2025-07-30T14:45:04.877Z] [FIX] Starting automatic fixes...
[2025-07-30T14:45:04.895Z] [FIX] Fixing BuildSystem issues...
[2025-07-30T14:45:04.926Z] [FIX] Fixing CronJobs issues...
[2025-07-30T14:45:04.938Z] [FIX] Restarting cron jobs...
[2025-07-30T14:45:05.133Z] [FIX] Fixing GitStatus issues...
[2025-07-30T14:45:05.156Z] [FIX] Committing changes...
[2025-07-30T14:45:05.607Z] [FIX] Automatic fixes completed
[2025-07-30T14:50:06.643Z] [FIX] Starting automatic fixes...
[2025-07-30T14:50:06.669Z] [FIX] Fixing BuildSystem issues...
[2025-07-30T14:50:06.704Z] [FIX] Fixing CronJobs issues...
[2025-07-30T14:50:06.755Z] [FIX] Restarting cron jobs...
[2025-07-30T14:50:06.886Z] [FIX] Fixing GitStatus issues...
[2025-07-30T14:50:06.934Z] [FIX] Committing changes...
[2025-07-30T14:50:07.123Z] [FIX] Automatic fixes completed
[2025-07-30T14:55:00.755Z] [FIX] Starting automatic fixes...
[2025-07-30T14:55:00.756Z] [FIX] Fixing BuildSystem issues...
[2025-07-30T14:55:00.756Z] [FIX] Fixing CronJobs issues...
[2025-07-30T14:55:00.756Z] [FIX] Restarting cron jobs...
[2025-07-30T14:55:00.782Z] [FIX] Fixing GitStatus issues...
[2025-07-30T14:55:00.782Z] [FIX] Committing changes...
[2025-07-30T14:55:00.809Z] [FIX] Automatic fixes completed
[2025-07-30T15:00:00.076Z] [FIX] Starting automatic fixes...
[2025-07-30T15:00:00.077Z] [FIX] Fixing BuildSystem issues...
[2025-07-30T15:00:00.077Z] [FIX] Fixing CronJobs issues...
[2025-07-30T15:00:00.077Z] [FIX] Restarting cron jobs...
[2025-07-30T15:00:00.098Z] [FIX] Fixing GitStatus issues...
[2025-07-30T15:00:00.098Z] [FIX] Committing changes...
[2025-07-30T15:00:00.601Z] [FIX] Automatic fixes completed
[2025-07-30T15:05:00.437Z] [FIX] Starting automatic fixes...
[2025-07-30T15:05:00.437Z] [FIX] Fixing BuildSystem issues...
[2025-07-30T15:05:00.438Z] [FIX] Fixing CronJobs issues...
[2025-07-30T15:05:00.438Z] [FIX] Restarting cron jobs...
[2025-07-30T15:05:00.464Z] [FIX] Fixing GitStatus issues...
[2025-07-30T15:05:00.464Z] [FIX] Committing changes...
[2025-07-30T15:05:00.492Z] [FIX] Automatic fixes completed
