[2025-07-30T21:07:40.315Z] [INFO] 🚀 Starting Improvement Engine...
[2025-07-30T21:07:40.324Z] [INFO] ✅ Improvement Engine started successfully
[2025-07-30T21:08:00.334Z] [INFO] 🔍 Starting analysis cycle...
[2025-07-30T21:08:12.714Z] [INFO] 📊 Found 1 improvement opportunities
[2025-07-30T21:08:40.322Z] [INFO] 📊 System Status - Queue: 1, Total Improvements: 0
[2025-07-30T21:09:40.320Z] [INFO] 📊 System Status - Queue: 1, Total Improvements: 0
[2025-07-30T21:10:00.768Z] [INFO] 🔄 Starting improvement cycle...
[2025-07-30T21:10:00.769Z] [INFO] 🔧 Implementing improvement: code_quality (fix_code_issues)
[2025-07-30T21:10:00.770Z] [INFO] Fixed console.log in automation/advanced-content-generator.js
[2025-07-30T21:10:00.770Z] [INFO] Fixed console.log in automation/agents/performance-optimizer-agent.js
[2025-07-30T21:10:00.771Z] [INFO] Fixed console.log in automation/ai-feature-cron.js
[2025-07-30T21:10:00.772Z] [INFO] Fixed console.log in automation/ai-feature-monitor-simple.js
[2025-07-30T21:10:00.772Z] [INFO] Fixed console.log in automation/ai-feature-monitor.js
[2025-07-30T21:10:00.773Z] [INFO] Fixed console.log in automation/ai-improvement-generator.js
[2025-07-30T21:10:00.773Z] [INFO] Fixed console.log in automation/auto-fix-script.js
[2025-07-30T21:10:00.774Z] [INFO] Fixed console.log in automation/automation-dashboard.js
[2025-07-30T21:10:00.775Z] [INFO] Fixed console.log in automation/automation-launcher.js
[2025-07-30T21:10:00.775Z] [INFO] Fixed console.log in automation/automation-node-manager.js
[2025-07-30T21:10:00.776Z] [INFO] Fixed console.log in automation/autonomous-improvement-engine.js
[2025-07-30T21:10:00.777Z] [INFO] Fixed console.log in automation/autonomous-system.js
[2025-07-30T21:10:00.777Z] [INFO] Fixed console.log in automation/backup-automation.js
[2025-07-30T21:10:00.778Z] [INFO] Fixed console.log in automation/build-monitor-automation.js
[2025-07-30T21:10:00.778Z] [INFO] Fixed console.log in automation/chrome-automation.js
[2025-07-30T21:10:00.779Z] [INFO] Fixed console.log in automation/comprehensive-automation-launcher.js
[2025-07-30T21:10:00.779Z] [INFO] Fixed console.log in automation/comprehensive-build-automation.js
[2025-07-30T21:10:00.780Z] [INFO] Fixed console.log in automation/comprehensive-sync-manager.js
[2025-07-30T21:10:00.780Z] [INFO] Fixed console.log in automation/content-generation-orchestrator.js
[2025-07-30T21:10:00.781Z] [INFO] Fixed console.log in automation/content-generator.js
[2025-07-30T21:10:00.781Z] [INFO] Fixed console.log in automation/continuous-content-generator.js
[2025-07-30T21:10:00.782Z] [INFO] Fixed console.log in automation/continuous-learning-system.js
[2025-07-30T21:10:00.782Z] [INFO] Fixed console.log in automation/cron-monitor-and-fixer.js
[2025-07-30T21:10:00.783Z] [INFO] Fixed console.log in automation/cursor-fixes/automation-orchestrator.js
[2025-07-30T21:10:00.783Z] [INFO] Fixed console.log in automation/cursor-fixes/build-fixer.js
[2025-07-30T21:10:00.784Z] [INFO] Fixed console.log in automation/cursor-fixes/code-quality-fixer.js
[2025-07-30T21:10:00.784Z] [INFO] Fixed console.log in automation/cursor-fixes/main-fixer.js
[2025-07-30T21:10:00.785Z] [INFO] Fixed console.log in automation/cursor-problem-fixer.js
[2025-07-30T21:10:00.785Z] [INFO] Fixed console.log in automation/dependency-checker.js
[2025-07-30T21:10:00.786Z] [INFO] Fixed console.log in automation/enhanced-automation-orchestrator.js
[2025-07-30T21:10:00.786Z] [INFO] Fixed console.log in automation/enhanced-autonomous-system.js
[2025-07-30T21:10:00.787Z] [INFO] Fixed console.log in automation/enhanced-cron-monitor.js
[2025-07-30T21:10:00.787Z] [INFO] Fixed console.log in automation/enhanced-husky-automation.js
[2025-07-30T21:10:00.788Z] [INFO] Fixed console.log in automation/enhanced-merge-conflict-system.js
[2025-07-30T21:10:00.788Z] [INFO] Fixed console.log in automation/enhanced-sync-automation.js
[2025-07-30T21:10:00.789Z] [INFO] Fixed console.log in automation/enhanced-sync-manager.js
[2025-07-30T21:10:00.789Z] [INFO] Fixed console.log in automation/error-monitor-daemon.js
[2025-07-30T21:10:00.790Z] [INFO] Fixed console.log in automation/health-check.js
[2025-07-30T21:10:00.790Z] [INFO] Fixed console.log in automation/improvement-engine.js
[2025-07-30T21:10:00.791Z] [INFO] Fixed todo in automation/improvement-engine.js
[2025-07-30T21:10:00.791Z] [INFO] Fixed console.log in automation/independent-automation-system.js
[2025-07-30T21:10:00.791Z] [INFO] Fixed console.log in automation/independent-automation.js
[2025-07-30T21:10:00.792Z] [INFO] Fixed console.log in automation/independent-cron-manager.js
[2025-07-30T21:10:00.792Z] [INFO] Fixed console.log in automation/infinite-improvement-core.js
[2025-07-30T21:10:00.793Z] [INFO] Fixed todo in automation/infinite-improvement-core.js
[2025-07-30T21:10:00.793Z] [INFO] Fixed console.log in automation/infinite-improvement-system.js
[2025-07-30T21:10:00.794Z] [INFO] Fixed todo in automation/infinite-improvement-system.js
[2025-07-30T21:10:00.794Z] [INFO] Fixed console.log in automation/infinite-loop-core.js
[2025-07-30T21:10:00.795Z] [INFO] Fixed console.log in automation/intelligent-error-fixer.js
[2025-07-30T21:10:00.795Z] [INFO] Fixed console.log in automation/master-automation-controller.js
[2025-07-30T21:10:00.796Z] [INFO] Fixed console.log in automation/merge-conflict-manager.js
[2025-07-30T21:10:00.796Z] [INFO] Fixed console.log in automation/netlify-build-monitor.js
[2025-07-30T21:10:00.797Z] [INFO] Fixed console.log in automation/netlify-cron-manager.js
[2025-07-30T21:10:00.798Z] [INFO] Fixed console.log in automation/netlify-monitor.js
[2025-07-30T21:10:00.798Z] [INFO] Fixed console.log in automation/performance-optimizer.js
[2025-07-30T21:10:00.799Z] [INFO] Fixed console.log in automation/security-monitor.js
[2025-07-30T21:10:00.799Z] [INFO] Fixed console.log in automation/simple-automation.js
[2025-07-30T21:10:00.800Z] [INFO] Fixed console.log in automation/simple-content-generator.js
[2025-07-30T21:10:00.800Z] [INFO] Fixed console.log in automation/start-automation.js
[2025-07-30T21:10:00.800Z] [INFO] Fixed console.log in automation/system-cleanup.js
[2025-07-30T21:10:00.801Z] [INFO] Fixed console.log in automation/system-health-checker.js
[2025-07-30T21:10:00.801Z] [INFO] Fixed console.log in automation/tasks/errorFixer.js
[2025-07-30T21:10:00.802Z] [INFO] Fixed console.log in automation/uninterrupted-content-agents.js
[2025-07-30T21:10:00.802Z] [INFO] Fixed console.log in automation_temp/auto-fix-script.js
[2025-07-30T21:10:00.803Z] [INFO] Fixed console.log in automation_temp/auto-improvement-system.js
[2025-07-30T21:10:00.803Z] [INFO] Fixed console.log in automation_temp/automation/build-monitor.js
[2025-07-30T21:10:00.804Z] [INFO] Fixed console.log in automation_temp/automation/code-quality.js
[2025-07-30T21:10:00.804Z] [INFO] Fixed console.log in automation_temp/automation/error-detector.js
[2025-07-30T21:10:00.804Z] [INFO] Fixed console.log in automation_temp/automation/git-automation.js
[2025-07-30T21:10:00.805Z] [INFO] Fixed console.log in automation_temp/automation-launcher.js
[2025-07-30T21:10:00.805Z] [INFO] Fixed console.log in automation_temp/automation-manager.js
[2025-07-30T21:10:00.806Z] [INFO] Fixed console.log in automation_temp/automation-monitor.js
[2025-07-30T21:10:00.806Z] [INFO] Fixed console.log in automation_temp/automation-node-manager.js
[2025-07-30T21:10:00.807Z] [INFO] Fixed console.log in automation_temp/automation_removed/auto-fix-script.js
[2025-07-30T21:10:00.807Z] [INFO] Fixed console.log in automation_temp/automation_removed/automation_temp/analytics-collector.js
[2025-07-30T21:10:00.808Z] [INFO] Fixed console.log in automation_temp/automation_removed/automation_temp/auto-fix-script.js
[2025-07-30T21:10:00.808Z] [INFO] Fixed console.log in automation_temp/automation_removed/automation_temp/automation/performance-monitor.js
[2025-07-30T21:10:00.809Z] [INFO] Fixed console.log in automation_temp/automation_removed/automation_temp/automation/security-monitor.js
[2025-07-30T21:10:00.809Z] [INFO] Fixed console.log in automation_temp/automation_removed/automation_temp/automation-dashboard.js
[2025-07-30T21:10:00.810Z] [INFO] Fixed console.log in automation_temp/automation_removed/automation_temp/automation-launcher.js
[2025-07-30T21:10:00.810Z] [INFO] Fixed console.log in automation_temp/automation_removed/automation_temp/automation-master-controller.js
[2025-07-30T21:10:00.811Z] [INFO] Fixed console.log in automation_temp/automation_removed/automation_temp/automation-scheduler.js
[2025-07-30T21:10:00.812Z] [INFO] Fixed console.log in automation_temp/automation_removed/automation_temp/autonomous-automation-manager.js
[2025-07-30T21:10:00.812Z] [INFO] Fixed console.log in automation_temp/automation_removed/automation_temp/autonomous-sync-manager.js
[2025-07-30T21:10:00.813Z] [INFO] Fixed console.log in automation_temp/automation_removed/automation_temp/autonomous-sync-system.js
[2025-07-30T21:10:00.813Z] [INFO] Fixed console.log in automation_temp/automation_removed/automation_temp/autonomous-system.js
[2025-07-30T21:10:00.814Z] [INFO] Fixed console.log in automation_temp/automation_removed/automation_temp/backup-manager.js
[2025-07-30T21:10:00.814Z] [INFO] Fixed console.log in automation_temp/automation_removed/automation_temp/build-monitor.js
[2025-07-30T21:10:00.815Z] [INFO] Fixed console.log in automation_temp/automation_removed/automation_temp/comprehensive-analysis.js
[2025-07-30T21:10:00.815Z] [INFO] Fixed console.log in automation_temp/automation_removed/automation_temp/comprehensive-error-monitor.js
[2025-07-30T21:10:00.816Z] [INFO] Fixed console.log in automation_temp/automation_removed/automation_temp/comprehensive-fixer.js
[2025-07-30T21:10:00.816Z] [INFO] Fixed console.log in automation_temp/automation_removed/automation_temp/comprehensive-logging-system.js
[2025-07-30T21:10:00.817Z] [INFO] Fixed console.log in automation_temp/automation_removed/automation_temp/conflict-detector.js
[2025-07-30T21:10:00.817Z] [INFO] Fixed console.log in automation_temp/automation_removed/automation_temp/context-fixer.js
[2025-07-30T21:10:00.818Z] [INFO] Fixed console.log in automation_temp/automation_removed/automation_temp/continuous-improvement/ContinuousImprovement.js
[2025-07-30T21:10:00.818Z] [INFO] Fixed todo in automation_temp/automation_removed/automation_temp/continuous-improvement/ContinuousImprovement.js
[2025-07-30T21:10:00.819Z] [INFO] Fixed console.log in automation_temp/automation_removed/automation_temp/continuous-improvement/improve.js
[2025-07-30T21:10:00.819Z] [INFO] Fixed console.log in automation_temp/automation_removed/automation_temp/continuous-improvement/index.js
[2025-07-30T21:10:00.820Z] [INFO] Fixed todo in automation_temp/automation_removed/automation_temp/continuous-improvement/index.js
[2025-07-30T21:10:00.820Z] [INFO] Fixed console.log in automation_temp/automation_removed/automation_temp/continuous-improvement-engine.js
[2025-07-30T21:10:00.821Z] [INFO] Fixed console.log in automation_temp/automation_removed/automation_temp/continuous-improvement.js
[2025-07-30T21:10:00.821Z] [INFO] Fixed console.log in automation_temp/automation_removed/automation_temp/cron-manager.js
[2025-07-30T21:10:00.822Z] [INFO] Fixed todo in automation_temp/automation_removed/automation_temp/cursor-automated-communication.js
[2025-07-30T21:10:00.822Z] [INFO] Fixed todo in automation_temp/automation_removed/automation_temp/cursor-automated-extension/background.js
[2025-07-30T21:10:00.823Z] [INFO] Fixed console.log in automation_temp/automation_removed/automation_temp/cursor-chat-agents.js
[2025-07-30T21:10:00.823Z] [INFO] Fixed todo in automation_temp/automation_removed/automation_temp/cursor-chat-agents.js
[2025-07-30T21:10:00.824Z] [INFO] Fixed todo in automation_temp/automation_removed/automation_temp/cursor-chat-automation.js
[2025-07-30T21:10:00.825Z] [INFO] Fixed console.log in automation_temp/automation_removed/automation_temp/cursor-chat-communicator.js
[2025-07-30T21:10:00.825Z] [INFO] Fixed console.log in automation_temp/automation_removed/automation_temp/cursor-chat-master-controller.js
[2025-07-30T21:10:00.826Z] [INFO] Fixed console.log in automation_temp/automation_removed/automation_temp/cursor-chat-orchestrator.js
[2025-07-30T21:10:00.826Z] [INFO] Fixed console.log in automation_temp/automation_removed/automation_temp/cursor-unlock-automation.js
[2025-07-30T21:10:00.827Z] [INFO] Fixed console.log in automation_temp/automation_removed/automation_temp/dashboard.js
[2025-07-30T21:10:00.827Z] [INFO] Fixed console.log in automation_temp/automation_removed/automation_temp/deep-optimization.js
[2025-07-30T21:10:00.828Z] [INFO] Fixed console.log in automation_temp/automation_removed/automation_temp/enhanced-automation-orchestrator.js
[2025-07-30T21:10:00.828Z] [INFO] Fixed console.log in automation_temp/automation_removed/automation_temp/enhanced-automation-system.js
[2025-07-30T21:10:00.829Z] [INFO] Fixed console.log in automation_temp/automation_removed/automation_temp/enhanced-autonomous-commit.js
[2025-07-30T21:10:00.829Z] [INFO] Fixed console.log in automation_temp/automation_removed/automation_temp/enhanced-autonomous-system.js
[2025-07-30T21:10:00.830Z] [INFO] Fixed console.log in automation_temp/automation_removed/automation_temp/enhanced-git-automation.js
[2025-07-30T21:10:00.830Z] [INFO] Fixed console.log in automation_temp/automation_removed/automation_temp/enhanced-sync.js
[2025-07-30T21:10:00.831Z] [INFO] Fixed console.log in automation_temp/automation_removed/automation_temp/error-monitor-daemon.js
[2025-07-30T21:10:00.831Z] [INFO] Fixed console.log in automation_temp/automation_removed/automation_temp/error-recovery.js
[2025-07-30T21:10:00.831Z] [INFO] Fixed console.log in automation_temp/automation_removed/automation_temp/file-sync-watcher.js
[2025-07-30T21:10:00.832Z] [INFO] Fixed console.log in automation_temp/automation_removed/automation_temp/fix-syntax-errors.js
[2025-07-30T21:10:00.832Z] [INFO] Fixed console.log in automation_temp/automation_removed/automation_temp/fixed-multi-machine-sync.js
[2025-07-30T21:10:00.833Z] [INFO] Fixed console.log in automation_temp/automation_removed/automation_temp/git-health-checker.js
[2025-07-30T21:10:00.834Z] [INFO] Fixed console.log in automation_temp/automation_removed/automation_temp/git-process-manager.js
[2025-07-30T21:10:00.834Z] [INFO] Fixed console.log in automation_temp/automation_removed/automation_temp/git-process-monitor.js
[2025-07-30T21:10:00.835Z] [INFO] Fixed console.log in automation_temp/automation_removed/automation_temp/git-watchdog.js
[2025-07-30T21:10:00.835Z] [INFO] Fixed console.log in automation_temp/automation_removed/automation_temp/husky-continuous-monitor.js
[2025-07-30T21:10:00.836Z] [INFO] Fixed console.log in automation_temp/automation_removed/automation_temp/husky-monitor.js
[2025-07-30T21:10:00.836Z] [INFO] Fixed console.log in automation_temp/automation_removed/automation_temp/independent-automation-system.js
[2025-07-30T21:10:00.837Z] [INFO] Fixed console.log in automation_temp/automation_removed/automation_temp/index.js
[2025-07-30T21:10:00.837Z] [INFO] Fixed console.log in automation_temp/automation_removed/automation_temp/infinite-improvement-loop.js
[2025-07-30T21:10:00.838Z] [INFO] Fixed console.log in automation_temp/automation_removed/automation_temp/intelligent-automation-orchestrator.js
[2025-07-30T21:10:00.838Z] [INFO] Fixed console.log in automation_temp/automation_removed/automation_temp/intelligent-git-orchestrator.js
[2025-07-30T21:10:00.839Z] [INFO] Fixed console.log in automation_temp/automation_removed/automation_temp/merge-conflict-detector.js
[2025-07-30T21:10:00.839Z] [INFO] Fixed console.log in automation_temp/automation_removed/automation_temp/multi-machine-sync-monitor.js
[2025-07-30T21:10:00.840Z] [INFO] Fixed console.log in automation_temp/automation_removed/automation_temp/netlify-build-monitor.js
[2025-07-30T21:10:00.840Z] [INFO] Fixed console.log in automation_temp/automation_removed/automation_temp/netlify-error-fixer.js
[2025-07-30T21:10:00.841Z] [INFO] Fixed console.log in automation_temp/automation_removed/automation_temp/netlify-monitor.js
[2025-07-30T21:10:00.841Z] [INFO] Fixed console.log in automation_temp/automation_removed/automation_temp/performance/dependency-update.js
[2025-07-30T21:10:00.842Z] [INFO] Fixed console.log in automation_temp/automation_removed/automation_temp/performance/frontend-fix.js
[2025-07-30T21:10:00.842Z] [INFO] Fixed console.log in automation_temp/automation_removed/automation_temp/performance/performance-check.js
[2025-07-30T21:10:00.843Z] [INFO] Fixed console.log in automation_temp/automation_removed/automation_temp/performance-optimizer.js
[2025-07-30T21:10:00.843Z] [INFO] Fixed console.log in automation_temp/automation_removed/automation_temp/pre-build-check.js
[2025-07-30T21:10:00.844Z] [INFO] Fixed console.log in automation_temp/automation_removed/automation_temp/react-import-fixer.js
[2025-07-30T21:10:00.844Z] [INFO] Fixed console.log in automation_temp/automation_removed/automation_temp/robust-sync.js
[2025-07-30T21:10:00.845Z] [INFO] Fixed console.log in automation_temp/automation_removed/automation_temp/run-all-automations.js
[2025-07-30T21:10:00.845Z] [INFO] Fixed console.log in automation_temp/automation_removed/automation_temp/security/check-sensitive-data.js
[2025-07-30T21:10:00.846Z] [INFO] Fixed console.log in automation_temp/automation_removed/automation_temp/security-monitor.js
[2025-07-30T21:10:00.846Z] [INFO] Fixed console.log in automation_temp/automation_removed/automation_temp/simple-sync.js
[2025-07-30T21:10:00.847Z] [INFO] Fixed console.log in automation_temp/automation_removed/automation_temp/start-all-automations.js
[2025-07-30T21:10:00.848Z] [INFO] Fixed console.log in automation_temp/automation_removed/automation_temp/sync-automation/auth-aware-sync.js
[2025-07-30T21:10:00.848Z] [INFO] Fixed console.log in automation_temp/automation_removed/automation_temp/sync-automation/auto-sync-daemon.js
[2025-07-30T21:10:00.849Z] [INFO] Fixed console.log in automation_temp/automation_removed/automation_temp/sync-automation/auto-sync.js
[2025-07-30T21:10:00.849Z] [INFO] Fixed console.log in automation_temp/automation_removed/automation_temp/sync-automation/autonomous-sync-daemon.js
[2025-07-30T21:10:00.850Z] [INFO] Fixed console.log in automation_temp/automation_removed/automation_temp/sync-automation/enhanced-5min-sync.js
[2025-07-30T21:10:00.850Z] [INFO] Fixed console.log in automation_temp/automation_removed/automation_temp/sync-automation/multi-computer-sync.js
[2025-07-30T21:10:00.851Z] [INFO] Fixed console.log in automation_temp/automation_removed/automation_temp/sync-automation/robust-sync-system.js
[2025-07-30T21:10:00.852Z] [INFO] Fixed console.log in automation_temp/automation_removed/automation_temp/sync-automation/sync-controller.js
[2025-07-30T21:10:00.852Z] [INFO] Fixed console.log in automation_temp/automation_removed/automation_temp/sync-performance-monitor.js
[2025-07-30T21:10:00.853Z] [INFO] Fixed console.log in automation_temp/automation_removed/automation_temp/sync-statistics-generator.js
[2025-07-30T21:10:00.853Z] [INFO] Fixed console.log in automation_temp/automation_removed/automation_temp/syntax-fixer.js
[2025-07-30T21:10:00.853Z] [INFO] Fixed console.log in automation_temp/automation_removed/automation_temp/system-health-checker.js
[2025-07-30T21:10:00.854Z] [INFO] Fixed console.log in automation_temp/automation_removed/automation_temp/tasks/SecurityScanner.js
[2025-07-30T21:10:00.855Z] [INFO] Fixed todo in automation_temp/automation_removed/automation_temp/total-control-improvement-system.js
[2025-07-30T21:10:00.855Z] [INFO] Fixed console.log in automation_temp/automation_removed/automation_temp/unified-automation-launcher.js
[2025-07-30T21:10:00.856Z] [INFO] Fixed console.log in automation_temp/automation_removed/autonomous-system.js
[2025-07-30T21:10:00.856Z] [INFO] Fixed console.log in automation_temp/automation_removed/comprehensive-automation-launcher.js
[2025-07-30T21:10:00.856Z] [INFO] Fixed console.log in automation_temp/automation_removed/cron-manager.js
[2025-07-30T21:10:00.857Z] [INFO] Fixed console.log in automation_temp/automation_removed/enhanced-husky-automation.js
[2025-07-30T21:10:00.857Z] [INFO] Fixed console.log in automation_temp/automation_removed/fix-syntax-errors.js
[2025-07-30T21:10:00.858Z] [INFO] Fixed console.log in automation_temp/automation_removed/merge-conflict-detector.js
[2025-07-30T21:10:00.859Z] [INFO] Fixed console.log in automation_temp/autonomous-master-controller.js
[2025-07-30T21:10:00.859Z] [INFO] Fixed console.log in automation_temp/autonomous-system.js
[2025-07-30T21:10:00.859Z] [INFO] Fixed console.log in automation_temp/build-monitor.js
[2025-07-30T21:10:00.860Z] [INFO] Fixed console.log in automation_temp/comprehensive-automation-system.js
[2025-07-30T21:10:00.861Z] [INFO] Fixed console.log in automation_temp/comprehensive-build-automation.js
[2025-07-30T21:10:00.861Z] [INFO] Fixed console.log in automation_temp/continuous-monitor.js
[2025-07-30T21:10:00.862Z] [INFO] Fixed console.log in automation_temp/cron-manager.js
[2025-07-30T21:10:00.862Z] [INFO] Fixed console.log in automation_temp/cursor-extensions-manager.js
[2025-07-30T21:10:00.863Z] [INFO] Fixed console.log in automation_temp/enhanced-infinite-improvement-loop.js
[2025-07-30T21:10:00.863Z] [INFO] Fixed console.log in automation_temp/enhanced-merge-conflict-system.js
[2025-07-30T21:10:00.864Z] [INFO] Fixed console.log in automation_temp/enhanced-multi-machine-sync.js
[2025-07-30T21:10:00.865Z] [INFO] Fixed console.log in automation_temp/enhanced-sync-automation.js
[2025-07-30T21:10:00.865Z] [INFO] Fixed console.log in automation_temp/enhanced-sync-manager.js
[2025-07-30T21:10:00.866Z] [INFO] Fixed console.log in automation_temp/error-monitor-daemon.js
[2025-07-30T21:10:00.866Z] [INFO] Fixed console.log in automation_temp/fix-syntax-errors.js
[2025-07-30T21:10:00.867Z] [INFO] Fixed console.log in automation_temp/git-automation.js
[2025-07-30T21:10:00.867Z] [INFO] Fixed console.log in automation_temp/husky-automation.js
[2025-07-30T21:10:00.868Z] [INFO] Fixed console.log in automation_temp/husky-error-fixer.js
[2025-07-30T21:10:00.868Z] [INFO] Fixed console.log in automation_temp/husky-monitor.js
[2025-07-30T21:10:00.869Z] [INFO] Fixed console.log in automation_temp/independent-automation-system.js
[2025-07-30T21:10:00.869Z] [INFO] Fixed console.log in automation_temp/independent-automation.js
[2025-07-30T21:10:00.870Z] [INFO] Fixed console.log in automation_temp/infinite-improvement-system.js
[2025-07-30T21:10:00.870Z] [INFO] Fixed console.log in automation_temp/merge-conflict-manager.js
[2025-07-30T21:10:00.871Z] [INFO] Fixed console.log in automation_temp/multi-machine-sync-monitor.js
[2025-07-30T21:10:00.871Z] [INFO] Fixed console.log in automation_temp/netlify-build-monitor.js
[2025-07-30T21:10:00.872Z] [INFO] Fixed console.log in automation_temp/sync-automation/5min-sync-monitor.js
[2025-07-30T21:10:00.872Z] [INFO] Fixed console.log in automation_temp/sync-automation/multi-machine-sync-manager.js
[2025-07-30T21:10:00.873Z] [INFO] Fixed console.log in automation_temp/sync-automation/sync-dashboard.js
[2025-07-30T21:10:00.874Z] [INFO] Fixed console.log in automation_temp/sync-automation/sync-error-detector.js
[2025-07-30T21:10:00.874Z] [INFO] Fixed console.log in automation_temp/sync-automation-orchestrator.js
[2025-07-30T21:10:00.875Z] [INFO] Fixed console.log in automation_temp/tasks/buildMonitor.js
[2025-07-30T21:10:00.875Z] [INFO] Fixed console.log in automation_temp/tasks/codeQuality.js
[2025-07-30T21:10:00.876Z] [INFO] Fixed todo in automation_temp/tasks/codeQuality.js
[2025-07-30T21:10:00.876Z] [INFO] Fixed console.log in automation_temp/tasks/dependencyUpdate.js
[2025-07-30T21:10:00.877Z] [INFO] Fixed console.log in automation_temp/tasks/errorFixer.js
[2025-07-30T21:10:00.877Z] [INFO] Fixed console.log in automation_temp/tasks/performanceOptimizer.js
[2025-07-30T21:10:00.878Z] [INFO] Fixed console.log in automation_temp/tasks/securityScanner.js
[2025-07-30T21:10:00.878Z] [INFO] Fixed console.log in components/layout/Navigation.tsx
[2025-07-30T21:10:00.879Z] [INFO] Fixed console.log in pages/login.tsx
[2025-07-30T21:10:00.879Z] [INFO] Fixed console.log in scripts/ai-analyzer.js
[2025-07-30T21:10:00.879Z] [INFO] Fixed console.log in scripts/ai-content-generator.js
[2025-07-30T21:10:00.880Z] [INFO] 🧪 Testing improvement: code_quality
[2025-07-30T21:10:01.438Z] [ERROR] ❌ Improvement test failed: Command failed: npm run build
sh: next: command not found

[2025-07-30T21:10:01.439Z] [ERROR] ❌ Failed to implement improvement: Command failed: npm run build
sh: next: command not found

[2025-07-30T21:10:01.439Z] [ERROR] ❌ Improvement failed: Command failed: npm run build
sh: next: command not found

[2025-07-30T21:10:01.439Z] [INFO] ✅ Improvement cycle completed. Processed 1 improvements
[2025-07-30T21:10:40.317Z] [INFO] 📊 System Status - Queue: 0, Total Improvements: 1
[2025-07-30T21:11:40.316Z] [INFO] 📊 System Status - Queue: 0, Total Improvements: 1
[2025-07-30T21:12:00.519Z] [INFO] 🔍 Starting analysis cycle...
[2025-07-30T21:12:06.030Z] [INFO] 📊 Found 1 improvement opportunities
[2025-07-30T21:12:40.314Z] [INFO] 📊 System Status - Queue: 1, Total Improvements: 1
[2025-07-30T21:13:40.311Z] [INFO] 📊 System Status - Queue: 1, Total Improvements: 1
[2025-07-30T21:14:00.091Z] [INFO] 🔍 Starting analysis cycle...
[2025-07-30T21:14:05.773Z] [INFO] 📊 Found 1 improvement opportunities
[2025-07-30T21:14:40.310Z] [INFO] 📊 System Status - Queue: 2, Total Improvements: 1
[2025-07-30T21:15:00.811Z] [INFO] 🔄 Starting improvement cycle...
[2025-07-30T21:15:00.811Z] [INFO] 🔧 Implementing improvement: code_quality (fix_code_issues)
[2025-07-30T21:15:00.811Z] [INFO] Fixed console.log in automation/content-automation-manager.js
[2025-07-30T21:15:00.812Z] [INFO] Fixed console.log in automation/content-dashboard.js
[2025-07-30T21:15:00.812Z] [INFO] Fixed console.log in automation/content-monitor.js
[2025-07-30T21:15:00.813Z] [INFO] Fixed todo in automation/improvement-engine.js
[2025-07-30T21:15:00.813Z] [INFO] Fixed todo in automation/infinite-improvement-core.js
[2025-07-30T21:15:00.814Z] [INFO] Fixed todo in automation/infinite-improvement-system.js
[2025-07-30T21:15:00.815Z] [INFO] Fixed todo in automation_temp/automation_removed/automation_temp/continuous-improvement/ContinuousImprovement.js
[2025-07-30T21:15:00.815Z] [INFO] Fixed todo in automation_temp/automation_removed/automation_temp/cursor-automated-communication.js
[2025-07-30T21:15:00.815Z] [INFO] Fixed todo in automation_temp/automation_removed/automation_temp/cursor-automated-extension/background.js
[2025-07-30T21:15:00.816Z] [INFO] Fixed todo in automation_temp/automation_removed/automation_temp/cursor-chat-agents.js
[2025-07-30T21:15:00.816Z] [INFO] Fixed todo in automation_temp/automation_removed/automation_temp/cursor-chat-automation.js
[2025-07-30T21:15:00.817Z] [INFO] Fixed todo in automation_temp/automation_removed/automation_temp/total-control-improvement-system.js
[2025-07-30T21:15:00.818Z] [INFO] Fixed todo in automation_temp/tasks/codeQuality.js
[2025-07-30T21:15:00.818Z] [INFO] 🧪 Testing improvement: code_quality
[2025-07-30T21:15:01.361Z] [ERROR] ❌ Improvement test failed: Command failed: npm run build
sh: next: command not found

[2025-07-30T21:15:01.361Z] [ERROR] ❌ Failed to implement improvement: Command failed: npm run build
sh: next: command not found

[2025-07-30T21:15:01.361Z] [ERROR] ❌ Improvement failed: Command failed: npm run build
sh: next: command not found

[2025-07-30T21:15:01.361Z] [INFO] 🔧 Implementing improvement: code_quality (fix_code_issues)
[2025-07-30T21:15:01.362Z] [INFO] Fixed console.log in automation/content-automation-manager.js
[2025-07-30T21:15:01.362Z] [INFO] Fixed console.log in automation/content-dashboard.js
[2025-07-30T21:15:01.362Z] [INFO] Fixed console.log in automation/content-monitor.js
[2025-07-30T21:15:01.363Z] [INFO] Fixed todo in automation/improvement-engine.js
[2025-07-30T21:15:01.363Z] [INFO] Fixed todo in automation/infinite-improvement-core.js
[2025-07-30T21:15:01.364Z] [INFO] Fixed todo in automation/infinite-improvement-system.js
[2025-07-30T21:15:01.364Z] [INFO] Fixed todo in automation_temp/automation_removed/automation_temp/continuous-improvement/ContinuousImprovement.js
[2025-07-30T21:15:01.365Z] [INFO] Fixed todo in automation_temp/automation_removed/automation_temp/cursor-automated-communication.js
[2025-07-30T21:15:01.365Z] [INFO] Fixed todo in automation_temp/automation_removed/automation_temp/cursor-automated-extension/background.js
[2025-07-30T21:15:01.366Z] [INFO] Fixed todo in automation_temp/automation_removed/automation_temp/cursor-chat-agents.js
[2025-07-30T21:15:01.366Z] [INFO] Fixed todo in automation_temp/automation_removed/automation_temp/cursor-chat-automation.js
[2025-07-30T21:15:01.367Z] [INFO] Fixed todo in automation_temp/automation_removed/automation_temp/total-control-improvement-system.js
[2025-07-30T21:15:01.367Z] [INFO] Fixed todo in automation_temp/tasks/codeQuality.js
[2025-07-30T21:15:01.367Z] [INFO] 🧪 Testing improvement: code_quality
[2025-07-30T21:15:01.902Z] [ERROR] ❌ Improvement test failed: Command failed: npm run build
sh: next: command not found

[2025-07-30T21:15:01.902Z] [ERROR] ❌ Failed to implement improvement: Command failed: npm run build
sh: next: command not found

[2025-07-30T21:15:01.902Z] [ERROR] ❌ Improvement failed: Command failed: npm run build
sh: next: command not found

[2025-07-30T21:15:01.903Z] [INFO] ✅ Improvement cycle completed. Processed 2 improvements
[2025-07-30T21:15:40.308Z] [INFO] 📊 System Status - Queue: 0, Total Improvements: 3
[2025-07-30T21:16:00.936Z] [INFO] 🔍 Starting analysis cycle...
[2025-07-30T21:16:05.814Z] [INFO] 📊 Found 1 improvement opportunities
[2025-07-30T21:16:40.308Z] [INFO] 📊 System Status - Queue: 1, Total Improvements: 3
[2025-07-30T21:17:40.305Z] [INFO] 📊 System Status - Queue: 1, Total Improvements: 3
[2025-07-30T21:18:00.893Z] [INFO] 🔍 Starting analysis cycle...
[2025-07-30T21:18:06.205Z] [INFO] 📊 Found 1 improvement opportunities
[2025-07-30T21:18:40.303Z] [INFO] 📊 System Status - Queue: 2, Total Improvements: 3
[2025-07-30T21:19:40.301Z] [INFO] 📊 System Status - Queue: 2, Total Improvements: 3
[2025-07-30T21:20:00.256Z] [INFO] 🔄 Starting improvement cycle...
[2025-07-30T21:20:00.256Z] [INFO] 🔧 Implementing improvement: code_quality (fix_code_issues)
[2025-07-30T21:20:00.257Z] [INFO] Fixed console.log in automation/cursor-memory-generator.js
[2025-07-30T21:20:00.258Z] [INFO] Fixed console.log in automation/cursor-warning-fixer.js
[2025-07-30T21:20:00.258Z] [INFO] Fixed todo in automation/enhanced-improvement-engine.js
[2025-07-30T21:20:00.259Z] [INFO] Fixed console.log in automation/fix-cursor-warnings.js
[2025-07-30T21:20:00.259Z] [INFO] Fixed todo in automation/improvement-engine.js
[2025-07-30T21:20:00.260Z] [INFO] Fixed todo in automation/infinite-improvement-core.js
[2025-07-30T21:20:00.261Z] [INFO] Fixed console.log in automation/infinite-improvement-loop.js
[2025-07-30T21:20:00.262Z] [INFO] Fixed todo in automation/infinite-improvement-system.js
[2025-07-30T21:20:00.263Z] [INFO] Fixed console.log in automation/intelligent-improvement-system.js
[2025-07-30T21:20:00.263Z] [INFO] Fixed console.log in automation/quick-start.js
[2025-07-30T21:20:00.264Z] [INFO] Fixed todo in automation_temp/automation_removed/automation_temp/continuous-improvement/ContinuousImprovement.js
[2025-07-30T21:20:00.265Z] [INFO] Fixed todo in automation_temp/automation_removed/automation_temp/cursor-automated-communication.js
[2025-07-30T21:20:00.265Z] [INFO] Fixed todo in automation_temp/automation_removed/automation_temp/cursor-automated-extension/background.js
[2025-07-30T21:20:00.266Z] [INFO] Fixed todo in automation_temp/automation_removed/automation_temp/cursor-chat-agents.js
[2025-07-30T21:20:00.267Z] [INFO] Fixed todo in automation_temp/automation_removed/automation_temp/cursor-chat-automation.js
[2025-07-30T21:20:00.267Z] [INFO] Fixed todo in automation_temp/automation_removed/automation_temp/total-control-improvement-system.js
[2025-07-30T21:20:00.268Z] [INFO] Fixed todo in automation_temp/tasks/codeQuality.js
[2025-07-30T21:20:00.268Z] [INFO] 🧪 Testing improvement: code_quality
[2025-07-30T21:20:00.884Z] [ERROR] ❌ Improvement test failed: Command failed: npm run build
sh: next: command not found

[2025-07-30T21:20:00.885Z] [ERROR] ❌ Failed to implement improvement: Command failed: npm run build
sh: next: command not found

[2025-07-30T21:20:00.885Z] [ERROR] ❌ Improvement failed: Command failed: npm run build
sh: next: command not found

[2025-07-30T21:20:00.885Z] [INFO] 🔧 Implementing improvement: code_quality (fix_code_issues)
[2025-07-30T21:20:00.886Z] [INFO] Fixed console.log in automation/cursor-memory-generator.js
[2025-07-30T21:20:00.886Z] [INFO] Fixed console.log in automation/cursor-warning-fixer.js
[2025-07-30T21:20:00.887Z] [INFO] Fixed todo in automation/enhanced-improvement-engine.js
[2025-07-30T21:20:00.888Z] [INFO] Fixed console.log in automation/fix-cursor-warnings.js
[2025-07-30T21:20:00.888Z] [INFO] Fixed todo in automation/improvement-engine.js
[2025-07-30T21:20:00.889Z] [INFO] Fixed todo in automation/infinite-improvement-core.js
[2025-07-30T21:20:00.889Z] [INFO] Fixed console.log in automation/infinite-improvement-loop.js
[2025-07-30T21:20:00.890Z] [INFO] Fixed todo in automation/infinite-improvement-system.js
[2025-07-30T21:20:00.890Z] [INFO] Fixed console.log in automation/intelligent-improvement-system.js
[2025-07-30T21:20:00.891Z] [INFO] Fixed console.log in automation/quick-start.js
[2025-07-30T21:20:00.892Z] [INFO] Fixed todo in automation_temp/automation_removed/automation_temp/continuous-improvement/ContinuousImprovement.js
[2025-07-30T21:20:00.892Z] [INFO] Fixed todo in automation_temp/automation_removed/automation_temp/cursor-automated-communication.js
[2025-07-30T21:20:00.893Z] [INFO] Fixed todo in automation_temp/automation_removed/automation_temp/cursor-automated-extension/background.js
[2025-07-30T21:20:00.893Z] [INFO] Fixed todo in automation_temp/automation_removed/automation_temp/cursor-chat-agents.js
[2025-07-30T21:20:00.894Z] [INFO] Fixed todo in automation_temp/automation_removed/automation_temp/cursor-chat-automation.js
[2025-07-30T21:20:00.895Z] [INFO] Fixed todo in automation_temp/automation_removed/automation_temp/total-control-improvement-system.js
[2025-07-30T21:20:00.895Z] [INFO] Fixed todo in automation_temp/tasks/codeQuality.js
[2025-07-30T21:20:00.896Z] [INFO] 🧪 Testing improvement: code_quality
[2025-07-30T21:20:01.774Z] [ERROR] ❌ Improvement test failed: Command failed: npm run build
sh: next: command not found

[2025-07-30T21:20:01.774Z] [ERROR] ❌ Failed to implement improvement: Command failed: npm run build
sh: next: command not found

[2025-07-30T21:20:01.775Z] [ERROR] ❌ Improvement failed: Command failed: npm run build
sh: next: command not found

[2025-07-30T21:20:01.775Z] [INFO] ✅ Improvement cycle completed. Processed 2 improvements
[2025-07-30T21:20:40.298Z] [INFO] 📊 System Status - Queue: 0, Total Improvements: 5
[2025-07-30T21:21:40.295Z] [INFO] 📊 System Status - Queue: 0, Total Improvements: 5
[2025-07-30T21:22:00.827Z] [INFO] 🔍 Starting analysis cycle...
[2025-07-30T21:22:07.775Z] [INFO] 📊 Found 1 improvement opportunities
[2025-07-30T21:22:40.293Z] [INFO] 📊 System Status - Queue: 1, Total Improvements: 5
[2025-07-30T21:23:40.291Z] [INFO] 📊 System Status - Queue: 1, Total Improvements: 5
[2025-07-30T21:24:00.837Z] [INFO] 🔍 Starting analysis cycle...
[2025-07-30T21:24:09.371Z] [INFO] 📊 Found 1 improvement opportunities
[2025-07-30T21:24:40.288Z] [INFO] 📊 System Status - Queue: 2, Total Improvements: 5
[2025-07-30T21:25:00.394Z] [INFO] 🔄 Starting improvement cycle...
[2025-07-30T21:25:00.394Z] [INFO] 🔧 Implementing improvement: code_quality (fix_code_issues)
[2025-07-30T21:25:00.395Z] [INFO] Fixed todo in automation/enhanced-improvement-engine.js
[2025-07-30T21:25:00.395Z] [INFO] Fixed todo in automation/improvement-engine.js
[2025-07-30T21:25:00.396Z] [INFO] Fixed todo in automation/infinite-improvement-core.js
[2025-07-30T21:25:00.396Z] [INFO] Fixed todo in automation/infinite-improvement-system.js
[2025-07-30T21:25:00.397Z] [INFO] Fixed todo in automation_temp/automation_removed/automation_temp/continuous-improvement/ContinuousImprovement.js
[2025-07-30T21:25:00.397Z] [INFO] Fixed todo in automation_temp/automation_removed/automation_temp/cursor-automated-communication.js
[2025-07-30T21:25:00.398Z] [INFO] Fixed todo in automation_temp/automation_removed/automation_temp/cursor-automated-extension/background.js
[2025-07-30T21:25:00.398Z] [INFO] Fixed todo in automation_temp/automation_removed/automation_temp/cursor-chat-agents.js
[2025-07-30T21:25:00.399Z] [INFO] Fixed todo in automation_temp/automation_removed/automation_temp/cursor-chat-automation.js
[2025-07-30T21:25:00.400Z] [INFO] Fixed todo in automation_temp/automation_removed/automation_temp/total-control-improvement-system.js
[2025-07-30T21:25:00.400Z] [INFO] Fixed todo in automation_temp/tasks/codeQuality.js
[2025-07-30T21:25:00.400Z] [INFO] 🧪 Testing improvement: code_quality
[2025-07-30T21:25:08.976Z] [ERROR] ❌ Improvement test failed: Command failed: npm run build
 ⚠ The "experimental.esmExternals" option has been modified. experimental.esmExternals is not recommended to be modified as it may disrupt module resolution. It should be removed from your next.config.js.
Next.js build worker exited with code: null and signal: SIGBUS

[2025-07-30T21:25:08.976Z] [ERROR] ❌ Failed to implement improvement: Command failed: npm run build
 ⚠ The "experimental.esmExternals" option has been modified. experimental.esmExternals is not recommended to be modified as it may disrupt module resolution. It should be removed from your next.config.js.
Next.js build worker exited with code: null and signal: SIGBUS

[2025-07-30T21:25:08.977Z] [ERROR] ❌ Improvement failed: Command failed: npm run build
 ⚠ The "experimental.esmExternals" option has been modified. experimental.esmExternals is not recommended to be modified as it may disrupt module resolution. It should be removed from your next.config.js.
Next.js build worker exited with code: null and signal: SIGBUS

[2025-07-30T21:25:08.977Z] [INFO] 🔧 Implementing improvement: code_quality (fix_code_issues)
[2025-07-30T21:25:08.977Z] [INFO] Fixed todo in automation/enhanced-improvement-engine.js
[2025-07-30T21:25:08.978Z] [INFO] Fixed todo in automation/improvement-engine.js
[2025-07-30T21:25:08.978Z] [INFO] Fixed todo in automation/infinite-improvement-core.js
[2025-07-30T21:25:08.979Z] [INFO] Fixed todo in automation/infinite-improvement-system.js
[2025-07-30T21:25:08.979Z] [INFO] Fixed todo in automation_temp/automation_removed/automation_temp/continuous-improvement/ContinuousImprovement.js
[2025-07-30T21:25:08.980Z] [INFO] Fixed todo in automation_temp/automation_removed/automation_temp/cursor-automated-communication.js
[2025-07-30T21:25:08.980Z] [INFO] Fixed todo in automation_temp/automation_removed/automation_temp/cursor-automated-extension/background.js
[2025-07-30T21:25:08.981Z] [INFO] Fixed todo in automation_temp/automation_removed/automation_temp/cursor-chat-agents.js
[2025-07-30T21:25:08.981Z] [INFO] Fixed todo in automation_temp/automation_removed/automation_temp/cursor-chat-automation.js
[2025-07-30T21:25:08.982Z] [INFO] Fixed todo in automation_temp/automation_removed/automation_temp/total-control-improvement-system.js
[2025-07-30T21:25:08.982Z] [INFO] Fixed todo in automation_temp/tasks/codeQuality.js
[2025-07-30T21:25:08.983Z] [INFO] 🧪 Testing improvement: code_quality
[2025-07-30T21:25:18.530Z] [ERROR] ❌ Improvement test failed: Command failed: npm run build
 ⚠ The "experimental.esmExternals" option has been modified. experimental.esmExternals is not recommended to be modified as it may disrupt module resolution. It should be removed from your next.config.js.
Next.js build worker exited with code: null and signal: SIGBUS

[2025-07-30T21:25:18.530Z] [ERROR] ❌ Failed to implement improvement: Command failed: npm run build
 ⚠ The "experimental.esmExternals" option has been modified. experimental.esmExternals is not recommended to be modified as it may disrupt module resolution. It should be removed from your next.config.js.
Next.js build worker exited with code: null and signal: SIGBUS

[2025-07-30T21:25:18.532Z] [ERROR] ❌ Improvement failed: Command failed: npm run build
 ⚠ The "experimental.esmExternals" option has been modified. experimental.esmExternals is not recommended to be modified as it may disrupt module resolution. It should be removed from your next.config.js.
Next.js build worker exited with code: null and signal: SIGBUS

[2025-07-30T21:25:18.535Z] [INFO] ✅ Improvement cycle completed. Processed 2 improvements
[2025-07-30T21:25:40.287Z] [INFO] 📊 System Status - Queue: 0, Total Improvements: 7
[2025-07-30T21:26:00.557Z] [INFO] 🔍 Starting analysis cycle...
[2025-07-30T21:26:13.966Z] [INFO] 📊 Found 1 improvement opportunities
[2025-07-30T21:26:40.283Z] [INFO] 📊 System Status - Queue: 1, Total Improvements: 7
[2025-07-30T21:27:40.279Z] [INFO] 📊 System Status - Queue: 1, Total Improvements: 7
[2025-07-30T21:28:00.013Z] [INFO] 🔍 Starting analysis cycle...
[2025-07-30T21:28:06.190Z] [INFO] 📊 Found 1 improvement opportunities
[2025-07-30T21:28:40.279Z] [INFO] 📊 System Status - Queue: 2, Total Improvements: 7
[2025-07-30T21:29:40.276Z] [INFO] 📊 System Status - Queue: 2, Total Improvements: 7
[2025-07-30T21:30:00.259Z] [INFO] 🔄 Starting improvement cycle...
[2025-07-30T21:30:00.259Z] [INFO] 🔧 Implementing improvement: code_quality (fix_code_issues)
[2025-07-30T21:30:00.260Z] [INFO] Fixed todo in automation/enhanced-improvement-engine.js
[2025-07-30T21:30:00.260Z] [INFO] Fixed todo in automation/improvement-engine.js
[2025-07-30T21:30:00.261Z] [INFO] Fixed todo in automation/infinite-improvement-core.js
[2025-07-30T21:30:00.262Z] [INFO] Fixed todo in automation/infinite-improvement-system.js
[2025-07-30T21:30:00.262Z] [INFO] Fixed todo in automation_temp/automation_removed/automation_temp/continuous-improvement/ContinuousImprovement.js
[2025-07-30T21:30:00.263Z] [INFO] Fixed todo in automation_temp/automation_removed/automation_temp/cursor-automated-communication.js
[2025-07-30T21:30:00.263Z] [INFO] Fixed todo in automation_temp/automation_removed/automation_temp/cursor-automated-extension/background.js
[2025-07-30T21:30:00.264Z] [INFO] Fixed todo in automation_temp/automation_removed/automation_temp/cursor-chat-agents.js
[2025-07-30T21:30:00.264Z] [INFO] Fixed todo in automation_temp/automation_removed/automation_temp/cursor-chat-automation.js
[2025-07-30T21:30:00.265Z] [INFO] Fixed todo in automation_temp/automation_removed/automation_temp/total-control-improvement-system.js
[2025-07-30T21:30:00.265Z] [INFO] Fixed todo in automation_temp/tasks/codeQuality.js
[2025-07-30T21:30:00.266Z] [INFO] 🧪 Testing improvement: code_quality
[2025-07-30T21:30:00.791Z] [ERROR] ❌ Improvement test failed: Command failed: npm run build
sh: next: command not found

[2025-07-30T21:30:00.791Z] [ERROR] ❌ Failed to implement improvement: Command failed: npm run build
sh: next: command not found

[2025-07-30T21:30:00.791Z] [ERROR] ❌ Improvement failed: Command failed: npm run build
sh: next: command not found

[2025-07-30T21:30:00.791Z] [INFO] 🔧 Implementing improvement: code_quality (fix_code_issues)
[2025-07-30T21:30:00.792Z] [INFO] Fixed todo in automation/enhanced-improvement-engine.js
[2025-07-30T21:30:00.792Z] [INFO] Fixed todo in automation/improvement-engine.js
[2025-07-30T21:30:00.793Z] [INFO] Fixed todo in automation/infinite-improvement-core.js
[2025-07-30T21:30:00.794Z] [INFO] Fixed todo in automation/infinite-improvement-system.js
[2025-07-30T21:30:00.795Z] [INFO] Fixed todo in automation_temp/automation_removed/automation_temp/continuous-improvement/ContinuousImprovement.js
[2025-07-30T21:30:00.795Z] [INFO] Fixed todo in automation_temp/automation_removed/automation_temp/cursor-automated-communication.js
[2025-07-30T21:30:00.796Z] [INFO] Fixed todo in automation_temp/automation_removed/automation_temp/cursor-automated-extension/background.js
[2025-07-30T21:30:00.796Z] [INFO] Fixed todo in automation_temp/automation_removed/automation_temp/cursor-chat-agents.js
[2025-07-30T21:30:00.797Z] [INFO] Fixed todo in automation_temp/automation_removed/automation_temp/cursor-chat-automation.js
[2025-07-30T21:30:00.798Z] [INFO] Fixed todo in automation_temp/automation_removed/automation_temp/total-control-improvement-system.js
[2025-07-30T21:30:00.798Z] [INFO] Fixed todo in automation_temp/tasks/codeQuality.js
[2025-07-30T21:30:00.798Z] [INFO] 🧪 Testing improvement: code_quality
[2025-07-30T21:30:01.302Z] [ERROR] ❌ Improvement test failed: Command failed: npm run build
sh: next: command not found

[2025-07-30T21:30:01.302Z] [ERROR] ❌ Failed to implement improvement: Command failed: npm run build
sh: next: command not found

[2025-07-30T21:30:01.302Z] [ERROR] ❌ Improvement failed: Command failed: npm run build
sh: next: command not found

[2025-07-30T21:30:01.303Z] [INFO] ✅ Improvement cycle completed. Processed 2 improvements
[2025-07-30T21:30:01.613Z] [INFO] 🛑 Stopping Improvement Engine...
