[2025-07-30T22:11:01.702Z] [INFO] Starting Infinite Improvement Loop...
[2025-07-30T22:11:01.704Z] [INFO] Improvement interval: */10 * * * *
[2025-07-30T22:11:01.704Z] [INFO] Max improvements per hour: 6
[2025-07-30T22:11:01.705Z] [INFO] Max improvements per day: 24
[2025-07-30T22:11:01.711Z] [INFO] Infinite Improvement Loop started successfully
[2025-07-30T22:20:00.978Z] [INFO] Starting infinite improvement cycle...
[2025-07-30T22:20:00.979Z] [INFO] Generating intelligent improvements...
[2025-07-30T22:20:09.938Z] [INFO] Applying 5 improvements...
[2025-07-30T22:20:09.938Z] [INFO] Applying improvement: Fix TypeScript compilation errors
[2025-07-30T22:20:12.866Z] [ERROR] Failed to apply improvement: Fix TypeScript compilation errors - Command failed: npx tsc --noEmit
[2025-07-30T22:20:12.867Z] [INFO] Applying improvement: Add comprehensive documentation for pages and components
[2025-07-30T22:20:12.876Z] [INFO] Successfully applied: Add comprehensive documentation for pages and components
[2025-07-30T22:20:12.876Z] [INFO] Applying improvement: Optimize automation system performance and reliability
[2025-07-30T22:20:12.885Z] [INFO] Successfully applied: Optimize automation system performance and reliability
[2025-07-30T22:20:12.885Z] [INFO] Applying improvement: Add comprehensive health monitoring for automation system
[2025-07-30T22:20:12.895Z] [INFO] Successfully applied: Add comprehensive health monitoring for automation system
[2025-07-30T22:20:12.896Z] [INFO] Applying improvement: Generate 1 missing type definitions
[2025-07-30T22:20:12.905Z] [INFO] Successfully applied: Generate 1 missing type definitions
[2025-07-30T22:20:12.990Z] [INFO] Committing improvements...
[2025-07-30T22:20:20.663Z] [INFO] Pushing changes...
[2025-07-30T22:20:34.331Z] [INFO] Changes committed and pushed successfully
[2025-07-30T22:20:34.331Z] [INFO] Improvement cycle completed. Applied 4 improvements.
[2025-07-30T22:20:34.331Z] [INFO] Total improvements applied: 4
[2025-07-30T22:30:00.580Z] [INFO] Starting infinite improvement cycle...
[2025-07-30T22:30:00.581Z] [INFO] Generating intelligent improvements...
[2025-07-30T22:30:10.216Z] [INFO] Applying 5 improvements...
[2025-07-30T22:30:10.216Z] [INFO] Applying improvement: Fix TypeScript compilation errors
[2025-07-30T22:30:13.286Z] [ERROR] Failed to apply improvement: Fix TypeScript compilation errors - Command failed: npx tsc --noEmit
[2025-07-30T22:30:13.286Z] [INFO] Applying improvement: Add comprehensive documentation for pages and components
[2025-07-30T22:30:13.295Z] [INFO] Successfully applied: Add comprehensive documentation for pages and components
[2025-07-30T22:30:13.296Z] [INFO] Applying improvement: Optimize automation system performance and reliability
[2025-07-30T22:30:13.305Z] [INFO] Successfully applied: Optimize automation system performance and reliability
[2025-07-30T22:30:13.306Z] [INFO] Applying improvement: Add comprehensive health monitoring for automation system
[2025-07-30T22:30:13.315Z] [INFO] Successfully applied: Add comprehensive health monitoring for automation system
[2025-07-30T22:30:13.315Z] [INFO] Applying improvement: Generate 1 missing type definitions
[2025-07-30T22:30:13.324Z] [INFO] Successfully applied: Generate 1 missing type definitions
[2025-07-30T22:30:13.407Z] [INFO] Committing improvements...
[2025-07-30T22:30:29.155Z] [INFO] Pushing changes...
[2025-07-30T22:30:42.050Z] [INFO] Changes committed and pushed successfully
[2025-07-30T22:30:42.050Z] [INFO] Improvement cycle completed. Applied 4 improvements.
[2025-07-30T22:30:42.050Z] [INFO] Total improvements applied: 8
[2025-07-30T22:40:00.267Z] [INFO] Starting infinite improvement cycle...
[2025-07-30T22:40:00.267Z] [INFO] Hourly improvement limit reached, waiting...
[2025-07-30T22:53:20.625Z] [INFO] Starting Infinite Improvement Loop...
[2025-07-30T22:53:20.627Z] [INFO] Improvement interval: */10 * * * *
[2025-07-30T22:53:20.628Z] [INFO] Max improvements per hour: 6
[2025-07-30T22:53:20.628Z] [INFO] Max improvements per day: 24
[2025-07-30T22:53:20.635Z] [INFO] Infinite Improvement Loop started successfully
[2025-07-30T23:00:00.838Z] [INFO] Starting infinite improvement cycle...
[2025-07-30T23:00:00.838Z] [INFO] Hourly improvement limit reached, waiting...
[2025-07-30T23:00:16.450Z] [INFO] Starting Infinite Improvement Loop...
[2025-07-30T23:00:16.451Z] [INFO] Improvement interval: */10 * * * *
[2025-07-30T23:00:16.452Z] [INFO] Max improvements per hour: 6
[2025-07-30T23:00:16.452Z] [INFO] Max improvements per day: 24
[2025-07-30T23:00:16.458Z] [INFO] Infinite Improvement Loop started successfully
[2025-07-30T23:10:00.191Z] [INFO] Starting infinite improvement cycle...
[2025-07-30T23:10:00.191Z] [INFO] Hourly improvement limit reached, waiting...
[2025-07-30T23:10:00.826Z] [INFO] Starting infinite improvement cycle...
[2025-07-30T23:10:00.827Z] [INFO] Hourly improvement limit reached, waiting...
[2025-07-30T23:20:00.184Z] [INFO] Starting infinite improvement cycle...
[2025-07-30T23:20:00.184Z] [INFO] Hourly improvement limit reached, waiting...
[2025-07-30T23:20:00.563Z] [INFO] Starting infinite improvement cycle...
[2025-07-30T23:20:00.564Z] [INFO] Hourly improvement limit reached, waiting...
[2025-07-30T23:30:00.493Z] [INFO] Starting infinite improvement cycle...
[2025-07-30T23:30:00.494Z] [INFO] Hourly improvement limit reached, waiting...
[2025-07-30T23:30:00.850Z] [INFO] Starting infinite improvement cycle...
[2025-07-30T23:30:00.850Z] [INFO] Hourly improvement limit reached, waiting...
[2025-07-30T23:40:00.157Z] [INFO] Starting infinite improvement cycle...
[2025-07-30T23:40:00.157Z] [INFO] Hourly improvement limit reached, waiting...
[2025-07-30T23:40:00.766Z] [INFO] Starting infinite improvement cycle...
[2025-07-30T23:40:00.766Z] [INFO] Hourly improvement limit reached, waiting...
[2025-07-30T23:50:00.094Z] [INFO] Starting infinite improvement cycle...
[2025-07-30T23:50:00.094Z] [INFO] Hourly improvement limit reached, waiting...
[2025-07-30T23:50:00.434Z] [INFO] Starting infinite improvement cycle...
[2025-07-30T23:50:00.434Z] [INFO] Hourly improvement limit reached, waiting...
[2025-07-31T00:00:00.362Z] [INFO] Starting infinite improvement cycle...
[2025-07-31T00:00:00.362Z] [INFO] Hourly improvement limit reached, waiting...
[2025-07-31T00:00:00.683Z] [INFO] Starting infinite improvement cycle...
[2025-07-31T00:00:00.684Z] [INFO] Hourly improvement limit reached, waiting...
[2025-07-31T00:10:00.636Z] [INFO] Starting infinite improvement cycle...
[2025-07-31T00:10:00.637Z] [INFO] Hourly improvement limit reached, waiting...
[2025-07-31T00:10:00.953Z] [INFO] Starting infinite improvement cycle...
[2025-07-31T00:10:00.954Z] [INFO] Hourly improvement limit reached, waiting...
[2025-07-31T00:11:11.061Z] [INFO] Starting Infinite Improvement Loop...
[2025-07-31T00:11:11.160Z] [INFO] Improvement interval: */10 * * * *
[2025-07-31T00:11:11.162Z] [INFO] Max improvements per hour: 6
[2025-07-31T00:11:11.162Z] [INFO] Max improvements per day: 24
[2025-07-31T00:11:11.172Z] [INFO] Infinite Improvement Loop started successfully
[2025-07-31T00:11:24.019Z] [INFO] Starting Infinite Improvement Loop...
[2025-07-31T00:11:24.036Z] [INFO] Improvement interval: */10 * * * *
[2025-07-31T00:11:24.089Z] [INFO] Max improvements per hour: 6
[2025-07-31T00:11:24.211Z] [INFO] Max improvements per day: 24
[2025-07-31T00:11:24.258Z] [INFO] Infinite Improvement Loop started successfully
[2025-07-31T00:20:00.025Z] [INFO] Starting infinite improvement cycle...
[2025-07-31T00:20:00.026Z] [INFO] Hourly improvement limit reached, waiting...
[2025-07-31T00:20:00.245Z] [INFO] Starting infinite improvement cycle...
[2025-07-31T00:20:00.246Z] [INFO] Hourly improvement limit reached, waiting...
[2025-07-31T00:20:00.894Z] [INFO] Starting infinite improvement cycle...
[2025-07-31T00:20:01.079Z] [INFO] Hourly improvement limit reached, waiting...
[2025-07-31T00:26:26.504Z] [INFO] Starting Infinite Improvement Loop...
[2025-07-31T00:26:26.505Z] [INFO] Improvement interval: */10 * * * *
[2025-07-31T00:26:26.505Z] [INFO] Max improvements per hour: 6
[2025-07-31T00:26:26.505Z] [INFO] Max improvements per day: 24
[2025-07-31T00:26:26.511Z] [INFO] Infinite Improvement Loop started successfully
[2025-07-31T00:30:00.610Z] [INFO] Starting infinite improvement cycle...
[2025-07-31T00:30:00.612Z] [INFO] Hourly improvement limit reached, waiting...
[2025-07-31T00:40:00.219Z] [INFO] Starting infinite improvement cycle...
[2025-07-31T00:40:00.219Z] [INFO] Hourly improvement limit reached, waiting...
[2025-07-31T00:50:00.880Z] [INFO] Starting infinite improvement cycle...
[2025-07-31T00:50:00.881Z] [INFO] Daily improvement limit reached, waiting...
[2025-07-31T01:00:00.740Z] [INFO] Starting infinite improvement cycle...
[2025-07-31T01:00:00.741Z] [INFO] Daily improvement limit reached, waiting...
[2025-07-31T01:10:00.487Z] [INFO] Starting infinite improvement cycle...
[2025-07-31T01:10:00.527Z] [INFO] Daily improvement limit reached, waiting...
[2025-07-31T01:20:00.209Z] [INFO] Starting infinite improvement cycle...
[2025-07-31T01:20:00.210Z] [INFO] Daily improvement limit reached, waiting...
[2025-07-31T01:30:00.723Z] [INFO] Starting infinite improvement cycle...
[2025-07-31T01:30:00.723Z] [INFO] Daily improvement limit reached, waiting...
[2025-07-31T02:00:00.080Z] [INFO] Starting infinite improvement cycle...
[2025-07-31T02:00:00.080Z] [INFO] Daily improvement limit reached, waiting...
[2025-07-31T02:20:00.873Z] [INFO] Starting infinite improvement cycle...
[2025-07-31T02:20:00.913Z] [INFO] Daily improvement limit reached, waiting...
[2025-07-31T02:30:00.135Z] [INFO] Starting infinite improvement cycle...
[2025-07-31T02:30:00.135Z] [INFO] Daily improvement limit reached, waiting...
[2025-07-31T02:40:00.250Z] [INFO] Starting infinite improvement cycle...
[2025-07-31T02:40:00.251Z] [INFO] Daily improvement limit reached, waiting...
[2025-07-31T02:50:00.430Z] [INFO] Starting infinite improvement cycle...
[2025-07-31T02:50:00.470Z] [INFO] Daily improvement limit reached, waiting...
[2025-07-31T03:00:00.978Z] [INFO] Starting infinite improvement cycle...
[2025-07-31T03:00:00.979Z] [INFO] Daily improvement limit reached, waiting...
[2025-07-31T03:10:00.691Z] [INFO] Starting infinite improvement cycle...
[2025-07-31T03:10:00.732Z] [INFO] Daily improvement limit reached, waiting...
[2025-07-31T03:20:00.589Z] [INFO] Starting infinite improvement cycle...
[2025-07-31T03:20:00.711Z] [INFO] Daily improvement limit reached, waiting...
[2025-07-31T03:30:00.420Z] [INFO] Starting infinite improvement cycle...
[2025-07-31T03:30:00.422Z] [INFO] Daily improvement limit reached, waiting...
[2025-07-31T03:40:00.470Z] [INFO] Starting infinite improvement cycle...
[2025-07-31T03:40:00.599Z] [INFO] Daily improvement limit reached, waiting...
[2025-07-31T03:50:00.686Z] [INFO] Starting infinite improvement cycle...
[2025-07-31T03:50:00.687Z] [INFO] Daily improvement limit reached, waiting...
[2025-07-31T04:00:00.405Z] [INFO] Starting infinite improvement cycle...
[2025-07-31T04:00:00.405Z] [INFO] Daily improvement limit reached, waiting...
[2025-07-31T04:10:00.918Z] [INFO] Starting infinite improvement cycle...
[2025-07-31T04:10:00.918Z] [INFO] Daily improvement limit reached, waiting...
[2025-07-31T04:20:00.824Z] [INFO] Starting infinite improvement cycle...
[2025-07-31T04:20:00.825Z] [INFO] Daily improvement limit reached, waiting...
[2025-07-31T04:30:00.493Z] [INFO] Starting infinite improvement cycle...
[2025-07-31T04:30:00.523Z] [INFO] Daily improvement limit reached, waiting...
[2025-07-31T04:40:00.310Z] [INFO] Starting infinite improvement cycle...
[2025-07-31T04:40:00.310Z] [INFO] Daily improvement limit reached, waiting...
[2025-07-31T04:50:00.063Z] [INFO] Starting infinite improvement cycle...
[2025-07-31T04:50:00.063Z] [INFO] Daily improvement limit reached, waiting...
[2025-07-31T05:00:00.216Z] [INFO] Starting infinite improvement cycle...
[2025-07-31T05:00:00.256Z] [INFO] Daily improvement limit reached, waiting...
[2025-07-31T05:10:00.086Z] [INFO] Starting infinite improvement cycle...
[2025-07-31T05:10:00.087Z] [INFO] Daily improvement limit reached, waiting...
[2025-07-31T05:20:00.890Z] [INFO] Starting infinite improvement cycle...
[2025-07-31T05:20:00.890Z] [INFO] Daily improvement limit reached, waiting...
[2025-07-31T05:30:00.899Z] [INFO] Starting infinite improvement cycle...
[2025-07-31T05:30:00.899Z] [INFO] Daily improvement limit reached, waiting...
[2025-07-31T05:40:00.081Z] [INFO] Starting infinite improvement cycle...
[2025-07-31T05:40:00.081Z] [INFO] Daily improvement limit reached, waiting...
[2025-07-31T05:50:00.902Z] [INFO] Starting infinite improvement cycle...
[2025-07-31T05:50:00.952Z] [INFO] Daily improvement limit reached, waiting...
[2025-07-31T06:00:00.030Z] [INFO] Starting infinite improvement cycle...
[2025-07-31T06:00:00.031Z] [INFO] Daily improvement limit reached, waiting...
[2025-07-31T06:10:00.842Z] [INFO] Starting infinite improvement cycle...
[2025-07-31T06:10:00.843Z] [INFO] Daily improvement limit reached, waiting...
[2025-07-31T06:20:00.740Z] [INFO] Starting infinite improvement cycle...
[2025-07-31T06:20:00.741Z] [INFO] Daily improvement limit reached, waiting...
[2025-07-31T06:30:00.658Z] [INFO] Starting infinite improvement cycle...
[2025-07-31T06:30:00.659Z] [INFO] Daily improvement limit reached, waiting...
[2025-07-31T06:40:00.414Z] [INFO] Starting infinite improvement cycle...
[2025-07-31T06:40:00.414Z] [INFO] Daily improvement limit reached, waiting...
[2025-07-31T06:50:00.281Z] [INFO] Starting infinite improvement cycle...
[2025-07-31T06:50:00.282Z] [INFO] Daily improvement limit reached, waiting...
[2025-07-31T07:00:00.688Z] [INFO] Starting infinite improvement cycle...
[2025-07-31T07:00:00.689Z] [INFO] Daily improvement limit reached, waiting...
[2025-07-31T07:10:00.316Z] [INFO] Starting infinite improvement cycle...
[2025-07-31T07:10:00.317Z] [INFO] Daily improvement limit reached, waiting...
[2025-07-31T07:20:00.117Z] [INFO] Starting infinite improvement cycle...
[2025-07-31T07:20:00.117Z] [INFO] Daily improvement limit reached, waiting...
[2025-07-31T07:30:00.687Z] [INFO] Starting infinite improvement cycle...
[2025-07-31T07:30:00.687Z] [INFO] Daily improvement limit reached, waiting...
[2025-07-31T07:40:00.731Z] [INFO] Starting infinite improvement cycle...
[2025-07-31T07:40:00.778Z] [INFO] Daily improvement limit reached, waiting...
[2025-07-31T07:50:00.743Z] [INFO] Starting infinite improvement cycle...
[2025-07-31T07:50:00.743Z] [INFO] Daily improvement limit reached, waiting...
[2025-07-31T08:00:00.512Z] [INFO] Starting infinite improvement cycle...
[2025-07-31T08:00:00.553Z] [INFO] Daily improvement limit reached, waiting...
[2025-07-31T11:30:00.649Z] [INFO] Starting infinite improvement cycle...
[2025-07-31T11:30:00.770Z] [INFO] Generating intelligent improvements...
[2025-07-31T11:30:04.778Z] [INFO] Applying 5 improvements...
[2025-07-31T11:30:04.819Z] [INFO] Applying improvement: Fix TypeScript compilation errors
[2025-07-31T11:30:06.093Z] [ERROR] Failed to apply improvement: Fix TypeScript compilation errors - Command failed: npx tsc --noEmit
[2025-07-31T11:30:06.133Z] [INFO] Applying improvement: Optimize automation system performance and reliability
[2025-07-31T11:30:06.140Z] [INFO] Successfully applied: Optimize automation system performance and reliability
[2025-07-31T11:30:06.140Z] [INFO] Applying improvement: Add comprehensive health monitoring for automation system
[2025-07-31T11:30:06.146Z] [INFO] Successfully applied: Add comprehensive health monitoring for automation system
[2025-07-31T11:30:06.146Z] [INFO] Applying improvement: Generate 1 missing utility functions
[2025-07-31T11:30:06.152Z] [INFO] Successfully applied: Generate 1 missing utility functions
[2025-07-31T11:30:06.153Z] [INFO] Applying improvement: Generate 5 missing type definitions
[2025-07-31T11:30:06.158Z] [INFO] Successfully applied: Generate 5 missing type definitions
[2025-07-31T11:30:06.317Z] [INFO] Committing improvements...
[2025-07-31T11:30:06.389Z] [ERROR] Error committing/pushing changes: Command failed: git add .
fatal: Unable to create '/Users/miami2/Documents/GitHub/bolt.new.zion.app/.git/index.lock': File exists.

Another git process seems to be running in this repository, e.g.
an editor opened by 'git commit'. Please make sure all processes
are terminated then try again. If it still fails, a git process
may have crashed in this repository earlier:
remove the file manually to continue.

[2025-07-31T11:30:06.390Z] [INFO] Improvement cycle completed. Applied 4 improvements.
[2025-07-31T11:30:06.390Z] [INFO] Total improvements applied: 4
[2025-07-31T11:40:00.364Z] [INFO] Starting infinite improvement cycle...
[2025-07-31T11:40:00.365Z] [INFO] Generating intelligent improvements...
[2025-07-31T11:40:03.569Z] [INFO] Applying 5 improvements...
[2025-07-31T11:40:03.610Z] [INFO] Applying improvement: Fix TypeScript compilation errors
[2025-07-31T11:40:04.611Z] [ERROR] Failed to apply improvement: Fix TypeScript compilation errors - Command failed: npx tsc --noEmit
[2025-07-31T11:40:04.611Z] [INFO] Applying improvement: Optimize automation system performance and reliability
[2025-07-31T11:40:04.619Z] [INFO] Successfully applied: Optimize automation system performance and reliability
[2025-07-31T11:40:04.619Z] [INFO] Applying improvement: Add comprehensive health monitoring for automation system
[2025-07-31T11:40:04.628Z] [INFO] Successfully applied: Add comprehensive health monitoring for automation system
[2025-07-31T11:40:04.628Z] [INFO] Applying improvement: Generate 1 missing utility functions
[2025-07-31T11:40:04.637Z] [INFO] Successfully applied: Generate 1 missing utility functions
[2025-07-31T11:40:04.637Z] [INFO] Applying improvement: Generate 5 missing type definitions
[2025-07-31T11:40:04.645Z] [INFO] Successfully applied: Generate 5 missing type definitions
[2025-07-31T11:40:05.094Z] [INFO] Committing improvements...
[2025-07-31T11:40:05.802Z] [INFO] Pushing changes...
[2025-07-31T11:40:28.339Z] [ERROR] Error committing/pushing changes: Command failed: git push
remote: warning: File automation/logs/autonomous-system.log is 66.94 MB; this is larger than GitHub's recommended maximum file size of 50.00 MB        
remote: warning: File logs/enhanced-sync-manager.log is 54.28 MB; this is larger than GitHub's recommended maximum file size of 50.00 MB        
remote: warning: File logs/enhanced-sync-manager.log.backup is 69.54 MB; this is larger than GitHub's recommended maximum file size of 50.00 MB        
remote: warning: File logs/enhanced-sync-manager.log is 54.28 MB; this is larger than GitHub's recommended maximum file size of 50.00 MB        
remote: warning: File logs/enhanced-sync-manager.log is 54.28 MB; this is larger than GitHub's recommended maximum file size of 50.00 MB        
remote: warning: File logs/enhanced-sync-manager.log is 54.28 MB; this is larger than GitHub's recommended maximum file size of 50.00 MB        
remote: warning: File logs/enhanced-sync-manager.log is 54.28 MB; this is larger than GitHub's recommended maximum file size of 50.00 MB        
remote: error: Trace: 0e0591499d2cb0a67f4a998644f55e62caef3e396153244eeb7351b45f3670ed        
remote: error: See https://gh.io/lfs for more information.        
remote: error: File node_modules/@next/swc-darwin-x64/next-swc.darwin-x64.node is 119.14 MB; this exceeds GitHub's file size limit of 100.00 MB        
remote: error: GH001: Large files detected. You may want to try Git Large File Storage - https://git-lfs.github.com.        
To https://github.com/Zion-Holdings/zion.app.git
 ! [remote rejected]       main -> main (pre-receive hook declined)
error: failed to push some refs to 'https://github.com/Zion-Holdings/zion.app.git'

[2025-07-31T11:40:28.381Z] [INFO] Improvement cycle completed. Applied 4 improvements.
[2025-07-31T11:40:28.422Z] [INFO] Total improvements applied: 8
[2025-07-31T11:50:00.906Z] [INFO] Starting infinite improvement cycle...
[2025-07-31T11:50:00.907Z] [INFO] Hourly improvement limit reached, waiting...
