[2025-07-29T13:10:09.971Z] [INFINITE-LOOP] Starting improvement iteration 3 
[2025-07-29T13:10:09.971Z] [INFINITE-LOOP] Running code analysis... 
[2025-07-29T13:10:10.321Z] [INFINITE-LOOP] Code analysis completed: {"lintErrors":1,"testFailures":0,"buildIssues":0,"performanceIssues":0,"securityIssues":0}
[2025-07-29T13:10:10.321Z] [INFINITE-LOOP] Running automated fixes... 
[2025-07-29T13:10:10.673Z] [INFINITE-LOOP] Lint fix failed: Command failed: npm run lint:fix
npm error code EJSONPARSE
npm error JSON.parse Invalid package.json: JSONParseError: Unexpected end of JSON input while parsing empty string
npm error JSON.parse Failed to parse JSON data.
npm error JSON.parse Note: package.json must be actual JSON, not just JavaScript.
npm error A complete log of this run can be found in: /Users/miami2/.npm/_logs/2025-07-29T13_10_10_522Z-debug-0.log

[2025-07-29T13:10:11.019Z] [INFINITE-LOOP] Format fix failed: Command failed: npm run format
npm error code EJSONPARSE
npm error JSON.parse Invalid package.json: JSONParseError: Unexpected end of JSON input while parsing empty string
npm error JSON.parse Failed to parse JSON data.
npm error JSON.parse Note: package.json must be actual JSON, not just JavaScript.
npm error A complete log of this run can be found in: /Users/miami2/.npm/_logs/2025-07-29T13_10_10_871Z-debug-0.log

[2025-07-29T13:10:11.020Z] [INFINITE-LOOP] Automated fixes completed: 
[2025-07-29T13:10:11.020Z] [INFINITE-LOOP] Running security audit... 
[2025-07-29T13:10:12.437Z] [INFINITE-LOOP] Security fix failed: Command failed: npm audit fix
npm error code ENOLOCK
npm error audit This command requires an existing lockfile.
npm error audit Try creating one first with: npm i --package-lock-only
npm error audit Original error: loadVirtual requires existing shrinkwrap file
npm error A complete log of this run can be found in: /Users/miami2/.npm/_logs/2025-07-29T13_10_11_925Z-debug-0.log

[2025-07-29T13:10:12.438Z] [INFINITE-LOOP] Security audit completed: audit-failed
[2025-07-29T13:10:12.438Z] [INFINITE-LOOP] Running code analysis... 
[2025-07-29T13:10:12.765Z] [INFINITE-LOOP] Code analysis completed: {"lintErrors":1,"testFailures":0,"buildIssues":0,"performanceIssues":0,"securityIssues":0}
[2025-07-29T13:10:12.765Z] [INFINITE-LOOP] Iteration 3 completed in 2794ms 
[2025-07-29T13:10:12.766Z] [INFINITE-LOOP] Error saving state: ENOENT: no such file or directory, open '/Users/miami2/Documents/GitHub/bolt.new.zion.app/data/improvement-loop-state.json'
