[2025-07-30 12:21:52] Restarting all automation...
[2025-07-30 12:21:52] Stopping all automation...
[2025-07-30 12:21:52] All automation stopped
[2025-07-30 12:21:55] Starting all automation systems...
[2025-07-30 12:21:55] Starting sync daemon...
[2025-07-30 12:21:55] Starting sync daemon...
[2025-07-30 12:21:55] Sync daemon started with PID: 25630
[2025-07-30 12:21:57] Failed to start sync daemon
[2025-07-30 12:21:57] Failed to start sync daemon
[2025-07-30 12:21:57] Starting comprehensive sync manager...
file:///Users/miami2/Documents/GitHub/bolt.new.zion.app/automation/comprehensive-sync-manager.js:3
const { execSync, spawn } = require('child_process');
                            ^

ReferenceError: require is not defined in ES module scope, you can use import instead
This file is being treated as an ES module because it has a '.js' file extension and '/Users/miami2/Documents/GitHub/bolt.new.zion.app/package.json' contains "type": "module". To treat it as a CommonJS script, rename it to use the '.cjs' file extension.
    at file:///Users/miami2/Documents/GitHub/bolt.new.zion.app/automation/comprehensive-sync-manager.js:3:29
    at ModuleJob.run (node:internal/modules/esm/module_job:274:25)
    at async onImport.tracePromise.__proto__ (node:internal/modules/esm/loader:644:26)
    at async asyncRunEntryPointWithESMLoader (node:internal/modules/run_main:117:5)

Node.js v22.16.0
[2025-07-30 12:21:59] Failed to start comprehensive sync manager
[2025-07-30 12:21:59] Failed to start comprehensive sync manager
[2025-07-30 12:21:59] Checking cron jobs...
[2025-07-30 12:21:59] Minute sync cron job is active
[2025-07-30 12:21:59] Log rotation cron job not found
[2025-07-30 12:21:59] All automation systems launched
[2025-07-30 12:22:02] Checking automation status...
[2025-07-30 12:22:02] Checking cron jobs...
[2025-07-30 12:22:02] Minute sync cron job is active
[2025-07-30 12:22:02] Log rotation cron job not found
[2025-07-30 12:22:35] Restarting all automation...
[2025-07-30 12:22:35] Stopping all automation...
[2025-07-30 12:22:35] All automation stopped
[2025-07-30 12:22:38] Starting all automation systems...
[2025-07-30 12:22:38] Starting sync daemon...
[2025-07-30 12:22:38] Starting sync daemon...
[2025-07-30 12:22:38] Sync daemon started with PID: 27155
[2025-07-30 12:22:40] Failed to start sync daemon
[2025-07-30 12:22:40] Failed to start sync daemon
[2025-07-30 12:22:40] Starting comprehensive sync manager...
file:///Users/miami2/Documents/GitHub/bolt.new.zion.app/automation/comprehensive-sync-manager.js:3
const { execSync, spawn } = require('child_process');
                            ^

ReferenceError: require is not defined in ES module scope, you can use import instead
This file is being treated as an ES module because it has a '.js' file extension and '/Users/miami2/Documents/GitHub/bolt.new.zion.app/package.json' contains "type": "module". To treat it as a CommonJS script, rename it to use the '.cjs' file extension.
    at file:///Users/miami2/Documents/GitHub/bolt.new.zion.app/automation/comprehensive-sync-manager.js:3:29
    at ModuleJob.run (node:internal/modules/esm/module_job:274:25)
    at async onImport.tracePromise.__proto__ (node:internal/modules/esm/loader:644:26)
    at async asyncRunEntryPointWithESMLoader (node:internal/modules/run_main:117:5)

Node.js v22.16.0
[2025-07-30 12:22:42] Failed to start comprehensive sync manager
[2025-07-30 12:22:42] Failed to start comprehensive sync manager
[2025-07-30 12:22:42] Checking cron jobs...
[2025-07-30 12:22:42] Minute sync cron job is active
[2025-07-30 12:22:42] Log rotation cron job not found
[2025-07-30 12:22:42] All automation systems launched
[2025-07-30 12:23:24] Checking automation status...
[2025-07-30 12:23:24] Checking cron jobs...
[2025-07-30 12:23:24] Minute sync cron job is active
[2025-07-30 12:23:24] Log rotation cron job not found
[2025-07-30 12:24:22] Checking automation status...
[2025-07-30 12:24:22] Checking cron jobs...
[2025-07-30 12:24:22] Minute sync cron job is active
[2025-07-30 12:24:22] Log rotation cron job not found
[2025-07-30 13:47:04] Checking automation status...
[2025-07-30 13:47:04] Checking cron jobs...
[2025-07-30 13:47:04] Minute sync cron job is active
[2025-07-30 13:47:05] Log rotation cron job not found
[2025-07-30 13:47:11] Starting all automation systems...
[2025-07-30 13:47:11] Starting sync daemon...
[2025-07-30 13:47:11] Starting sync daemon...
[2025-07-30 13:47:11] Sync daemon started with PID: 95311
[2025-07-30 13:47:13] Failed to start sync daemon
[2025-07-30 13:47:13] Failed to start sync daemon
[2025-07-30 13:47:13] Starting comprehensive sync manager...
file:///Users/miami2/Documents/GitHub/bolt.new.zion.app/automation/comprehensive-sync-manager.js:3
const { execSync, spawn } = require('child_process');
                            ^

ReferenceError: require is not defined in ES module scope, you can use import instead
This file is being treated as an ES module because it has a '.js' file extension and '/Users/miami2/Documents/GitHub/bolt.new.zion.app/package.json' contains "type": "module". To treat it as a CommonJS script, rename it to use the '.cjs' file extension.
    at file:///Users/miami2/Documents/GitHub/bolt.new.zion.app/automation/comprehensive-sync-manager.js:3:29
    at ModuleJob.run (node:internal/modules/esm/module_job:274:25)
    at async onImport.tracePromise.__proto__ (node:internal/modules/esm/loader:644:26)
    at async asyncRunEntryPointWithESMLoader (node:internal/modules/run_main:117:5)

Node.js v22.16.0
[2025-07-30 13:47:15] Failed to start comprehensive sync manager
[2025-07-30 13:47:15] Failed to start comprehensive sync manager
[2025-07-30 13:47:15] Checking cron jobs...
[2025-07-30 13:47:15] Minute sync cron job is active
[2025-07-30 13:47:15] Log rotation cron job not found
[2025-07-30 13:47:15] All automation systems launched
