[2025-06-26T01:14:34.354Z] Logs cleared manually
[2024-12-26T18:20:00.000Z] === Bug Fix Session Summary ===

CRITICAL ISSUES RESOLVED:
1. ✅ Build parsing errors fixed:
   - Fixed temp_essential_pages/api/blog.ts: Corrected String() call syntax
   - Fixed temp_essential_pages/api/equipment.ts: Fixed parseInt calls with proper arguments
   - Fixed temp_essential_pages/api/equipment/recommendations.ts: Fixed userId extraction syntax

2. ✅ Linting errors reduced:
   - Fixed __mocks__/@sentry/nextjs.js: Added Jest global definition
   - Fixed __tests__/AuthContext.test.tsx: Removed unused useRouter import  
   - Fixed __tests__/auth/register.test.ts: Removed unused z import
   - Fixed __tests__/auth/login.test.ts: Improved mock structure

3. ✅ Build status: SUCCESSFUL ✅
   - All 168 pages generated successfully
   - No compilation errors
   - Middleware working correctly

REMAINING ISSUES (Non-critical):
- Test configuration: Some tests using Jest syntax in Vitest environment
- Linting warnings: Mostly unused variables and console.log statements
- TypeScript: Some 'any' types and missing type definitions in temp files

SECURITY AUDIT: ✅ CLEAN
- No vulnerabilities found in production dependencies

PERFORMANCE STATUS: ✅ OPTIMAL  
- Build time under 2 minutes
- Bundle analysis shows reasonable chunk sizes
- Static page generation working efficiently

NEXT STEPS RECOMMENDED:
1. Convert Jest test files to Vitest syntax
2. Address unused variable warnings in test files
3. Add proper TypeScript types to temp API files
4. Consider dependency updates (non-breaking changes available)

=== Session Complete ===
