[2025-07-30 10:23:10] Starting sync daemon...
[2025-07-30 10:23:10] Sync daemon started with PID: 72615
file:///Users/miami2/Documents/GitHub/bolt.new.zion.app/automation/enhanced-sync-automation.js:3
const { execSync, spawn } = require('child_process');
                            ^

ReferenceError: require is not defined in ES module scope, you can use import instead
This file is being treated as an ES module because it has a '.js' file extension and '/Users/miami2/Documents/GitHub/bolt.new.zion.app/package.json' contains "type": "module". To treat it as a CommonJS script, rename it to use the '.cjs' file extension.
    at file:///Users/miami2/Documents/GitHub/bolt.new.zion.app/automation/enhanced-sync-automation.js:3:29
    at ModuleJob.run (node:internal/modules/esm/module_job:274:25)
    at async onImport.tracePromise.__proto__ (node:internal/modules/esm/loader:644:26)
    at async asyncRunEntryPointWithESMLoader (node:internal/modules/run_main:117:5)

Node.js v22.16.0
[2025-07-30 10:46:53] Sync daemon is not running
[2025-07-30 10:46:58] Starting sync daemon...
[2025-07-30 10:46:58] Sync daemon started with PID: 96815
file:///Users/miami2/Documents/GitHub/bolt.new.zion.app/automation/enhanced-sync-automation.js:3
const { execSync, spawn } = require('child_process');
                            ^

ReferenceError: require is not defined in ES module scope, you can use import instead
This file is being treated as an ES module because it has a '.js' file extension and '/Users/miami2/Documents/GitHub/bolt.new.zion.app/package.json' contains "type": "module". To treat it as a CommonJS script, rename it to use the '.cjs' file extension.
    at file:///Users/miami2/Documents/GitHub/bolt.new.zion.app/automation/enhanced-sync-automation.js:3:29
    at ModuleJob.run (node:internal/modules/esm/module_job:274:25)
    at async onImport.tracePromise.__proto__ (node:internal/modules/esm/loader:644:26)
    at async asyncRunEntryPointWithESMLoader (node:internal/modules/run_main:117:5)

Node.js v22.16.0
[2025-07-30 12:21:55] Starting sync daemon...
[2025-07-30 12:21:55] Sync daemon started with PID: 25630
file:///Users/miami2/Documents/GitHub/bolt.new.zion.app/automation/enhanced-sync-automation.js:3
const { execSync, spawn } = require('child_process');
                            ^

ReferenceError: require is not defined in ES module scope, you can use import instead
This file is being treated as an ES module because it has a '.js' file extension and '/Users/miami2/Documents/GitHub/bolt.new.zion.app/package.json' contains "type": "module". To treat it as a CommonJS script, rename it to use the '.cjs' file extension.
    at file:///Users/miami2/Documents/GitHub/bolt.new.zion.app/automation/enhanced-sync-automation.js:3:29
    at ModuleJob.run (node:internal/modules/esm/module_job:274:25)
    at async onImport.tracePromise.__proto__ (node:internal/modules/esm/loader:644:26)
    at async asyncRunEntryPointWithESMLoader (node:internal/modules/run_main:117:5)

Node.js v22.16.0
[2025-07-30 12:22:38] Starting sync daemon...
[2025-07-30 12:22:38] Sync daemon started with PID: 27155
file:///Users/miami2/Documents/GitHub/bolt.new.zion.app/automation/enhanced-sync-automation.js:3
const { execSync, spawn } = require('child_process');
                            ^

ReferenceError: require is not defined in ES module scope, you can use import instead
This file is being treated as an ES module because it has a '.js' file extension and '/Users/miami2/Documents/GitHub/bolt.new.zion.app/package.json' contains "type": "module". To treat it as a CommonJS script, rename it to use the '.cjs' file extension.
    at file:///Users/miami2/Documents/GitHub/bolt.new.zion.app/automation/enhanced-sync-automation.js:3:29
    at ModuleJob.run (node:internal/modules/esm/module_job:274:25)
    at async onImport.tracePromise.__proto__ (node:internal/modules/esm/loader:644:26)
    at async asyncRunEntryPointWithESMLoader (node:internal/modules/run_main:117:5)

Node.js v22.16.0
[2025-07-30 13:47:11] Starting sync daemon...
[2025-07-30 13:47:11] Sync daemon started with PID: 95311
file:///Users/miami2/Documents/GitHub/bolt.new.zion.app/automation/enhanced-sync-automation.js:3
const { execSync, spawn } = require('child_process');
                            ^

ReferenceError: require is not defined in ES module scope, you can use import instead
This file is being treated as an ES module because it has a '.js' file extension and '/Users/miami2/Documents/GitHub/bolt.new.zion.app/package.json' contains "type": "module". To treat it as a CommonJS script, rename it to use the '.cjs' file extension.
    at file:///Users/miami2/Documents/GitHub/bolt.new.zion.app/automation/enhanced-sync-automation.js:3:29
    at ModuleJob.run (node:internal/modules/esm/module_job:274:25)
    at async onImport.tracePromise.__proto__ (node:internal/modules/esm/loader:644:26)
    at async asyncRunEntryPointWithESMLoader (node:internal/modules/run_main:117:5)

Node.js v22.16.0
