Starting system service...
[2025-07-30T12:50:23.3NZ] Running system service cycle...
[2025-07-30T12:50:23.3NZ] Checking git issues...
[2025-07-30T12:50:23.3NZ] Checking process issues...
[2025-07-30T12:50:23.3NZ] Checking build issues...
[2025-07-30T12:50:23.3NZ] Scanning error logs...
[2025-07-30T12:50:23.3NZ] Errors detected in advanced-error-fixer.log
[2025-07-30T12:50:23.3NZ] Errors detected in auto-improver.log
[2025-07-30T12:50:23.3NZ] Checking git issues...
[2025-07-30T12:50:23.3NZ] Checking process issues...
[2025-07-30T12:50:23.3NZ] Checking build issues...
[2025-07-30T12:50:24.3NZ] Errors detected in automation-manager.log
[2025-07-30T12:50:24.3NZ] Checking git issues...
[2025-07-30T12:50:24.3NZ] Checking build issues...
[2025-07-30T12:50:24.3NZ] Errors detected in build-monitor.log
[2025-07-30T12:50:24.3NZ] Checking git issues...
[2025-07-30T12:50:24.3NZ] Checking process issues...
[2025-07-30T12:50:24.3NZ] Checking build issues...
[2025-07-30T12:50:24.3NZ] Errors detected in comprehensive-error-monitor.log
[2025-07-30T12:50:24.3NZ] Checking build issues...
[2025-07-30T12:50:24.3NZ] Errors detected in comprehensive-errors.log
[2025-07-30T12:50:24.3NZ] Checking git issues...
[2025-07-30T12:50:24.3NZ] Checking process issues...
[2025-07-30T12:50:24.3NZ] Errors detected in cron-manager.log
[2025-07-30T12:50:24.3NZ] Checking git issues...
[2025-07-30T12:50:24.3NZ] Checking process issues...
[2025-07-30T12:50:24.3NZ] Checking build issues...
[2025-07-30T12:50:24.3NZ] Errors detected in error-monitor.log
[2025-07-30T12:50:24.3NZ] Checking process issues...
[2025-07-30T12:50:24.3NZ] Checking build issues...
[2025-07-30T12:50:24.3NZ] Errors detected in husky-cron-execution.log
[2025-07-30T12:50:25.3NZ] Errors detected in husky-error-fixer.log
[2025-07-30T12:50:25.3NZ] Errors detected in infinite-improvement-loop.log
[2025-07-30T12:50:25.3NZ] Checking build issues...
[2025-07-30T12:55:25.3NZ] Running system service cycle...
[2025-07-30T12:55:25.3NZ] Checking git issues...
[2025-07-30T12:55:25.3NZ] Checking process issues...
[2025-07-30T12:55:26.3NZ] Checking build issues...
[2025-07-30T12:55:26.3NZ] Scanning error logs...
[2025-07-30T12:55:26.3NZ] Errors detected in advanced-error-fixer.log
[2025-07-30T12:55:26.3NZ] Errors detected in auto-improver.log
[2025-07-30T12:55:26.3NZ] Checking git issues...
[2025-07-30T12:55:26.3NZ] Checking process issues...
[2025-07-30T12:55:26.3NZ] Checking build issues...
[2025-07-30T12:55:26.3NZ] Errors detected in automation-launch.log
[2025-07-30T12:55:26.3NZ] Checking process issues...
[2025-07-30T12:55:26.3NZ] Errors detected in automation-manager.log
[2025-07-30T12:55:26.3NZ] Checking git issues...
[2025-07-30T12:55:27.3NZ] Checking build issues...
[2025-07-30T12:55:27.3NZ] Errors detected in build-monitor.log
[2025-07-30T12:55:27.3NZ] Checking git issues...
[2025-07-30T12:55:27.3NZ] Checking process issues...
[2025-07-30T12:55:27.3NZ] Checking build issues...
[2025-07-30T12:55:27.3NZ] Errors detected in comprehensive-error-monitor.log
[2025-07-30T12:55:27.3NZ] Checking build issues...
[2025-07-30T12:55:27.3NZ] Errors detected in comprehensive-errors.log
[2025-07-30T12:55:27.3NZ] Checking git issues...
[2025-07-30T12:55:27.3NZ] Checking process issues...
[2025-07-30T12:55:27.3NZ] Errors detected in cron-manager.log
[2025-07-30T12:55:27.3NZ] Checking git issues...
[2025-07-30T12:55:27.3NZ] Checking process issues...
[2025-07-30T12:55:27.3NZ] Checking build issues...
[2025-07-30T12:55:27.3NZ] Errors detected in error-monitor.log
[2025-07-30T12:55:27.3NZ] Checking process issues...
[2025-07-30T12:55:28.3NZ] Errors detected in husky-cron-execution.log
[2025-07-30T12:55:28.3NZ] Errors detected in husky-error-fixer.log
[2025-07-30T12:55:28.3NZ] Errors detected in infinite-improvement-loop.log
[2025-07-30T12:55:28.3NZ] Checking build issues...
[2025-07-30T13:00:28.3NZ] Running system service cycle...
[2025-07-30T13:00:28.3NZ] Checking git issues...
[2025-07-30T13:00:28.3NZ] Checking process issues...
[2025-07-30T13:00:29.3NZ] Checking build issues...
[2025-07-30T13:00:29.3NZ] Scanning error logs...
[2025-07-30T13:00:29.3NZ] Errors detected in advanced-error-fixer.log
[2025-07-30T13:00:29.3NZ] Errors detected in auto-improver.log
[2025-07-30T13:00:29.3NZ] Checking git issues...
[2025-07-30T13:00:29.3NZ] Checking process issues...
[2025-07-30T13:00:29.3NZ] Checking build issues...
[2025-07-30T13:00:29.3NZ] Errors detected in automation-launch.log
[2025-07-30T13:00:29.3NZ] Checking process issues...
[2025-07-30T13:00:30.3NZ] Errors detected in automation-manager.log
[2025-07-30T13:00:30.3NZ] Checking git issues...
[2025-07-30T13:00:30.3NZ] Checking build issues...
[2025-07-30T13:00:30.3NZ] Errors detected in build-monitor.log
[2025-07-30T13:00:30.3NZ] Checking git issues...
[2025-07-30T13:00:30.3NZ] Checking process issues...
[2025-07-30T13:00:30.3NZ] Checking build issues...
[2025-07-30T13:00:30.3NZ] Errors detected in comprehensive-error-monitor.log
[2025-07-30T13:00:30.3NZ] Checking build issues...
[2025-07-30T13:00:30.3NZ] Errors detected in comprehensive-errors.log
[2025-07-30T13:00:30.3NZ] Checking git issues...
[2025-07-30T13:00:30.3NZ] Checking process issues...
[2025-07-30T13:00:30.3NZ] Errors detected in cron-manager.log
[2025-07-30T13:00:30.3NZ] Checking git issues...
[2025-07-30T13:00:30.3NZ] Checking process issues...
[2025-07-30T13:00:30.3NZ] Checking build issues...
[2025-07-30T13:00:30.3NZ] Errors detected in error-monitor.log
[2025-07-30T13:00:31.3NZ] Checking process issues...
[2025-07-30T13:00:31.3NZ] Checking build issues...
[2025-07-30T13:00:31.3NZ] Errors detected in husky-cron-execution.log
[2025-07-30T13:00:31.3NZ] Errors detected in husky-error-fixer.log
[2025-07-30T13:00:31.3NZ] Errors detected in infinite-improvement-loop.log
[2025-07-30T13:00:31.3NZ] Checking build issues...
[2025-07-30T13:00:32.3NZ] Committing changes...
[main 41bc1e3947] Auto-fix: System maintenance Wed Jul 30 10:00:32 -03 2025
 7 files changed, 161 insertions(+)
[2025-07-30T13:05:36.3NZ] Running system service cycle...
[2025-07-30T13:05:36.3NZ] Checking git issues...
[2025-07-30T13:05:36.3NZ] Checking process issues...
[2025-07-30T13:05:36.3NZ] Checking build issues...
[2025-07-30T13:05:36.3NZ] Scanning error logs...
[2025-07-30T13:05:36.3NZ] Errors detected in advanced-error-fixer.log
[2025-07-30T13:05:36.3NZ] Errors detected in auto-improver.log
[2025-07-30T13:05:36.3NZ] Checking git issues...
[2025-07-30T13:05:37.3NZ] Checking process issues...
[2025-07-30T13:05:37.3NZ] Checking build issues...
[2025-07-30T13:05:37.3NZ] Errors detected in automation-launch.log
[2025-07-30T13:05:37.3NZ] Checking process issues...
[2025-07-30T13:05:37.3NZ] Errors detected in automation-manager.log
[2025-07-30T13:05:37.3NZ] Checking git issues...
[2025-07-30T13:05:37.3NZ] Checking build issues...
[2025-07-30T13:05:37.3NZ] Errors detected in build-monitor.log
[2025-07-30T13:05:37.3NZ] Checking git issues...
[2025-07-30T13:05:37.3NZ] Checking process issues...
[2025-07-30T13:05:37.3NZ] Checking build issues...
[2025-07-30T13:05:37.3NZ] Errors detected in comprehensive-error-monitor.log
[2025-07-30T13:05:37.3NZ] Checking build issues...
[2025-07-30T13:05:37.3NZ] Errors detected in comprehensive-errors.log
[2025-07-30T13:05:37.3NZ] Checking git issues...
[2025-07-30T13:05:37.3NZ] Checking process issues...
[2025-07-30T13:05:37.3NZ] Errors detected in cron-manager.log
[2025-07-30T13:05:37.3NZ] Checking git issues...
[2025-07-30T13:05:37.3NZ] Checking process issues...
[2025-07-30T13:05:37.3NZ] Checking build issues...
[2025-07-30T13:05:37.3NZ] Errors detected in error-monitor.log
[2025-07-30T13:05:37.3NZ] Checking process issues...
[2025-07-30T13:05:37.3NZ] Checking build issues...
[2025-07-30T13:05:38.3NZ] Errors detected in husky-cron-execution.log
[2025-07-30T13:05:38.3NZ] Errors detected in husky-error-fixer.log
[2025-07-30T13:05:38.3NZ] Errors detected in infinite-improvement-loop.log
[2025-07-30T13:05:38.3NZ] Checking build issues...
[2025-07-30T13:10:39.3NZ] Running system service cycle...
[2025-07-30T13:10:39.3NZ] Checking git issues...
[2025-07-30T13:10:39.3NZ] Checking process issues...
[2025-07-30T13:10:39.3NZ] Checking build issues...
[2025-07-30T13:10:39.3NZ] Scanning error logs...
[2025-07-30T13:10:39.3NZ] Errors detected in advanced-error-fixer.log
[2025-07-30T13:10:40.3NZ] Errors detected in auto-improver.log
[2025-07-30T13:10:40.3NZ] Checking git issues...
[2025-07-30T13:10:40.3NZ] Checking process issues...
[2025-07-30T13:10:40.3NZ] Checking build issues...
[2025-07-30T13:10:40.3NZ] Errors detected in automation-launch.log
[2025-07-30T13:10:40.3NZ] Checking process issues...
[2025-07-30T13:10:40.3NZ] Errors detected in automation-manager.log
[2025-07-30T13:10:40.3NZ] Checking git issues...
[2025-07-30T13:10:40.3NZ] Checking build issues...
[2025-07-30T13:10:40.3NZ] Errors detected in build-monitor.log
[2025-07-30T13:10:40.3NZ] Checking git issues...
[2025-07-30T13:10:41.3NZ] Checking process issues...
[2025-07-30T13:10:41.3NZ] Checking build issues...
[2025-07-30T13:10:41.3NZ] Errors detected in comprehensive-error-monitor.log
[2025-07-30T13:10:41.3NZ] Checking build issues...
[2025-07-30T13:10:41.3NZ] Errors detected in comprehensive-errors.log
[2025-07-30T13:10:41.3NZ] Checking git issues...
[2025-07-30T13:10:41.3NZ] Checking process issues...
[2025-07-30T13:10:41.3NZ] Errors detected in cron-manager.log
[2025-07-30T13:10:41.3NZ] Checking git issues...
[2025-07-30T13:10:41.3NZ] Checking process issues...
[2025-07-30T13:10:41.3NZ] Checking build issues...
[2025-07-30T13:10:41.3NZ] Errors detected in error-monitor.log
[2025-07-30T13:10:41.3NZ] Checking process issues...
[2025-07-30T13:10:41.3NZ] Checking build issues...
[2025-07-30T13:10:42.3NZ] Errors detected in husky-cron-execution.log
[2025-07-30T13:10:42.3NZ] Errors detected in husky-error-fixer.log
[2025-07-30T13:10:43.3NZ] Errors detected in infinite-improvement-loop.log
[2025-07-30T13:10:43.3NZ] Checking build issues...
[2025-07-30T13:15:45.3NZ] Running system service cycle...
[2025-07-30T13:15:45.3NZ] Checking git issues...
[2025-07-30T13:15:45.3NZ] Checking process issues...
[2025-07-30T13:15:45.3NZ] Checking build issues...
[2025-07-30T13:15:45.3NZ] Scanning error logs...
[2025-07-30T13:15:45.3NZ] Errors detected in advanced-error-fixer.log
[2025-07-30T13:15:45.3NZ] Errors detected in auto-improver.log
[2025-07-30T13:15:45.3NZ] Checking git issues...
[2025-07-30T13:15:45.3NZ] Checking process issues...
[2025-07-30T13:15:45.3NZ] Checking build issues...
[2025-07-30T13:15:45.3NZ] Errors detected in automation-launch.log
[2025-07-30T13:15:45.3NZ] Checking process issues...
[2025-07-30T13:15:45.3NZ] Errors detected in automation-manager.log
[2025-07-30T13:15:45.3NZ] Checking git issues...
[2025-07-30T13:15:45.3NZ] Checking build issues...
[2025-07-30T13:15:46.3NZ] Errors detected in build-monitor.log
[2025-07-30T13:15:46.3NZ] Checking git issues...
[2025-07-30T13:15:46.3NZ] Checking process issues...
[2025-07-30T13:15:46.3NZ] Checking build issues...
[2025-07-30T13:15:46.3NZ] Errors detected in comprehensive-error-monitor.log
[2025-07-30T13:15:46.3NZ] Checking build issues...
[2025-07-30T13:15:46.3NZ] Errors detected in comprehensive-errors.log
[2025-07-30T13:15:46.3NZ] Checking git issues...
[2025-07-30T13:15:46.3NZ] Checking process issues...
[2025-07-30T13:15:46.3NZ] Errors detected in cron-manager.log
[2025-07-30T13:15:46.3NZ] Checking git issues...
[2025-07-30T13:15:46.3NZ] Checking process issues...
[2025-07-30T13:15:46.3NZ] Checking build issues...
[2025-07-30T13:15:46.3NZ] Errors detected in error-monitor.log
[2025-07-30T13:15:46.3NZ] Checking process issues...
[2025-07-30T13:15:46.3NZ] Checking build issues...
[2025-07-30T13:15:46.3NZ] Errors detected in husky-cron-execution.log
[2025-07-30T13:15:47.3NZ] Errors detected in husky-error-fixer.log
[2025-07-30T13:15:47.3NZ] Errors detected in infinite-improvement-loop.log
[2025-07-30T13:15:47.3NZ] Checking build issues...
[2025-07-30T13:20:47.3NZ] Running system service cycle...
[2025-07-30T13:20:47.3NZ] Checking git issues...
[2025-07-30T13:20:47.3NZ] Checking process issues...
[2025-07-30T13:20:48.3NZ] Checking build issues...
[2025-07-30T13:20:48.3NZ] Scanning error logs...
[2025-07-30T13:20:48.3NZ] Errors detected in advanced-error-fixer.log
[2025-07-30T13:20:48.3NZ] Errors detected in auto-improver.log
[2025-07-30T13:20:48.3NZ] Checking git issues...
[2025-07-30T13:20:48.3NZ] Checking process issues...
[2025-07-30T13:20:48.3NZ] Checking build issues...
[2025-07-30T13:20:48.3NZ] Errors detected in automation-launch.log
[2025-07-30T13:20:48.3NZ] Checking process issues...
[2025-07-30T13:20:48.3NZ] Errors detected in automation-manager.log
[2025-07-30T13:20:48.3NZ] Checking git issues...
[2025-07-30T13:20:48.3NZ] Checking build issues...
[2025-07-30T13:20:49.3NZ] Errors detected in build-monitor.log
[2025-07-30T13:20:49.3NZ] Checking git issues...
[2025-07-30T13:20:49.3NZ] Checking process issues...
[2025-07-30T13:20:49.3NZ] Checking build issues...
[2025-07-30T13:20:49.3NZ] Errors detected in comprehensive-error-monitor.log
[2025-07-30T13:20:49.3NZ] Checking build issues...
[2025-07-30T13:20:49.3NZ] Errors detected in comprehensive-errors.log
[2025-07-30T13:20:49.3NZ] Checking git issues...
[2025-07-30T13:20:49.3NZ] Checking process issues...
[2025-07-30T13:20:49.3NZ] Errors detected in cron-manager.log
[2025-07-30T13:20:49.3NZ] Checking git issues...
[2025-07-30T13:20:49.3NZ] Checking process issues...
[2025-07-30T13:20:49.3NZ] Checking build issues...
[2025-07-30T13:20:49.3NZ] Errors detected in error-monitor.log
[2025-07-30T13:20:49.3NZ] Checking process issues...
[2025-07-30T13:20:49.3NZ] Checking build issues...
[2025-07-30T13:20:50.3NZ] Errors detected in husky-cron-execution.log
[2025-07-30T13:20:50.3NZ] Errors detected in husky-error-fixer.log
[2025-07-30T13:20:50.3NZ] Errors detected in infinite-improvement-loop.log
[2025-07-30T13:20:50.3NZ] Checking build issues...
[2025-07-30T13:25:51.3NZ] Running system service cycle...
[2025-07-30T13:25:51.3NZ] Checking git issues...
[2025-07-30T13:25:51.3NZ] Checking process issues...
[2025-07-30T13:25:51.3NZ] Checking build issues...
[2025-07-30T13:25:51.3NZ] Scanning error logs...
[2025-07-30T13:25:51.3NZ] Errors detected in advanced-error-fixer.log
[2025-07-30T13:25:51.3NZ] Errors detected in auto-improver.log
[2025-07-30T13:25:51.3NZ] Checking git issues...
[2025-07-30T13:25:51.3NZ] Checking process issues...
[2025-07-30T13:25:51.3NZ] Checking build issues...
[2025-07-30T13:25:51.3NZ] Errors detected in automation-launch.log
[2025-07-30T13:25:51.3NZ] Checking process issues...
[2025-07-30T13:25:51.3NZ] Errors detected in automation-manager.log
[2025-07-30T13:25:51.3NZ] Checking git issues...
[2025-07-30T13:25:51.3NZ] Checking build issues...
[2025-07-30T13:25:51.3NZ] Errors detected in build-monitor.log
[2025-07-30T13:25:51.3NZ] Checking git issues...
[2025-07-30T13:25:51.3NZ] Checking process issues...
[2025-07-30T13:25:51.3NZ] Checking build issues...
[2025-07-30T13:25:51.3NZ] Errors detected in comprehensive-error-monitor.log
[2025-07-30T13:25:51.3NZ] Checking build issues...
[2025-07-30T13:25:51.3NZ] Errors detected in comprehensive-errors.log
[2025-07-30T13:25:51.3NZ] Checking git issues...
[2025-07-30T13:25:51.3NZ] Checking process issues...
[2025-07-30T13:25:51.3NZ] Errors detected in cron-manager.log
[2025-07-30T13:25:51.3NZ] Checking git issues...
[2025-07-30T13:25:51.3NZ] Checking process issues...
[2025-07-30T13:25:52.3NZ] Checking build issues...
[2025-07-30T13:25:52.3NZ] Errors detected in cron-sync.log
[2025-07-30T13:25:52.3NZ] Checking process issues...
[2025-07-30T13:25:52.3NZ] Errors detected in error-monitor.log
[2025-07-30T13:25:52.3NZ] Checking process issues...
[2025-07-30T13:25:52.3NZ] Checking build issues...
[2025-07-30T13:25:52.3NZ] Errors detected in husky-cron-execution.log
[2025-07-30T13:25:52.3NZ] Errors detected in husky-error-fixer.log
[2025-07-30T13:25:52.3NZ] Errors detected in infinite-improvement-loop.log
[2025-07-30T13:25:52.3NZ] Checking build issues...
[2025-07-30T13:25:52.3NZ] Errors detected in minute-sync.log
[2025-07-30T13:25:52.3NZ] Checking git issues...
[2025-07-30T13:30:52.3NZ] Running system service cycle...
[2025-07-30T13:30:52.3NZ] Checking git issues...
[2025-07-30T13:30:52.3NZ] Checking process issues...
[2025-07-30T13:30:53.3NZ] Checking build issues...
[2025-07-30T13:30:53.3NZ] Scanning error logs...
[2025-07-30T13:30:53.3NZ] Errors detected in advanced-error-fixer.log
[2025-07-30T13:30:56.3NZ] Errors detected in auto-improver.log
[2025-07-30T13:30:56.3NZ] Checking git issues...
[2025-07-30T13:30:56.3NZ] Checking process issues...
[2025-07-30T13:30:56.3NZ] Checking build issues...
[2025-07-30T13:30:56.3NZ] Errors detected in automation-launch.log
[2025-07-30T13:30:56.3NZ] Checking process issues...
[2025-07-30T13:30:56.3NZ] Errors detected in automation-manager.log
[2025-07-30T13:30:56.3NZ] Checking git issues...
[2025-07-30T13:30:56.3NZ] Checking build issues...
[2025-07-30T13:30:56.3NZ] Errors detected in build-monitor.log
[2025-07-30T13:30:56.3NZ] Checking git issues...
[2025-07-30T13:30:56.3NZ] Checking process issues...
[2025-07-30T13:30:57.3NZ] Checking build issues...
[2025-07-30T13:30:57.3NZ] Errors detected in comprehensive-error-monitor.log
[2025-07-30T13:30:57.3NZ] Checking build issues...
[2025-07-30T13:30:57.3NZ] Errors detected in comprehensive-errors.log
[2025-07-30T13:30:57.3NZ] Checking git issues...
[2025-07-30T13:30:57.3NZ] Checking process issues...
[2025-07-30T13:30:57.3NZ] Errors detected in cron-manager.log
[2025-07-30T13:30:57.3NZ] Checking git issues...
[2025-07-30T13:30:57.3NZ] Checking process issues...
[2025-07-30T13:30:57.3NZ] Checking build issues...
[2025-07-30T13:30:57.3NZ] Errors detected in cron-sync.log
[2025-07-30T13:30:57.3NZ] Checking process issues...
[2025-07-30T13:30:58.3NZ] Errors detected in error-monitor.log
[2025-07-30T13:30:58.3NZ] Checking process issues...
[2025-07-30T13:30:58.3NZ] Checking build issues...
[2025-07-30T13:30:59.3NZ] Errors detected in husky-cron-execution.log
[2025-07-30T13:31:00.3NZ] Errors detected in husky-error-fixer.log
[2025-07-30T13:31:00.3NZ] Errors detected in infinite-improvement-loop.log
[2025-07-30T13:31:00.3NZ] Checking build issues...
[2025-07-30T13:31:02.3NZ] Errors detected in minute-sync.log
[2025-07-30T13:31:02.3NZ] Checking git issues...
[2025-07-30T13:36:04.3NZ] Running system service cycle...
[2025-07-30T13:36:04.3NZ] Checking git issues...
[2025-07-30T13:36:04.3NZ] Checking process issues...
[2025-07-30T13:36:04.3NZ] Checking build issues...
[2025-07-30T13:36:04.3NZ] Scanning error logs...
[2025-07-30T13:36:04.3NZ] Errors detected in advanced-error-fixer.log
[2025-07-30T13:36:05.3NZ] Errors detected in auto-improver.log
[2025-07-30T13:36:05.3NZ] Checking git issues...
[2025-07-30T13:36:05.3NZ] Checking process issues...
[2025-07-30T13:36:05.3NZ] Checking build issues...
[2025-07-30T13:36:06.3NZ] Errors detected in automation-launch.log
[2025-07-30T13:36:06.3NZ] Checking process issues...
[2025-07-30T13:36:06.3NZ] Errors detected in automation-manager.log
[2025-07-30T13:36:06.3NZ] Checking git issues...
[2025-07-30T13:36:06.3NZ] Checking build issues...
[2025-07-30T13:36:06.3NZ] Errors detected in build-monitor.log
[2025-07-30T13:36:06.3NZ] Checking git issues...
[2025-07-30T13:36:06.3NZ] Checking process issues...
[2025-07-30T13:36:06.3NZ] Checking build issues...
[2025-07-30T13:36:06.3NZ] Errors detected in comprehensive-error-monitor.log
[2025-07-30T13:36:06.3NZ] Checking build issues...
[2025-07-30T13:36:06.3NZ] Errors detected in comprehensive-errors.log
[2025-07-30T13:36:06.3NZ] Checking git issues...
[2025-07-30T13:36:06.3NZ] Checking process issues...
[2025-07-30T13:36:06.3NZ] Errors detected in cron-manager.log
[2025-07-30T13:36:06.3NZ] Checking git issues...
[2025-07-30T13:36:06.3NZ] Checking process issues...
[2025-07-30T13:36:07.3NZ] Checking build issues...
[2025-07-30T13:36:07.3NZ] Errors detected in cron-sync.log
[2025-07-30T13:36:07.3NZ] Checking process issues...
[2025-07-30T13:36:07.3NZ] Errors detected in error-monitor.log
[2025-07-30T13:36:07.3NZ] Checking process issues...
[2025-07-30T13:36:07.3NZ] Checking build issues...
[2025-07-30T13:36:08.3NZ] Errors detected in husky-cron-execution.log
[2025-07-30T13:36:08.3NZ] Errors detected in husky-error-fixer.log
[2025-07-30T13:36:08.3NZ] Errors detected in infinite-improvement-loop.log
[2025-07-30T13:36:08.3NZ] Checking build issues...
[2025-07-30T13:36:10.3NZ] Errors detected in minute-sync.log
[2025-07-30T13:36:10.3NZ] Checking git issues...
[2025-07-30T13:41:11.3NZ] Running system service cycle...
[2025-07-30T13:41:11.3NZ] Checking git issues...
[2025-07-30T13:41:11.3NZ] Checking process issues...
[2025-07-30T13:41:11.3NZ] Checking build issues...
[2025-07-30T13:41:11.3NZ] Scanning error logs...
[2025-07-30T13:41:11.3NZ] Errors detected in advanced-error-fixer.log
[2025-07-30T13:41:14.3NZ] Errors detected in auto-improver.log
[2025-07-30T13:41:14.3NZ] Checking git issues...
[2025-07-30T13:41:14.3NZ] Checking process issues...
[2025-07-30T13:41:15.3NZ] Checking build issues...
[2025-07-30T13:41:15.3NZ] Errors detected in automation-launch.log
[2025-07-30T13:41:15.3NZ] Checking process issues...
[2025-07-30T13:41:15.3NZ] Errors detected in automation-manager.log
[2025-07-30T13:41:15.3NZ] Checking git issues...
[2025-07-30T13:41:15.3NZ] Checking build issues...
[2025-07-30T13:41:15.3NZ] Errors detected in build-monitor.log
[2025-07-30T13:41:15.3NZ] Checking git issues...
[2025-07-30T13:41:15.3NZ] Checking process issues...
[2025-07-30T13:41:15.3NZ] Checking build issues...
[2025-07-30T13:41:15.3NZ] Errors detected in comprehensive-error-monitor.log
[2025-07-30T13:41:15.3NZ] Checking build issues...
[2025-07-30T13:41:15.3NZ] Errors detected in comprehensive-errors.log
[2025-07-30T13:41:15.3NZ] Checking git issues...
[2025-07-30T13:41:15.3NZ] Checking process issues...
[2025-07-30T13:41:16.3NZ] Errors detected in cron-manager.log
[2025-07-30T13:41:16.3NZ] Checking git issues...
[2025-07-30T13:41:16.3NZ] Checking process issues...
[2025-07-30T13:41:16.3NZ] Checking build issues...
[2025-07-30T13:41:16.3NZ] Errors detected in cron-sync.log
[2025-07-30T13:41:16.3NZ] Checking process issues...
[2025-07-30T13:41:17.3NZ] Errors detected in error-monitor.log
[2025-07-30T13:41:17.3NZ] Checking process issues...
[2025-07-30T13:41:17.3NZ] Checking build issues...
[2025-07-30T13:41:19.3NZ] Errors detected in husky-cron-execution.log
[2025-07-30T13:41:19.3NZ] Errors detected in husky-error-fixer.log
[2025-07-30T13:41:19.3NZ] Errors detected in infinite-improvement-loop.log
[2025-07-30T13:41:19.3NZ] Checking build issues...
[2025-07-30T13:41:21.3NZ] Errors detected in minute-sync.log
[2025-07-30T13:41:21.3NZ] Checking git issues...
[2025-07-30T13:41:21.3NZ] Checking process issues...
[2025-07-30T13:46:23.3NZ] Running system service cycle...
[2025-07-30T13:46:23.3NZ] Checking git issues...
[2025-07-30T13:46:23.3NZ] Checking process issues...
[2025-07-30T13:46:23.3NZ] Checking build issues...
[2025-07-30T13:46:23.3NZ] Scanning error logs...
[2025-07-30T13:46:23.3NZ] Errors detected in advanced-error-fixer.log
[2025-07-30T13:46:24.3NZ] Errors detected in auto-improver.log
[2025-07-30T13:46:24.3NZ] Checking git issues...
[2025-07-30T13:46:24.3NZ] Checking process issues...
[2025-07-30T13:46:24.3NZ] Checking build issues...
[2025-07-30T13:46:24.3NZ] Errors detected in automation-launch.log
[2025-07-30T13:46:24.3NZ] Checking process issues...
[2025-07-30T13:46:24.3NZ] Errors detected in automation-manager.log
[2025-07-30T13:46:24.3NZ] Checking git issues...
[2025-07-30T13:46:24.3NZ] Checking build issues...
[2025-07-30T13:46:24.3NZ] Errors detected in build-monitor.log
[2025-07-30T13:46:24.3NZ] Checking git issues...
[2025-07-30T13:46:24.3NZ] Checking process issues...
[2025-07-30T13:46:24.3NZ] Checking build issues...
[2025-07-30T13:46:24.3NZ] Errors detected in comprehensive-error-monitor.log
[2025-07-30T13:46:24.3NZ] Checking build issues...
[2025-07-30T13:46:24.3NZ] Errors detected in comprehensive-errors.log
[2025-07-30T13:46:24.3NZ] Checking git issues...
[2025-07-30T13:46:24.3NZ] Checking process issues...
[2025-07-30T13:46:25.3NZ] Errors detected in cron-manager.log
[2025-07-30T13:46:25.3NZ] Checking git issues...
[2025-07-30T13:46:25.3NZ] Checking process issues...
[2025-07-30T13:46:25.3NZ] Checking build issues...
[2025-07-30T13:46:25.3NZ] Errors detected in cron-sync.log
[2025-07-30T13:46:25.3NZ] Checking process issues...
[2025-07-30T13:46:25.3NZ] Errors detected in error-monitor.log
[2025-07-30T13:46:25.3NZ] Checking process issues...
[2025-07-30T13:46:25.3NZ] Checking build issues...
[2025-07-30T13:46:26.3NZ] Errors detected in husky-cron-execution.log
[2025-07-30T13:46:26.3NZ] Errors detected in husky-error-fixer.log
[2025-07-30T13:46:26.3NZ] Errors detected in infinite-improvement-loop.log
[2025-07-30T13:46:26.3NZ] Checking build issues...
[2025-07-30T13:46:27.3NZ] Errors detected in minute-sync.log
[2025-07-30T13:46:27.3NZ] Checking git issues...
[2025-07-30T13:46:27.3NZ] Checking process issues...
[2025-07-30T13:51:28.3NZ] Running system service cycle...
[2025-07-30T13:51:28.3NZ] Checking git issues...
[2025-07-30T13:51:28.3NZ] Checking process issues...
[2025-07-30T13:51:28.3NZ] Checking build issues...
[2025-07-30T13:51:28.3NZ] Scanning error logs...
[2025-07-30T13:51:28.3NZ] Errors detected in advanced-error-fixer.log
[2025-07-30T13:51:31.3NZ] Errors detected in auto-improver.log
[2025-07-30T13:51:31.3NZ] Checking git issues...
[2025-07-30T13:51:31.3NZ] Checking process issues...
[2025-07-30T13:51:31.3NZ] Checking build issues...
[2025-07-30T13:51:31.3NZ] Errors detected in automation-launch.log
[2025-07-30T13:51:31.3NZ] Checking process issues...
[2025-07-30T13:51:31.3NZ] Errors detected in automation-manager.log
[2025-07-30T13:51:31.3NZ] Checking git issues...
[2025-07-30T13:51:31.3NZ] Checking build issues...
[2025-07-30T13:51:31.3NZ] Errors detected in build-monitor.log
[2025-07-30T13:51:31.3NZ] Checking git issues...
[2025-07-30T13:51:31.3NZ] Checking process issues...
[2025-07-30T13:51:32.3NZ] Checking build issues...
[2025-07-30T13:51:32.3NZ] Errors detected in comprehensive-error-monitor.log
[2025-07-30T13:51:32.3NZ] Checking build issues...
[2025-07-30T13:51:32.3NZ] Errors detected in comprehensive-errors.log
[2025-07-30T13:51:32.3NZ] Checking git issues...
[2025-07-30T13:51:32.3NZ] Checking process issues...
[2025-07-30T13:51:32.3NZ] Errors detected in cron-manager.log
[2025-07-30T13:51:32.3NZ] Checking git issues...
[2025-07-30T13:51:32.3NZ] Checking process issues...
[2025-07-30T13:51:32.3NZ] Checking build issues...
[2025-07-30T13:51:32.3NZ] Errors detected in cron-sync.log
[2025-07-30T13:51:32.3NZ] Checking process issues...
[2025-07-30T13:51:33.3NZ] Errors detected in error-monitor.log
[2025-07-30T13:51:33.3NZ] Checking process issues...
[2025-07-30T13:51:33.3NZ] Checking build issues...
[2025-07-30T13:51:36.3NZ] Errors detected in husky-cron-execution.log
[2025-07-30T13:51:36.3NZ] Errors detected in husky-error-fixer.log
[2025-07-30T13:51:36.3NZ] Errors detected in infinite-improvement-loop.log
[2025-07-30T13:51:36.3NZ] Checking build issues...
[2025-07-30T13:51:39.3NZ] Errors detected in minute-sync.log
[2025-07-30T13:51:39.3NZ] Checking git issues...
[2025-07-30T13:51:39.3NZ] Checking process issues...
[2025-07-30T13:56:42.3NZ] Running system service cycle...
[2025-07-30T13:56:42.3NZ] Checking git issues...
[2025-07-30T13:56:43.3NZ] Checking process issues...
[2025-07-30T13:56:43.3NZ] Checking build issues...
[2025-07-30T13:56:43.3NZ] Scanning error logs...
[2025-07-30T13:56:43.3NZ] Errors detected in advanced-error-fixer.log
[2025-07-30T13:56:43.3NZ] Errors detected in auto-improver.log
[2025-07-30T13:56:43.3NZ] Checking git issues...
[2025-07-30T13:56:43.3NZ] Checking process issues...
[2025-07-30T13:56:44.3NZ] Checking build issues...
[2025-07-30T13:56:44.3NZ] Errors detected in automation-launch.log
[2025-07-30T13:56:44.3NZ] Checking process issues...
[2025-07-30T13:56:44.3NZ] Errors detected in automation-manager.log
[2025-07-30T13:56:44.3NZ] Checking git issues...
[2025-07-30T13:56:44.3NZ] Checking build issues...
[2025-07-30T13:56:44.3NZ] Errors detected in build-monitor.log
[2025-07-30T13:56:44.3NZ] Checking git issues...
[2025-07-30T13:56:44.3NZ] Checking process issues...
[2025-07-30T13:56:44.3NZ] Checking build issues...
[2025-07-30T13:56:44.3NZ] Errors detected in comprehensive-error-monitor.log
[2025-07-30T13:56:44.3NZ] Checking build issues...
[2025-07-30T13:56:44.3NZ] Errors detected in comprehensive-errors.log
[2025-07-30T13:56:44.3NZ] Checking git issues...
[2025-07-30T13:56:44.3NZ] Checking process issues...
[2025-07-30T13:56:44.3NZ] Errors detected in cron-manager.log
[2025-07-30T13:56:44.3NZ] Checking git issues...
[2025-07-30T13:56:44.3NZ] Checking process issues...
[2025-07-30T13:56:45.3NZ] Checking build issues...
[2025-07-30T13:56:45.3NZ] Errors detected in cron-sync.log
[2025-07-30T13:56:45.3NZ] Checking process issues...
[2025-07-30T13:56:45.3NZ] Errors detected in error-monitor.log
[2025-07-30T13:56:45.3NZ] Checking process issues...
[2025-07-30T13:56:45.3NZ] Checking build issues...
[2025-07-30T13:56:46.3NZ] Errors detected in husky-cron-execution.log
[2025-07-30T13:56:46.3NZ] Errors detected in husky-error-fixer.log
[2025-07-30T13:56:46.3NZ] Errors detected in infinite-improvement-loop.log
[2025-07-30T13:56:46.3NZ] Checking build issues...
[2025-07-30T13:56:47.3NZ] Errors detected in minute-sync.log
[2025-07-30T13:56:47.3NZ] Checking git issues...
[2025-07-30T13:56:47.3NZ] Checking process issues...
[2025-07-30T14:01:47.3NZ] Running system service cycle...
[2025-07-30T14:01:47.3NZ] Checking git issues...
[2025-07-30T14:01:47.3NZ] Checking process issues...
[2025-07-30T14:01:48.3NZ] Checking build issues...
[2025-07-30T14:01:48.3NZ] Scanning error logs...
[2025-07-30T14:01:48.3NZ] Errors detected in advanced-error-fixer.log
[2025-07-30T14:01:48.3NZ] Errors detected in auto-improver.log
[2025-07-30T14:01:48.3NZ] Checking git issues...
[2025-07-30T14:01:48.3NZ] Checking process issues...
[2025-07-30T14:01:48.3NZ] Checking build issues...
[2025-07-30T14:01:48.3NZ] Errors detected in automation-launch.log
[2025-07-30T14:01:48.3NZ] Checking process issues...
[2025-07-30T14:01:48.3NZ] Errors detected in automation-manager.log
[2025-07-30T14:01:48.3NZ] Checking git issues...
[2025-07-30T14:01:48.3NZ] Checking build issues...
[2025-07-30T14:01:49.3NZ] Errors detected in build-monitor.log
[2025-07-30T14:01:49.3NZ] Checking git issues...
[2025-07-30T14:01:49.3NZ] Checking process issues...
[2025-07-30T14:01:49.3NZ] Checking build issues...
[2025-07-30T14:01:49.3NZ] Errors detected in comprehensive-error-monitor.log
[2025-07-30T14:01:49.3NZ] Checking build issues...
[2025-07-30T14:01:49.3NZ] Errors detected in comprehensive-errors.log
[2025-07-30T14:01:49.3NZ] Checking git issues...
[2025-07-30T14:01:49.3NZ] Checking process issues...
[2025-07-30T14:01:49.3NZ] Errors detected in cron-manager.log
[2025-07-30T14:01:49.3NZ] Checking git issues...
[2025-07-30T14:01:49.3NZ] Checking process issues...
[2025-07-30T14:01:49.3NZ] Checking build issues...
[2025-07-30T14:01:49.3NZ] Errors detected in cron-sync.log
[2025-07-30T14:01:49.3NZ] Checking process issues...
[2025-07-30T14:01:49.3NZ] Errors detected in error-monitor.log
[2025-07-30T14:01:50.3NZ] Checking process issues...
[2025-07-30T14:01:50.3NZ] Checking build issues...
[2025-07-30T14:01:50.3NZ] Errors detected in husky-cron-execution.log
[2025-07-30T14:01:50.3NZ] Errors detected in husky-error-fixer.log
[2025-07-30T14:01:50.3NZ] Errors detected in infinite-improvement-loop.log
[2025-07-30T14:01:50.3NZ] Checking build issues...
[2025-07-30T14:01:50.3NZ] Errors detected in minute-sync.log
[2025-07-30T14:01:51.3NZ] Checking git issues...
[2025-07-30T14:01:51.3NZ] Checking process issues...
[2025-07-30T14:06:51.3NZ] Running system service cycle...
[2025-07-30T14:06:51.3NZ] Checking git issues...
[2025-07-30T14:06:51.3NZ] Checking process issues...
[2025-07-30T14:06:51.3NZ] Checking build issues...
[2025-07-30T14:06:51.3NZ] Scanning error logs...
[2025-07-30T14:06:51.3NZ] Errors detected in advanced-error-fixer.log
[2025-07-30T14:06:52.3NZ] Errors detected in auto-improver.log
[2025-07-30T14:06:52.3NZ] Checking git issues...
[2025-07-30T14:06:52.3NZ] Checking process issues...
[2025-07-30T14:06:52.3NZ] Checking build issues...
[2025-07-30T14:06:52.3NZ] Errors detected in automation-launch.log
[2025-07-30T14:06:52.3NZ] Checking process issues...
[2025-07-30T14:06:53.3NZ] Errors detected in automation-manager.log
[2025-07-30T14:06:53.3NZ] Checking git issues...
[2025-07-30T14:06:53.3NZ] Checking build issues...
[2025-07-30T14:06:53.3NZ] Errors detected in build-monitor.log
[2025-07-30T14:06:53.3NZ] Checking git issues...
[2025-07-30T14:06:53.3NZ] Checking process issues...
[2025-07-30T14:06:53.3NZ] Checking build issues...
[2025-07-30T14:06:53.3NZ] Errors detected in comprehensive-error-monitor.log
[2025-07-30T14:06:53.3NZ] Checking build issues...
[2025-07-30T14:06:53.3NZ] Errors detected in comprehensive-errors.log
[2025-07-30T14:06:53.3NZ] Checking git issues...
[2025-07-30T14:06:53.3NZ] Checking process issues...
[2025-07-30T14:06:53.3NZ] Errors detected in cron-manager.log
[2025-07-30T14:06:53.3NZ] Checking git issues...
[2025-07-30T14:06:53.3NZ] Checking process issues...
[2025-07-30T14:06:53.3NZ] Checking build issues...
[2025-07-30T14:06:53.3NZ] Errors detected in cron-sync.log
[2025-07-30T14:06:54.3NZ] Checking process issues...
[2025-07-30T14:06:54.3NZ] Errors detected in error-monitor.log
[2025-07-30T14:06:54.3NZ] Checking process issues...
[2025-07-30T14:06:54.3NZ] Checking build issues...
[2025-07-30T14:06:55.3NZ] Errors detected in husky-cron-execution.log
[2025-07-30T14:06:55.3NZ] Errors detected in husky-error-fixer.log
[2025-07-30T14:06:55.3NZ] Errors detected in infinite-improvement-loop.log
[2025-07-30T14:06:55.3NZ] Checking build issues...
[2025-07-30T14:06:56.3NZ] Errors detected in minute-sync.log
[2025-07-30T14:06:56.3NZ] Checking git issues...
[2025-07-30T14:06:56.3NZ] Checking process issues...
[2025-07-30T14:11:56.3NZ] Running system service cycle...
[2025-07-30T14:11:56.3NZ] Checking git issues...
[2025-07-30T14:11:56.3NZ] Checking process issues...
[2025-07-30T14:11:57.3NZ] Checking build issues...
[2025-07-30T14:11:57.3NZ] Scanning error logs...
[2025-07-30T14:11:57.3NZ] Errors detected in advanced-error-fixer.log
[2025-07-30T14:11:57.3NZ] Errors detected in auto-improver.log
[2025-07-30T14:11:57.3NZ] Checking git issues...
[2025-07-30T14:11:57.3NZ] Checking process issues...
[2025-07-30T14:11:57.3NZ] Checking build issues...
[2025-07-30T14:11:58.3NZ] Errors detected in automation-launch.log
[2025-07-30T14:11:58.3NZ] Checking process issues...
[2025-07-30T14:11:58.3NZ] Errors detected in automation-manager.log
[2025-07-30T14:11:58.3NZ] Checking git issues...
[2025-07-30T14:11:58.3NZ] Checking build issues...
[2025-07-30T14:11:58.3NZ] Errors detected in build-monitor.log
[2025-07-30T14:11:58.3NZ] Checking git issues...
[2025-07-30T14:11:58.3NZ] Checking process issues...
[2025-07-30T14:11:58.3NZ] Checking build issues...
[2025-07-30T14:11:58.3NZ] Errors detected in comprehensive-error-monitor.log
[2025-07-30T14:11:58.3NZ] Checking build issues...
[2025-07-30T14:11:58.3NZ] Errors detected in comprehensive-errors.log
[2025-07-30T14:11:58.3NZ] Checking git issues...
[2025-07-30T14:11:58.3NZ] Checking process issues...
[2025-07-30T14:11:58.3NZ] Errors detected in cron-manager.log
[2025-07-30T14:11:58.3NZ] Checking git issues...
[2025-07-30T14:11:58.3NZ] Checking process issues...
[2025-07-30T14:11:59.3NZ] Checking build issues...
[2025-07-30T14:11:59.3NZ] Errors detected in cron-sync.log
[2025-07-30T14:11:59.3NZ] Checking process issues...
[2025-07-30T14:11:59.3NZ] Errors detected in error-monitor.log
[2025-07-30T14:11:59.3NZ] Checking process issues...
[2025-07-30T14:11:59.3NZ] Checking build issues...
[2025-07-30T14:12:00.3NZ] Errors detected in husky-cron-execution.log
[2025-07-30T14:12:00.3NZ] Errors detected in husky-error-fixer.log
[2025-07-30T14:12:00.3NZ] Errors detected in infinite-improvement-loop.log
[2025-07-30T14:12:00.3NZ] Checking build issues...
[2025-07-30T14:12:01.3NZ] Errors detected in minute-sync.log
[2025-07-30T14:12:01.3NZ] Checking git issues...
[2025-07-30T14:12:01.3NZ] Removing git lock file
[2025-07-30T14:12:01.3NZ] Checking process issues...
[2025-07-30T14:17:02.3NZ] Running system service cycle...
[2025-07-30T14:17:02.3NZ] Checking git issues...
[2025-07-30T14:17:02.3NZ] Checking process issues...
[2025-07-30T14:17:02.3NZ] Checking build issues...
[2025-07-30T14:17:02.3NZ] Scanning error logs...
[2025-07-30T14:17:02.3NZ] Errors detected in advanced-error-fixer.log
[2025-07-30T14:17:02.3NZ] Errors detected in auto-improver.log
[2025-07-30T14:17:02.3NZ] Checking git issues...
[2025-07-30T14:17:02.3NZ] Checking process issues...
[2025-07-30T14:17:02.3NZ] Checking build issues...
[2025-07-30T14:17:02.3NZ] Errors detected in automation-launch.log
[2025-07-30T14:17:02.3NZ] Checking process issues...
[2025-07-30T14:17:03.3NZ] Errors detected in automation-manager.log
[2025-07-30T14:17:03.3NZ] Checking git issues...
[2025-07-30T14:17:03.3NZ] Checking build issues...
[2025-07-30T14:17:03.3NZ] Errors detected in build-monitor.log
[2025-07-30T14:17:03.3NZ] Checking git issues...
[2025-07-30T14:17:03.3NZ] Checking process issues...
[2025-07-30T14:17:03.3NZ] Checking build issues...
[2025-07-30T14:17:03.3NZ] Errors detected in comprehensive-error-monitor.log
[2025-07-30T14:17:03.3NZ] Checking build issues...
[2025-07-30T14:17:03.3NZ] Errors detected in comprehensive-errors.log
[2025-07-30T14:17:03.3NZ] Checking git issues...
[2025-07-30T14:17:03.3NZ] Checking process issues...
[2025-07-30T14:17:03.3NZ] Errors detected in cron-manager.log
[2025-07-30T14:17:03.3NZ] Checking git issues...
[2025-07-30T14:17:03.3NZ] Checking process issues...
[2025-07-30T14:17:03.3NZ] Checking build issues...
[2025-07-30T14:17:03.3NZ] Errors detected in cron-sync.log
[2025-07-30T14:17:03.3NZ] Checking process issues...
[2025-07-30T14:17:03.3NZ] Errors detected in error-monitor.log
[2025-07-30T14:17:03.3NZ] Checking process issues...
[2025-07-30T14:17:03.3NZ] Checking build issues...
[2025-07-30T14:17:04.3NZ] Errors detected in husky-cron-execution.log
[2025-07-30T14:17:04.3NZ] Errors detected in husky-error-fixer.log
[2025-07-30T14:17:04.3NZ] Errors detected in infinite-improvement-loop.log
[2025-07-30T14:17:04.3NZ] Checking build issues...
[2025-07-30T14:17:04.3NZ] Errors detected in minute-sync.log
[2025-07-30T14:17:04.3NZ] Checking git issues...
[2025-07-30T14:17:04.3NZ] Checking process issues...
[2025-07-30T14:17:04.3NZ] Checking build issues...
[2025-07-30T14:22:04.3NZ] Running system service cycle...
[2025-07-30T14:22:04.3NZ] Checking git issues...
[2025-07-30T14:22:04.3NZ] Checking process issues...
[2025-07-30T14:22:04.3NZ] Checking build issues...
[2025-07-30T14:22:04.3NZ] Scanning error logs...
[2025-07-30T14:22:04.3NZ] Errors detected in advanced-error-fixer.log
[2025-07-30T14:22:05.3NZ] Errors detected in auto-improver.log
[2025-07-30T14:22:05.3NZ] Checking git issues...
[2025-07-30T14:22:05.3NZ] Checking process issues...
[2025-07-30T14:22:05.3NZ] Checking build issues...
[2025-07-30T14:22:05.3NZ] Errors detected in automation-launch.log
[2025-07-30T14:22:05.3NZ] Checking process issues...
[2025-07-30T14:22:05.3NZ] Errors detected in automation-manager.log
[2025-07-30T14:22:05.3NZ] Checking git issues...
[2025-07-30T14:22:05.3NZ] Checking build issues...
[2025-07-30T14:22:05.3NZ] Errors detected in build-monitor.log
[2025-07-30T14:22:05.3NZ] Checking git issues...
[2025-07-30T14:22:05.3NZ] Checking process issues...
[2025-07-30T14:22:05.3NZ] Checking build issues...
[2025-07-30T14:22:05.3NZ] Errors detected in comprehensive-error-monitor.log
[2025-07-30T14:22:05.3NZ] Checking build issues...
[2025-07-30T14:22:06.3NZ] Errors detected in comprehensive-errors.log
[2025-07-30T14:22:06.3NZ] Checking git issues...
[2025-07-30T14:22:06.3NZ] Checking process issues...
[2025-07-30T14:22:06.3NZ] Errors detected in cron-manager.log
[2025-07-30T14:22:06.3NZ] Checking git issues...
[2025-07-30T14:22:06.3NZ] Checking process issues...
[2025-07-30T14:22:06.3NZ] Checking build issues...
[2025-07-30T14:22:06.3NZ] Errors detected in cron-sync.log
[2025-07-30T14:22:06.3NZ] Checking process issues...
[2025-07-30T14:22:06.3NZ] Errors detected in error-monitor.log
[2025-07-30T14:22:06.3NZ] Checking process issues...
[2025-07-30T14:22:06.3NZ] Checking build issues...
[2025-07-30T14:22:06.3NZ] Errors detected in husky-cron-execution.log
[2025-07-30T14:22:06.3NZ] Errors detected in husky-error-fixer.log
[2025-07-30T14:22:07.3NZ] Errors detected in infinite-improvement-loop.log
[2025-07-30T14:22:07.3NZ] Checking build issues...
[2025-07-30T14:22:07.3NZ] Errors detected in minute-sync.log
[2025-07-30T14:22:07.3NZ] Checking git issues...
[2025-07-30T14:22:07.3NZ] Checking process issues...
[2025-07-30T14:22:07.3NZ] Checking build issues...
[2025-07-30T14:27:07.3NZ] Running system service cycle...
[2025-07-30T14:27:07.3NZ] Checking git issues...
[2025-07-30T14:27:07.3NZ] Checking process issues...
[2025-07-30T14:27:07.3NZ] Checking build issues...
[2025-07-30T14:27:07.3NZ] Scanning error logs...
[2025-07-30T14:27:07.3NZ] Errors detected in advanced-error-fixer.log
[2025-07-30T14:27:08.3NZ] Errors detected in auto-improver.log
[2025-07-30T14:27:08.3NZ] Checking git issues...
[2025-07-30T14:27:08.3NZ] Checking process issues...
[2025-07-30T14:27:08.3NZ] Checking build issues...
[2025-07-30T14:27:08.3NZ] Errors detected in automation-launch.log
[2025-07-30T14:27:08.3NZ] Checking process issues...
[2025-07-30T14:27:08.3NZ] Errors detected in automation-manager.log
[2025-07-30T14:27:08.3NZ] Checking git issues...
[2025-07-30T14:27:08.3NZ] Checking build issues...
[2025-07-30T14:27:08.3NZ] Errors detected in build-monitor.log
[2025-07-30T14:27:08.3NZ] Checking git issues...
[2025-07-30T14:27:09.3NZ] Checking process issues...
[2025-07-30T14:27:09.3NZ] Checking build issues...
[2025-07-30T14:27:09.3NZ] Errors detected in comprehensive-error-monitor.log
[2025-07-30T14:27:09.3NZ] Checking build issues...
[2025-07-30T14:27:09.3NZ] Errors detected in comprehensive-errors.log
[2025-07-30T14:27:09.3NZ] Checking git issues...
[2025-07-30T14:27:09.3NZ] Checking process issues...
[2025-07-30T14:27:09.3NZ] Checking build issues...
[2025-07-30T14:27:09.3NZ] Errors detected in cron-manager.log
[2025-07-30T14:27:09.3NZ] Checking git issues...
[2025-07-30T14:27:09.3NZ] Checking process issues...
[2025-07-30T14:27:09.3NZ] Checking build issues...
[2025-07-30T14:27:09.3NZ] Errors detected in cron-sync.log
[2025-07-30T14:27:09.3NZ] Checking process issues...
[2025-07-30T14:27:09.3NZ] Errors detected in enhanced-sync-manager.log
[2025-07-30T14:27:09.3NZ] Checking git issues...
[2025-07-30T14:27:09.3NZ] Checking build issues...
[2025-07-30T14:27:09.3NZ] Errors detected in error-monitor.log
[2025-07-30T14:27:09.3NZ] Checking process issues...
[2025-07-30T14:27:09.3NZ] Checking build issues...
[2025-07-30T14:27:10.3NZ] Errors detected in husky-cron-execution.log
[2025-07-30T14:27:10.3NZ] Errors detected in husky-error-fixer.log
[2025-07-30T14:27:10.3NZ] Errors detected in infinite-improvement-loop.log
[2025-07-30T14:27:10.3NZ] Checking build issues...
[2025-07-30T14:27:10.3NZ] Errors detected in minute-sync.log
[2025-07-30T14:27:10.3NZ] Checking git issues...
[2025-07-30T14:27:10.3NZ] Checking process issues...
[2025-07-30T14:27:10.3NZ] Checking build issues...
[2025-07-30T14:32:11.3NZ] Running system service cycle...
[2025-07-30T14:32:11.3NZ] Checking git issues...
[2025-07-30T14:32:11.3NZ] Checking process issues...
[2025-07-30T14:32:11.3NZ] Checking build issues...
[2025-07-30T14:32:11.3NZ] Scanning error logs...
[2025-07-30T14:32:11.3NZ] Errors detected in advanced-error-fixer.log
[2025-07-30T14:32:14.3NZ] Errors detected in auto-improver.log
[2025-07-30T14:32:14.3NZ] Checking git issues...
[2025-07-30T14:32:14.3NZ] Checking process issues...
[2025-07-30T14:32:15.3NZ] Checking build issues...
[2025-07-30T14:32:15.3NZ] Errors detected in automation-launch.log
[2025-07-30T14:32:15.3NZ] Checking process issues...
[2025-07-30T14:32:15.3NZ] Errors detected in automation-manager.log
[2025-07-30T14:32:15.3NZ] Checking git issues...
[2025-07-30T14:32:15.3NZ] Checking build issues...
[2025-07-30T14:32:15.3NZ] Errors detected in build-monitor.log
[2025-07-30T14:32:15.3NZ] Checking git issues...
[2025-07-30T14:32:15.3NZ] Checking process issues...
[2025-07-30T14:32:15.3NZ] Checking build issues...
[2025-07-30T14:32:15.3NZ] Errors detected in comprehensive-error-monitor.log
[2025-07-30T14:32:15.3NZ] Checking build issues...
[2025-07-30T14:32:15.3NZ] Errors detected in comprehensive-errors.log
[2025-07-30T14:32:15.3NZ] Checking git issues...
[2025-07-30T14:32:15.3NZ] Checking process issues...
[2025-07-30T14:32:16.3NZ] Checking build issues...
[2025-07-30T14:32:16.3NZ] Errors detected in cron-manager.log
[2025-07-30T14:32:16.3NZ] Checking git issues...
[2025-07-30T14:32:16.3NZ] Checking process issues...
[2025-07-30T14:32:16.3NZ] Checking build issues...
[2025-07-30T14:32:16.3NZ] Errors detected in cron-sync.log
[2025-07-30T14:32:16.3NZ] Checking process issues...
[2025-07-30T14:32:16.3NZ] Errors detected in enhanced-sync-manager.log
[2025-07-30T14:32:16.3NZ] Checking git issues...
[2025-07-30T14:32:16.3NZ] Checking process issues...
[2025-07-30T14:32:16.3NZ] Checking build issues...
[2025-07-30T14:32:16.3NZ] Errors detected in error-monitor.log
[2025-07-30T14:32:16.3NZ] Checking process issues...
[2025-07-30T14:32:17.3NZ] Checking build issues...
[2025-07-30T14:32:19.3NZ] Errors detected in husky-cron-execution.log
[2025-07-30T14:32:19.3NZ] Errors detected in husky-error-fixer.log
[2025-07-30T14:32:19.3NZ] Errors detected in infinite-improvement-loop.log
[2025-07-30T14:32:19.3NZ] Checking build issues...
[2025-07-30T14:32:22.3NZ] Errors detected in minute-sync.log
[2025-07-30T14:32:22.3NZ] Checking git issues...
[2025-07-30T14:32:22.3NZ] Checking process issues...
[2025-07-30T14:32:22.3NZ] Checking build issues...
[2025-07-30T14:37:25.3NZ] Running system service cycle...
[2025-07-30T14:37:25.3NZ] Checking git issues...
[2025-07-30T14:37:25.3NZ] Removing git lock file
[2025-07-30T14:37:25.3NZ] Checking process issues...
[2025-07-30T14:37:26.3NZ] Checking build issues...
[2025-07-30T14:37:26.3NZ] Scanning error logs...
[2025-07-30T14:37:26.3NZ] Errors detected in advanced-error-fixer.log
[2025-07-30T14:37:36.3NZ] Errors detected in auto-improver.log
[2025-07-30T14:37:37.3NZ] Checking git issues...
[2025-07-30T14:37:38.3NZ] Checking process issues...
[2025-07-30T14:37:38.3NZ] Checking build issues...
[2025-07-30T14:37:38.3NZ] Errors detected in automation-launch.log
[2025-07-30T14:37:38.3NZ] Checking process issues...
[2025-07-30T14:37:39.3NZ] Errors detected in automation-manager.log
[2025-07-30T14:37:39.3NZ] Checking git issues...
[2025-07-30T14:37:39.3NZ] Checking build issues...
[2025-07-30T14:37:40.3NZ] Errors detected in build-monitor.log
[2025-07-30T14:37:40.3NZ] Checking git issues...
[2025-07-30T14:37:40.3NZ] Checking process issues...
[2025-07-30T14:37:41.3NZ] Checking build issues...
[2025-07-30T14:37:44.3NZ] Errors detected in comprehensive-error-monitor.log
[2025-07-30T14:37:47.3NZ] Checking build issues...
[2025-07-30T14:37:50.3NZ] Errors detected in comprehensive-errors.log
[2025-07-30T14:37:51.3NZ] Checking git issues...
[2025-07-30T14:37:52.3NZ] Checking process issues...
[2025-07-30T14:37:54.3NZ] Checking build issues...
[2025-07-30T14:37:55.3NZ] Errors detected in cron-manager.log
[2025-07-30T14:37:56.3NZ] Checking git issues...
[2025-07-30T14:37:57.3NZ] Checking process issues...
[2025-07-30T14:38:02.3NZ] Checking build issues...
[2025-07-30T14:38:02.3NZ] Errors detected in cron-sync.log
[2025-07-30T14:38:03.3NZ] Checking process issues...
[2025-07-30T14:38:08.3NZ] Errors detected in enhanced-sync-manager.log
[2025-07-30T14:38:08.3NZ] Checking git issues...
[2025-07-30T14:38:09.3NZ] Checking process issues...
[2025-07-30T14:38:12.3NZ] Checking build issues...
[2025-07-30T14:38:12.3NZ] Errors detected in error-monitor.log
[2025-07-30T14:38:12.3NZ] Checking process issues...
[2025-07-30T14:38:14.3NZ] Checking build issues...
[2025-07-30T14:38:19.3NZ] Errors detected in husky-cron-execution.log
[2025-07-30T14:38:20.3NZ] Errors detected in husky-error-fixer.log
[2025-07-30T14:38:20.3NZ] Errors detected in infinite-improvement-loop.log
[2025-07-30T14:38:21.3NZ] Checking build issues...
[2025-07-30T14:38:24.3NZ] Errors detected in minute-sync.log
[2025-07-30T14:38:24.3NZ] Checking git issues...
[2025-07-30T14:38:24.3NZ] Checking process issues...
[2025-07-30T14:38:26.3NZ] Checking build issues...
[2025-07-30T14:43:29.3NZ] Running system service cycle...
[2025-07-30T14:43:29.3NZ] Checking git issues...
[2025-07-30T14:43:29.3NZ] Checking process issues...
[2025-07-30T14:43:30.3NZ] Checking build issues...
[2025-07-30T14:43:30.3NZ] Scanning error logs...
[2025-07-30T14:43:30.3NZ] Errors detected in advanced-error-fixer.log
[2025-07-30T14:43:30.3NZ] Errors detected in auto-improver.log
[2025-07-30T14:43:30.3NZ] Checking git issues...
[2025-07-30T14:43:30.3NZ] Checking process issues...
[2025-07-30T14:43:31.3NZ] Checking build issues...
[2025-07-30T14:43:31.3NZ] Errors detected in automation-launch.log
[2025-07-30T14:43:31.3NZ] Checking process issues...
[2025-07-30T14:43:31.3NZ] Errors detected in automation-manager.log
[2025-07-30T14:43:31.3NZ] Checking git issues...
[2025-07-30T14:43:31.3NZ] Checking build issues...
[2025-07-30T14:43:31.3NZ] Errors detected in build-monitor.log
[2025-07-30T14:43:32.3NZ] Checking git issues...
[2025-07-30T14:43:32.3NZ] Checking process issues...
[2025-07-30T14:43:32.3NZ] Checking build issues...
[2025-07-30T14:43:32.3NZ] Errors detected in comprehensive-error-monitor.log
[2025-07-30T14:43:32.3NZ] Checking build issues...
[2025-07-30T14:43:32.3NZ] Errors detected in comprehensive-errors.log
[2025-07-30T14:43:32.3NZ] Checking git issues...
[2025-07-30T14:43:32.3NZ] Checking process issues...
[2025-07-30T14:43:32.3NZ] Checking build issues...
[2025-07-30T14:43:32.3NZ] Errors detected in cron-manager.log
[2025-07-30T14:43:33.3NZ] Checking git issues...
[2025-07-30T14:43:33.3NZ] Checking process issues...
[2025-07-30T14:43:33.3NZ] Checking build issues...
[2025-07-30T14:43:33.3NZ] Errors detected in cron-sync.log
[2025-07-30T14:43:33.3NZ] Checking process issues...
[2025-07-30T14:43:33.3NZ] Errors detected in enhanced-sync-manager.log
[2025-07-30T14:43:33.3NZ] Checking git issues...
[2025-07-30T14:43:33.3NZ] Checking process issues...
[2025-07-30T14:43:34.3NZ] Checking build issues...
[2025-07-30T14:43:34.3NZ] Errors detected in error-monitor.log
[2025-07-30T14:43:34.3NZ] Checking process issues...
[2025-07-30T14:43:34.3NZ] Checking build issues...
[2025-07-30T14:43:35.3NZ] Errors detected in husky-cron-execution.log
[2025-07-30T14:43:35.3NZ] Errors detected in husky-error-fixer.log
[2025-07-30T14:43:35.3NZ] Errors detected in infinite-improvement-loop.log
[2025-07-30T14:43:35.3NZ] Checking build issues...
[2025-07-30T14:43:36.3NZ] Errors detected in minute-sync.log
[2025-07-30T14:43:36.3NZ] Checking git issues...
[2025-07-30T14:43:36.3NZ] Checking process issues...
[2025-07-30T14:43:36.3NZ] Checking build issues...
[2025-07-30T14:48:36.3NZ] Running system service cycle...
[2025-07-30T14:48:37.3NZ] Checking git issues...
[2025-07-30T14:48:37.3NZ] Checking process issues...
[2025-07-30T14:48:37.3NZ] Checking build issues...
[2025-07-30T14:48:37.3NZ] Scanning error logs...
[2025-07-30T14:48:37.3NZ] Errors detected in advanced-error-fixer.log
[2025-07-30T14:48:37.3NZ] Errors detected in auto-improver.log
[2025-07-30T14:48:38.3NZ] Checking git issues...
[2025-07-30T14:48:38.3NZ] Checking process issues...
[2025-07-30T14:48:38.3NZ] Checking build issues...
[2025-07-30T14:48:38.3NZ] Errors detected in automation-launch.log
[2025-07-30T14:48:38.3NZ] Checking process issues...
[2025-07-30T14:48:38.3NZ] Errors detected in automation-manager.log
[2025-07-30T14:48:39.3NZ] Checking git issues...
[2025-07-30T14:48:39.3NZ] Checking build issues...
[2025-07-30T14:48:39.3NZ] Errors detected in build-monitor.log
[2025-07-30T14:48:39.3NZ] Checking git issues...
[2025-07-30T14:48:39.3NZ] Checking process issues...
[2025-07-30T14:48:39.3NZ] Checking build issues...
[2025-07-30T14:48:40.3NZ] Errors detected in comprehensive-error-monitor.log
[2025-07-30T14:48:40.3NZ] Checking build issues...
[2025-07-30T14:48:40.3NZ] Errors detected in comprehensive-errors.log
[2025-07-30T14:48:40.3NZ] Checking git issues...
[2025-07-30T14:48:40.3NZ] Checking process issues...
[2025-07-30T14:48:40.3NZ] Checking build issues...
[2025-07-30T14:48:40.3NZ] Errors detected in cron-manager.log
[2025-07-30T14:48:40.3NZ] Checking git issues...
[2025-07-30T14:48:40.3NZ] Checking process issues...
[2025-07-30T14:48:40.3NZ] Checking build issues...
[2025-07-30T14:48:40.3NZ] Errors detected in cron-sync.log
[2025-07-30T14:48:41.3NZ] Checking process issues...
[2025-07-30T14:48:41.3NZ] Errors detected in enhanced-sync-manager.log
[2025-07-30T14:48:41.3NZ] Checking git issues...
[2025-07-30T14:48:41.3NZ] Checking process issues...
[2025-07-30T14:48:41.3NZ] Checking build issues...
[2025-07-30T14:48:41.3NZ] Errors detected in error-monitor.log
[2025-07-30T14:48:41.3NZ] Checking process issues...
[2025-07-30T14:48:41.3NZ] Checking build issues...
[2025-07-30T14:48:42.3NZ] Errors detected in husky-cron-execution.log
[2025-07-30T14:48:42.3NZ] Errors detected in husky-error-fixer.log
[2025-07-30T14:48:42.3NZ] Errors detected in infinite-improvement-loop.log
[2025-07-30T14:48:42.3NZ] Checking build issues...
[2025-07-30T14:48:42.3NZ] Errors detected in minute-sync.log
[2025-07-30T14:48:42.3NZ] Checking git issues...
[2025-07-30T14:48:42.3NZ] Checking process issues...
[2025-07-30T14:48:42.3NZ] Checking build issues...
[2025-07-30T14:53:43.3NZ] Running system service cycle...
[2025-07-30T14:53:43.3NZ] Checking git issues...
[2025-07-30T14:53:43.3NZ] Checking process issues...
[2025-07-30T14:53:43.3NZ] Checking build issues...
[2025-07-30T14:53:43.3NZ] Scanning error logs...
[2025-07-30T14:53:43.3NZ] Errors detected in advanced-error-fixer.log
[2025-07-30T14:53:44.3NZ] Errors detected in auto-improver.log
[2025-07-30T14:53:44.3NZ] Checking git issues...
[2025-07-30T14:53:44.3NZ] Checking process issues...
[2025-07-30T14:53:44.3NZ] Checking build issues...
[2025-07-30T14:53:44.3NZ] Errors detected in automation-launch.log
[2025-07-30T14:53:45.3NZ] Checking process issues...
[2025-07-30T14:53:45.3NZ] Errors detected in automation-manager.log
[2025-07-30T14:53:45.3NZ] Checking git issues...
[2025-07-30T14:53:45.3NZ] Checking build issues...
[2025-07-30T14:53:45.3NZ] Errors detected in build-monitor.log
[2025-07-30T14:53:45.3NZ] Checking git issues...
[2025-07-30T14:53:45.3NZ] Checking process issues...
[2025-07-30T14:53:46.3NZ] Checking build issues...
[2025-07-30T14:53:46.3NZ] Errors detected in comprehensive-error-monitor.log
[2025-07-30T14:53:46.3NZ] Checking build issues...
[2025-07-30T14:53:46.3NZ] Errors detected in comprehensive-errors.log
[2025-07-30T14:53:46.3NZ] Checking git issues...
[2025-07-30T14:53:46.3NZ] Checking process issues...
[2025-07-30T14:53:46.3NZ] Checking build issues...
[2025-07-30T14:53:46.3NZ] Errors detected in cron-manager.log
[2025-07-30T14:53:46.3NZ] Checking git issues...
[2025-07-30T14:53:47.3NZ] Checking process issues...
[2025-07-30T14:53:47.3NZ] Checking build issues...
[2025-07-30T14:53:47.3NZ] Errors detected in cron-sync.log
[2025-07-30T14:53:47.3NZ] Checking process issues...
[2025-07-30T14:53:47.3NZ] Errors detected in enhanced-sync-manager.log
[2025-07-30T14:53:47.3NZ] Checking git issues...
[2025-07-30T14:53:47.3NZ] Checking process issues...
[2025-07-30T14:53:48.3NZ] Checking build issues...
[2025-07-30T14:53:48.3NZ] Errors detected in error-monitor.log
[2025-07-30T14:53:48.3NZ] Checking process issues...
[2025-07-30T14:53:48.3NZ] Checking build issues...
[2025-07-30T14:53:48.3NZ] Errors detected in husky-cron-execution.log
[2025-07-30T14:53:48.3NZ] Errors detected in husky-error-fixer.log
[2025-07-30T14:53:48.3NZ] Errors detected in infinite-improvement-loop.log
[2025-07-30T14:53:49.3NZ] Checking build issues...
[2025-07-30T14:53:49.3NZ] Errors detected in minute-sync.log
[2025-07-30T14:53:49.3NZ] Checking git issues...
[2025-07-30T14:53:49.3NZ] Checking process issues...
[2025-07-30T14:53:49.3NZ] Checking build issues...
[2025-07-30T14:58:49.3NZ] Running system service cycle...
[2025-07-30T14:58:49.3NZ] Checking git issues...
[2025-07-30T14:58:49.3NZ] Checking process issues...
[2025-07-30T14:58:49.3NZ] Checking build issues...
[2025-07-30T14:58:49.3NZ] Scanning error logs...
[2025-07-30T14:58:49.3NZ] Errors detected in advanced-error-fixer.log
[2025-07-30T14:58:50.3NZ] Errors detected in auto-improver.log
[2025-07-30T14:58:50.3NZ] Checking git issues...
[2025-07-30T14:58:50.3NZ] Checking process issues...
[2025-07-30T14:58:50.3NZ] Checking build issues...
[2025-07-30T14:58:50.3NZ] Errors detected in automation-launch.log
[2025-07-30T14:58:50.3NZ] Checking process issues...
[2025-07-30T14:58:50.3NZ] Errors detected in automation-manager.log
[2025-07-30T14:58:50.3NZ] Checking git issues...
[2025-07-30T14:58:50.3NZ] Checking build issues...
[2025-07-30T14:58:50.3NZ] Errors detected in build-monitor.log
[2025-07-30T14:58:50.3NZ] Checking git issues...
[2025-07-30T14:58:50.3NZ] Checking process issues...
[2025-07-30T14:58:50.3NZ] Checking build issues...
[2025-07-30T14:58:50.3NZ] Errors detected in comprehensive-error-monitor.log
[2025-07-30T14:58:50.3NZ] Checking build issues...
[2025-07-30T14:58:50.3NZ] Errors detected in comprehensive-errors.log
[2025-07-30T14:58:50.3NZ] Checking git issues...
[2025-07-30T14:58:50.3NZ] Checking process issues...
[2025-07-30T14:58:50.3NZ] Checking build issues...
[2025-07-30T14:58:50.3NZ] Errors detected in cron-manager.log
[2025-07-30T14:58:50.3NZ] Checking git issues...
[2025-07-30T14:58:50.3NZ] Checking process issues...
[2025-07-30T14:58:50.3NZ] Checking build issues...
[2025-07-30T14:58:50.3NZ] Errors detected in cron-sync.log
[2025-07-30T14:58:50.3NZ] Checking process issues...
[2025-07-30T14:58:50.3NZ] Errors detected in enhanced-sync-manager.log
[2025-07-30T14:58:50.3NZ] Checking git issues...
[2025-07-30T14:58:50.3NZ] Checking process issues...
[2025-07-30T14:58:50.3NZ] Checking build issues...
[2025-07-30T14:58:50.3NZ] Errors detected in error-monitor.log
[2025-07-30T14:58:50.3NZ] Checking process issues...
[2025-07-30T14:58:50.3NZ] Checking build issues...
[2025-07-30T14:58:51.3NZ] Errors detected in husky-cron-execution.log
[2025-07-30T14:58:51.3NZ] Errors detected in husky-error-fixer.log
[2025-07-30T14:58:51.3NZ] Errors detected in infinite-improvement-loop.log
[2025-07-30T14:58:51.3NZ] Checking build issues...
[2025-07-30T14:58:51.3NZ] Errors detected in minute-sync.log
[2025-07-30T14:58:51.3NZ] Checking git issues...
[2025-07-30T14:58:51.3NZ] Checking process issues...
[2025-07-30T14:58:51.3NZ] Checking build issues...
[2025-07-30T15:03:51.3NZ] Running system service cycle...
[2025-07-30T15:03:51.3NZ] Checking git issues...
[2025-07-30T15:03:51.3NZ] Checking process issues...
[2025-07-30T15:03:51.3NZ] Checking build issues...
[2025-07-30T15:03:51.3NZ] Scanning error logs...
[2025-07-30T15:03:51.3NZ] Errors detected in advanced-error-fixer.log
[2025-07-30T15:03:51.3NZ] Errors detected in auto-improver.log
[2025-07-30T15:03:51.3NZ] Checking git issues...
[2025-07-30T15:03:51.3NZ] Checking process issues...
[2025-07-30T15:03:51.3NZ] Checking build issues...
[2025-07-30T15:03:51.3NZ] Errors detected in automation-launch.log
[2025-07-30T15:03:51.3NZ] Checking process issues...
[2025-07-30T15:03:52.3NZ] Errors detected in automation-manager.log
[2025-07-30T15:03:52.3NZ] Checking git issues...
[2025-07-30T15:03:52.3NZ] Checking build issues...
[2025-07-30T15:03:52.3NZ] Errors detected in build-monitor.log
[2025-07-30T15:03:52.3NZ] Checking git issues...
[2025-07-30T15:03:52.3NZ] Checking process issues...
[2025-07-30T15:03:52.3NZ] Checking build issues...
[2025-07-30T15:03:52.3NZ] Errors detected in comprehensive-error-monitor.log
[2025-07-30T15:03:52.3NZ] Checking build issues...
[2025-07-30T15:03:52.3NZ] Errors detected in comprehensive-errors.log
[2025-07-30T15:03:52.3NZ] Checking git issues...
[2025-07-30T15:03:52.3NZ] Checking process issues...
[2025-07-30T15:03:52.3NZ] Checking build issues...
[2025-07-30T15:03:52.3NZ] Errors detected in cron-manager.log
[2025-07-30T15:03:52.3NZ] Checking git issues...
[2025-07-30T15:03:52.3NZ] Checking process issues...
[2025-07-30T15:03:52.3NZ] Checking build issues...
[2025-07-30T15:03:52.3NZ] Errors detected in cron-sync.log
[2025-07-30T15:03:52.3NZ] Checking process issues...
[2025-07-30T15:03:52.3NZ] Errors detected in enhanced-sync-manager.log
[2025-07-30T15:03:52.3NZ] Checking git issues...
[2025-07-30T15:03:52.3NZ] Checking process issues...
[2025-07-30T15:03:52.3NZ] Checking build issues...
[2025-07-30T15:03:52.3NZ] Errors detected in error-monitor.log
[2025-07-30T15:03:52.3NZ] Checking process issues...
[2025-07-30T15:03:52.3NZ] Checking build issues...
[2025-07-30T15:03:52.3NZ] Errors detected in husky-cron-execution.log
[2025-07-30T15:03:52.3NZ] Errors detected in husky-error-fixer.log
[2025-07-30T15:03:52.3NZ] Errors detected in infinite-improvement-loop.log
[2025-07-30T15:03:52.3NZ] Checking build issues...
[2025-07-30T15:03:53.3NZ] Errors detected in minute-sync.log
[2025-07-30T15:03:53.3NZ] Checking git issues...
[2025-07-30T15:03:53.3NZ] Checking process issues...
[2025-07-30T15:03:53.3NZ] Checking build issues...
