[2025-07-29T22:39:54.827Z] [INFO] [Miami2-2.local-miami2] Starting improvement cycle...
[2025-07-29T22:39:54.827Z] [INFO] [Miami2-2.local-miami2] Collecting system data for analysis...
[2025-07-29T22:39:54.918Z] [ERROR] [Miami2-2.local-miami2] Error collecting system data: Command failed: git status --porcelain
shell-init: error retrieving current directory: getcwd: cannot access parent directories: Operation not permitted
fatal: Unable to read current working directory: Operation not permitted

[2025-07-29T22:39:54.918Z] [INFO] [Miami2-2.local-miami2] Analyzing patterns in system data...
[2025-07-29T22:39:54.919Z] [INFO] [Miami2-2.local-miami2] Identifying improvement opportunities...
[2025-07-29T22:39:54.919Z] [INFO] [Miami2-2.local-miami2] No improvement opportunities identified
[2025-07-29T22:44:54.812Z] [INFO] [Miami2-2.local-miami2] Starting improvement cycle...
[2025-07-29T22:44:54.812Z] [INFO] [Miami2-2.local-miami2] Collecting system data for analysis...
[2025-07-29T22:44:54.868Z] [ERROR] [Miami2-2.local-miami2] Error collecting system data: Command failed: git status --porcelain
shell-init: error retrieving current directory: getcwd: cannot access parent directories: Operation not permitted
fatal: Unable to read current working directory: Operation not permitted

[2025-07-29T22:44:54.869Z] [INFO] [Miami2-2.local-miami2] Analyzing patterns in system data...
[2025-07-29T22:44:54.870Z] [INFO] [Miami2-2.local-miami2] Identifying improvement opportunities...
[2025-07-29T22:44:54.870Z] [INFO] [Miami2-2.local-miami2] No improvement opportunities identified
[2025-07-29T22:49:54.840Z] [INFO] [Miami2-2.local-miami2] Starting improvement cycle...
[2025-07-29T22:49:54.840Z] [INFO] [Miami2-2.local-miami2] Collecting system data for analysis...
[2025-07-29T22:49:54.871Z] [ERROR] [Miami2-2.local-miami2] Error collecting system data: Command failed: git status --porcelain
shell-init: error retrieving current directory: getcwd: cannot access parent directories: Operation not permitted
fatal: Unable to read current working directory: Operation not permitted

[2025-07-29T22:49:54.871Z] [INFO] [Miami2-2.local-miami2] Analyzing patterns in system data...
[2025-07-29T22:49:54.871Z] [INFO] [Miami2-2.local-miami2] Identifying improvement opportunities...
[2025-07-29T22:49:54.872Z] [INFO] [Miami2-2.local-miami2] No improvement opportunities identified
[2025-07-29T22:54:54.828Z] [INFO] [Miami2-2.local-miami2] Starting improvement cycle...
[2025-07-29T22:54:54.869Z] [INFO] [Miami2-2.local-miami2] Collecting system data for analysis...
[2025-07-29T22:54:54.939Z] [ERROR] [Miami2-2.local-miami2] Error collecting system data: Command failed: git status --porcelain
shell-init: error retrieving current directory: getcwd: cannot access parent directories: Operation not permitted
fatal: Unable to read current working directory: Operation not permitted

[2025-07-29T22:54:54.980Z] [INFO] [Miami2-2.local-miami2] Analyzing patterns in system data...
[2025-07-29T22:54:55.020Z] [INFO] [Miami2-2.local-miami2] Identifying improvement opportunities...
[2025-07-29T22:54:55.061Z] [INFO] [Miami2-2.local-miami2] No improvement opportunities identified
[2025-07-29T22:59:54.816Z] [INFO] [Miami2-2.local-miami2] Starting improvement cycle...
[2025-07-29T22:59:54.816Z] [INFO] [Miami2-2.local-miami2] Collecting system data for analysis...
[2025-07-29T22:59:54.867Z] [ERROR] [Miami2-2.local-miami2] Error collecting system data: Command failed: git status --porcelain
shell-init: error retrieving current directory: getcwd: cannot access parent directories: Operation not permitted
fatal: Unable to read current working directory: Operation not permitted

[2025-07-29T22:59:54.867Z] [INFO] [Miami2-2.local-miami2] Analyzing patterns in system data...
[2025-07-29T22:59:54.868Z] [INFO] [Miami2-2.local-miami2] Identifying improvement opportunities...
[2025-07-29T22:59:54.868Z] [INFO] [Miami2-2.local-miami2] No improvement opportunities identified
[2025-07-29T23:04:54.804Z] [INFO] [Miami2-2.local-miami2] Starting improvement cycle...
[2025-07-29T23:04:54.804Z] [INFO] [Miami2-2.local-miami2] Collecting system data for analysis...
[2025-07-29T23:04:54.834Z] [ERROR] [Miami2-2.local-miami2] Error collecting system data: Command failed: git status --porcelain
shell-init: error retrieving current directory: getcwd: cannot access parent directories: Operation not permitted
fatal: Unable to read current working directory: Operation not permitted

[2025-07-29T23:04:54.834Z] [INFO] [Miami2-2.local-miami2] Analyzing patterns in system data...
[2025-07-29T23:04:54.835Z] [INFO] [Miami2-2.local-miami2] Identifying improvement opportunities...
[2025-07-29T23:04:54.835Z] [INFO] [Miami2-2.local-miami2] No improvement opportunities identified
[2025-07-29T23:09:54.794Z] [INFO] [Miami2-2.local-miami2] Starting improvement cycle...
[2025-07-29T23:09:54.794Z] [INFO] [Miami2-2.local-miami2] Collecting system data for analysis...
[2025-07-29T23:09:54.844Z] [ERROR] [Miami2-2.local-miami2] Error collecting system data: Command failed: git status --porcelain
shell-init: error retrieving current directory: getcwd: cannot access parent directories: Operation not permitted
fatal: Unable to read current working directory: Operation not permitted

[2025-07-29T23:09:54.845Z] [INFO] [Miami2-2.local-miami2] Analyzing patterns in system data...
[2025-07-29T23:09:54.846Z] [INFO] [Miami2-2.local-miami2] Identifying improvement opportunities...
[2025-07-29T23:09:54.846Z] [INFO] [Miami2-2.local-miami2] No improvement opportunities identified
[2025-07-29T23:14:54.783Z] [INFO] [Miami2-2.local-miami2] Starting improvement cycle...
[2025-07-29T23:14:54.783Z] [INFO] [Miami2-2.local-miami2] Collecting system data for analysis...
[2025-07-29T23:14:54.813Z] [ERROR] [Miami2-2.local-miami2] Error collecting system data: Command failed: git status --porcelain
shell-init: error retrieving current directory: getcwd: cannot access parent directories: Operation not permitted
fatal: Unable to read current working directory: Operation not permitted

[2025-07-29T23:14:54.813Z] [INFO] [Miami2-2.local-miami2] Analyzing patterns in system data...
[2025-07-29T23:14:54.814Z] [INFO] [Miami2-2.local-miami2] Identifying improvement opportunities...
[2025-07-29T23:14:54.814Z] [INFO] [Miami2-2.local-miami2] No improvement opportunities identified
[2025-07-29T23:19:54.761Z] [INFO] [Miami2-2.local-miami2] Starting improvement cycle...
[2025-07-29T23:19:54.761Z] [INFO] [Miami2-2.local-miami2] Collecting system data for analysis...
[2025-07-29T23:19:54.791Z] [ERROR] [Miami2-2.local-miami2] Error collecting system data: Command failed: git status --porcelain
shell-init: error retrieving current directory: getcwd: cannot access parent directories: Operation not permitted
fatal: Unable to read current working directory: Operation not permitted

[2025-07-29T23:19:54.792Z] [INFO] [Miami2-2.local-miami2] Analyzing patterns in system data...
[2025-07-29T23:19:54.792Z] [INFO] [Miami2-2.local-miami2] Identifying improvement opportunities...
[2025-07-29T23:19:54.792Z] [INFO] [Miami2-2.local-miami2] No improvement opportunities identified
[2025-07-29T23:24:54.746Z] [INFO] [Miami2-2.local-miami2] Starting improvement cycle...
[2025-07-29T23:24:54.746Z] [INFO] [Miami2-2.local-miami2] Collecting system data for analysis...
[2025-07-29T23:24:54.776Z] [ERROR] [Miami2-2.local-miami2] Error collecting system data: Command failed: git status --porcelain
shell-init: error retrieving current directory: getcwd: cannot access parent directories: Operation not permitted
fatal: Unable to read current working directory: Operation not permitted

[2025-07-29T23:24:54.776Z] [INFO] [Miami2-2.local-miami2] Analyzing patterns in system data...
[2025-07-29T23:24:54.776Z] [INFO] [Miami2-2.local-miami2] Identifying improvement opportunities...
[2025-07-29T23:24:54.777Z] [INFO] [Miami2-2.local-miami2] No improvement opportunities identified
[2025-07-29T23:29:54.733Z] [INFO] [Miami2-2.local-miami2] Starting improvement cycle...
[2025-07-29T23:29:54.733Z] [INFO] [Miami2-2.local-miami2] Collecting system data for analysis...
[2025-07-29T23:29:54.762Z] [ERROR] [Miami2-2.local-miami2] Error collecting system data: Command failed: git status --porcelain
shell-init: error retrieving current directory: getcwd: cannot access parent directories: Operation not permitted
fatal: Unable to read current working directory: Operation not permitted

[2025-07-29T23:29:54.763Z] [INFO] [Miami2-2.local-miami2] Analyzing patterns in system data...
[2025-07-29T23:29:54.763Z] [INFO] [Miami2-2.local-miami2] Identifying improvement opportunities...
[2025-07-29T23:29:54.763Z] [INFO] [Miami2-2.local-miami2] No improvement opportunities identified
[2025-07-29T23:34:54.719Z] [INFO] [Miami2-2.local-miami2] Starting improvement cycle...
[2025-07-29T23:34:54.760Z] [INFO] [Miami2-2.local-miami2] Collecting system data for analysis...
[2025-07-29T23:34:54.992Z] [ERROR] [Miami2-2.local-miami2] Error collecting system data: Command failed: git status --porcelain
shell-init: error retrieving current directory: getcwd: cannot access parent directories: Operation not permitted
fatal: Unable to read current working directory: Operation not permitted

[2025-07-29T23:34:54.992Z] [INFO] [Miami2-2.local-miami2] Analyzing patterns in system data...
[2025-07-29T23:34:54.992Z] [INFO] [Miami2-2.local-miami2] Identifying improvement opportunities...
[2025-07-29T23:34:54.993Z] [INFO] [Miami2-2.local-miami2] No improvement opportunities identified
[2025-07-29T23:39:54.707Z] [INFO] [Miami2-2.local-miami2] Starting improvement cycle...
[2025-07-29T23:39:54.708Z] [INFO] [Miami2-2.local-miami2] Collecting system data for analysis...
[2025-07-29T23:39:54.739Z] [ERROR] [Miami2-2.local-miami2] Error collecting system data: Command failed: git status --porcelain
shell-init: error retrieving current directory: getcwd: cannot access parent directories: Operation not permitted
fatal: Unable to read current working directory: Operation not permitted

[2025-07-29T23:39:54.739Z] [INFO] [Miami2-2.local-miami2] Analyzing patterns in system data...
[2025-07-29T23:39:54.739Z] [INFO] [Miami2-2.local-miami2] Identifying improvement opportunities...
[2025-07-29T23:39:54.739Z] [INFO] [Miami2-2.local-miami2] No improvement opportunities identified
[2025-07-29T23:44:54.694Z] [INFO] [Miami2-2.local-miami2] Starting improvement cycle...
[2025-07-29T23:44:54.695Z] [INFO] [Miami2-2.local-miami2] Collecting system data for analysis...
[2025-07-29T23:44:54.725Z] [ERROR] [Miami2-2.local-miami2] Error collecting system data: Command failed: git status --porcelain
shell-init: error retrieving current directory: getcwd: cannot access parent directories: Operation not permitted
fatal: Unable to read current working directory: Operation not permitted

[2025-07-29T23:44:54.725Z] [INFO] [Miami2-2.local-miami2] Analyzing patterns in system data...
[2025-07-29T23:44:54.725Z] [INFO] [Miami2-2.local-miami2] Identifying improvement opportunities...
[2025-07-29T23:44:54.725Z] [INFO] [Miami2-2.local-miami2] No improvement opportunities identified
[2025-07-29T23:49:54.681Z] [INFO] [Miami2-2.local-miami2] Starting improvement cycle...
[2025-07-29T23:49:54.723Z] [INFO] [Miami2-2.local-miami2] Collecting system data for analysis...
[2025-07-29T23:49:54.751Z] [ERROR] [Miami2-2.local-miami2] Error collecting system data: Command failed: git status --porcelain
shell-init: error retrieving current directory: getcwd: cannot access parent directories: Operation not permitted
fatal: Unable to read current working directory: Operation not permitted

[2025-07-29T23:49:54.751Z] [INFO] [Miami2-2.local-miami2] Analyzing patterns in system data...
[2025-07-29T23:49:54.751Z] [INFO] [Miami2-2.local-miami2] Identifying improvement opportunities...
[2025-07-29T23:49:54.751Z] [INFO] [Miami2-2.local-miami2] No improvement opportunities identified
[2025-07-29T23:54:54.584Z] [INFO] [Miami2-2.local-miami2] Starting improvement cycle...
[2025-07-29T23:54:54.584Z] [INFO] [Miami2-2.local-miami2] Collecting system data for analysis...
[2025-07-29T23:54:54.615Z] [ERROR] [Miami2-2.local-miami2] Error collecting system data: Command failed: git status --porcelain
shell-init: error retrieving current directory: getcwd: cannot access parent directories: Operation not permitted
fatal: Unable to read current working directory: Operation not permitted

[2025-07-29T23:54:54.615Z] [INFO] [Miami2-2.local-miami2] Analyzing patterns in system data...
[2025-07-29T23:54:54.615Z] [INFO] [Miami2-2.local-miami2] Identifying improvement opportunities...
[2025-07-29T23:54:54.616Z] [INFO] [Miami2-2.local-miami2] No improvement opportunities identified
[2025-07-29T23:59:54.566Z] [INFO] [Miami2-2.local-miami2] Starting improvement cycle...
[2025-07-29T23:59:54.567Z] [INFO] [Miami2-2.local-miami2] Collecting system data for analysis...
[2025-07-29T23:59:54.597Z] [ERROR] [Miami2-2.local-miami2] Error collecting system data: Command failed: git status --porcelain
shell-init: error retrieving current directory: getcwd: cannot access parent directories: Operation not permitted
fatal: Unable to read current working directory: Operation not permitted

[2025-07-29T23:59:54.598Z] [INFO] [Miami2-2.local-miami2] Analyzing patterns in system data...
[2025-07-29T23:59:54.598Z] [INFO] [Miami2-2.local-miami2] Identifying improvement opportunities...
[2025-07-29T23:59:54.598Z] [INFO] [Miami2-2.local-miami2] No improvement opportunities identified
[2025-07-30T00:04:54.548Z] [INFO] [Miami2-2.local-miami2] Starting improvement cycle...
[2025-07-30T00:04:54.549Z] [INFO] [Miami2-2.local-miami2] Collecting system data for analysis...
[2025-07-30T00:04:54.598Z] [ERROR] [Miami2-2.local-miami2] Error collecting system data: Command failed: git status --porcelain
shell-init: error retrieving current directory: getcwd: cannot access parent directories: Operation not permitted
fatal: Unable to read current working directory: Operation not permitted

[2025-07-30T00:04:54.599Z] [INFO] [Miami2-2.local-miami2] Analyzing patterns in system data...
[2025-07-30T00:04:54.599Z] [INFO] [Miami2-2.local-miami2] Identifying improvement opportunities...
[2025-07-30T00:04:54.600Z] [INFO] [Miami2-2.local-miami2] No improvement opportunities identified
[2025-07-30T00:09:54.530Z] [INFO] [Miami2-2.local-miami2] Starting improvement cycle...
[2025-07-30T00:09:54.531Z] [INFO] [Miami2-2.local-miami2] Collecting system data for analysis...
[2025-07-30T00:09:54.561Z] [ERROR] [Miami2-2.local-miami2] Error collecting system data: Command failed: git status --porcelain
shell-init: error retrieving current directory: getcwd: cannot access parent directories: Operation not permitted
fatal: Unable to read current working directory: Operation not permitted

[2025-07-30T00:09:54.562Z] [INFO] [Miami2-2.local-miami2] Analyzing patterns in system data...
[2025-07-30T00:09:54.562Z] [INFO] [Miami2-2.local-miami2] Identifying improvement opportunities...
[2025-07-30T00:09:54.562Z] [INFO] [Miami2-2.local-miami2] No improvement opportunities identified
[2025-07-30T00:14:54.512Z] [INFO] [Miami2-2.local-miami2] Starting improvement cycle...
[2025-07-30T00:14:54.552Z] [INFO] [Miami2-2.local-miami2] Collecting system data for analysis...
[2025-07-30T00:14:54.780Z] [ERROR] [Miami2-2.local-miami2] Error collecting system data: Command failed: git status --porcelain
shell-init: error retrieving current directory: getcwd: cannot access parent directories: Operation not permitted
fatal: Unable to read current working directory: Operation not permitted

[2025-07-30T00:14:54.862Z] [INFO] [Miami2-2.local-miami2] Analyzing patterns in system data...
[2025-07-30T00:14:54.984Z] [INFO] [Miami2-2.local-miami2] Identifying improvement opportunities...
[2025-07-30T00:14:55.025Z] [INFO] [Miami2-2.local-miami2] No improvement opportunities identified
[2025-07-30T00:19:54.495Z] [INFO] [Miami2-2.local-miami2] Starting improvement cycle...
[2025-07-30T00:19:54.495Z] [INFO] [Miami2-2.local-miami2] Collecting system data for analysis...
[2025-07-30T00:19:54.526Z] [ERROR] [Miami2-2.local-miami2] Error collecting system data: Command failed: git status --porcelain
shell-init: error retrieving current directory: getcwd: cannot access parent directories: Operation not permitted
fatal: Unable to read current working directory: Operation not permitted

[2025-07-30T00:19:54.526Z] [INFO] [Miami2-2.local-miami2] Analyzing patterns in system data...
[2025-07-30T00:19:54.527Z] [INFO] [Miami2-2.local-miami2] Identifying improvement opportunities...
[2025-07-30T00:19:54.527Z] [INFO] [Miami2-2.local-miami2] No improvement opportunities identified
[2025-07-30T00:24:54.479Z] [INFO] [Miami2-2.local-miami2] Starting improvement cycle...
[2025-07-30T00:24:54.479Z] [INFO] [Miami2-2.local-miami2] Collecting system data for analysis...
[2025-07-30T00:24:54.509Z] [ERROR] [Miami2-2.local-miami2] Error collecting system data: Command failed: git status --porcelain
shell-init: error retrieving current directory: getcwd: cannot access parent directories: Operation not permitted
fatal: Unable to read current working directory: Operation not permitted

[2025-07-30T00:24:54.510Z] [INFO] [Miami2-2.local-miami2] Analyzing patterns in system data...
[2025-07-30T00:24:54.510Z] [INFO] [Miami2-2.local-miami2] Identifying improvement opportunities...
[2025-07-30T00:24:54.510Z] [INFO] [Miami2-2.local-miami2] No improvement opportunities identified
[2025-07-30T00:29:54.462Z] [INFO] [Miami2-2.local-miami2] Starting improvement cycle...
[2025-07-30T00:29:54.462Z] [INFO] [Miami2-2.local-miami2] Collecting system data for analysis...
[2025-07-30T00:29:54.492Z] [ERROR] [Miami2-2.local-miami2] Error collecting system data: Command failed: git status --porcelain
shell-init: error retrieving current directory: getcwd: cannot access parent directories: Operation not permitted
fatal: Unable to read current working directory: Operation not permitted

[2025-07-30T00:29:54.493Z] [INFO] [Miami2-2.local-miami2] Analyzing patterns in system data...
[2025-07-30T00:29:54.493Z] [INFO] [Miami2-2.local-miami2] Identifying improvement opportunities...
[2025-07-30T00:29:54.493Z] [INFO] [Miami2-2.local-miami2] No improvement opportunities identified
[2025-07-30T00:34:54.444Z] [INFO] [Miami2-2.local-miami2] Starting improvement cycle...
[2025-07-30T00:34:54.445Z] [INFO] [Miami2-2.local-miami2] Collecting system data for analysis...
[2025-07-30T00:34:54.475Z] [ERROR] [Miami2-2.local-miami2] Error collecting system data: Command failed: git status --porcelain
shell-init: error retrieving current directory: getcwd: cannot access parent directories: Operation not permitted
fatal: Unable to read current working directory: Operation not permitted

[2025-07-30T00:34:54.475Z] [INFO] [Miami2-2.local-miami2] Analyzing patterns in system data...
[2025-07-30T00:34:54.476Z] [INFO] [Miami2-2.local-miami2] Identifying improvement opportunities...
[2025-07-30T00:34:54.476Z] [INFO] [Miami2-2.local-miami2] No improvement opportunities identified
[2025-07-30T00:39:54.518Z] [INFO] [Miami2-2.local-miami2] Starting improvement cycle...
[2025-07-30T00:39:54.518Z] [INFO] [Miami2-2.local-miami2] Collecting system data for analysis...
[2025-07-30T00:39:54.568Z] [ERROR] [Miami2-2.local-miami2] Error collecting system data: Command failed: git status --porcelain
shell-init: error retrieving current directory: getcwd: cannot access parent directories: Operation not permitted
fatal: Unable to read current working directory: Operation not permitted

[2025-07-30T00:39:54.569Z] [INFO] [Miami2-2.local-miami2] Analyzing patterns in system data...
[2025-07-30T00:39:54.570Z] [INFO] [Miami2-2.local-miami2] Identifying improvement opportunities...
[2025-07-30T00:39:54.570Z] [INFO] [Miami2-2.local-miami2] No improvement opportunities identified
[2025-07-30T00:44:54.510Z] [INFO] [Miami2-2.local-miami2] Starting improvement cycle...
[2025-07-30T00:44:54.511Z] [INFO] [Miami2-2.local-miami2] Collecting system data for analysis...
[2025-07-30T00:44:54.541Z] [ERROR] [Miami2-2.local-miami2] Error collecting system data: Command failed: git status --porcelain
shell-init: error retrieving current directory: getcwd: cannot access parent directories: Operation not permitted
fatal: Unable to read current working directory: Operation not permitted

[2025-07-30T00:44:54.542Z] [INFO] [Miami2-2.local-miami2] Analyzing patterns in system data...
[2025-07-30T00:44:54.542Z] [INFO] [Miami2-2.local-miami2] Identifying improvement opportunities...
[2025-07-30T00:44:54.542Z] [INFO] [Miami2-2.local-miami2] No improvement opportunities identified
[2025-07-30T00:49:54.503Z] [INFO] [Miami2-2.local-miami2] Starting improvement cycle...
[2025-07-30T00:49:54.504Z] [INFO] [Miami2-2.local-miami2] Collecting system data for analysis...
[2025-07-30T00:49:54.533Z] [ERROR] [Miami2-2.local-miami2] Error collecting system data: Command failed: git status --porcelain
shell-init: error retrieving current directory: getcwd: cannot access parent directories: Operation not permitted
fatal: Unable to read current working directory: Operation not permitted

[2025-07-30T00:49:54.534Z] [INFO] [Miami2-2.local-miami2] Analyzing patterns in system data...
[2025-07-30T00:49:54.534Z] [INFO] [Miami2-2.local-miami2] Identifying improvement opportunities...
[2025-07-30T00:49:54.534Z] [INFO] [Miami2-2.local-miami2] No improvement opportunities identified
[2025-07-30T00:54:54.495Z] [INFO] [Miami2-2.local-miami2] Starting improvement cycle...
[2025-07-30T00:54:54.535Z] [INFO] [Miami2-2.local-miami2] Collecting system data for analysis...
[2025-07-30T00:54:54.669Z] [ERROR] [Miami2-2.local-miami2] Error collecting system data: Command failed: git status --porcelain
shell-init: error retrieving current directory: getcwd: cannot access parent directories: Operation not permitted
fatal: Unable to read current working directory: Operation not permitted

[2025-07-30T00:54:54.669Z] [INFO] [Miami2-2.local-miami2] Analyzing patterns in system data...
[2025-07-30T00:54:54.669Z] [INFO] [Miami2-2.local-miami2] Identifying improvement opportunities...
[2025-07-30T00:54:54.669Z] [INFO] [Miami2-2.local-miami2] No improvement opportunities identified
[2025-07-30T00:59:54.488Z] [INFO] [Miami2-2.local-miami2] Starting improvement cycle...
[2025-07-30T00:59:54.489Z] [INFO] [Miami2-2.local-miami2] Collecting system data for analysis...
[2025-07-30T00:59:54.518Z] [ERROR] [Miami2-2.local-miami2] Error collecting system data: Command failed: git status --porcelain
shell-init: error retrieving current directory: getcwd: cannot access parent directories: Operation not permitted
fatal: Unable to read current working directory: Operation not permitted

[2025-07-30T00:59:54.519Z] [INFO] [Miami2-2.local-miami2] Analyzing patterns in system data...
[2025-07-30T00:59:54.519Z] [INFO] [Miami2-2.local-miami2] Identifying improvement opportunities...
[2025-07-30T00:59:54.519Z] [INFO] [Miami2-2.local-miami2] No improvement opportunities identified
[2025-07-30T01:04:54.480Z] [INFO] [Miami2-2.local-miami2] Starting improvement cycle...
[2025-07-30T01:04:54.480Z] [INFO] [Miami2-2.local-miami2] Collecting system data for analysis...
[2025-07-30T01:04:54.530Z] [ERROR] [Miami2-2.local-miami2] Error collecting system data: Command failed: git status --porcelain
shell-init: error retrieving current directory: getcwd: cannot access parent directories: Operation not permitted
fatal: Unable to read current working directory: Operation not permitted

[2025-07-30T01:04:54.530Z] [INFO] [Miami2-2.local-miami2] Analyzing patterns in system data...
[2025-07-30T01:04:54.531Z] [INFO] [Miami2-2.local-miami2] Identifying improvement opportunities...
[2025-07-30T01:04:54.531Z] [INFO] [Miami2-2.local-miami2] No improvement opportunities identified
[2025-07-30T01:09:54.473Z] [INFO] [Miami2-2.local-miami2] Starting improvement cycle...
[2025-07-30T01:09:54.473Z] [INFO] [Miami2-2.local-miami2] Collecting system data for analysis...
[2025-07-30T01:09:54.504Z] [ERROR] [Miami2-2.local-miami2] Error collecting system data: Command failed: git status --porcelain
shell-init: error retrieving current directory: getcwd: cannot access parent directories: Operation not permitted
fatal: Unable to read current working directory: Operation not permitted

[2025-07-30T01:09:54.504Z] [INFO] [Miami2-2.local-miami2] Analyzing patterns in system data...
[2025-07-30T01:09:54.504Z] [INFO] [Miami2-2.local-miami2] Identifying improvement opportunities...
[2025-07-30T01:09:54.505Z] [INFO] [Miami2-2.local-miami2] No improvement opportunities identified
[2025-07-30T01:14:54.483Z] [INFO] [Miami2-2.local-miami2] Starting improvement cycle...
[2025-07-30T01:14:54.483Z] [INFO] [Miami2-2.local-miami2] Collecting system data for analysis...
[2025-07-30T01:14:54.534Z] [ERROR] [Miami2-2.local-miami2] Error collecting system data: Command failed: git status --porcelain
shell-init: error retrieving current directory: getcwd: cannot access parent directories: Operation not permitted
fatal: Unable to read current working directory: Operation not permitted

[2025-07-30T01:14:54.534Z] [INFO] [Miami2-2.local-miami2] Analyzing patterns in system data...
[2025-07-30T01:14:54.535Z] [INFO] [Miami2-2.local-miami2] Identifying improvement opportunities...
[2025-07-30T01:14:54.535Z] [INFO] [Miami2-2.local-miami2] No improvement opportunities identified
[2025-07-30T01:19:54.476Z] [INFO] [Miami2-2.local-miami2] Starting improvement cycle...
[2025-07-30T01:19:54.477Z] [INFO] [Miami2-2.local-miami2] Collecting system data for analysis...
[2025-07-30T01:19:54.507Z] [ERROR] [Miami2-2.local-miami2] Error collecting system data: Command failed: git status --porcelain
shell-init: error retrieving current directory: getcwd: cannot access parent directories: Operation not permitted
fatal: Unable to read current working directory: Operation not permitted

[2025-07-30T01:19:54.508Z] [INFO] [Miami2-2.local-miami2] Analyzing patterns in system data...
[2025-07-30T01:19:54.508Z] [INFO] [Miami2-2.local-miami2] Identifying improvement opportunities...
[2025-07-30T01:19:54.508Z] [INFO] [Miami2-2.local-miami2] No improvement opportunities identified
[2025-07-30T01:24:54.470Z] [INFO] [Miami2-2.local-miami2] Starting improvement cycle...
[2025-07-30T01:24:54.470Z] [INFO] [Miami2-2.local-miami2] Collecting system data for analysis...
[2025-07-30T01:24:54.519Z] [ERROR] [Miami2-2.local-miami2] Error collecting system data: Command failed: git status --porcelain
shell-init: error retrieving current directory: getcwd: cannot access parent directories: Operation not permitted
fatal: Unable to read current working directory: Operation not permitted

[2025-07-30T01:24:54.520Z] [INFO] [Miami2-2.local-miami2] Analyzing patterns in system data...
[2025-07-30T01:24:54.521Z] [INFO] [Miami2-2.local-miami2] Identifying improvement opportunities...
[2025-07-30T01:24:54.521Z] [INFO] [Miami2-2.local-miami2] No improvement opportunities identified
[2025-07-30T01:29:54.463Z] [INFO] [Miami2-2.local-miami2] Starting improvement cycle...
[2025-07-30T01:29:54.463Z] [INFO] [Miami2-2.local-miami2] Collecting system data for analysis...
[2025-07-30T01:29:54.513Z] [ERROR] [Miami2-2.local-miami2] Error collecting system data: Command failed: git status --porcelain
shell-init: error retrieving current directory: getcwd: cannot access parent directories: Operation not permitted
fatal: Unable to read current working directory: Operation not permitted

[2025-07-30T01:29:54.513Z] [INFO] [Miami2-2.local-miami2] Analyzing patterns in system data...
[2025-07-30T01:29:54.514Z] [INFO] [Miami2-2.local-miami2] Identifying improvement opportunities...
[2025-07-30T01:29:54.514Z] [INFO] [Miami2-2.local-miami2] No improvement opportunities identified
[2025-07-30T01:34:54.458Z] [INFO] [Miami2-2.local-miami2] Starting improvement cycle...
[2025-07-30T01:34:54.458Z] [INFO] [Miami2-2.local-miami2] Collecting system data for analysis...
[2025-07-30T01:34:54.590Z] [ERROR] [Miami2-2.local-miami2] Error collecting system data: Command failed: git status --porcelain
shell-init: error retrieving current directory: getcwd: cannot access parent directories: Operation not permitted
fatal: Unable to read current working directory: Operation not permitted

[2025-07-30T01:34:54.631Z] [INFO] [Miami2-2.local-miami2] Analyzing patterns in system data...
[2025-07-30T01:34:54.672Z] [INFO] [Miami2-2.local-miami2] Identifying improvement opportunities...
[2025-07-30T01:34:54.713Z] [INFO] [Miami2-2.local-miami2] No improvement opportunities identified
[2025-07-30T01:39:54.451Z] [INFO] [Miami2-2.local-miami2] Starting improvement cycle...
[2025-07-30T01:39:54.451Z] [INFO] [Miami2-2.local-miami2] Collecting system data for analysis...
[2025-07-30T01:39:54.481Z] [ERROR] [Miami2-2.local-miami2] Error collecting system data: Command failed: git status --porcelain
shell-init: error retrieving current directory: getcwd: cannot access parent directories: Operation not permitted
fatal: Unable to read current working directory: Operation not permitted

[2025-07-30T01:39:54.520Z] [INFO] [Miami2-2.local-miami2] Analyzing patterns in system data...
[2025-07-30T01:39:54.521Z] [INFO] [Miami2-2.local-miami2] Identifying improvement opportunities...
[2025-07-30T01:39:54.521Z] [INFO] [Miami2-2.local-miami2] No improvement opportunities identified
[2025-07-30T01:44:54.446Z] [INFO] [Miami2-2.local-miami2] Starting improvement cycle...
[2025-07-30T01:44:54.446Z] [INFO] [Miami2-2.local-miami2] Collecting system data for analysis...
[2025-07-30T01:44:54.496Z] [ERROR] [Miami2-2.local-miami2] Error collecting system data: Command failed: git status --porcelain
shell-init: error retrieving current directory: getcwd: cannot access parent directories: Operation not permitted
fatal: Unable to read current working directory: Operation not permitted

[2025-07-30T01:44:54.496Z] [INFO] [Miami2-2.local-miami2] Analyzing patterns in system data...
[2025-07-30T01:44:54.497Z] [INFO] [Miami2-2.local-miami2] Identifying improvement opportunities...
[2025-07-30T01:44:54.497Z] [INFO] [Miami2-2.local-miami2] No improvement opportunities identified
[2025-07-30T01:49:54.405Z] [INFO] [Miami2-2.local-miami2] Starting improvement cycle...
[2025-07-30T01:49:54.405Z] [INFO] [Miami2-2.local-miami2] Collecting system data for analysis...
[2025-07-30T01:49:54.435Z] [ERROR] [Miami2-2.local-miami2] Error collecting system data: Command failed: git status --porcelain
shell-init: error retrieving current directory: getcwd: cannot access parent directories: Operation not permitted
fatal: Unable to read current working directory: Operation not permitted

[2025-07-30T01:49:54.475Z] [INFO] [Miami2-2.local-miami2] Analyzing patterns in system data...
[2025-07-30T01:49:54.475Z] [INFO] [Miami2-2.local-miami2] Identifying improvement opportunities...
[2025-07-30T01:49:54.475Z] [INFO] [Miami2-2.local-miami2] No improvement opportunities identified
[2025-07-30T01:54:54.395Z] [INFO] [Miami2-2.local-miami2] Starting improvement cycle...
[2025-07-30T01:54:54.396Z] [INFO] [Miami2-2.local-miami2] Collecting system data for analysis...
[2025-07-30T01:54:54.425Z] [ERROR] [Miami2-2.local-miami2] Error collecting system data: Command failed: git status --porcelain
shell-init: error retrieving current directory: getcwd: cannot access parent directories: Operation not permitted
fatal: Unable to read current working directory: Operation not permitted

[2025-07-30T01:54:54.425Z] [INFO] [Miami2-2.local-miami2] Analyzing patterns in system data...
[2025-07-30T01:54:54.425Z] [INFO] [Miami2-2.local-miami2] Identifying improvement opportunities...
[2025-07-30T01:54:54.425Z] [INFO] [Miami2-2.local-miami2] No improvement opportunities identified
[2025-07-30T01:59:54.388Z] [INFO] [Miami2-2.local-miami2] Starting improvement cycle...
[2025-07-30T01:59:54.388Z] [INFO] [Miami2-2.local-miami2] Collecting system data for analysis...
[2025-07-30T01:59:54.419Z] [ERROR] [Miami2-2.local-miami2] Error collecting system data: Command failed: git status --porcelain
shell-init: error retrieving current directory: getcwd: cannot access parent directories: Operation not permitted
fatal: Unable to read current working directory: Operation not permitted

[2025-07-30T01:59:54.419Z] [INFO] [Miami2-2.local-miami2] Analyzing patterns in system data...
[2025-07-30T01:59:54.419Z] [INFO] [Miami2-2.local-miami2] Identifying improvement opportunities...
[2025-07-30T01:59:54.420Z] [INFO] [Miami2-2.local-miami2] No improvement opportunities identified
[2025-07-30T02:04:54.378Z] [INFO] [Miami2-2.local-miami2] Starting improvement cycle...
[2025-07-30T02:04:54.378Z] [INFO] [Miami2-2.local-miami2] Collecting system data for analysis...
[2025-07-30T02:04:54.408Z] [ERROR] [Miami2-2.local-miami2] Error collecting system data: Command failed: git status --porcelain
shell-init: error retrieving current directory: getcwd: cannot access parent directories: Operation not permitted
fatal: Unable to read current working directory: Operation not permitted

[2025-07-30T02:04:54.409Z] [INFO] [Miami2-2.local-miami2] Analyzing patterns in system data...
[2025-07-30T02:04:54.409Z] [INFO] [Miami2-2.local-miami2] Identifying improvement opportunities...
[2025-07-30T02:04:54.409Z] [INFO] [Miami2-2.local-miami2] No improvement opportunities identified
[2025-07-30T02:09:54.368Z] [INFO] [Miami2-2.local-miami2] Starting improvement cycle...
[2025-07-30T02:09:54.368Z] [INFO] [Miami2-2.local-miami2] Collecting system data for analysis...
[2025-07-30T02:09:54.399Z] [ERROR] [Miami2-2.local-miami2] Error collecting system data: Command failed: git status --porcelain
shell-init: error retrieving current directory: getcwd: cannot access parent directories: Operation not permitted
fatal: Unable to read current working directory: Operation not permitted

[2025-07-30T02:09:54.399Z] [INFO] [Miami2-2.local-miami2] Analyzing patterns in system data...
[2025-07-30T02:09:54.399Z] [INFO] [Miami2-2.local-miami2] Identifying improvement opportunities...
[2025-07-30T02:09:54.399Z] [INFO] [Miami2-2.local-miami2] No improvement opportunities identified
[2025-07-30T02:14:54.358Z] [INFO] [Miami2-2.local-miami2] Starting improvement cycle...
[2025-07-30T02:14:54.358Z] [INFO] [Miami2-2.local-miami2] Collecting system data for analysis...
[2025-07-30T02:14:54.389Z] [ERROR] [Miami2-2.local-miami2] Error collecting system data: Command failed: git status --porcelain
shell-init: error retrieving current directory: getcwd: cannot access parent directories: Operation not permitted
fatal: Unable to read current working directory: Operation not permitted

[2025-07-30T02:14:54.389Z] [INFO] [Miami2-2.local-miami2] Analyzing patterns in system data...
[2025-07-30T02:14:54.389Z] [INFO] [Miami2-2.local-miami2] Identifying improvement opportunities...
[2025-07-30T02:14:54.389Z] [INFO] [Miami2-2.local-miami2] No improvement opportunities identified
