[2025-08-25T13:50:00.606Z] Starting autonomous-system-manager with args: ["start"]
[2025-08-25T13:50:15.611Z] heartbeat ok | rss=48373760 heapUsed=7109072
[2025-08-25T13:50:30.612Z] heartbeat ok | rss=48640000 heapUsed=7366032
[2025-08-25T13:50:45.611Z] heartbeat ok | rss=48971776 heapUsed=7672464
[2025-08-25T13:51:00.610Z] autonomous routine tick
[2025-08-25T13:51:00.611Z] heartbeat ok | rss=49430528 heapUsed=7260072
[2025-08-25T13:51:15.611Z] heartbeat ok | rss=49885184 heapUsed=7715480
[2025-08-25T13:51:30.611Z] heartbeat ok | rss=50089984 heapUsed=7405192
[2025-08-25T13:51:45.612Z] heartbeat ok | rss=50130944 heapUsed=7201896
[2025-08-25T13:52:00.611Z] autonomous routine tick
[2025-08-25T13:52:00.612Z] heartbeat ok | rss=50274304 heapUsed=7112696
[2025-08-25T13:52:05.911Z] Shutting down autonomous-system-manager gracefully...
[2025-08-25T13:52:06.341Z] Starting autonomous-system-manager with args: ["start"]
[2025-08-25T13:52:20.654Z] Shutting down autonomous-system-manager gracefully...
[2025-08-25T13:52:21.081Z] Starting autonomous-system-manager with args: ["start"]
[2025-08-25T13:52:36.085Z] heartbeat ok | rss=47194112 heapUsed=7090624
[2025-08-25T13:52:51.085Z] heartbeat ok | rss=47452160 heapUsed=7342592
[2025-08-25T13:53:06.085Z] heartbeat ok | rss=47783936 heapUsed=7647704
[2025-08-25T13:53:21.084Z] autonomous routine tick
[2025-08-25T13:53:21.086Z] heartbeat ok | rss=48242688 heapUsed=7221352
[2025-08-25T13:53:36.086Z] heartbeat ok | rss=48689152 heapUsed=7674304
[2025-08-25T13:53:51.086Z] heartbeat ok | rss=48922624 heapUsed=7358040
[2025-08-25T13:54:06.085Z] heartbeat ok | rss=48922624 heapUsed=7118080
[2025-08-25T13:54:08.329Z] Starting autonomous-system-manager with args: ["start"]
[2025-08-25T13:54:08.371Z] Shutting down autonomous-system-manager gracefully...
[2025-08-25T13:54:23.332Z] heartbeat ok | rss=48115712 heapUsed=7086072
[2025-08-25T13:54:38.333Z] heartbeat ok | rss=48373760 heapUsed=7343408
[2025-08-25T13:54:53.334Z] heartbeat ok | rss=48734208 heapUsed=7647136
[2025-08-25T13:55:08.389Z] autonomous routine tick
[2025-08-25T13:55:08.390Z] heartbeat ok | rss=49172480 heapUsed=7231888
[2025-08-25T13:55:23.391Z] heartbeat ok | rss=49643520 heapUsed=7704936
[2025-08-25T13:55:38.391Z] heartbeat ok | rss=49844224 heapUsed=7399232
[2025-08-25T13:55:53.392Z] heartbeat ok | rss=49856512 heapUsed=7163400
[2025-08-25T13:56:08.390Z] autonomous routine tick
[2025-08-25T13:56:08.391Z] heartbeat ok | rss=50053120 heapUsed=7915304
[2025-08-25T13:56:23.393Z] heartbeat ok | rss=50233344 heapUsed=7848288
[2025-08-25T13:56:38.393Z] heartbeat ok | rss=50233344 heapUsed=7878232
[2025-08-25T13:56:53.394Z] heartbeat ok | rss=50249728 heapUsed=7106136
[2025-08-25T13:57:08.389Z] autonomous routine tick
[2025-08-25T13:57:08.393Z] heartbeat ok | rss=50253824 heapUsed=7256440
[2025-08-25T13:57:23.393Z] heartbeat ok | rss=50253824 heapUsed=7488344
[2025-08-25T13:57:38.394Z] heartbeat ok | rss=50253824 heapUsed=7838392
[2025-08-25T13:58:23.394Z] heartbeat ok | rss=50302976 heapUsed=7717056
[2025-08-25T13:58:38.386Z] heartbeat ok | rss=50302976 heapUsed=7445304
[2025-08-25T13:58:53.384Z] heartbeat ok | rss=50302976 heapUsed=7352632
[2025-08-25T13:59:08.376Z] autonomous routine tick
[2025-08-25T13:59:08.383Z] heartbeat ok | rss=50302976 heapUsed=7255760
[2025-08-25T13:59:23.382Z] heartbeat ok | rss=50302976 heapUsed=7384392
[2025-08-25T13:59:38.384Z] heartbeat ok | rss=50331648 heapUsed=7529656
[2025-08-25T13:59:53.384Z] heartbeat ok | rss=50331648 heapUsed=7822712
[2025-08-25T14:00:08.376Z] autonomous routine tick
[2025-08-25T14:00:08.386Z] heartbeat ok | rss=50360320 heapUsed=7299768
[2025-08-25T14:00:23.386Z] heartbeat ok | rss=50364416 heapUsed=7893240
[2025-08-25T14:00:38.387Z] heartbeat ok | rss=50368512 heapUsed=7460032
[2025-08-25T14:00:53.387Z] heartbeat ok | rss=50368512 heapUsed=7963152
[2025-08-25T14:01:08.377Z] autonomous routine tick
[2025-08-25T14:01:08.386Z] heartbeat ok | rss=50745344 heapUsed=7673144
[2025-08-25T14:01:23.388Z] heartbeat ok | rss=50774016 heapUsed=7694352
[2025-08-25T14:01:38.389Z] heartbeat ok | rss=50774016 heapUsed=7715304
[2025-08-25T14:01:53.390Z] heartbeat ok | rss=52576256 heapUsed=7754456
[2025-08-25T14:02:08.384Z] autonomous routine tick
[2025-08-25T14:02:08.389Z] heartbeat ok | rss=52584448 heapUsed=7984024
[2025-08-25T14:02:23.389Z] heartbeat ok | rss=52584448 heapUsed=8003080
[2025-08-25T14:02:38.389Z] heartbeat ok | rss=52592640 heapUsed=8029392
[2025-08-25T14:02:53.389Z] heartbeat ok | rss=52629504 heapUsed=7637632
[2025-08-25T14:03:08.385Z] autonomous routine tick
[2025-08-25T14:03:08.390Z] heartbeat ok | rss=52633600 heapUsed=7440776
[2025-08-25T14:03:23.390Z] heartbeat ok | rss=52637696 heapUsed=7215104
[2025-08-25T14:03:38.390Z] heartbeat ok | rss=52645888 heapUsed=7928976
[2025-08-25T14:03:53.390Z] heartbeat ok | rss=52645888 heapUsed=7945752
[2025-08-25T14:04:08.385Z] autonomous routine tick
[2025-08-25T14:04:08.390Z] heartbeat ok | rss=52711424 heapUsed=7732168
[2025-08-25T14:15:23.391Z] heartbeat ok | rss=53346304 heapUsed=7807288
[2025-08-25T14:15:38.390Z] heartbeat ok | rss=53346304 heapUsed=7363352
[2025-08-25T14:15:53.389Z] heartbeat ok | rss=53510144 heapUsed=7825504
[2025-08-25T14:16:08.349Z] autonomous routine tick
[2025-08-25T14:16:08.389Z] heartbeat ok | rss=53510144 heapUsed=7389840
[2025-08-25T14:16:23.390Z] heartbeat ok | rss=53514240 heapUsed=7832040
[2025-08-25T14:16:38.390Z] heartbeat ok | rss=53514240 heapUsed=7386808
[2025-08-25T14:16:53.391Z] heartbeat ok | rss=53518336 heapUsed=7386392
[2025-08-25T14:17:08.348Z] autonomous routine tick
[2025-08-25T14:17:08.391Z] heartbeat ok | rss=53518336 heapUsed=7842184
[2025-08-25T14:17:23.393Z] heartbeat ok | rss=53522432 heapUsed=7391408
[2025-08-25T14:17:38.392Z] heartbeat ok | rss=53530624 heapUsed=7843688
[2025-08-25T14:17:53.393Z] heartbeat ok | rss=53530624 heapUsed=7400944
[2025-08-25T14:18:08.348Z] autonomous routine tick
[2025-08-25T14:18:08.393Z] heartbeat ok | rss=53530624 heapUsed=7890296
[2025-08-25T14:18:23.393Z] heartbeat ok | rss=53534720 heapUsed=7406192
[2025-08-25T14:18:38.393Z] heartbeat ok | rss=53538816 heapUsed=7406616
[2025-08-25T14:18:53.392Z] heartbeat ok | rss=53538816 heapUsed=7855672
[2025-08-25T14:19:03.543Z] Starting autonomous-system-manager with args: []
[2025-08-25T14:19:08.349Z] autonomous routine tick
[2025-08-25T14:19:08.392Z] heartbeat ok | rss=53547008 heapUsed=7914064
[2025-08-25T14:19:18.548Z] heartbeat ok | rss=30519296 heapUsed=3995840
[2025-08-25T14:19:23.392Z] heartbeat ok | rss=53555200 heapUsed=7419416
