node:internal/modules/cjs/loader:1404
  throw err;
  ^

Error: Cannot find module 'node-cron'
Require stack:
- /Users/miami2/Documents/GitHub/bolt.new.zion.app/automation/content-generation-orchestrator.js
    at Function._resolveFilename (node:internal/modules/cjs/loader:1401:15)
    at defaultResolveImpl (node:internal/modules/cjs/loader:1057:19)
    at resolveForCJSWithHooks (node:internal/modules/cjs/loader:1062:22)
    at Function._load (node:internal/modules/cjs/loader:1211:37)
    at TracingChannel.traceSync (node:diagnostics_channel:322:14)
    at wrapModuleLoad (node:internal/modules/cjs/loader:235:24)
    at Module.require (node:internal/modules/cjs/loader:1487:12)
    at require (node:internal/modules/helpers:135:16)
    at Object.<anonymous> (/Users/miami2/Documents/GitHub/bolt.new.zion.app/automation/content-generation-orchestrator.js:6:14)
    at Module._compile (node:internal/modules/cjs/loader:1730:14) {
  code: 'MODULE_NOT_FOUND',
  requireStack: [
    '/Users/miami2/Documents/GitHub/bolt.new.zion.app/automation/content-generation-orchestrator.js'
  ]
}

Node.js v22.16.0
