[2025-08-25 12:00:02] Starting error recovery process...
[2025-08-25 12:00:02] Checking for crashed automation processes...
[2025-08-25 12:00:03] Checking memory usage...
[2025-08-25 12:00:04] Checking log file sizes...
[2025-08-25 12:00:04] Error recovery process completed
[2025-08-25 12:02:01] Starting error recovery process...
[2025-08-25 12:02:01] Checking for crashed automation processes...
[2025-08-25 12:02:01] Checking memory usage...
[2025-08-25 12:02:02] High memory usage detected (641.961 MB), restarting services...
[2025-08-25T15:02:07.603Z] Starting Autonomous System Manager
[2025-08-25T15:02:07.768Z] Starting all enabled services...
[2025-08-25T15:02:07.768Z] Starting service: autonomous-system-manager
[2025-08-25T15:02:07.768Z] Error starting autonomous-system-manager: Cannot access 'process' before initialization
[2025-08-25T15:02:08.770Z] Starting service: ml-link-intelligence
[2025-08-25T15:02:08.775Z] Error starting ml-link-intelligence: Cannot access 'process' before initialization
[2025-08-25T15:02:09.848Z] Starting service: link-health-scheduler
[2025-08-25T15:02:09.849Z] Error starting link-health-scheduler: Cannot access 'process' before initialization
[2025-08-25T15:02:10.561Z] Starting ML Link Intelligence worker
[2025-08-25T15:02:10.680Z] Added https://github.com to analysis queue
[2025-08-25T15:02:10.681Z] Added https://stackoverflow.com to analysis queue
[2025-08-25T15:02:10.681Z] Added https://medium.com to analysis queue
[2025-08-25T15:02:10.681Z] Added https://dev.to to analysis queue
[2025-08-25T15:02:10.682Z] Added https://wikipedia.org to analysis queue
[2025-08-25T15:02:10.682Z] Processing queue with 5 links
[2025-08-25T15:02:10.682Z] Analyzing link: https://github.com
[2025-08-25T15:02:10.850Z] Starting service: real-time-performance-monitor
[2025-08-25T15:02:10.851Z] Error starting real-time-performance-monitor: Cannot access 'process' before initialization
[2025-08-25T15:02:10.873Z] Analysis complete for https://github.com: good (200)
[2025-08-25T15:02:11.857Z] Started 0/4 services successfully
[2025-08-25T15:02:11.860Z] Autonomous System Manager is now running
[2025-08-25T15:02:11.875Z] Analyzing link: https://stackoverflow.com
[2025-08-25T15:02:11.945Z] Analysis complete for https://stackoverflow.com: poor (403)
[2025-08-25T15:02:12.779Z] Starting Link Health Scheduler
[2025-08-25T15:02:12.934Z] Starting Link Health Scheduler
[2025-08-25T15:02:13.079Z] Scheduled check for homepage at Mon Aug 25 2025 12:07:12 GMT-0300 (Brasilia Standard Time)
[2025-08-25T15:02:13.080Z] Scheduled check for services at Mon Aug 25 2025 12:17:13 GMT-0300 (Brasilia Standard Time)
[2025-08-25T15:02:13.082Z] Analyzing link: https://medium.com
[2025-08-25T15:02:13.081Z] Scheduled check for about at Mon Aug 25 2025 13:02:13 GMT-0300 (Brasilia Standard Time)
[2025-08-25T15:02:13.091Z] Scheduled check for contact at Mon Aug 25 2025 12:17:13 GMT-0300 (Brasilia Standard Time)
[2025-08-25T15:02:13.091Z] Scheduled 4 links for health checks
[2025-08-25T15:02:13.214Z] Analysis complete for https://medium.com: good (200)
[2025-08-25T15:02:14.217Z] Analyzing link: https://dev.to
[2025-08-25T15:02:14.266Z] Analysis complete for https://dev.to: poor (403)
[2025-08-25 12:02:14] Checking log file sizes...
[2025-08-25T15:02:14.576Z] Starting Real-Time Performance Monitor
[2025-08-25T15:02:14.691Z] Starting real-time performance monitoring
[2025-08-25 12:02:14] Error recovery process completed
[2025-08-25T15:02:15.267Z] Analyzing link: https://wikipedia.org
[2025-08-25T15:02:15.324Z] Analysis complete for https://wikipedia.org: poor (403)
[2025-08-25T15:02:16.325Z] Queue processing complete
[2025-08-25 12:02:32] Starting error recovery process...
[2025-08-25 12:02:32] Checking for crashed automation processes...
[2025-08-25 12:02:32] Checking memory usage...
[2025-08-25 12:02:34] High memory usage detected (673.734 MB), restarting services...
[2025-08-25T15:02:34.634Z] Shutting down Autonomous System Manager gracefully...
[2025-08-25T15:02:34.634Z] Stopping all services...
[2025-08-25T15:02:34.634Z] Stopped 0 services
[2025-08-25T15:02:34.737Z] Stopping ML Link Intelligence...
[2025-08-25T15:02:34.896Z] Stopping Link Health Scheduler...
[2025-08-25T15:02:34.897Z] Stopping Link Health Scheduler
[2025-08-25T15:02:34.899Z] All scheduled jobs cleared
[2025-08-25T15:02:35.002Z] Stopping Real-Time Performance Monitor...
[2025-08-25T15:02:35.016Z] Stopping performance monitoring
[2025-08-25T15:02:40.132Z] Starting Autonomous System Manager
[2025-08-25T15:02:40.136Z] Starting all enabled services...
[2025-08-25T15:02:40.137Z] Starting service: autonomous-system-manager
[2025-08-25T15:02:40.138Z] Error starting autonomous-system-manager: Cannot access 'process' before initialization
[2025-08-25T15:02:41.143Z] Starting service: ml-link-intelligence
[2025-08-25T15:02:41.146Z] Error starting ml-link-intelligence: Cannot access 'process' before initialization
[2025-08-25T15:02:42.148Z] Starting service: link-health-scheduler
[2025-08-25T15:02:42.149Z] Error starting link-health-scheduler: Cannot access 'process' before initialization
[2025-08-25T15:02:43.150Z] Starting service: real-time-performance-monitor
[2025-08-25T15:02:43.150Z] Error starting real-time-performance-monitor: Cannot access 'process' before initialization
[2025-08-25T15:02:43.174Z] Starting ML Link Intelligence worker
[2025-08-25T15:02:43.180Z] Added https://github.com to analysis queue
[2025-08-25T15:02:43.180Z] Added https://stackoverflow.com to analysis queue
[2025-08-25T15:02:43.181Z] Added https://medium.com to analysis queue
[2025-08-25T15:02:43.181Z] Added https://dev.to to analysis queue
[2025-08-25T15:02:43.181Z] Added https://wikipedia.org to analysis queue
[2025-08-25T15:02:43.182Z] Processing queue with 5 links
[2025-08-25T15:02:43.182Z] Analyzing link: https://github.com
[2025-08-25T15:02:43.411Z] Analysis complete for https://github.com: good (200)
[2025-08-25T15:02:44.152Z] Started 0/4 services successfully
[2025-08-25T15:02:44.153Z] Autonomous System Manager is now running
[2025-08-25T15:02:44.412Z] Analyzing link: https://stackoverflow.com
[2025-08-25T15:02:44.477Z] Analysis complete for https://stackoverflow.com: poor (403)
[2025-08-25T15:02:45.258Z] Starting Link Health Scheduler
[2025-08-25T15:02:45.263Z] Starting Link Health Scheduler
[2025-08-25T15:02:45.264Z] Scheduled check for homepage at Mon Aug 25 2025 12:07:45 GMT-0300 (Brasilia Standard Time)
[2025-08-25T15:02:45.265Z] Scheduled check for services at Mon Aug 25 2025 12:17:45 GMT-0300 (Brasilia Standard Time)
[2025-08-25T15:02:45.265Z] Scheduled check for about at Mon Aug 25 2025 13:02:45 GMT-0300 (Brasilia Standard Time)
[2025-08-25T15:02:45.265Z] Scheduled check for contact at Mon Aug 25 2025 12:17:45 GMT-0300 (Brasilia Standard Time)
[2025-08-25T15:02:45.266Z] Scheduled 4 links for health checks
[2025-08-25T15:02:45.478Z] Analyzing link: https://medium.com
[2025-08-25T15:02:45.586Z] Analysis complete for https://medium.com: good (200)
[2025-08-25T15:02:46.587Z] Analyzing link: https://dev.to
[2025-08-25T15:02:46.647Z] Analysis complete for https://dev.to: poor (403)
[2025-08-25 12:02:47] Checking log file sizes...
[2025-08-25T15:02:47.253Z] Starting Real-Time Performance Monitor
[2025-08-25T15:02:47.259Z] Starting real-time performance monitoring
[2025-08-25 12:02:47] Error recovery process completed
[2025-08-25T15:02:47.647Z] Analyzing link: https://wikipedia.org
[2025-08-25T15:02:47.703Z] Analysis complete for https://wikipedia.org: poor (403)
[2025-08-25T15:02:48.705Z] Queue processing complete
[2025-08-25T15:03:05.270Z] Status: 4 jobs scheduled, 0 active
[2025-08-25T15:03:17.265Z] CRITICAL MEMORY ALERT: Memory usage critical: 97.94% - Memory pressure detected
[2025-08-25T15:03:17.265Z] ALERT [CRITICAL] Memory usage critical: 97.94%
[2025-08-25T15:03:17.266Z] metrics rss=30.16 MB heapUsed=4.26 MB cpuLoad=55.93 memUsage=97.94%
[2025-08-25T15:03:47.265Z] CRITICAL MEMORY ALERT: Memory usage critical: 97.12% - Memory pressure detected
[2025-08-25T15:03:47.265Z] ALERT [CRITICAL] Memory usage critical: 97.12%
[2025-08-25T15:03:47.266Z] metrics rss=30.38 MB heapUsed=4.33 MB cpuLoad=47.02 memUsage=97.12%
[2025-08-25 12:04:01] Starting error recovery process...
[2025-08-25 12:04:02] Checking for crashed automation processes...
[2025-08-25 12:04:02] Checking memory usage...
[2025-08-25 12:04:03] High memory usage detected (644.668 MB), restarting services...
[2025-08-25T15:04:03.372Z] Shutting down Autonomous System Manager gracefully...
[2025-08-25T15:04:03.372Z] Stopping all services...
[2025-08-25T15:04:03.374Z] Stopped 0 services
[2025-08-25T15:04:03.495Z] Stopping ML Link Intelligence...
[2025-08-25T15:04:03.495Z] Stopping ML Link Intelligence...
[2025-08-25T15:04:03.603Z] Stopping Link Health Scheduler...
[2025-08-25T15:04:03.604Z] Stopping Link Health Scheduler
[2025-08-25T15:04:03.606Z] All scheduled jobs cleared
[2025-08-25T15:04:03.704Z] Stopping Real-Time Performance Monitor...
[2025-08-25T15:04:03.705Z] Stopping performance monitoring
[2025-08-25T15:04:09.066Z] Starting Autonomous System Manager
[2025-08-25T15:04:09.249Z] Starting all enabled services...
[2025-08-25T15:04:09.250Z] Starting service: autonomous-system-manager
[2025-08-25T15:04:09.250Z] Error starting autonomous-system-manager: Cannot access 'process' before initialization
[2025-08-25T15:04:10.254Z] Starting service: ml-link-intelligence
[2025-08-25T15:04:10.254Z] Error starting ml-link-intelligence: Cannot access 'process' before initialization
[2025-08-25T15:04:11.262Z] Starting service: link-health-scheduler
[2025-08-25T15:04:11.274Z] Error starting link-health-scheduler: Cannot access 'process' before initialization
[2025-08-25T15:04:12.014Z] Starting ML Link Intelligence worker
[2025-08-25T15:04:12.179Z] Added https://github.com to analysis queue
[2025-08-25T15:04:12.179Z] Added https://stackoverflow.com to analysis queue
[2025-08-25T15:04:12.180Z] Added https://medium.com to analysis queue
[2025-08-25T15:04:12.180Z] Added https://dev.to to analysis queue
[2025-08-25T15:04:12.181Z] Added https://wikipedia.org to analysis queue
[2025-08-25T15:04:12.185Z] Processing queue with 5 links
[2025-08-25T15:04:12.186Z] Analyzing link: https://github.com
[2025-08-25T15:04:12.277Z] Starting service: real-time-performance-monitor
[2025-08-25T15:04:12.278Z] Error starting real-time-performance-monitor: Cannot access 'process' before initialization
[2025-08-25T15:04:12.445Z] Analysis complete for https://github.com: good (200)
[2025-08-25T15:04:13.298Z] Started 0/4 services successfully
[2025-08-25T15:04:13.301Z] Autonomous System Manager is now running
[2025-08-25T15:04:13.456Z] Analyzing link: https://stackoverflow.com
[2025-08-25T15:04:13.538Z] Analysis complete for https://stackoverflow.com: poor (403)
[2025-08-25T15:04:14.003Z] Starting Link Health Scheduler
[2025-08-25T15:04:14.166Z] Starting Link Health Scheduler
[2025-08-25T15:04:14.167Z] Scheduled check for homepage at Mon Aug 25 2025 12:09:14 GMT-0300 (Brasilia Standard Time)
[2025-08-25T15:04:14.167Z] Scheduled check for services at Mon Aug 25 2025 12:19:14 GMT-0300 (Brasilia Standard Time)
[2025-08-25T15:04:14.168Z] Scheduled check for about at Mon Aug 25 2025 13:04:14 GMT-0300 (Brasilia Standard Time)
[2025-08-25T15:04:14.168Z] Scheduled check for contact at Mon Aug 25 2025 12:19:14 GMT-0300 (Brasilia Standard Time)
[2025-08-25T15:04:14.168Z] Scheduled 4 links for health checks
[2025-08-25T15:04:14.540Z] Analyzing link: https://medium.com
[2025-08-25T15:04:14.640Z] Analysis complete for https://medium.com: good (200)
[2025-08-25T15:04:15.641Z] Analyzing link: https://dev.to
[2025-08-25T15:04:15.746Z] Analysis complete for https://dev.to: poor (403)
[2025-08-25 12:04:15] Checking log file sizes...
[2025-08-25T15:04:15.999Z] Starting Real-Time Performance Monitor
[2025-08-25T15:04:16.183Z] Starting real-time performance monitoring
[2025-08-25 12:04:16] Error recovery process completed
[2025-08-25T15:04:16.747Z] Analyzing link: https://wikipedia.org
[2025-08-25T15:04:16.798Z] Analysis complete for https://wikipedia.org: poor (403)
[2025-08-25T15:04:17.878Z] Queue processing complete
[2025-08-25T15:04:46.190Z] ALERT [WARNING] CPU load warning: 75.35
[2025-08-25T15:04:46.190Z] CRITICAL MEMORY ALERT: Memory usage critical: 98.52% - Memory pressure detected
[2025-08-25T15:04:46.190Z] ALERT [CRITICAL] Memory usage critical: 98.52%
[2025-08-25T15:04:46.191Z] metrics rss=30.60 MB heapUsed=4.25 MB cpuLoad=75.35 memUsage=98.52%
[2025-08-25T15:05:04.175Z] Status: 4 jobs scheduled, 0 active
[2025-08-25T15:05:13.304Z] Periodic status check - all systems operational
[2025-08-25T15:05:16.188Z] ALERT [WARNING] Memory usage warning: 93.24%
[2025-08-25T15:05:16.189Z] metrics rss=30.82 MB heapUsed=4.32 MB cpuLoad=48.42 memUsage=93.24%

=== Performance Monitor Summary ===
Timestamp: 2025-08-25T15:05:16.186Z
System Uptime: 1 hours
Hostname: MacBook-Pro-de-Kleber.local

Current Status:
  CPU Load: 48.42
  Memory Usage: 93.24%
  Memory Free: 2.16 GB
  Process Memory: 30.82 MB
  Process Uptime: 1 minutes

Alerts:
  Total: 3
  Critical: 1 🔴
  Warning: 2 🟡

===================================

[2025-08-25T15:05:46.190Z] ALERT [WARNING] Memory usage warning: 94.46%
[2025-08-25T15:05:46.190Z] metrics rss=31.01 MB heapUsed=4.45 MB cpuLoad=37.70 memUsage=94.46%
[2025-08-25 12:06:01] Starting error recovery process...
[2025-08-25 12:06:01] Checking for crashed automation processes...
[2025-08-25 12:06:01] Checking memory usage...
[2025-08-25 12:06:02] High memory usage detected (611.238 MB), restarting services...
[2025-08-25T15:06:02.905Z] Shutting down Autonomous System Manager gracefully...
[2025-08-25T15:06:02.906Z] Stopping all services...
[2025-08-25T15:06:02.906Z] Stopped 0 services
[2025-08-25T15:06:03.044Z] Stopping ML Link Intelligence...
[2025-08-25T15:06:03.165Z] Stopping Link Health Scheduler...
[2025-08-25T15:06:03.166Z] Stopping Link Health Scheduler
[2025-08-25T15:06:03.167Z] All scheduled jobs cleared
[2025-08-25T15:06:03.447Z] Stopping Real-Time Performance Monitor...
[2025-08-25T15:06:03.450Z] Stopping performance monitoring
[2025-08-25T15:06:08.749Z] Starting Autonomous System Manager
[2025-08-25T15:06:08.984Z] Starting all enabled services...
[2025-08-25T15:06:08.985Z] Starting service: autonomous-system-manager
[2025-08-25T15:06:08.989Z] Error starting autonomous-system-manager: Cannot access 'process' before initialization
[2025-08-25T15:06:09.998Z] Starting service: ml-link-intelligence
[2025-08-25T15:06:09.999Z] Error starting ml-link-intelligence: Cannot access 'process' before initialization
[2025-08-25T15:06:11.002Z] Starting service: link-health-scheduler
[2025-08-25T15:06:11.002Z] Error starting link-health-scheduler: Cannot access 'process' before initialization
[2025-08-25T15:06:11.721Z] Starting ML Link Intelligence worker
[2025-08-25T15:06:11.896Z] Added https://github.com to analysis queue
[2025-08-25T15:06:11.897Z] Added https://stackoverflow.com to analysis queue
[2025-08-25T15:06:11.897Z] Added https://medium.com to analysis queue
[2025-08-25T15:06:11.897Z] Added https://dev.to to analysis queue
[2025-08-25T15:06:11.898Z] Added https://wikipedia.org to analysis queue
[2025-08-25T15:06:11.898Z] Processing queue with 5 links
[2025-08-25T15:06:11.898Z] Analyzing link: https://github.com
[2025-08-25T15:06:12.008Z] Starting service: real-time-performance-monitor
[2025-08-25T15:06:12.009Z] Error starting real-time-performance-monitor: Cannot access 'process' before initialization
[2025-08-25T15:06:12.149Z] Analysis complete for https://github.com: good (200)
[2025-08-25T15:06:13.011Z] Started 0/4 services successfully
[2025-08-25T15:06:13.012Z] Autonomous System Manager is now running
[2025-08-25T15:06:13.149Z] Analyzing link: https://stackoverflow.com
[2025-08-25T15:06:13.293Z] Analysis complete for https://stackoverflow.com: poor (403)
[2025-08-25T15:06:13.780Z] Starting Link Health Scheduler
[2025-08-25T15:06:14.043Z] Starting Link Health Scheduler
[2025-08-25T15:06:14.049Z] Scheduled check for homepage at Mon Aug 25 2025 12:11:14 GMT-0300 (Brasilia Standard Time)
[2025-08-25T15:06:14.056Z] Scheduled check for services at Mon Aug 25 2025 12:21:14 GMT-0300 (Brasilia Standard Time)
[2025-08-25T15:06:14.057Z] Scheduled check for about at Mon Aug 25 2025 13:06:14 GMT-0300 (Brasilia Standard Time)
[2025-08-25T15:06:14.057Z] Scheduled check for contact at Mon Aug 25 2025 12:21:14 GMT-0300 (Brasilia Standard Time)
[2025-08-25T15:06:14.057Z] Scheduled 4 links for health checks
[2025-08-25T15:06:14.294Z] Analyzing link: https://medium.com
[2025-08-25T15:06:14.516Z] Analysis complete for https://medium.com: good (200)
[2025-08-25T15:06:15.518Z] Analyzing link: https://dev.to
[2025-08-25 12:06:15] Checking log file sizes...
[2025-08-25T15:06:15.615Z] Analysis complete for https://dev.to: poor (403)
[2025-08-25T15:06:15.897Z] Starting Real-Time Performance Monitor
[2025-08-25T15:06:16.127Z] Starting real-time performance monitoring
[2025-08-25T15:06:16.617Z] Analyzing link: https://wikipedia.org
[2025-08-25T15:06:16.760Z] Analysis complete for https://wikipedia.org: poor (403)
[2025-08-25 12:06:16] Error recovery process completed
[2025-08-25T15:06:17.762Z] Queue processing complete
[2025-08-25T15:06:46.161Z] CRITICAL MEMORY ALERT: Memory usage critical: 97.94% - Memory pressure detected
[2025-08-25T15:06:46.162Z] ALERT [CRITICAL] Memory usage critical: 97.94%
[2025-08-25T15:06:46.162Z] metrics rss=30.83 MB heapUsed=4.26 MB cpuLoad=50.42 memUsage=97.94%
[2025-08-25T15:07:04.169Z] Status: 4 jobs scheduled, 0 active
[2025-08-25T15:07:16.214Z] CRITICAL MEMORY ALERT: Memory usage critical: 98.31% - Memory pressure detected
[2025-08-25T15:07:16.215Z] ALERT [CRITICAL] Memory usage critical: 98.31%
[2025-08-25T15:07:16.215Z] metrics rss=31.05 MB heapUsed=4.33 MB cpuLoad=55.69 memUsage=98.31%
[2025-08-25T15:07:46.185Z] ALERT [WARNING] CPU load warning: 73.50
[2025-08-25T15:07:46.189Z] CRITICAL MEMORY ALERT: Memory usage critical: 98.38% - Memory pressure detected
[2025-08-25T15:07:46.190Z] ALERT [CRITICAL] Memory usage critical: 98.38%
[2025-08-25T15:07:46.190Z] metrics rss=31.10 MB heapUsed=4.37 MB cpuLoad=73.50 memUsage=98.38%
[2025-08-25 12:08:02] Starting error recovery process...
[2025-08-25 12:08:02] Checking for crashed automation processes...
[2025-08-25 12:08:03] Checking memory usage...
[2025-08-25T15:08:04.318Z] Status: 4 jobs scheduled, 0 active
[2025-08-25 12:08:04] High memory usage detected (612.547 MB), restarting services...
[2025-08-25T15:08:05.123Z] Shutting down Autonomous System Manager gracefully...
[2025-08-25T15:08:05.124Z] Stopping all services...
[2025-08-25T15:08:05.124Z] Stopped 0 services
[2025-08-25T15:08:05.369Z] Stopping ML Link Intelligence...
[2025-08-25T15:08:05.589Z] Stopping Link Health Scheduler...
[2025-08-25T15:08:05.705Z] Stopping Link Health Scheduler
[2025-08-25T15:08:05.706Z] All scheduled jobs cleared
[2025-08-25T15:08:05.739Z] Stopping Real-Time Performance Monitor...
[2025-08-25T15:08:05.740Z] Stopping performance monitoring
[2025-08-25T15:08:11.223Z] Starting Autonomous System Manager
[2025-08-25T15:08:11.482Z] Starting all enabled services...
[2025-08-25T15:08:11.483Z] Starting service: autonomous-system-manager
[2025-08-25T15:08:11.484Z] Error starting autonomous-system-manager: Cannot access 'process' before initialization
[2025-08-25T15:08:12.486Z] Starting service: ml-link-intelligence
[2025-08-25T15:08:12.486Z] Error starting ml-link-intelligence: Cannot access 'process' before initialization
[2025-08-25T15:08:13.488Z] Starting service: link-health-scheduler
[2025-08-25T15:08:13.489Z] Error starting link-health-scheduler: Cannot access 'process' before initialization
[2025-08-25T15:08:14.495Z] Starting service: real-time-performance-monitor
[2025-08-25T15:08:14.497Z] Error starting real-time-performance-monitor: Cannot access 'process' before initialization
[2025-08-25T15:08:14.509Z] Starting ML Link Intelligence worker
[2025-08-25T15:08:14.765Z] Added https://github.com to analysis queue
[2025-08-25T15:08:14.766Z] Added https://stackoverflow.com to analysis queue
[2025-08-25T15:08:14.767Z] Added https://medium.com to analysis queue
[2025-08-25T15:08:14.767Z] Added https://dev.to to analysis queue
[2025-08-25T15:08:14.768Z] Added https://wikipedia.org to analysis queue
[2025-08-25T15:08:14.769Z] Processing queue with 5 links
[2025-08-25T15:08:14.769Z] Analyzing link: https://github.com
[2025-08-25T15:08:15.141Z] Analysis complete for https://github.com: good (200)
[2025-08-25T15:08:15.497Z] Started 0/4 services successfully
[2025-08-25T15:08:15.498Z] Autonomous System Manager is now running
[2025-08-25T15:08:16.145Z] Analyzing link: https://stackoverflow.com
[2025-08-25T15:08:16.237Z] Analysis complete for https://stackoverflow.com: poor (403)
[2025-08-25T15:08:16.599Z] Starting Link Health Scheduler
[2025-08-25T15:08:16.863Z] Starting Link Health Scheduler
[2025-08-25T15:08:16.864Z] Scheduled check for homepage at Mon Aug 25 2025 12:13:16 GMT-0300 (Brasilia Standard Time)
[2025-08-25T15:08:16.864Z] Scheduled check for services at Mon Aug 25 2025 12:23:16 GMT-0300 (Brasilia Standard Time)
[2025-08-25T15:08:16.865Z] Scheduled check for about at Mon Aug 25 2025 13:08:16 GMT-0300 (Brasilia Standard Time)
[2025-08-25T15:08:16.865Z] Scheduled check for contact at Mon Aug 25 2025 12:23:16 GMT-0300 (Brasilia Standard Time)
[2025-08-25T15:08:16.865Z] Scheduled 4 links for health checks
[2025-08-25T15:08:17.266Z] Analyzing link: https://medium.com
[2025-08-25T15:08:17.509Z] Analysis complete for https://medium.com: good (200)
[2025-08-25 12:08:18] Checking log file sizes...
[2025-08-25T15:08:18.516Z] Analyzing link: https://dev.to
[2025-08-25T15:08:18.658Z] Analysis complete for https://dev.to: poor (403)
[2025-08-25T15:08:18.548Z] Starting Real-Time Performance Monitor
[2025-08-25T15:08:18.989Z] Starting real-time performance monitoring
[2025-08-25T15:08:19.659Z] Analyzing link: https://wikipedia.org
[2025-08-25T15:08:19.779Z] Analysis complete for https://wikipedia.org: poor (403)
[2025-08-25 12:08:20] Error recovery process completed
[2025-08-25T15:08:20.780Z] Queue processing complete
[2025-08-25T15:08:48.998Z] CRITICAL CPU ALERT: CPU load critical: 187.34 - Consider restarting or scaling
[2025-08-25T15:08:48.998Z] ALERT [CRITICAL] CPU load critical: 187.34
[2025-08-25T15:08:48.999Z] CRITICAL MEMORY ALERT: Memory usage critical: 98.92% - Memory pressure detected
[2025-08-25T15:08:48.999Z] ALERT [CRITICAL] Memory usage critical: 98.92%
[2025-08-25T15:08:48.999Z] metrics rss=30.73 MB heapUsed=4.26 MB cpuLoad=187.34 memUsage=98.92%
[2025-08-25T15:09:06.927Z] Status: 4 jobs scheduled, 0 active
[2025-08-25T15:09:18.997Z] CRITICAL CPU ALERT: CPU load critical: 198.57 - Consider restarting or scaling
[2025-08-25T15:09:18.998Z] ALERT [CRITICAL] CPU load critical: 198.57
[2025-08-25T15:09:18.999Z] CRITICAL MEMORY ALERT: Memory usage critical: 99.93% - Memory pressure detected
[2025-08-25T15:09:18.999Z] ALERT [CRITICAL] Memory usage critical: 99.93%
[2025-08-25T15:09:18.999Z] metrics rss=30.96 MB heapUsed=4.33 MB cpuLoad=198.57 memUsage=99.93%
[2025-08-25T15:09:48.999Z] CRITICAL CPU ALERT: CPU load critical: 172.35 - Consider restarting or scaling
[2025-08-25T15:09:49.000Z] ALERT [CRITICAL] CPU load critical: 172.35
[2025-08-25T15:09:49.000Z] CRITICAL MEMORY ALERT: Memory usage critical: 96.84% - Memory pressure detected
[2025-08-25T15:09:49.000Z] ALERT [CRITICAL] Memory usage critical: 96.84%
[2025-08-25T15:09:49.000Z] metrics rss=31.04 MB heapUsed=4.40 MB cpuLoad=172.35 memUsage=96.84%
[2025-08-25 12:10:01] Starting error recovery process...
[2025-08-25 12:10:02] Checking for crashed automation processes...
[2025-08-25 12:10:02] Checking memory usage...
[2025-08-25T15:14:12.424Z] Starting Link Health Scheduler
[2025-08-25T15:14:12.555Z] Starting Link Health Scheduler
[2025-08-25T15:14:12.556Z] Scheduled check for homepage at Mon Aug 25 2025 12:19:12 GMT-0300 (Brasilia Standard Time)
[2025-08-25T15:14:12.557Z] Scheduled check for services at Mon Aug 25 2025 12:29:12 GMT-0300 (Brasilia Standard Time)
[2025-08-25T15:14:12.557Z] Scheduled check for about at Mon Aug 25 2025 13:14:12 GMT-0300 (Brasilia Standard Time)
[2025-08-25T15:14:12.557Z] Scheduled check for contact at Mon Aug 25 2025 12:29:12 GMT-0300 (Brasilia Standard Time)
[2025-08-25T15:14:12.557Z] Scheduled 4 links for health checks
[2025-08-25 12:14:14] Checking log file sizes...
[2025-08-25T15:14:14.405Z] Starting Real-Time Performance Monitor
[2025-08-25T15:14:14.531Z] Starting real-time performance monitoring
[2025-08-25 12:14:14] Error recovery process completed
[2025-08-25T15:14:44.538Z] CRITICAL CPU ALERT: CPU load critical: 98.47 - Consider restarting or scaling
[2025-08-25T15:14:44.539Z] ALERT [CRITICAL] CPU load critical: 98.47
[2025-08-25T15:14:44.541Z] ALERT [WARNING] Memory usage warning: 81.61%
[2025-08-25T15:14:44.541Z] metrics rss=30.34 MB heapUsed=4.26 MB cpuLoad=98.47 memUsage=81.61%
[2025-08-25T15:15:02.566Z] Status: 4 jobs scheduled, 0 active

=== Performance Monitor Summary ===
Timestamp: 2025-08-25T15:14:44.534Z
System Uptime: 1 hours
Hostname: MacBook-Pro-de-Kleber.local

Current Status:
  CPU Load: 98.47
  Memory Usage: 81.61%
  Memory Free: 5.89 GB
  Process Memory: 30.34 MB
  Process Uptime: 0 minutes

Alerts:
  Total: 2
  Critical: 1 🔴
  Warning: 1 🟡

===================================

[2025-08-25T15:15:14.539Z] metrics rss=30.79 MB heapUsed=4.42 MB cpuLoad=61.75 memUsage=78.46%
[2025-08-25T15:15:44.540Z] metrics rss=30.82 MB heapUsed=4.46 MB cpuLoad=41.40 memUsage=78.33%
[2025-08-25 12:16:01] Starting error recovery process...
[2025-08-25 12:16:01] Checking for crashed automation processes...
[2025-08-25 12:16:01] Checking memory usage...
[2025-08-25 12:16:01] High memory usage detected (554.355 MB), restarting services...
[2025-08-25T15:16:02.016Z] Stopping Link Health Scheduler...
[2025-08-25T15:16:02.017Z] Stopping Link Health Scheduler
[2025-08-25T15:16:02.018Z] All scheduled jobs cleared
[2025-08-25T15:16:02.063Z] Stopping Real-Time Performance Monitor...
[2025-08-25T15:16:02.064Z] Stopping performance monitoring
[2025-08-25T15:16:07.156Z] Starting Autonomous System Manager
[2025-08-25T15:16:07.241Z] Starting all enabled services...
[2025-08-25T15:16:07.242Z] Starting service: autonomous-system-manager
[2025-08-25T15:16:07.242Z] Error starting autonomous-system-manager: Cannot access 'process' before initialization
[2025-08-25T15:16:08.243Z] Starting service: ml-link-intelligence
[2025-08-25T15:16:08.244Z] Error starting ml-link-intelligence: Cannot access 'process' before initialization
[2025-08-25T15:16:09.244Z] Starting service: link-health-scheduler
[2025-08-25T15:16:09.245Z] Error starting link-health-scheduler: Cannot access 'process' before initialization
[2025-08-25T15:16:10.159Z] Starting ML Link Intelligence worker
[2025-08-25T15:16:10.245Z] Added https://github.com to analysis queue
[2025-08-25T15:16:10.246Z] Added https://stackoverflow.com to analysis queue
[2025-08-25T15:16:10.246Z] Starting service: real-time-performance-monitor
[2025-08-25T15:16:10.246Z] Added https://medium.com to analysis queue
[2025-08-25T15:16:10.246Z] Added https://dev.to to analysis queue
[2025-08-25T15:16:10.246Z] Added https://wikipedia.org to analysis queue
[2025-08-25T15:16:10.247Z] Error starting real-time-performance-monitor: Cannot access 'process' before initialization
[2025-08-25T15:16:10.247Z] Processing queue with 5 links
[2025-08-25T15:16:10.247Z] Analyzing link: https://github.com
[2025-08-25T15:16:10.399Z] Analysis complete for https://github.com: good (200)
[2025-08-25T15:16:11.252Z] Started 0/4 services successfully
[2025-08-25T15:16:11.252Z] Autonomous System Manager is now running
[2025-08-25T15:16:11.399Z] Analyzing link: https://stackoverflow.com
[2025-08-25T15:16:11.465Z] Analysis complete for https://stackoverflow.com: poor (403)
[2025-08-25T15:16:12.159Z] Starting Link Health Scheduler
[2025-08-25T15:16:12.244Z] Starting Link Health Scheduler
[2025-08-25T15:16:12.245Z] Scheduled check for homepage at Mon Aug 25 2025 12:21:12 GMT-0300 (Brasilia Standard Time)
[2025-08-25T15:16:12.245Z] Scheduled check for services at Mon Aug 25 2025 12:31:12 GMT-0300 (Brasilia Standard Time)
[2025-08-25T15:16:12.245Z] Scheduled check for about at Mon Aug 25 2025 13:16:12 GMT-0300 (Brasilia Standard Time)
[2025-08-25T15:16:12.245Z] Scheduled check for contact at Mon Aug 25 2025 12:31:12 GMT-0300 (Brasilia Standard Time)
[2025-08-25T15:16:12.245Z] Scheduled 4 links for health checks
[2025-08-25T15:16:12.466Z] Analyzing link: https://medium.com
[2025-08-25T15:16:12.562Z] Analysis complete for https://medium.com: good (200)
[2025-08-25T15:16:13.564Z] Analyzing link: https://dev.to
[2025-08-25T15:16:13.624Z] Analysis complete for https://dev.to: poor (403)
[2025-08-25 12:16:14] Checking log file sizes...
[2025-08-25T15:16:14.175Z] Starting Real-Time Performance Monitor
[2025-08-25T15:16:14.280Z] Starting real-time performance monitoring
[2025-08-25 12:16:14] Error recovery process completed
[2025-08-25T15:16:14.626Z] Analyzing link: https://wikipedia.org
[2025-08-25T15:16:14.675Z] Analysis complete for https://wikipedia.org: poor (403)
[2025-08-25T15:16:15.675Z] Queue processing complete
[2025-08-25T15:16:44.284Z] metrics rss=30.74 MB heapUsed=4.26 MB cpuLoad=20.15 memUsage=79.68%
[2025-08-25T15:17:02.250Z] Status: 4 jobs scheduled, 0 active
[2025-08-25T15:17:14.286Z] ALERT [WARNING] Memory usage warning: 80.11%
[2025-08-25T15:17:14.286Z] metrics rss=30.95 MB heapUsed=4.32 MB cpuLoad=14.64 memUsage=80.11%
[2025-08-25T15:17:44.288Z] ALERT [WARNING] Memory usage warning: 80.44%
[2025-08-25T15:17:44.289Z] metrics rss=31.00 MB heapUsed=4.36 MB cpuLoad=10.92 memUsage=80.44%
[2025-08-25 12:18:01] Starting error recovery process...
[2025-08-25 12:18:01] Checking for crashed automation processes...
[2025-08-25 12:18:01] Checking memory usage...
[2025-08-25 12:18:01] High memory usage detected (553.207 MB), restarting services...
[2025-08-25T15:18:01.927Z] Shutting down Autonomous System Manager gracefully...
[2025-08-25T15:18:01.929Z] Stopping all services...
[2025-08-25T15:18:01.929Z] Stopped 0 services
[2025-08-25T15:18:01.974Z] Stopping ML Link Intelligence...
[2025-08-25T15:18:02.018Z] Stopping Link Health Scheduler...
[2025-08-25T15:18:02.020Z] Stopping Link Health Scheduler
[2025-08-25T15:18:02.021Z] All scheduled jobs cleared
[2025-08-25T15:18:02.067Z] Stopping Real-Time Performance Monitor...
[2025-08-25T15:18:02.068Z] Stopping performance monitoring
[2025-08-25T15:18:07.189Z] Starting Autonomous System Manager
[2025-08-25T15:18:07.295Z] Starting all enabled services...
[2025-08-25T15:18:07.296Z] Starting service: autonomous-system-manager
[2025-08-25T15:18:07.296Z] Error starting autonomous-system-manager: Cannot access 'process' before initialization
[2025-08-25T15:18:08.297Z] Starting service: ml-link-intelligence
[2025-08-25T15:18:08.298Z] Error starting ml-link-intelligence: Cannot access 'process' before initialization
[2025-08-25T15:18:09.299Z] Starting service: link-health-scheduler
[2025-08-25T15:18:09.300Z] Error starting link-health-scheduler: Cannot access 'process' before initialization
[2025-08-25T15:18:10.300Z] Starting service: real-time-performance-monitor
[2025-08-25T15:18:10.301Z] Error starting real-time-performance-monitor: Cannot access 'process' before initialization
[2025-08-25T15:18:10.282Z] Starting ML Link Intelligence worker
[2025-08-25T15:18:10.412Z] Added https://github.com to analysis queue
[2025-08-25T15:18:10.413Z] Added https://stackoverflow.com to analysis queue
[2025-08-25T15:18:10.413Z] Added https://medium.com to analysis queue
[2025-08-25T15:18:10.413Z] Added https://dev.to to analysis queue
[2025-08-25T15:18:10.413Z] Added https://wikipedia.org to analysis queue
[2025-08-25T15:18:10.413Z] Processing queue with 5 links
[2025-08-25T15:18:10.414Z] Analyzing link: https://github.com
[2025-08-25T15:18:10.629Z] Analysis complete for https://github.com: good (200)
[2025-08-25T15:18:11.304Z] Started 0/4 services successfully
[2025-08-25T15:18:11.304Z] Autonomous System Manager is now running
[2025-08-25T15:18:11.631Z] Analyzing link: https://stackoverflow.com
[2025-08-25T15:18:11.720Z] Analysis complete for https://stackoverflow.com: poor (403)
[2025-08-25T15:18:12.197Z] Starting Link Health Scheduler
[2025-08-25T15:18:12.352Z] Starting Link Health Scheduler
[2025-08-25T15:18:12.353Z] Scheduled check for homepage at Mon Aug 25 2025 12:23:12 GMT-0300 (Brasilia Standard Time)
[2025-08-25T15:18:12.354Z] Scheduled check for services at Mon Aug 25 2025 12:33:12 GMT-0300 (Brasilia Standard Time)
[2025-08-25T15:18:12.355Z] Scheduled check for about at Mon Aug 25 2025 13:18:12 GMT-0300 (Brasilia Standard Time)
[2025-08-25T15:18:12.356Z] Scheduled check for contact at Mon Aug 25 2025 12:33:12 GMT-0300 (Brasilia Standard Time)
[2025-08-25T15:18:12.359Z] Scheduled 4 links for health checks
[2025-08-25T15:18:12.722Z] Analyzing link: https://medium.com
[2025-08-25T15:18:12.804Z] Analysis complete for https://medium.com: good (200)
[2025-08-25T15:18:13.891Z] Analyzing link: https://dev.to
[2025-08-25T15:18:13.944Z] Analysis complete for https://dev.to: poor (403)
[2025-08-25 12:18:14] Checking log file sizes...
[2025-08-25T15:18:14.250Z] Starting Real-Time Performance Monitor
[2025-08-25T15:18:14.376Z] Starting real-time performance monitoring
[2025-08-25 12:18:14] Error recovery process completed
[2025-08-25T15:18:14.952Z] Analyzing link: https://wikipedia.org
[2025-08-25T15:18:15.011Z] Analysis complete for https://wikipedia.org: poor (403)
[2025-08-25T15:18:16.011Z] Queue processing complete
[2025-08-25T15:18:44.381Z] ALERT [WARNING] Memory usage warning: 81.10%
[2025-08-25T15:18:44.381Z] metrics rss=30.62 MB heapUsed=4.26 MB cpuLoad=10.59 memUsage=81.10%
[2025-08-25T15:19:02.366Z] Status: 4 jobs scheduled, 0 active
[2025-08-25T15:19:14.440Z] ALERT [WARNING] Memory usage warning: 81.34%
[2025-08-25T15:19:14.440Z] metrics rss=30.85 MB heapUsed=4.32 MB cpuLoad=9.90 memUsage=81.34%
[2025-08-25T15:19:44.381Z] ALERT [WARNING] Memory usage warning: 82.40%
[2025-08-25T15:19:44.381Z] metrics rss=30.92 MB heapUsed=4.36 MB cpuLoad=11.18 memUsage=82.40%
[2025-08-25 12:20:01] Starting error recovery process...
[2025-08-25 12:20:01] Checking for crashed automation processes...
[2025-08-25 12:20:01] Checking memory usage...
[2025-08-25 12:20:02] High memory usage detected (554.012 MB), restarting services...
[2025-08-25T15:20:02.165Z] Shutting down Autonomous System Manager gracefully...
[2025-08-25T15:20:02.166Z] Stopping all services...
[2025-08-25T15:20:02.166Z] Stopped 0 services
[2025-08-25T15:20:02.225Z] Stopping ML Link Intelligence...
[2025-08-25T15:20:02.296Z] Stopping Link Health Scheduler...
[2025-08-25T15:20:02.357Z] Stopping Link Health Scheduler
[2025-08-25T15:20:02.357Z] All scheduled jobs cleared
[2025-08-25T15:20:02.364Z] Stopping Real-Time Performance Monitor...
[2025-08-25T15:20:02.416Z] Stopping performance monitoring
