[2025-07-30T12:35:53.660Z] [ERROR] ❌ Auto-commit failed: undefined
[2025-07-30T12:35:53.660Z] [ERROR] ❌ Auto-commit failed: undefined
[2025-07-30T12:35:53.804Z] [ERROR] ❌ Auto-commit failed: undefined
[2025-07-30T12:35:53.804Z] [ERROR] ❌ Auto-commit failed: undefined
[2025-07-30T12:35:53.805Z] [ERROR] ❌ Auto-commit failed: undefined
[2025-07-30T12:35:54.436Z] [ERROR] ❌ Push failed: undefined
[2025-07-30T12:35:54.436Z] [ERROR] ❌ Push failed: undefined
[2025-07-30T12:35:55.063Z] [ERROR] ❌ Push failed: undefined
[2025-07-30T12:35:55.067Z] [ERROR] ❌ Push failed: undefined
[2025-07-30T12:35:55.285Z] [ERROR] ❌ Push failed: undefined
[2025-07-30T12:35:55.815Z] [ERROR] ❌ Branch cleanup failed: undefined
[2025-07-30T12:35:55.816Z] [ERROR] ❌ Branch cleanup failed: undefined
[2025-07-30T12:35:56.298Z] [ERROR] ❌ Branch cleanup failed: undefined
[2025-07-30T12:35:56.310Z] [ERROR] ❌ Branch cleanup failed: undefined
[2025-07-30T12:35:56.319Z] [ERROR] ❌ Branch cleanup failed: undefined
[2025-07-30T12:35:57.699Z] [ERROR] ❌ Push failed: undefined
[2025-07-30T12:35:58.566Z] [ERROR] ❌ Branch cleanup failed: undefined
[2025-07-30T12:40:54.728Z] [ERROR] ❌ Auto-commit failed: undefined
[2025-07-30T12:40:54.729Z] [ERROR] ❌ Auto-commit failed: undefined
[2025-07-30T12:40:54.811Z] [ERROR] ❌ Auto-commit failed: undefined
[2025-07-30T12:40:54.889Z] [ERROR] ❌ Auto-commit failed: undefined
[2025-07-30T12:40:54.971Z] [ERROR] ❌ Auto-commit failed: undefined
[2025-07-30T12:40:56.415Z] [ERROR] ❌ Push failed: undefined
[2025-07-30T12:40:56.478Z] [ERROR] ❌ Push failed: undefined
[2025-07-30T12:40:56.417Z] [ERROR] ❌ Push failed: undefined
[2025-07-30T12:40:56.416Z] [ERROR] ❌ Push failed: undefined
[2025-07-30T12:40:56.415Z] [ERROR] ❌ Push failed: undefined
[2025-07-30T12:40:57.387Z] [ERROR] ❌ Branch cleanup failed: undefined
[2025-07-30T12:40:57.367Z] [ERROR] ❌ Branch cleanup failed: undefined
[2025-07-30T12:40:57.368Z] [ERROR] ❌ Branch cleanup failed: undefined
[2025-07-30T12:40:57.372Z] [ERROR] ❌ Branch cleanup failed: undefined
[2025-07-30T12:40:57.387Z] [ERROR] ❌ Branch cleanup failed: undefined
[2025-07-30T12:40:59.637Z] [ERROR] ❌ Push failed: undefined
[2025-07-30T12:41:01.031Z] [ERROR] ❌ Branch cleanup failed: undefined
2025-07-30 16:10:40 - ERROR: Failed to stage changes
2025-07-30 16:10:40 - ERROR: Git status check failed
