[2025-08-25T14:26:47.885Z] [HEALTH] Health check issues found: Service real-time-performance-monitor is enabled but not running
[2025-08-25T14:27:17.885Z] [HEALTH] All services healthy
[2025-08-25T14:58:03.218Z] [HEALTH] All services healthy
[2025-08-25T14:58:33.218Z] [HEALTH] All services healthy
[2025-08-25T14:59:03.219Z] [HEALTH] All services healthy
[2025-08-25T14:59:33.220Z] [HEALTH] All services healthy
[2025-08-25T15:00:03.221Z] [HEALTH] All services healthy
[2025-08-25T15:00:33.222Z] [HEALTH] All services healthy
[2025-08-25T15:00:36.494Z] [HEALTH] All services healthy
[2025-08-25T15:01:03.223Z] [HEALTH] All services healthy
[2025-08-25T15:01:06.494Z] [HEALTH] All services healthy
[2025-08-25T15:01:36.565Z] [HEALTH] All services healthy
[2025-08-25T15:02:06.567Z] [HEALTH] Health check issues found: Service autonomous-system-manager is enabled but not running
[2025-08-25T15:02:36.796Z] [HEALTH] Health check issues found: Service autonomous-system-manager is enabled but not running
[2025-08-25T15:03:06.798Z] [HEALTH] All services healthy
[2025-08-25T15:03:36.962Z] [HEALTH] All services healthy
[2025-08-25T15:04:06.963Z] [HEALTH] Health check issues found: Service autonomous-system-manager is enabled but not running
[2025-08-25T15:04:36.973Z] [HEALTH] Health check issues found: Service ml-link-intelligence is enabled but not running, Service real-time-performance-monitor is enabled but not running
[2025-08-25T15:05:06.975Z] [HEALTH] All services healthy
[2025-08-25T15:05:36.977Z] [HEALTH] All services healthy
[2025-08-25T15:06:06.990Z] [HEALTH] Health check issues found: Service autonomous-system-manager is enabled but not running, Service link-health-scheduler is enabled but not running
[2025-08-25T15:06:36.994Z] [HEALTH] All services healthy
[2025-08-25T15:07:06.995Z] [HEALTH] All services healthy
[2025-08-25T15:07:37.198Z] [HEALTH] All services healthy
[2025-08-25T15:08:07.197Z] [HEALTH] Health check issues found: Service autonomous-system-manager is enabled but not running
[2025-08-25T15:08:37.200Z] [HEALTH] All services healthy
[2025-08-25T15:09:07.201Z] [HEALTH] Health check issues found: Service ml-link-intelligence is enabled but not running
[2025-08-25T15:09:37.202Z] [HEALTH] All services healthy
