[2025-08-25T13:50:00.809Z] Starting link health scheduler
[2025-08-25T13:50:00.814Z] schedule: link-health-check (placeholder)
[2025-08-25T13:52:11.183Z] Stopping link health scheduler...
[2025-08-25T13:52:16.557Z] Starting link health scheduler
[2025-08-25T13:52:16.559Z] schedule: link-health-check (placeholder)
[2025-08-25T13:52:25.942Z] Stopping link health scheduler...
[2025-08-25T13:52:31.394Z] Starting link health scheduler
[2025-08-25T13:52:31.396Z] schedule: link-health-check (placeholder)
[2025-08-25T13:54:16.515Z] Starting link health scheduler
[2025-08-25T13:54:16.518Z] schedule: link-health-check (placeholder)
[2025-08-25T13:54:19.391Z] Stopping link health scheduler...
[2025-08-25T14:19:08.377Z] Starting link health scheduler
[2025-08-25T14:19:08.382Z] schedule: link-health-check (placeholder)
[2025-08-25T14:24:16.453Z] schedule: link-health-check (placeholder)
[2025-08-25T14:26:17.953Z] Starting Link Health Scheduler
[2025-08-25T14:26:17.956Z] [link-health-scheduler] [2025-08-25T14:26:17.953Z] Starting Link Health Scheduler
[2025-08-25T14:26:17.956Z] Starting Link Health Scheduler
[2025-08-25T14:26:17.957Z] Scheduled check for homepage at Mon Aug 25 2025 11:31:17 GMT-0300 (Brasilia Standard Time)
[2025-08-25T14:26:17.957Z] [link-health-scheduler] [2025-08-25T14:26:17.956Z] Starting Link Health Scheduler
[2025-08-25T14:26:17.957Z] Scheduled check for services at Mon Aug 25 2025 11:41:17 GMT-0300 (Brasilia Standard Time)
[2025-08-25T14:26:17.957Z] Scheduled check for about at Mon Aug 25 2025 12:26:17 GMT-0300 (Brasilia Standard Time)
[2025-08-25T14:26:17.958Z] Scheduled check for contact at Mon Aug 25 2025 11:41:17 GMT-0300 (Brasilia Standard Time)
[2025-08-25T14:26:17.957Z] [link-health-scheduler] [2025-08-25T14:26:17.957Z] Scheduled check for homepage at Mon Aug 25 2025 11:31:17 GMT-0300 (Brasilia Standard Time)
[2025-08-25T14:26:17.958Z] Scheduled 4 links for health checks
[2025-08-25T14:26:17.958Z] [link-health-scheduler] [2025-08-25T14:26:17.957Z] Scheduled check for services at Mon Aug 25 2025 11:41:17 GMT-0300 (Brasilia Standard Time)
[2025-08-25T14:26:17.957Z] Scheduled check for about at Mon Aug 25 2025 12:26:17 GMT-0300 (Brasilia Standard Time)
[2025-08-25T14:26:17.958Z] Scheduled check for contact at Mon Aug 25 2025 11:41:17 GMT-0300 (Brasilia Standard Time)
[2025-08-25T14:26:17.958Z] [link-health-scheduler] [2025-08-25T14:26:17.958Z] Scheduled 4 links for health checks
[2025-08-25T14:26:30.013Z] Starting Link Health Scheduler
[2025-08-25T14:26:30.019Z] Starting Link Health Scheduler
[2025-08-25T14:26:30.020Z] Scheduled check for homepage at Mon Aug 25 2025 11:31:30 GMT-0300 (Brasilia Standard Time)
[2025-08-25T14:26:30.020Z] Scheduled check for services at Mon Aug 25 2025 11:41:30 GMT-0300 (Brasilia Standard Time)
[2025-08-25T14:26:30.020Z] Scheduled check for about at Mon Aug 25 2025 12:26:30 GMT-0300 (Brasilia Standard Time)
[2025-08-25T14:26:30.020Z] Scheduled check for contact at Mon Aug 25 2025 11:41:30 GMT-0300 (Brasilia Standard Time)
[2025-08-25T14:26:30.021Z] Scheduled 4 links for health checks
[2025-08-25T14:27:00.023Z] Status: 4 jobs scheduled, 0 active
[2025-08-25T14:27:07.960Z] Status: 4 jobs scheduled, 0 active
[2025-08-25T14:27:07.960Z] [link-health-scheduler] [2025-08-25T14:27:07.960Z] Status: 4 jobs scheduled, 0 active
