[2025-08-25T15:00:16.610Z] Starting Link Health Scheduler
[2025-08-25T15:00:16.617Z] Starting Link Health Scheduler
[2025-08-25T15:00:16.618Z] Scheduled check for homepage at Mon Aug 25 2025 12:05:16 GMT-0300 (Brasilia Standard Time)
[2025-08-25T15:00:16.618Z] Scheduled check for services at Mon Aug 25 2025 12:15:16 GMT-0300 (Brasilia Standard Time)
[2025-08-25T15:00:16.618Z] Scheduled check for about at Mon Aug 25 2025 13:00:16 GMT-0300 (Brasilia Standard Time)
[2025-08-25T15:00:16.618Z] Scheduled check for contact at Mon Aug 25 2025 12:15:16 GMT-0300 (Brasilia Standard Time)
[2025-08-25T15:00:16.619Z] Scheduled 4 links for health checks
[2025-08-25T15:01:06.632Z] Status: 4 jobs scheduled, 0 active
[2025-08-25T15:02:02.268Z] Stopping Link Health Scheduler...
[2025-08-25T15:02:02.270Z] Stopping Link Health Scheduler
[2025-08-25T15:02:02.271Z] All scheduled jobs cleared
[2025-08-25T15:02:11.774Z] Starting Link Health Scheduler
[2025-08-25T15:02:11.784Z] Starting Link Health Scheduler
[2025-08-25T15:02:11.784Z] Scheduled check for homepage at Mon Aug 25 2025 12:07:11 GMT-0300 (Brasilia Standard Time)
[2025-08-25T15:02:11.785Z] Scheduled check for services at Mon Aug 25 2025 12:17:11 GMT-0300 (Brasilia Standard Time)
[2025-08-25T15:02:11.785Z] Scheduled check for about at Mon Aug 25 2025 13:02:11 GMT-0300 (Brasilia Standard Time)
[2025-08-25T15:02:11.787Z] Scheduled check for contact at Mon Aug 25 2025 12:17:11 GMT-0300 (Brasilia Standard Time)
[2025-08-25T15:02:11.787Z] Scheduled 4 links for health checks
[2025-08-25T15:02:34.896Z] Stopping Link Health Scheduler...
[2025-08-25T15:02:34.897Z] Stopping Link Health Scheduler
[2025-08-25T15:02:34.899Z] All scheduled jobs cleared
[2025-08-25T15:02:47.085Z] Starting Link Health Scheduler
[2025-08-25T15:02:47.094Z] Starting Link Health Scheduler
[2025-08-25T15:02:47.095Z] Scheduled check for homepage at Mon Aug 25 2025 12:07:47 GMT-0300 (Brasilia Standard Time)
[2025-08-25T15:02:47.096Z] Scheduled check for services at Mon Aug 25 2025 12:17:47 GMT-0300 (Brasilia Standard Time)
[2025-08-25T15:02:47.096Z] Scheduled check for about at Mon Aug 25 2025 13:02:47 GMT-0300 (Brasilia Standard Time)
[2025-08-25T15:02:47.096Z] Scheduled check for contact at Mon Aug 25 2025 12:17:47 GMT-0300 (Brasilia Standard Time)
[2025-08-25T15:02:47.097Z] Scheduled 4 links for health checks
[2025-08-25T15:03:07.101Z] Status: 4 jobs scheduled, 0 active
[2025-08-25T15:04:03.604Z] Stopping Link Health Scheduler...
[2025-08-25T15:04:03.605Z] Stopping Link Health Scheduler
[2025-08-25T15:04:03.606Z] All scheduled jobs cleared
[2025-08-25T15:04:12.285Z] Starting Link Health Scheduler
[2025-08-25T15:04:12.300Z] Starting Link Health Scheduler
[2025-08-25T15:04:12.300Z] Scheduled check for homepage at Mon Aug 25 2025 12:09:12 GMT-0300 (Brasilia Standard Time)
[2025-08-25T15:04:12.301Z] Scheduled check for services at Mon Aug 25 2025 12:19:12 GMT-0300 (Brasilia Standard Time)
[2025-08-25T15:04:12.301Z] Scheduled check for about at Mon Aug 25 2025 13:04:12 GMT-0300 (Brasilia Standard Time)
[2025-08-25T15:04:12.301Z] Scheduled check for contact at Mon Aug 25 2025 12:19:12 GMT-0300 (Brasilia Standard Time)
[2025-08-25T15:04:12.301Z] Scheduled 4 links for health checks
[2025-08-25T15:05:02.308Z] Status: 4 jobs scheduled, 0 active
[2025-08-25T15:06:02.418Z] Status: 4 jobs scheduled, 0 active
[2025-08-25T15:06:03.165Z] Stopping Link Health Scheduler...
[2025-08-25T15:06:03.168Z] Stopping Link Health Scheduler
[2025-08-25T15:06:03.168Z] All scheduled jobs cleared
[2025-08-25T15:06:17.751Z] Starting Link Health Scheduler
[2025-08-25T15:06:17.762Z] Starting Link Health Scheduler
[2025-08-25T15:06:17.763Z] Scheduled check for homepage at Mon Aug 25 2025 12:11:17 GMT-0300 (Brasilia Standard Time)
[2025-08-25T15:06:17.764Z] Scheduled check for services at Mon Aug 25 2025 12:21:17 GMT-0300 (Brasilia Standard Time)
[2025-08-25T15:06:17.764Z] Scheduled check for about at Mon Aug 25 2025 13:06:17 GMT-0300 (Brasilia Standard Time)
[2025-08-25T15:06:17.764Z] Scheduled check for contact at Mon Aug 25 2025 12:21:17 GMT-0300 (Brasilia Standard Time)
[2025-08-25T15:06:17.765Z] Scheduled 4 links for health checks
[2025-08-25T15:07:07.848Z] Status: 4 jobs scheduled, 0 active
[2025-08-25T15:08:05.590Z] Stopping Link Health Scheduler...
[2025-08-25T15:08:05.593Z] Stopping Link Health Scheduler
[2025-08-25T15:08:05.594Z] All scheduled jobs cleared
[2025-08-25T15:08:13.122Z] Starting Link Health Scheduler
[2025-08-25T15:08:13.131Z] Starting Link Health Scheduler
[2025-08-25T15:08:13.132Z] Scheduled check for homepage at Mon Aug 25 2025 12:13:13 GMT-0300 (Brasilia Standard Time)
[2025-08-25T15:08:13.132Z] Scheduled check for services at Mon Aug 25 2025 12:23:13 GMT-0300 (Brasilia Standard Time)
[2025-08-25T15:08:13.133Z] Scheduled check for about at Mon Aug 25 2025 13:08:13 GMT-0300 (Brasilia Standard Time)
[2025-08-25T15:08:13.133Z] Scheduled check for contact at Mon Aug 25 2025 12:23:13 GMT-0300 (Brasilia Standard Time)
[2025-08-25T15:08:13.133Z] Scheduled 4 links for health checks
[2025-08-25T15:09:03.145Z] Status: 4 jobs scheduled, 0 active
[2025-08-25T15:10:03.154Z] Status: 4 jobs scheduled, 0 active
[2025-08-25T15:16:14.010Z] Starting Link Health Scheduler
[2025-08-25T15:16:14.014Z] Starting Link Health Scheduler
[2025-08-25T15:16:14.014Z] Scheduled check for homepage at Mon Aug 25 2025 12:21:14 GMT-0300 (Brasilia Standard Time)
[2025-08-25T15:16:14.014Z] Scheduled check for services at Mon Aug 25 2025 12:31:14 GMT-0300 (Brasilia Standard Time)
[2025-08-25T15:16:14.014Z] Scheduled check for about at Mon Aug 25 2025 13:16:14 GMT-0300 (Brasilia Standard Time)
[2025-08-25T15:16:14.015Z] Scheduled check for contact at Mon Aug 25 2025 12:31:14 GMT-0300 (Brasilia Standard Time)
[2025-08-25T15:16:14.015Z] Scheduled 4 links for health checks
[2025-08-25T15:17:04.020Z] Status: 4 jobs scheduled, 0 active
[2025-08-25T15:18:02.018Z] Stopping Link Health Scheduler...
[2025-08-25T15:18:02.019Z] Stopping Link Health Scheduler
[2025-08-25T15:18:02.020Z] All scheduled jobs cleared
[2025-08-25T15:18:09.132Z] Starting Link Health Scheduler
[2025-08-25T15:18:09.137Z] Starting Link Health Scheduler
[2025-08-25T15:18:09.137Z] Scheduled check for homepage at Mon Aug 25 2025 12:23:09 GMT-0300 (Brasilia Standard Time)
[2025-08-25T15:18:09.138Z] Scheduled check for services at Mon Aug 25 2025 12:33:09 GMT-0300 (Brasilia Standard Time)
[2025-08-25T15:18:09.138Z] Scheduled check for about at Mon Aug 25 2025 13:18:09 GMT-0300 (Brasilia Standard Time)
[2025-08-25T15:18:09.138Z] Scheduled check for contact at Mon Aug 25 2025 12:33:09 GMT-0300 (Brasilia Standard Time)
[2025-08-25T15:18:09.138Z] Scheduled 4 links for health checks
[2025-08-25T15:18:09.138Z] Status: 4 jobs scheduled, 0 active
[2025-08-25T15:19:09.145Z] Status: 4 jobs scheduled, 0 active
[2025-08-25T15:20:02.294Z] Stopping Link Health Scheduler...
[2025-08-25T15:20:02.297Z] Stopping Link Health Scheduler
[2025-08-25T15:20:02.298Z] All scheduled jobs cleared
[2025-08-25T15:20:14.429Z] Starting Link Health Scheduler
[2025-08-25T15:20:14.444Z] Starting Link Health Scheduler
[2025-08-25T15:20:14.446Z] Scheduled check for homepage at Mon Aug 25 2025 12:25:14 GMT-0300 (Brasilia Standard Time)
[2025-08-25T15:20:14.459Z] Scheduled check for services at Mon Aug 25 2025 12:35:14 GMT-0300 (Brasilia Standard Time)
[2025-08-25T15:20:14.459Z] Scheduled check for about at Mon Aug 25 2025 13:20:14 GMT-0300 (Brasilia Standard Time)
[2025-08-25T15:20:14.472Z] Scheduled check for contact at Mon Aug 25 2025 12:35:14 GMT-0300 (Brasilia Standard Time)
[2025-08-25T15:20:14.474Z] Scheduled 4 links for health checks
[2025-08-25T15:21:04.496Z] Status: 4 jobs scheduled, 0 active
[2025-08-25T15:22:02.292Z] Stopping Link Health Scheduler...
[2025-08-25T15:22:02.293Z] Stopping Link Health Scheduler
[2025-08-25T15:22:02.294Z] All scheduled jobs cleared
[2025-08-25T15:22:09.717Z] Starting Link Health Scheduler
[2025-08-25T15:22:09.738Z] Starting Link Health Scheduler
[2025-08-25T15:22:09.741Z] Scheduled check for homepage at Mon Aug 25 2025 12:27:09 GMT-0300 (Brasilia Standard Time)
[2025-08-25T15:22:09.743Z] Scheduled check for services at Mon Aug 25 2025 12:37:09 GMT-0300 (Brasilia Standard Time)
[2025-08-25T15:22:09.745Z] Scheduled check for about at Mon Aug 25 2025 13:22:09 GMT-0300 (Brasilia Standard Time)
[2025-08-25T15:22:09.746Z] Scheduled check for contact at Mon Aug 25 2025 12:37:09 GMT-0300 (Brasilia Standard Time)
[2025-08-25T15:22:09.747Z] Scheduled 4 links for health checks
[2025-08-25T15:22:09.748Z] Status: 4 jobs scheduled, 0 active
