[2025-08-25T15:00:06.053Z] Master coordinator started
[2025-08-25T15:00:09.104Z] enhanced-autonomous started successfully
[2025-08-25T15:00:14.109Z] ml-link-intelligence started successfully
[2025-08-25T15:00:19.123Z] link-health-scheduler started successfully
[2025-08-25T15:00:24.150Z] performance-monitor started successfully
[2025-08-25T15:00:29.155Z] autonomous-manager started successfully
[2025-08-25T15:02:02.292Z] autonomous-manager exited: code=0, signal=null
[2025-08-25T15:02:02.294Z] Auto-restarting autonomous-manager (attempt 1)
[2025-08-25T15:02:06.649Z] link-health-scheduler exited: code=0, signal=null
[2025-08-25T15:02:06.649Z] Auto-restarting link-health-scheduler (attempt 1)
[2025-08-25T15:02:10.430Z] autonomous-manager started successfully
[2025-08-25T15:02:14.655Z] link-health-scheduler started successfully
[2025-08-25T15:02:17.077Z] ml-link-intelligence exited: code=0, signal=null
[2025-08-25T15:02:17.078Z] Auto-restarting ml-link-intelligence (attempt 1)
[2025-08-25T15:02:21.766Z] performance-monitor exited: code=0, signal=null
[2025-08-25T15:02:21.767Z] Auto-restarting performance-monitor (attempt 1)
[2025-08-25T15:02:25.160Z] ml-link-intelligence started successfully
[2025-08-25T15:02:29.895Z] performance-monitor started successfully
[2025-08-25T15:02:34.755Z] autonomous-manager exited: code=0, signal=null
[2025-08-25T15:02:34.756Z] Auto-restarting autonomous-manager (attempt 1)
[2025-08-25T15:02:41.942Z] link-health-scheduler exited: code=0, signal=null
[2025-08-25T15:02:41.943Z] Auto-restarting link-health-scheduler (attempt 1)
[2025-08-25T15:02:42.832Z] autonomous-manager started successfully
[2025-08-25T15:02:49.974Z] link-health-scheduler started successfully
[2025-08-25T15:03:27.150Z] performance-monitor exited: code=0, signal=null
[2025-08-25T15:03:27.151Z] Auto-restarting performance-monitor (attempt 1)
[2025-08-25T15:03:31.166Z] Health check failed for performance-monitor
[2025-08-25T15:03:35.176Z] performance-monitor started successfully
[2025-08-25T15:04:03.483Z] autonomous-manager exited: code=0, signal=null
[2025-08-25T15:04:03.484Z] Auto-restarting autonomous-manager (attempt 1)
[2025-08-25T15:04:07.116Z] link-health-scheduler exited: code=0, signal=null
[2025-08-25T15:04:07.117Z] Auto-restarting link-health-scheduler (attempt 1)
[2025-08-25T15:04:11.509Z] autonomous-manager started successfully
[2025-08-25T15:04:15.126Z] link-health-scheduler started successfully
[2025-08-25T15:04:28.566Z] ml-link-intelligence exited: code=0, signal=null
[2025-08-25T15:04:28.567Z] Auto-restarting ml-link-intelligence (attempt 1)
[2025-08-25T15:04:31.186Z] Health check failed for ml-link-intelligence
[2025-08-25T15:04:32.451Z] performance-monitor exited: code=0, signal=null
[2025-08-25T15:04:32.452Z] Auto-restarting performance-monitor (attempt 1)
[2025-08-25T15:04:36.578Z] ml-link-intelligence started successfully
[2025-08-25T15:04:40.495Z] performance-monitor started successfully
[2025-08-25T15:05:31.195Z] enhanced-autonomous healthy - uptime: 325s
[2025-08-25T15:06:01.196Z] enhanced-autonomous healthy - uptime: 355s
[2025-08-25T15:06:03.023Z] autonomous-manager exited: code=0, signal=null
[2025-08-25T15:06:03.023Z] Auto-restarting autonomous-manager (attempt 1)
[2025-08-25T15:06:11.027Z] autonomous-manager started successfully
[2025-08-25T15:06:12.440Z] link-health-scheduler exited: code=0, signal=null
[2025-08-25T15:06:12.440Z] Auto-restarting link-health-scheduler (attempt 1)
[2025-08-25T15:06:20.626Z] link-health-scheduler started successfully
[2025-08-25T15:06:31.294Z] enhanced-autonomous healthy - uptime: 385s
[2025-08-25T15:06:37.736Z] performance-monitor exited: code=0, signal=null
[2025-08-25T15:06:37.736Z] Auto-restarting performance-monitor (attempt 1)
[2025-08-25T15:06:39.675Z] ml-link-intelligence exited: code=0, signal=null
[2025-08-25T15:06:39.675Z] Auto-restarting ml-link-intelligence (attempt 1)
[2025-08-25T15:06:45.797Z] performance-monitor started successfully
[2025-08-25T15:06:47.833Z] ml-link-intelligence started successfully
[2025-08-25T15:07:01.298Z] enhanced-autonomous healthy - uptime: 415s
[2025-08-25T15:07:31.298Z] enhanced-autonomous healthy - uptime: 445s
[2025-08-25T15:08:01.301Z] enhanced-autonomous healthy - uptime: 475s
[2025-08-25T15:08:05.240Z] autonomous-manager exited: code=0, signal=null
[2025-08-25T15:08:05.240Z] Auto-restarting autonomous-manager (attempt 1)
[2025-08-25T15:08:07.893Z] link-health-scheduler exited: code=0, signal=null
[2025-08-25T15:08:07.894Z] Auto-restarting link-health-scheduler (attempt 1)
[2025-08-25T15:08:13.268Z] autonomous-manager started successfully
[2025-08-25T15:08:15.900Z] link-health-scheduler started successfully
[2025-08-25T15:08:31.303Z] enhanced-autonomous healthy - uptime: 505s
[2025-08-25T15:08:43.232Z] performance-monitor exited: code=0, signal=null
[2025-08-25T15:08:43.233Z] Auto-restarting performance-monitor (attempt 1)
[2025-08-25T15:08:50.973Z] ml-link-intelligence exited: code=0, signal=null
[2025-08-25T15:08:50.973Z] Auto-restarting ml-link-intelligence (attempt 1)
[2025-08-25T15:08:51.258Z] performance-monitor started successfully
[2025-08-25T15:08:59.264Z] ml-link-intelligence started successfully
[2025-08-25T15:09:01.305Z] enhanced-autonomous healthy - uptime: 535s
[2025-08-25T15:09:31.312Z] enhanced-autonomous healthy - uptime: 565s
[2025-08-25T15:10:01.313Z] enhanced-autonomous healthy - uptime: 595s
[2025-08-25T15:14:31.352Z] enhanced-autonomous healthy - uptime: 865s
[2025-08-25T15:14:58.937Z] performance-monitor exited: code=0, signal=null
[2025-08-25T15:14:58.937Z] Auto-restarting performance-monitor (attempt 1)
[2025-08-25T15:15:01.357Z] enhanced-autonomous healthy - uptime: 895s
[2025-08-25T15:15:01.358Z] Health check failed for performance-monitor
[2025-08-25T15:15:06.940Z] performance-monitor started successfully
[2025-08-25T15:15:24.009Z] ml-link-intelligence exited: code=0, signal=null
[2025-08-25T15:15:24.010Z] Auto-restarting ml-link-intelligence (attempt 1)
[2025-08-25T15:15:31.359Z] enhanced-autonomous healthy - uptime: 925s
[2025-08-25T15:15:32.012Z] ml-link-intelligence started successfully
[2025-08-25T15:16:01.360Z] enhanced-autonomous healthy - uptime: 955s
[2025-08-25T15:16:02.037Z] autonomous-manager exited: code=0, signal=null
[2025-08-25T15:16:02.038Z] Auto-restarting autonomous-manager (attempt 1)
[2025-08-25T15:16:04.050Z] performance-monitor exited: code=0, signal=null
[2025-08-25T15:16:04.050Z] Auto-restarting performance-monitor (attempt 1)
[2025-08-25T15:16:08.933Z] link-health-scheduler exited: code=0, signal=null
[2025-08-25T15:16:08.933Z] Auto-restarting link-health-scheduler (attempt 1)
[2025-08-25T15:16:10.042Z] autonomous-manager started successfully
[2025-08-25T15:16:12.054Z] performance-monitor started successfully
[2025-08-25T15:16:16.935Z] link-health-scheduler started successfully
[2025-08-25T15:16:31.415Z] enhanced-autonomous healthy - uptime: 985s
[2025-08-25T15:17:01.416Z] enhanced-autonomous healthy - uptime: 1015s
[2025-08-25T15:17:31.418Z] enhanced-autonomous healthy - uptime: 1045s
[2025-08-25T15:17:34.550Z] ml-link-intelligence exited: code=0, signal=null
[2025-08-25T15:17:34.551Z] Auto-restarting ml-link-intelligence (attempt 1)
[2025-08-25T15:17:42.552Z] ml-link-intelligence started successfully
[2025-08-25T15:18:01.420Z] enhanced-autonomous healthy - uptime: 1075s
[2025-08-25T15:18:02.034Z] autonomous-manager exited: code=0, signal=null
[2025-08-25T15:18:02.034Z] Auto-restarting autonomous-manager (attempt 1)
[2025-08-25T15:18:04.032Z] link-health-scheduler exited: code=0, signal=null
[2025-08-25T15:18:04.032Z] Auto-restarting link-health-scheduler (attempt 1)
[2025-08-25T15:18:09.150Z] performance-monitor exited: code=0, signal=null
[2025-08-25T15:18:09.151Z] Auto-restarting performance-monitor (attempt 1)
[2025-08-25T15:18:10.038Z] autonomous-manager started successfully
[2025-08-25T15:18:12.045Z] link-health-scheduler started successfully
[2025-08-25T15:18:17.192Z] performance-monitor started successfully
[2025-08-25T15:18:31.422Z] enhanced-autonomous healthy - uptime: 1105s
[2025-08-25T15:19:01.425Z] enhanced-autonomous healthy - uptime: 1135s
[2025-08-25T15:19:31.426Z] enhanced-autonomous healthy - uptime: 1165s
[2025-08-25T15:19:45.213Z] ml-link-intelligence exited: code=0, signal=null
[2025-08-25T15:19:45.217Z] Auto-restarting ml-link-intelligence (attempt 1)
[2025-08-25T15:19:53.224Z] ml-link-intelligence started successfully
[2025-08-25T15:20:01.427Z] enhanced-autonomous healthy - uptime: 1195s
[2025-08-25T15:20:02.272Z] autonomous-manager exited: code=0, signal=null
[2025-08-25T15:20:02.273Z] Auto-restarting autonomous-manager (attempt 1)
