[2025-08-25T15:00:21.740Z] Starting Real-Time Performance Monitor
[2025-08-25T15:00:21.749Z] Starting real-time performance monitoring
No metrics available
[2025-08-25T15:00:51.757Z] CRITICAL MEMORY ALERT: Memory usage critical: 95.29% - Memory pressure detected
[2025-08-25T15:00:51.757Z] ALERT [CRITICAL] Memory usage critical: 95.29%
[2025-08-25T15:00:51.758Z] metrics rss=30.66 MB heapUsed=4.32 MB cpuLoad=54.29 memUsage=95.29%
[2025-08-25T15:01:21.755Z] CRITICAL MEMORY ALERT: Memory usage critical: 96.27% - Memory pressure detected
[2025-08-25T15:01:21.756Z] ALERT [CRITICAL] Memory usage critical: 96.27%
[2025-08-25T15:01:21.756Z] metrics rss=30.86 MB heapUsed=4.38 MB cpuLoad=44.83 memUsage=96.27%
[2025-08-25T15:01:51.755Z] ALERT [WARNING] Memory usage warning: 93.36%
[2025-08-25T15:01:51.755Z] metrics rss=30.93 MB heapUsed=4.44 MB cpuLoad=39.27 memUsage=93.36%
[2025-08-25T15:02:02.356Z] Stopping Real-Time Performance Monitor...
[2025-08-25T15:02:02.357Z] Stopping performance monitoring
[2025-08-25T15:02:27.093Z] Starting Real-Time Performance Monitor
[2025-08-25T15:02:27.116Z] Starting real-time performance monitoring
[2025-08-25T15:02:35.013Z] Stopping Real-Time Performance Monitor...
[2025-08-25T15:02:35.014Z] Stopping performance monitoring
[2025-08-25T15:03:32.432Z] Starting Real-Time Performance Monitor
[2025-08-25T15:03:32.441Z] Starting real-time performance monitoring
[2025-08-25T15:04:02.447Z] CRITICAL MEMORY ALERT: Memory usage critical: 97.22% - Memory pressure detected
[2025-08-25T15:04:02.448Z] ALERT [CRITICAL] Memory usage critical: 97.22%
[2025-08-25T15:04:02.448Z] metrics rss=30.70 MB heapUsed=4.28 MB cpuLoad=50.58 memUsage=97.22%
[2025-08-25T15:04:03.705Z] Stopping Real-Time Performance Monitor...
[2025-08-25T15:04:03.707Z] Stopping performance monitoring
[2025-08-25T15:04:37.652Z] Starting Real-Time Performance Monitor
[2025-08-25T15:04:37.657Z] Starting real-time performance monitoring
[2025-08-25T15:05:07.662Z] ALERT [WARNING] Memory usage warning: 92.57%
[2025-08-25T15:05:07.663Z] metrics rss=30.36 MB heapUsed=4.28 MB cpuLoad=52.20 memUsage=92.57%

=== Performance Monitor Summary ===
Timestamp: 2025-08-25T15:05:07.659Z
System Uptime: 1 hours
Hostname: MacBook-Pro-de-Kleber.local

Current Status:
  CPU Load: 52.20
  Memory Usage: 92.57%
  Memory Free: 2.38 GB
  Process Memory: 30.36 MB
  Process Uptime: 0 minutes

Alerts:
  Total: 1
  Critical: 0 🔴
  Warning: 1 🟡

===================================

[2025-08-25T15:05:37.692Z] ALERT [WARNING] Memory usage warning: 93.59%
[2025-08-25T15:05:37.694Z] metrics rss=30.77 MB heapUsed=4.43 MB cpuLoad=40.02 memUsage=93.59%
[2025-08-25T15:06:03.451Z] Stopping Real-Time Performance Monitor...
[2025-08-25T15:06:03.455Z] Stopping performance monitoring
[2025-08-25T15:06:43.166Z] Starting Real-Time Performance Monitor
[2025-08-25T15:06:43.173Z] Starting real-time performance monitoring
[2025-08-25T15:07:13.218Z] CRITICAL MEMORY ALERT: Memory usage critical: 97.83% - Memory pressure detected
[2025-08-25T15:07:13.218Z] ALERT [CRITICAL] Memory usage critical: 97.83%
[2025-08-25T15:07:13.218Z] metrics rss=30.70 MB heapUsed=4.29 MB cpuLoad=55.69 memUsage=97.83%
[2025-08-25T15:07:43.215Z] ALERT [WARNING] CPU load warning: 73.50
[2025-08-25T15:07:43.216Z] CRITICAL MEMORY ALERT: Memory usage critical: 97.36% - Memory pressure detected
[2025-08-25T15:07:43.216Z] ALERT [CRITICAL] Memory usage critical: 97.36%
[2025-08-25T15:07:43.216Z] metrics rss=30.92 MB heapUsed=4.36 MB cpuLoad=73.50 memUsage=97.36%
[2025-08-25T15:08:05.739Z] Stopping Real-Time Performance Monitor...
[2025-08-25T15:08:05.740Z] Stopping performance monitoring
[2025-08-25T15:08:48.433Z] Starting Real-Time Performance Monitor
[2025-08-25T15:08:48.440Z] Starting real-time performance monitoring
[2025-08-25T15:09:18.448Z] CRITICAL CPU ALERT: CPU load critical: 198.57 - Consider restarting or scaling
[2025-08-25T15:09:18.470Z] ALERT [CRITICAL] CPU load critical: 198.57
[2025-08-25T15:09:18.481Z] CRITICAL MEMORY ALERT: Memory usage critical: 99.92% - Memory pressure detected
[2025-08-25T15:09:18.527Z] ALERT [CRITICAL] Memory usage critical: 99.92%
[2025-08-25T15:09:18.534Z] metrics rss=30.58 MB heapUsed=4.28 MB cpuLoad=198.57 memUsage=99.92%
[2025-08-25T15:09:48.445Z] CRITICAL CPU ALERT: CPU load critical: 172.35 - Consider restarting or scaling
[2025-08-25T15:09:48.446Z] ALERT [CRITICAL] CPU load critical: 172.35
[2025-08-25T15:09:48.446Z] CRITICAL MEMORY ALERT: Memory usage critical: 96.77% - Memory pressure detected
[2025-08-25T15:09:48.447Z] ALERT [CRITICAL] Memory usage critical: 96.77%
[2025-08-25T15:09:48.447Z] metrics rss=30.78 MB heapUsed=4.35 MB cpuLoad=172.35 memUsage=96.77%
