[2025-08-25T13:50:00.709Z] Starting real-time performance monitor
[2025-08-25T13:50:00.712Z] metrics rss=49.10 MB heapUsed=7.65 MB cpuUser=221848 cpuSystem=57577
[2025-08-25T13:50:30.713Z] metrics rss=46.12 MB heapUsed=7.01 MB cpuUser=277505 cpuSystem=65627
[2025-08-25T13:51:00.715Z] metrics rss=46.82 MB heapUsed=6.88 MB cpuUser=295995 cpuSystem=69987
[2025-08-25T13:51:30.718Z] metrics rss=47.46 MB heapUsed=7.04 MB cpuUser=310938 cpuSystem=73500
[2025-08-25T13:52:00.719Z] metrics rss=47.68 MB heapUsed=7.53 MB cpuUser=325801 cpuSystem=76489
[2025-08-25T13:52:06.400Z] Stopping real-time performance monitor...
[2025-08-25T13:52:11.774Z] Starting real-time performance monitor
[2025-08-25T13:52:11.776Z] metrics rss=48.13 MB heapUsed=7.56 MB cpuUser=183998 cpuSystem=39484
[2025-08-25T13:52:21.143Z] Stopping real-time performance monitor...
[2025-08-25T13:52:26.660Z] Starting real-time performance monitor
[2025-08-25T13:52:26.662Z] metrics rss=48.71 MB heapUsed=7.63 MB cpuUser=196379 cpuSystem=45466
[2025-08-25T13:52:56.663Z] metrics rss=46.07 MB heapUsed=6.99 MB cpuUser=245868 cpuSystem=54385
[2025-08-25T13:53:26.664Z] metrics rss=46.77 MB heapUsed=6.84 MB cpuUser=261391 cpuSystem=58682
[2025-08-25T13:53:56.665Z] metrics rss=47.43 MB heapUsed=6.98 MB cpuUser=275777 cpuSystem=62466
[2025-08-25T13:54:08.830Z] Starting real-time performance monitor
[2025-08-25T13:54:08.833Z] metrics rss=48.65 MB heapUsed=7.57 MB cpuUser=188172 cpuSystem=40682
[2025-08-25T13:54:11.702Z] Stopping real-time performance monitor...
[2025-08-25T13:54:38.834Z] metrics rss=45.99 MB heapUsed=6.99 MB cpuUser=241852 cpuSystem=48165
[2025-08-25T13:55:08.834Z] metrics rss=46.70 MB heapUsed=6.84 MB cpuUser=257605 cpuSystem=52036
[2025-08-25T13:55:38.835Z] metrics rss=47.35 MB heapUsed=6.99 MB cpuUser=274104 cpuSystem=57252
[2025-08-25T13:56:08.836Z] metrics rss=47.56 MB heapUsed=7.46 MB cpuUser=289953 cpuSystem=62020
[2025-08-25T13:56:38.836Z] metrics rss=47.75 MB heapUsed=7.44 MB cpuUser=309484 cpuSystem=69015
[2025-08-25T13:57:08.837Z] metrics rss=47.77 MB heapUsed=6.83 MB cpuUser=328614 cpuSystem=72148
[2025-08-25T13:57:38.839Z] metrics rss=47.77 MB heapUsed=7.39 MB cpuUser=347616 cpuSystem=76841
[2025-08-25T13:58:38.830Z] metrics rss=47.78 MB heapUsed=7.00 MB cpuUser=389660 cpuSystem=84843
[2025-08-25T13:59:08.827Z] metrics rss=47.79 MB heapUsed=6.81 MB cpuUser=410536 cpuSystem=87892
[2025-08-25T13:59:38.827Z] metrics rss=47.79 MB heapUsed=7.06 MB cpuUser=429457 cpuSystem=90982
[2025-08-25T14:00:08.829Z] metrics rss=47.98 MB heapUsed=6.82 MB cpuUser=453982 cpuSystem=95321
[2025-08-25T14:00:38.829Z] metrics rss=47.98 MB heapUsed=6.83 MB cpuUser=472299 cpuSystem=97782
[2025-08-25T14:01:08.830Z] metrics rss=48.02 MB heapUsed=7.16 MB cpuUser=496051 cpuSystem=100808
[2025-08-25T14:01:38.833Z] metrics rss=48.07 MB heapUsed=7.19 MB cpuUser=526801 cpuSystem=104689
[2025-08-25T14:02:08.834Z] metrics rss=49.86 MB heapUsed=7.42 MB cpuUser=564762 cpuSystem=108795
[2025-08-25T14:02:38.835Z] metrics rss=49.86 MB heapUsed=7.66 MB cpuUser=588842 cpuSystem=111661
[2025-08-25T14:03:08.836Z] metrics rss=49.92 MB heapUsed=7.10 MB cpuUser=618264 cpuSystem=115397
[2025-08-25T14:03:38.837Z] metrics rss=49.93 MB heapUsed=6.91 MB cpuUser=648031 cpuSystem=119667
[2025-08-25T14:04:08.838Z] metrics rss=49.97 MB heapUsed=7.39 MB cpuUser=675282 cpuSystem=122901
[2025-08-25T14:15:38.857Z] metrics rss=50.43 MB heapUsed=7.48 MB cpuUser=1505202 cpuSystem=220327
[2025-08-25T14:16:08.857Z] metrics rss=51.26 MB heapUsed=7.50 MB cpuUser=1552735 cpuSystem=224296
[2025-08-25T14:16:38.856Z] metrics rss=51.26 MB heapUsed=7.50 MB cpuUser=1592271 cpuSystem=229274
[2025-08-25T14:17:08.857Z] metrics rss=51.26 MB heapUsed=7.11 MB cpuUser=1635170 cpuSystem=233687
[2025-08-25T14:17:38.858Z] metrics rss=51.27 MB heapUsed=7.08 MB cpuUser=1674012 cpuSystem=237258
[2025-08-25T14:18:08.859Z] metrics rss=51.27 MB heapUsed=7.09 MB cpuUser=1714053 cpuSystem=241374
[2025-08-25T14:18:38.860Z] metrics rss=51.27 MB heapUsed=7.52 MB cpuUser=1757826 cpuSystem=245811
[2025-08-25T14:19:08.862Z] metrics rss=51.28 MB heapUsed=7.11 MB cpuUser=1796760 cpuSystem=249614
[2025-08-25T14:19:11.887Z] Starting real-time performance monitor
[2025-08-25T14:19:11.892Z] metrics rss=29.12 MB heapUsed=3.80 MB cpuUser=63500 cpuSystem=18769
[2025-08-25T14:19:38.863Z] metrics rss=51.28 MB heapUsed=7.11 MB cpuUser=1829379 cpuSystem=253207
[2025-08-25T14:19:41.893Z] metrics rss=29.25 MB heapUsed=3.82 MB cpuUser=63978 cpuSystem=18998
[2025-08-25T14:20:08.864Z] metrics rss=51.28 MB heapUsed=7.91 MB cpuUser=1861695 cpuSystem=258479
[2025-08-25T14:20:11.901Z] metrics rss=29.27 MB heapUsed=3.82 MB cpuUser=64290 cpuSystem=19281
[2025-08-25T14:20:38.865Z] metrics rss=51.33 MB heapUsed=7.36 MB cpuUser=1896537 cpuSystem=261925
[2025-08-25T14:20:41.901Z] metrics rss=29.29 MB heapUsed=3.83 MB cpuUser=64759 cpuSystem=19574
[2025-08-25T14:21:08.866Z] metrics rss=51.33 MB heapUsed=7.13 MB cpuUser=1929750 cpuSystem=265407
[2025-08-25T14:21:11.901Z] metrics rss=29.29 MB heapUsed=3.83 MB cpuUser=64995 cpuSystem=19789
[2025-08-25T14:21:38.867Z] metrics rss=51.34 MB heapUsed=7.53 MB cpuUser=1969829 cpuSystem=269627
[2025-08-25T14:21:41.902Z] metrics rss=29.31 MB heapUsed=3.85 MB cpuUser=65565 cpuSystem=20095
[2025-08-25T14:22:08.868Z] metrics rss=51.34 MB heapUsed=7.73 MB cpuUser=2003744 cpuSystem=273539
[2025-08-25T14:22:11.903Z] metrics rss=29.33 MB heapUsed=3.86 MB cpuUser=65935 cpuSystem=20415
[2025-08-25T14:22:38.869Z] metrics rss=51.35 MB heapUsed=7.93 MB cpuUser=2038216 cpuSystem=278399
[2025-08-25T14:22:41.904Z] metrics rss=29.34 MB heapUsed=3.86 MB cpuUser=66213 cpuSystem=20689
[2025-08-25T14:23:08.903Z] metrics rss=51.35 MB heapUsed=7.58 MB cpuUser=2070182 cpuSystem=282208
[2025-08-25T14:23:11.904Z] metrics rss=29.39 MB heapUsed=3.90 MB cpuUser=66749 cpuSystem=20962
[2025-08-25T14:23:38.920Z] metrics rss=51.35 MB heapUsed=7.55 MB cpuUser=2101756 cpuSystem=285860
[2025-08-25T14:23:41.906Z] metrics rss=29.43 MB heapUsed=3.93 MB cpuUser=67283 cpuSystem=21211
[2025-08-25T14:24:08.920Z] metrics rss=51.35 MB heapUsed=7.40 MB cpuUser=2133517 cpuSystem=289267
[2025-08-25T14:24:11.906Z] metrics rss=29.45 MB heapUsed=3.93 MB cpuUser=67573 cpuSystem=21464
[2025-08-25T14:24:38.921Z] metrics rss=51.35 MB heapUsed=7.64 MB cpuUser=2168152 cpuSystem=292407
[2025-08-25T14:24:41.907Z] metrics rss=29.46 MB heapUsed=3.94 MB cpuUser=67767 cpuSystem=21750
[2025-08-25T14:25:08.921Z] metrics rss=51.35 MB heapUsed=7.57 MB cpuUser=2198996 cpuSystem=295610
[2025-08-25T14:25:11.907Z] metrics rss=29.46 MB heapUsed=3.94 MB cpuUser=67978 cpuSystem=22096
[2025-08-25T14:25:38.922Z] metrics rss=51.36 MB heapUsed=7.41 MB cpuUser=2230298 cpuSystem=298852
[2025-08-25T14:25:41.911Z] metrics rss=29.47 MB heapUsed=3.94 MB cpuUser=68277 cpuSystem=22436
[2025-08-25T14:26:08.922Z] metrics rss=51.47 MB heapUsed=7.27 MB cpuUser=2265068 cpuSystem=302232
[2025-08-25T14:26:17.957Z] [real-time-performance-monitor] ERROR: /Users/klebergarciaalcatrao/Desktop/ZION_APP_AUG_25_25/zion.app/automation/real-time-performance-monitor.cjs:198
          interfaces[name].forEach(interface => {
                                   ^^^^^^^^^

SyntaxError: Unexpected strict mode reserved word
    at wrapSafe (node:internal/modules/cjs/loader:1662:18)
    at Module._compile (node:internal/modules/cjs/loader:1704:20)
    at Object..js (node:internal/modules/cjs/loader:1895:10)
    at Module.load (node:internal/modules/cjs/loader:1465:32)
    at Function._load (node:internal/modules/cjs/loader:1282:12)
    at TracingChannel.traceSync (node:diagnostics_channel:322:14)
    at wrapModuleLoad (node:internal/modules/cjs/loader:235:24)
    at Function.executeUserEntryPoint [as runMain] (node:internal/modules/run_main:171:5)
    at node:internal/main/run_main_module:36:49

Node.js v22.16.0
[2025-08-25T14:26:28.035Z] [real-time-performance-monitor] ERROR: /Users/klebergarciaalcatrao/Desktop/ZION_APP_AUG_25_25/zion.app/automation/real-time-performance-monitor.cjs:198
          interfaces[name].forEach(interface => {
                                   ^^^^^^^^^

SyntaxError: Unexpected strict mode reserved word
    at wrapSafe (node:internal/modules/cjs/loader:1662:18)
    at Module._compile (node:internal/modules/cjs/loader:1704:20)
    at Object..js (node:internal/modules/cjs/loader:1895:10)
    at Module.load (node:internal/modules/cjs/loader:1465:32)
    at Function._load (node:internal/modules/cjs/loader:1282:12)
    at TracingChannel.traceSync (node:diagnostics_channel:322:14)
    at wrapModuleLoad (node:internal/modules/cjs/loader:235:24)
    at Function.executeUserEntryPoint [as runMain] (node:internal/modules/run_main:171:5)
    at node:internal/main/run_main_module:36:49

Node.js v22.16.0
[2025-08-25T14:26:38.120Z] [real-time-performance-monitor] ERROR: /Users/klebergarciaalcatrao/Desktop/ZION_APP_AUG_25_25/zion.app/automation/real-time-performance-monitor.cjs:198
          interfaces[name].forEach(interface => {
                                   ^^^^^^^^^

SyntaxError: Unexpected strict mode reserved word
    at wrapSafe (node:internal/modules/cjs/loader:1662:18)
    at Module._compile (node:internal/modules/cjs/loader:1704:20)
    at Object..js (node:internal/modules/cjs/loader:1895:10)
    at Module.load (node:internal/modules/cjs/loader:1465:32)
    at Function._load (node:internal/modules/cjs/loader:1282:12)
    at TracingChannel.traceSync (node:diagnostics_channel:322:14)
    at wrapModuleLoad (node:internal/modules/cjs/loader:235:24)
    at Function.executeUserEntryPoint [as runMain] (node:internal/modules/run_main:171:5)
    at node:internal/main/run_main_module:36:49

Node.js v22.16.0
[2025-08-25T14:26:38.922Z] metrics rss=51.47 MB heapUsed=7.59 MB cpuUser=2296022 cpuSystem=305661
[2025-08-25T14:26:48.197Z] Starting Real-Time Performance Monitor
[2025-08-25T14:26:48.201Z] [real-time-performance-monitor] [2025-08-25T14:26:48.197Z] Starting Real-Time Performance Monitor
[2025-08-25T14:26:48.201Z] Starting real-time performance monitoring
[2025-08-25T14:26:48.201Z] [real-time-performance-monitor] [2025-08-25T14:26:48.201Z] Starting real-time performance monitoring
[2025-08-25T14:26:52.215Z] Starting Real-Time Performance Monitor
[2025-08-25T14:26:52.225Z] Starting real-time performance monitoring
[2025-08-25T14:27:08.924Z] metrics rss=51.47 MB heapUsed=7.83 MB cpuUser=2326371 cpuSystem=308686
[2025-08-25T14:27:18.204Z] CRITICAL MEMORY ALERT: Memory usage critical: 98.63% - Memory pressure detected
[2025-08-25T14:27:18.204Z] ALERT [CRITICAL] Memory usage critical: 98.63%
[2025-08-25T14:27:18.205Z] [real-time-performance-monitor] [2025-08-25T14:27:18.204Z] CRITICAL MEMORY ALERT: Memory usage critical: 98.63% - Memory pressure detected
[2025-08-25T14:27:18.205Z] metrics rss=29.74 MB heapUsed=4.26 MB cpuLoad=7.77 memUsage=98.63%
[2025-08-25T14:27:18.205Z] [real-time-performance-monitor] [2025-08-25T14:27:18.204Z] ALERT [CRITICAL] Memory usage critical: 98.63%
[2025-08-25T14:27:18.205Z] [real-time-performance-monitor] [2025-08-25T14:27:18.205Z] metrics rss=29.74 MB heapUsed=4.26 MB cpuLoad=7.77 memUsage=98.63%
[2025-08-25T14:27:22.229Z] CRITICAL MEMORY ALERT: Memory usage critical: 98.50% - Memory pressure detected
[2025-08-25T14:27:22.229Z] ALERT [CRITICAL] Memory usage critical: 98.50%
[2025-08-25T14:27:22.229Z] metrics rss=30.05 MB heapUsed=4.28 MB cpuLoad=7.77 memUsage=98.50%
[2025-08-25T14:27:38.925Z] metrics rss=51.47 MB heapUsed=7.69 MB cpuUser=2357761 cpuSystem=311575
[2025-08-25T14:27:52.227Z] CRITICAL MEMORY ALERT: Memory usage critical: 98.53% - Memory pressure detected
[2025-08-25T14:27:52.227Z] ALERT [CRITICAL] Memory usage critical: 98.53%
[2025-08-25T14:27:52.228Z] metrics rss=30.29 MB heapUsed=4.36 MB cpuLoad=6.61 memUsage=98.53%
[2025-08-25T14:28:08.925Z] metrics rss=51.47 MB heapUsed=7.79 MB cpuUser=2388975 cpuSystem=314519
[2025-08-25T14:28:22.228Z] CRITICAL MEMORY ALERT: Memory usage critical: 98.72% - Memory pressure detected
[2025-08-25T14:28:22.228Z] ALERT [CRITICAL] Memory usage critical: 98.72%
[2025-08-25T14:28:22.229Z] metrics rss=30.32 MB heapUsed=4.39 MB cpuLoad=5.94 memUsage=98.72%
[2025-08-25T14:28:38.926Z] metrics rss=51.47 MB heapUsed=7.21 MB cpuUser=2419646 cpuSystem=317569
[2025-08-25T14:28:52.227Z] CRITICAL MEMORY ALERT: Memory usage critical: 98.12% - Memory pressure detected
[2025-08-25T14:28:52.227Z] ALERT [CRITICAL] Memory usage critical: 98.12%
[2025-08-25T14:28:52.227Z] metrics rss=30.42 MB heapUsed=4.46 MB cpuLoad=5.68 memUsage=98.12%
[2025-08-25T14:29:08.926Z] metrics rss=51.48 MB heapUsed=7.61 MB cpuUser=2450385 cpuSystem=321301
[2025-08-25T14:29:22.228Z] CRITICAL MEMORY ALERT: Memory usage critical: 98.58% - Memory pressure detected
[2025-08-25T14:29:22.228Z] ALERT [CRITICAL] Memory usage critical: 98.58%
[2025-08-25T14:29:22.228Z] metrics rss=30.48 MB heapUsed=4.51 MB cpuLoad=5.23 memUsage=98.58%
[2025-08-25T14:29:38.928Z] metrics rss=51.48 MB heapUsed=7.22 MB cpuUser=2480946 cpuSystem=324642
[2025-08-25T14:29:52.227Z] CRITICAL MEMORY ALERT: Memory usage critical: 98.21% - Memory pressure detected
[2025-08-25T14:29:52.227Z] ALERT [CRITICAL] Memory usage critical: 98.21%
[2025-08-25T14:29:52.227Z] metrics rss=30.55 MB heapUsed=4.56 MB cpuLoad=5.88 memUsage=98.21%
[2025-08-25T14:30:08.928Z] metrics rss=51.48 MB heapUsed=7.22 MB cpuUser=2512714 cpuSystem=328996
[2025-08-25T14:30:22.229Z] CRITICAL MEMORY ALERT: Memory usage critical: 98.47% - Memory pressure detected
[2025-08-25T14:30:22.229Z] ALERT [CRITICAL] Memory usage critical: 98.47%
[2025-08-25T14:30:22.229Z] metrics rss=30.60 MB heapUsed=4.60 MB cpuLoad=6.30 memUsage=98.47%
[2025-08-25T14:30:39.060Z] metrics rss=51.48 MB heapUsed=7.86 MB cpuUser=2543407 cpuSystem=332115
[2025-08-25T14:30:52.365Z] CRITICAL MEMORY ALERT: Memory usage critical: 97.90% - Memory pressure detected
[2025-08-25T14:30:52.366Z] ALERT [CRITICAL] Memory usage critical: 97.90%
[2025-08-25T14:30:52.366Z] metrics rss=31.30 MB heapUsed=4.20 MB cpuLoad=6.43 memUsage=97.90%
[2025-08-25T14:31:09.063Z] metrics rss=51.48 MB heapUsed=7.72 MB cpuUser=2573902 cpuSystem=334993
[2025-08-25T14:31:22.367Z] CRITICAL MEMORY ALERT: Memory usage critical: 98.04% - Memory pressure detected
[2025-08-25T14:31:22.367Z] ALERT [CRITICAL] Memory usage critical: 98.04%
[2025-08-25T14:31:22.367Z] metrics rss=31.35 MB heapUsed=4.24 MB cpuLoad=6.38 memUsage=98.04%
[2025-08-25T14:31:39.065Z] metrics rss=51.48 MB heapUsed=7.63 MB cpuUser=2605395 cpuSystem=338042
[2025-08-25T14:31:52.368Z] CRITICAL MEMORY ALERT: Memory usage critical: 98.19% - Memory pressure detected
[2025-08-25T14:31:52.368Z] ALERT [CRITICAL] Memory usage critical: 98.19%
[2025-08-25T14:31:52.368Z] metrics rss=31.46 MB heapUsed=4.33 MB cpuLoad=5.32 memUsage=98.19%
[2025-08-25T14:32:09.067Z] metrics rss=51.48 MB heapUsed=7.88 MB cpuUser=2637061 cpuSystem=341306
[2025-08-25T14:32:22.369Z] CRITICAL MEMORY ALERT: Memory usage critical: 98.24% - Memory pressure detected
[2025-08-25T14:32:22.369Z] ALERT [CRITICAL] Memory usage critical: 98.24%
[2025-08-25T14:32:22.369Z] metrics rss=31.55 MB heapUsed=4.39 MB cpuLoad=5.54 memUsage=98.24%
[2025-08-25T14:32:39.068Z] metrics rss=51.48 MB heapUsed=7.72 MB cpuUser=2668078 cpuSystem=344347
[2025-08-25T14:32:52.369Z] CRITICAL MEMORY ALERT: Memory usage critical: 97.80% - Memory pressure detected
[2025-08-25T14:32:52.370Z] ALERT [CRITICAL] Memory usage critical: 97.80%
[2025-08-25T14:32:52.370Z] metrics rss=31.64 MB heapUsed=4.45 MB cpuLoad=7.26 memUsage=97.80%
[2025-08-25T14:33:09.071Z] metrics rss=51.49 MB heapUsed=7.25 MB cpuUser=2699424 cpuSystem=347500
[2025-08-25T14:33:22.378Z] CRITICAL MEMORY ALERT: Memory usage critical: 98.96% - Memory pressure detected
[2025-08-25T14:33:22.379Z] ALERT [CRITICAL] Memory usage critical: 98.96%
[2025-08-25T14:33:22.379Z] metrics rss=31.71 MB heapUsed=4.51 MB cpuLoad=6.41 memUsage=98.96%
[2025-08-25T14:33:39.072Z] metrics rss=51.49 MB heapUsed=7.65 MB cpuUser=2732826 cpuSystem=350638
[2025-08-25T14:33:52.378Z] CRITICAL MEMORY ALERT: Memory usage critical: 96.01% - Memory pressure detected
[2025-08-25T14:33:52.378Z] ALERT [CRITICAL] Memory usage critical: 96.01%
[2025-08-25T14:33:52.379Z] metrics rss=31.78 MB heapUsed=4.58 MB cpuLoad=6.96 memUsage=96.01%
[2025-08-25T14:34:09.075Z] metrics rss=51.49 MB heapUsed=7.45 MB cpuUser=2767897 cpuSystem=354000
[2025-08-25T14:34:22.380Z] CRITICAL MEMORY ALERT: Memory usage critical: 97.35% - Memory pressure detected
[2025-08-25T14:34:22.381Z] ALERT [CRITICAL] Memory usage critical: 97.35%
[2025-08-25T14:34:22.381Z] metrics rss=35.72 MB heapUsed=4.66 MB cpuLoad=6.98 memUsage=97.35%
[2025-08-25T14:34:39.077Z] metrics rss=51.50 MB heapUsed=7.85 MB cpuUser=2801983 cpuSystem=357447
[2025-08-25T14:34:52.381Z] CRITICAL MEMORY ALERT: Memory usage critical: 99.94% - Memory pressure detected
[2025-08-25T14:34:52.382Z] ALERT [CRITICAL] Memory usage critical: 99.94%
[2025-08-25T14:34:52.382Z] metrics rss=35.80 MB heapUsed=4.73 MB cpuLoad=11.05 memUsage=99.94%
[2025-08-25T14:35:09.079Z] metrics rss=51.50 MB heapUsed=7.77 MB cpuUser=2835012 cpuSystem=361018
[2025-08-25T14:35:22.383Z] ALERT [WARNING] Memory usage warning: 93.13%
[2025-08-25T14:35:22.383Z] metrics rss=35.18 MB heapUsed=4.06 MB cpuLoad=11.26 memUsage=93.13%
[2025-08-25T14:35:39.082Z] metrics rss=51.50 MB heapUsed=7.66 MB cpuUser=2867186 cpuSystem=364235
[2025-08-25T14:35:52.383Z] ALERT [WARNING] Memory usage warning: 92.49%
[2025-08-25T14:35:52.384Z] metrics rss=35.34 MB heapUsed=4.17 MB cpuLoad=9.65 memUsage=92.49%
[2025-08-25T14:36:09.085Z] metrics rss=51.50 MB heapUsed=7.91 MB cpuUser=2900918 cpuSystem=367343
[2025-08-25T14:36:22.386Z] ALERT [WARNING] Memory usage warning: 93.24%
[2025-08-25T14:36:22.386Z] metrics rss=35.48 MB heapUsed=4.25 MB cpuLoad=8.79 memUsage=93.24%
[2025-08-25T14:36:39.088Z] metrics rss=51.50 MB heapUsed=8.07 MB cpuUser=2934567 cpuSystem=370550
[2025-08-25T14:36:52.387Z] ALERT [WARNING] Memory usage warning: 93.18%
[2025-08-25T14:36:52.387Z] metrics rss=35.70 MB heapUsed=4.37 MB cpuLoad=7.66 memUsage=93.18%
