[2025-07-30 10:20:57] Starting Autonomous System...
[2025-07-30 10:20:57] Stopping existing services...
[2025-07-30 10:20:57] Starting Autonomous Master Controller...
[2025-07-30 10:20:57] Master Controller started with PID: 8906
[2025-07-30 10:20:57] Starting error-monitor-daemon.js...
[2025-07-30 10:20:57] error-monitor-daemon.js started with PID: 8922
[2025-07-30 10:20:57] WARNING: build-monitor.js not found, skipping...
[2025-07-30 10:20:57] WARNING: git-automation.js not found, skipping...
[2025-07-30 10:20:57] WARNING: fix-syntax-errors.js not found, skipping...
[2025-07-30 10:20:57] WARNING: cron-manager.js not found, skipping...
[2025-07-30 10:20:57] Starting autonomous-system.js...
[2025-07-30 10:20:57] autonomous-system.js started with PID: 8965
[2025-07-30 10:20:57] Autonomous System startup completed!
[2025-07-30 10:20:57] Logs are available in: /Users/miami2/Documents/GitHub/bolt.new.zion.app/automation/logs
[2025-07-30 12:23:03] Starting Autonomous System...
[2025-07-30 12:23:03] Stopping existing services...
[2025-07-30 12:23:03] Starting Autonomous Master Controller...
[2025-07-30 12:23:04] Master Controller started with PID: 29652
[2025-07-30 12:23:04] Starting error-monitor-daemon.js...
[2025-07-30 12:23:04] error-monitor-daemon.js started with PID: 29659
[2025-07-30 12:23:04] WARNING: build-monitor.js not found, skipping...
[2025-07-30 12:23:04] WARNING: git-automation.js not found, skipping...
[2025-07-30 12:23:04] WARNING: fix-syntax-errors.js not found, skipping...
[2025-07-30 12:23:04] WARNING: cron-manager.js not found, skipping...
[2025-07-30 12:23:04] Starting autonomous-system.js...
[2025-07-30 12:23:04] autonomous-system.js started with PID: 29678
[2025-07-30 12:23:04] Autonomous System startup completed!
[2025-07-30 12:23:04] Logs are available in: /Users/miami2/Documents/GitHub/bolt.new.zion.app/automation/logs
