[2025-07-31T11:24:16.915Z] [INFO] Starting enhanced sync manager...
[2025-07-31T11:24:16.920Z] [INFO] Starting enhanced sync scheduler...
[2025-07-31T11:24:16.934Z] [INFO] Enhanced sync scheduler started successfully
[2025-07-31T11:24:16.934Z] [INFO] Starting job: gitSync
[2025-07-31T11:24:17.004Z] [INFO] Uncommitted changes detected, committing...
[2025-07-31T11:24:18.576Z] [INFO] Enhanced sync manager is running. Press Ctrl+C to stop.
[2025-07-31T11:24:18.577Z] [ERROR] Job gitSync failed: Command failed: git add .
fatal: unable to stat 'automation/manage-multi-machine-sync.sh': No such file or directory
[2025-07-31T11:25:00.676Z] [INFO] Starting job: gitSync
[2025-07-31T11:25:00.711Z] [INFO] Uncommitted changes detected, committing...
[2025-07-31T11:25:00.740Z] [ERROR] Job gitSync failed: Command failed: git add .
fatal: Unable to create '/Users/miami2/Documents/GitHub/bolt.new.zion.app/.git/index.lock': File exists.

Another git process seems to be running in this repository, e.g.
an editor opened by 'git commit'. Please make sure all processes
are terminated then try again. If it still fails, a git process
may have crashed in this repository earlier:
remove the file manually to continue.
[2025-07-31T11:25:00.747Z] [INFO] Starting job: buildCheck
[2025-07-31T11:25:00.748Z] [ERROR] Job buildCheck failed: ENOENT: no such file or directory, open '/Users/miami2/Documents/GitHub/bolt.new.zion.app/package.json'
[2025-07-31T11:25:18.578Z] [INFO] Enhanced sync manager heartbeat...
[2025-07-31T11:26:00.827Z] [INFO] Starting job: gitSync
[2025-07-31T11:26:01.453Z] [INFO] Uncommitted changes detected, committing...
[2025-07-31T11:26:05.062Z] [INFO] Changes committed successfully
[2025-07-31T11:26:53.626Z] [ERROR] Push failed, will retry later
[2025-07-31T11:26:53.626Z] [INFO] Job gitSync completed successfully in 52798ms
[2025-07-31T11:26:53.629Z] [INFO] Enhanced sync manager heartbeat...
[2025-07-31T11:27:00.628Z] [INFO] Starting job: gitSync
[2025-07-31T11:27:01.197Z] [INFO] Uncommitted changes detected, committing...
[2025-07-31T11:27:04.323Z] [INFO] Changes committed successfully
[2025-07-31T11:27:23.012Z] [ERROR] Push failed, will retry later
[2025-07-31T11:27:23.013Z] [INFO] Job gitSync completed successfully in 22384ms
[2025-07-31T11:27:53.632Z] [INFO] Enhanced sync manager heartbeat...
[2025-07-31T11:28:00.032Z] [INFO] Starting job: gitSync
[2025-07-31T11:28:00.576Z] [INFO] Uncommitted changes detected, committing...
[2025-07-31T11:28:03.783Z] [INFO] Changes committed successfully
[2025-07-31T11:28:23.917Z] [ERROR] Push failed, will retry later
[2025-07-31T11:28:23.918Z] [INFO] Job gitSync completed successfully in 23886ms
[2025-07-31T11:28:53.633Z] [INFO] Enhanced sync manager heartbeat...
[2025-07-31T11:29:00.952Z] [INFO] Starting job: gitSync
[2025-07-31T11:29:01.639Z] [INFO] Uncommitted changes detected, committing...
[2025-07-31T11:29:01.704Z] [ERROR] Job gitSync failed: Command failed: git add .
fatal: Unable to create '/Users/miami2/Documents/GitHub/bolt.new.zion.app/.git/index.lock': File exists.

Another git process seems to be running in this repository, e.g.
an editor opened by 'git commit'. Please make sure all processes
are terminated then try again. If it still fails, a git process
may have crashed in this repository earlier:
remove the file manually to continue.
[2025-07-31T11:29:53.635Z] [INFO] Enhanced sync manager heartbeat...
[2025-07-31T11:30:00.742Z] [INFO] Starting job: gitSync
[2025-07-31T11:30:00.784Z] [INFO] Uncommitted changes detected, committing...
[2025-07-31T11:30:12.807Z] [ERROR] Job gitSync failed: spawnSync /bin/sh ENOBUFS
[2025-07-31T11:30:53.638Z] [INFO] Enhanced sync manager heartbeat...
[2025-07-31T11:31:00.865Z] [INFO] Starting job: gitSync
[2025-07-31T11:31:01.960Z] [INFO] Uncommitted changes detected, committing...
[2025-07-31T11:31:03.783Z] [INFO] Changes committed successfully
[2025-07-31T11:31:27.785Z] [ERROR] Push failed, will retry later
[2025-07-31T11:31:27.786Z] [INFO] Job gitSync completed successfully in 26917ms
[2025-07-31T11:31:53.641Z] [INFO] Enhanced sync manager heartbeat...
[2025-07-31T11:32:00.805Z] [INFO] Starting job: gitSync
[2025-07-31T11:32:01.027Z] [INFO] Uncommitted changes detected, committing...
[2025-07-31T11:32:01.057Z] [ERROR] Job gitSync failed: Command failed: git add .
fatal: Unable to create '/Users/miami2/Documents/GitHub/bolt.new.zion.app/.git/index.lock': File exists.

Another git process seems to be running in this repository, e.g.
an editor opened by 'git commit'. Please make sure all processes
are terminated then try again. If it still fails, a git process
may have crashed in this repository earlier:
remove the file manually to continue.
[2025-07-31T11:32:53.643Z] [INFO] Enhanced sync manager heartbeat...
[2025-07-31T11:33:00.094Z] [INFO] Starting job: gitSync
[2025-07-31T11:33:00.131Z] [INFO] Uncommitted changes detected, committing...
[2025-07-31T11:33:00.772Z] [INFO] Changes committed successfully
[2025-07-31T11:33:21.083Z] [ERROR] Push failed, will retry later
[2025-07-31T11:33:21.083Z] [INFO] Job gitSync completed successfully in 20988ms
[2025-07-31T11:33:53.646Z] [INFO] Enhanced sync manager heartbeat...
[2025-07-31T11:34:00.123Z] [INFO] Starting job: gitSync
[2025-07-31T11:34:00.161Z] [INFO] Uncommitted changes detected, committing...
[2025-07-31T11:34:00.609Z] [INFO] Changes committed successfully
[2025-07-31T11:34:22.603Z] [ERROR] Push failed, will retry later
[2025-07-31T11:34:22.603Z] [INFO] Job gitSync completed successfully in 22480ms
[2025-07-31T11:34:53.649Z] [INFO] Enhanced sync manager heartbeat...
[2025-07-31T11:35:00.626Z] [INFO] Starting job: gitSync
[2025-07-31T11:35:00.673Z] [INFO] Uncommitted changes detected, committing...
[2025-07-31T11:35:03.126Z] [INFO] Changes committed successfully
[2025-07-31T11:35:25.244Z] [ERROR] Push failed, will retry later
[2025-07-31T11:35:25.245Z] [INFO] Job gitSync completed successfully in 24619ms
[2025-07-31T11:35:53.651Z] [INFO] Enhanced sync manager heartbeat...
[2025-07-31T11:36:00.296Z] [INFO] Starting job: gitSync
[2025-07-31T11:36:00.341Z] [INFO] Uncommitted changes detected, committing...
[2025-07-31T11:36:03.829Z] [INFO] Changes committed successfully
[2025-07-31T11:36:24.900Z] [ERROR] Push failed, will retry later
[2025-07-31T11:36:24.900Z] [INFO] Job gitSync completed successfully in 24603ms
[2025-07-31T11:36:53.654Z] [INFO] Enhanced sync manager heartbeat...
[2025-07-31T11:37:00.931Z] [INFO] Starting job: gitSync
[2025-07-31T11:37:01.025Z] [INFO] Uncommitted changes detected, committing...
[2025-07-31T11:37:02.777Z] [INFO] Changes committed successfully
[2025-07-31T11:37:22.251Z] [ERROR] Push failed, will retry later
[2025-07-31T11:37:22.252Z] [INFO] Job gitSync completed successfully in 21320ms
[2025-07-31T11:37:53.656Z] [INFO] Enhanced sync manager heartbeat...
[2025-07-31T11:38:00.344Z] [INFO] Starting job: gitSync
[2025-07-31T11:38:00.433Z] [INFO] Uncommitted changes detected, committing...
[2025-07-31T11:38:02.390Z] [INFO] Changes committed successfully
[2025-07-31T11:38:26.034Z] [ERROR] Push failed, will retry later
[2025-07-31T11:38:26.035Z] [INFO] Job gitSync completed successfully in 25691ms
[2025-07-31T11:38:53.659Z] [INFO] Enhanced sync manager heartbeat...
[2025-07-31T11:39:00.054Z] [INFO] Starting job: gitSync
[2025-07-31T11:39:00.104Z] [INFO] Uncommitted changes detected, committing...
[2025-07-31T11:39:00.620Z] [ERROR] Job gitSync failed: Command failed: git add .
fatal: unable to stat '.git-rewrite/index.lock': No such file or directory
[2025-07-31T11:39:53.660Z] [INFO] Enhanced sync manager heartbeat...
[2025-07-31T11:40:00.649Z] [INFO] Starting job: gitSync
[2025-07-31T11:40:00.701Z] [INFO] Uncommitted changes detected, committing...
[2025-07-31T11:40:02.308Z] [INFO] Changes committed successfully
[2025-07-31T11:40:24.337Z] [ERROR] Push failed, will retry later
[2025-07-31T11:40:24.341Z] [INFO] Job gitSync completed successfully in 23688ms
[2025-07-31T11:40:53.662Z] [INFO] Enhanced sync manager heartbeat...
[2025-07-31T11:41:00.365Z] [INFO] Starting job: gitSync
[2025-07-31T11:41:00.421Z] [INFO] Uncommitted changes detected, committing...
[2025-07-31T11:41:01.418Z] [INFO] Changes committed successfully
[2025-07-31T11:41:23.849Z] [ERROR] Push failed, will retry later
[2025-07-31T11:41:23.850Z] [INFO] Job gitSync completed successfully in 23484ms
[2025-07-31T11:41:53.665Z] [INFO] Enhanced sync manager heartbeat...
[2025-07-31T11:42:00.880Z] [INFO] Starting job: gitSync
[2025-07-31T11:42:00.919Z] [INFO] Uncommitted changes detected, committing...
[2025-07-31T11:42:01.761Z] [INFO] Changes committed successfully
[2025-07-31T11:42:25.143Z] [ERROR] Push failed, will retry later
[2025-07-31T11:42:25.144Z] [INFO] Job gitSync completed successfully in 24264ms
[2025-07-31T11:42:53.667Z] [INFO] Enhanced sync manager heartbeat...
[2025-07-31T11:43:00.195Z] [INFO] Starting job: gitSync
[2025-07-31T11:43:00.238Z] [INFO] Uncommitted changes detected, committing...
[2025-07-31T11:43:01.134Z] [INFO] Changes committed successfully
[2025-07-31T11:43:24.351Z] [ERROR] Push failed, will retry later
[2025-07-31T11:43:24.351Z] [INFO] Job gitSync completed successfully in 24156ms
[2025-07-31T11:43:53.390Z] [INFO] Enhanced sync manager heartbeat...
[2025-07-31T11:44:00.373Z] [INFO] Starting job: gitSync
[2025-07-31T11:44:00.411Z] [INFO] Uncommitted changes detected, committing...
