[2025-08-25T14:26:17.874Z] [SYSTEM] Starting all enabled services...
[2025-08-25T14:26:17.876Z] [SYSTEM] Starting service: autonomous-system-manager
[2025-08-25T14:26:17.879Z] [SYSTEM] Service autonomous-system-manager started successfully
[2025-08-25T14:26:17.880Z] [SYSTEM] Starting service: ml-link-intelligence
[2025-08-25T14:26:17.881Z] [SYSTEM] Service ml-link-intelligence started successfully
[2025-08-25T14:26:17.881Z] [SYSTEM] Starting service: link-health-scheduler
[2025-08-25T14:26:17.883Z] [SYSTEM] Service link-health-scheduler started successfully
[2025-08-25T14:26:17.883Z] [SYSTEM] Starting service: real-time-performance-monitor
[2025-08-25T14:26:17.884Z] [SYSTEM] Service real-time-performance-monitor started successfully
[2025-08-25T14:26:17.963Z] [SYSTEM] Service real-time-performance-monitor exited with code 1, signal null
[2025-08-25T14:26:17.964Z] [SYSTEM] Restarting real-time-performance-monitor in 10000ms (attempt 1/3)
[2025-08-25T14:26:27.965Z] [SYSTEM] Starting service: real-time-performance-monitor
[2025-08-25T14:26:27.966Z] [SYSTEM] Service real-time-performance-monitor started successfully
[2025-08-25T14:26:28.039Z] [SYSTEM] Service real-time-performance-monitor exited with code 1, signal null
[2025-08-25T14:26:28.039Z] [SYSTEM] Restarting real-time-performance-monitor in 10000ms (attempt 1/3)
[2025-08-25T14:26:38.041Z] [SYSTEM] Starting service: real-time-performance-monitor
[2025-08-25T14:26:38.042Z] [SYSTEM] Service real-time-performance-monitor started successfully
[2025-08-25T14:26:38.124Z] [SYSTEM] Service real-time-performance-monitor exited with code 1, signal null
[2025-08-25T14:26:38.124Z] [SYSTEM] Restarting real-time-performance-monitor in 10000ms (attempt 1/3)
[2025-08-25T14:26:48.125Z] [SYSTEM] Starting service: real-time-performance-monitor
[2025-08-25T14:26:48.126Z] [SYSTEM] Service real-time-performance-monitor started successfully
