[2025-07-30 16:10:39] [INFO] 🚀 Starting Universal Automation System...
[2025-07-30 16:10:39] [INFO] Starting master-controller...
[2025-07-30 16:10:39] [INFO] master-controller started with PID 62410
[2025-07-30 16:10:39] [INFO] Starting enhanced-orchestrator...
[2025-07-30 16:10:39] [INFO] enhanced-orchestrator started with PID 62417
[2025-07-30 16:10:39] [INFO] Starting intelligent-error-fixer...
[2025-07-30 16:10:39] [INFO] intelligent-error-fixer started with PID 62431
[2025-07-30 16:10:39] [INFO] Starting netlify-monitor...
[2025-07-30 16:10:40] [INFO] netlify-monitor started with PID 62441
[2025-07-30 16:10:40] [INFO] Starting build-monitor...
[2025-07-30 16:10:40] [INFO] build-monitor started with PID 62451
[2025-07-30 16:10:40] [INFO] Starting performance-monitor...
[2025-07-30 16:10:40] [INFO] performance-monitor started with PID 62463
[2025-07-30 16:10:40] [INFO] Starting security-monitor...
[2025-07-30 16:10:40] [INFO] security-monitor started with PID 62472
[2025-07-30 16:10:40] [INFO] Starting dependency-checker...
[2025-07-30 16:10:40] [INFO] dependency-checker started with PID 62482
[2025-07-30 16:10:40] [INFO] Starting git-monitor...
[2025-07-30 16:10:40] [INFO] git-monitor started with PID 62485
[2025-07-30 16:10:40] [INFO] Starting sync-manager...
[2025-07-30 16:10:40] [INFO] sync-manager started with PID 62488
[2025-07-30 16:10:40] [INFO] Starting content-generator...
[2025-07-30 16:10:40] [INFO] content-generator started with PID 62494
[2025-07-30 16:10:40] [INFO] Starting cron-manager...
[2025-07-30 16:10:40] [INFO] cron-manager started with PID 62499
[2025-07-30 16:10:40] [INFO] Starting netlify-cron...
[2025-07-30 16:10:40] [INFO] netlify-cron started with PID 62502
[2025-07-30 16:10:40] [INFO] ✅ All automation systems started
[2025-07-30 16:10:52] [INFO] 📊 Checking automation system status...
[2025-07-30 16:20:47] [INFO] 📊 Checking automation system status...
[2025-07-31 08:24:16] [INFO] 🚀 Starting Universal Automation System...
[2025-07-31 08:24:16] [INFO] Starting master-controller...
[2025-07-31 08:24:16] [INFO] master-controller started with PID 64250
[2025-07-31 08:24:16] [INFO] Starting enhanced-orchestrator...
[2025-07-31 08:24:16] [INFO] enhanced-orchestrator started with PID 64253
[2025-07-31 08:24:16] [INFO] Starting intelligent-error-fixer...
[2025-07-31 08:24:16] [INFO] intelligent-error-fixer started with PID 64256
[2025-07-31 08:24:16] [INFO] Starting netlify-monitor...
[2025-07-31 08:24:16] [INFO] netlify-monitor started with PID 64260
[2025-07-31 08:24:16] [INFO] Starting build-monitor...
[2025-07-31 08:24:16] [INFO] build-monitor started with PID 64263
[2025-07-31 08:24:16] [INFO] Starting performance-monitor...
[2025-07-31 08:24:16] [INFO] performance-monitor started with PID 64266
[2025-07-31 08:24:16] [INFO] Starting security-monitor...
[2025-07-31 08:24:16] [INFO] security-monitor started with PID 64269
[2025-07-31 08:24:16] [INFO] Starting dependency-checker...
[2025-07-31 08:24:16] [INFO] dependency-checker started with PID 64276
[2025-07-31 08:24:16] [INFO] Starting git-monitor...
[2025-07-31 08:24:16] [INFO] git-monitor started with PID 64281
[2025-07-31 08:24:16] [INFO] Starting sync-manager...
[2025-07-31 08:24:16] [INFO] sync-manager started with PID 64286
[2025-07-31 08:24:16] [INFO] Starting content-generator...
[2025-07-31 08:24:16] [INFO] content-generator started with PID 64294
[2025-07-31 08:24:16] [INFO] Starting cron-manager...
[2025-07-31 08:24:16] [INFO] cron-manager started with PID 64300
[2025-07-31 08:24:16] [INFO] Starting netlify-cron...
[2025-07-31 08:24:16] [INFO] netlify-cron started with PID 64303
[2025-07-31 08:24:16] [INFO] ✅ All automation systems started
